-
  Volume: 4.393
  Momentum: (0, 0)
  Range: [1, 1.5]
Time: 1.560593e-02
-
  Volume: 4.39297
  Momentum: (1.6821e-05, 0.000496981)
  Range: [1, 1.5]
Time: 1.061296e-02
-
  Volume: 4.3929
  Momentum: (-0.000107045, 0.000936818)
  Range: [1, 1.5]
Time: 1.059794e-02
-
  Volume: 4.39284
  Momentum: (-0.000282961, 0.00124849)
  Range: [1, 1.5]
Time: 1.064205e-02
-
  Volume: 4.39273
  Momentum: (-0.000537852, 0.0015281)
  Range: [1, 1.5]
Time: 1.066089e-02
-
  Volume: 4.39261
  Momentum: (-0.000943739, 0.00171196)
  Range: [1, 1.5]
Time: 1.060700e-02
-
  Volume: 4.39254
  Momentum: (-0.00129909, 0.00176243)
  Range: [1, 1.5]
Time: 1.061893e-02
-
  Volume: 4.39251
  Momentum: (-0.0015194, 0.00173863)
  Range: [1, 1.5]
Time: 1.059794e-02
-
  Volume: 4.39248
  Momentum: (-0.00164603, 0.00164484)
  Range: [1, 1.5]
Time: 1.061296e-02
-
  Volume: 4.39242
  Momentum: (-0.00175798, 0.00154506)
  Range: [1, 1.5]
Time: 1.063514e-02
-
  Volume: 4.3924
  Momentum: (-0.0018676, 0.001429)
  Range: [1, 1.5]
Time: 1.066899e-02
-
  Volume: 4.39237
  Momentum: (-0.00197239, 0.00127334)
  Range: [1, 1.49995]
Time: 1.067781e-02
-
  Volume: 4.39237
  Momentum: (-0.00208908, 0.00109687)
  Range: [0.996542, 1.48841]
Time: 1.065612e-02
-
  Volume: 4.39229
  Momentum: (-0.00222403, 0.000848329)
  Range: [0.957756, 1.3236]
Time: 1.064706e-02
-
  Volume: 4.39103
  Momentum: (-0.00633348, 0.0007471)
  Range: [0.910275, 1.23481]
Time: 1.060390e-02
-
  Volume: 4.38549
  Momentum: (-0.010211, 0.00109349)
  Range: [0.850632, 1.3452]
Time: 1.063609e-02
-
  Volume: 4.37706
  Momentum: (-0.0119978, 0.00110324)
  Range: [0.742571, 1.35195]
Time: 1.066709e-02
-
  Volume: 4.36689
  Momentum: (-0.0134431, 0.00110904)
  Range: [0.638797, 1.38252]
Time: 1.067019e-02
-
  Volume: 4.35563
  Momentum: (-0.015528, 0.00104001)
  Range: [0.557717, 1.37195]
Time: 1.068091e-02
-
  Volume: 4.34336
  Momentum: (-0.017234, 0.00105223)
  Range: [0.492781, 1.35959]
Time: 1.062393e-02
-
  Volume: 4.33002
  Momentum: (-0.018404, 0.00107873)
  Range: [0.438824, 1.35329]
Time: 1.070404e-02
-
  Volume: 4.31601
  Momentum: (-0.0192553, 0.00111076)
  Range: [0.394899, 1.35231]
Time: 1.067805e-02
-
  Volume: 4.3013
  Momentum: (-0.0199397, 0.00115286)
  Range: [0.361395, 1.35219]
Time: 1.063490e-02
-
  Volume: 4.28615
  Momentum: (-0.0204432, 0.00123349)
  Range: [0.361576, 1.35104]
Time: 1.060390e-02
-
  Volume: 4.2706
  Momentum: (-0.0207357, 0.00140199)
  Range: [0.617205, 1.34978]
Time: 1.061082e-02
-
  Volume: 4.25471
  Momentum: (-0.0210105, 0.00151243)
  Range: [0.673888, 1.3446]
Time: 1.064801e-02
-
  Volume: 4.2386
  Momentum: (-0.0214367, 0.00155542)
  Range: [0.706423, 1.32975]
Time: 1.064682e-02
-
  Volume: 4.22215
  Momentum: (-0.022175, 0.00162701)
  Range: [0.730267, 1.29343]
Time: 1.067495e-02
-
  Volume: 4.20543
  Momentum: (-0.0224496, 0.00168456)
  Range: [0.74936, 1.28255]
Time: 1.064491e-02
-
  Volume: 4.18856
  Momentum: (-0.0224574, 0.00174371)
  Range: [0.765345, 1.27262]
Time: 1.069689e-02
-
  Volume: 4.17183
  Momentum: (-0.0221033, 0.00248064)
  Range: [0.77785, 1.26193]
Time: 1.067090e-02
-
  Volume: 4.15524
  Momentum: (-0.0216165, 0.00291456)
  Range: [0.78866, 1.25446]
Time: 1.064706e-02
-
  Volume: 4.13889
  Momentum: (-0.0211988, 0.00326553)
  Range: [0.798023, 1.24246]
Time: 1.063514e-02
-
  Volume: 4.12283
  Momentum: (-0.0206454, 0.00351398)
  Range: [0.806341, 1.23198]
Time: 1.062202e-02
-
  Volume: 4.10716
  Momentum: (-0.0200876, 0.00373827)
  Range: [0.813684, 1.221]
Time: 1.065397e-02
-
  Volume: 4.09201
  Momentum: (-0.0193914, 0.00391953)
  Range: [0.820276, 1.20671]
Time: 1.066995e-02
-
  Volume: 4.07742
  Momentum: (-0.018531, 0.00407088)
  Range: [0.827133, 1.19334]
Time: 1.067400e-02
-
  Volume: 4.06347
  Momentum: (-0.0176391, 0.00414016)
  Range: [0.832363, 1.17938]
Time: 1.065397e-02
-
  Volume: 4.05027
  Momentum: (-0.0168436, 0.00416652)
  Range: [0.839739, 1.16644]
Time: 1.070285e-02
-
  Volume: 4.0379
  Momentum: (-0.0158722, 0.00419905)
  Range: [0.847519, 1.15271]
Time: 1.068997e-02
-
  Volume: 4.02635
  Momentum: (-0.0148222, 0.00422037)
  Range: [0.854148, 1.1475]
Time: 1.063895e-02
-
  Volume: 4.01564
  Momentum: (-0.0137417, 0.00421789)
  Range: [0.86159, 1.14827]
Time: 1.064491e-02
-
  Volume: 4.0059
  Momentum: (-0.0125296, 0.00425781)
  Range: [0.866767, 1.15612]
Time: 1.061702e-02
-
  Volume: 3.99718
  Momentum: (-0.0111716, 0.0044821)
  Range: [0.871223, 1.15399]
Time: 1.064992e-02
-
  Volume: 3.9895
  Momentum: (-0.00974532, 0.00490603)
  Range: [0.875611, 1.15955]
Time: 1.068211e-02
-
  Volume: 3.98285
  Momentum: (-0.00824713, 0.00541)
  Range: [0.879262, 1.22262]
Time: 1.064491e-02
-
  Volume: 3.97715
  Momentum: (-0.00668373, 0.00573517)
  Range: [0.88241, 1.28031]
Time: 1.070094e-02
-
  Volume: 3.97253
  Momentum: (-0.00509773, 0.00590498)
  Range: [0.871151, 1.27071]
Time: 1.064301e-02
-
  Volume: 3.96898
  Momentum: (-0.00357264, 0.00604294)
  Range: [0.854404, 1.27729]
Time: 1.070595e-02
-
  Volume: 3.96641
  Momentum: (-0.0020675, 0.00614509)
  Range: [0.838001, 1.26821]
Time: 1.068997e-02
-
  Volume: 3.96477
  Momentum: (-0.000568219, 0.00619972)
  Range: [0.824177, 1.25737]
