-
  Volume: 4.39316
  Momentum: (0, 0)
  Range: [1, 1.5]
Time: 6.014299e-02
-
  Volume: 4.39314
  Momentum: (1.77501e-05, 1.23774e-05)
  Range: [1, 1.5]
Time: 6.645894e-02
-
  Volume: 4.39315
  Momentum: (1.7159e-05, 3.32911e-05)
  Range: [1, 1.5]
Time: 6.650090e-02
-
  Volume: 4.39316
  Momentum: (1.71262e-05, 5.36897e-05)
  Range: [1, 1.5]
Time: 6.653404e-02
-
  Volume: 4.39314
  Momentum: (8.2927e-06, 7.5694e-05)
  Range: [1, 1.5]
Time: 6.654906e-02
-
  Volume: 4.39311
  Momentum: (-9.94944e-06, 9.81907e-05)
  Range: [1, 1.5]
Time: 6.656098e-02
-
  Volume: 4.39319
  Momentum: (-3.24634e-05, 0.000121691)
  Range: [1, 1.5]
Time: 6.650805e-02
-
  Volume: 4.39313
  Momentum: (-6.7947e-05, 0.000147825)
  Range: [1, 1.5]
Time: 6.622696e-02
-
  Volume: 4.39314
  Momentum: (-0.000113612, 0.000174202)
  Range: [1, 1.5]
Time: 6.626582e-02
-
  Volume: 4.39318
  Momentum: (-0.000166168, 0.000201457)
  Range: [1, 1.5]
Time: 6.621790e-02
-
  Volume: 4.39312
  Momentum: (-0.000231497, 0.000225608)
  Range: [1, 1.5]
Time: 6.614614e-02
-
  Volume: 4.39321
  Momentum: (-0.000329657, 0.000251549)
  Range: [0.989236, 1.4916]
Time: 6.614900e-02
-
  Volume: 4.39307
  Momentum: (-0.000469184, 0.000276792)
  Range: [0.941072, 1.25642]
Time: 5.788898e-02
-
  Volume: 4.39319
  Momentum: (-0.000352841, 0.000535464)
  Range: [0.888267, 1.4157]
Time: 5.791092e-02
-
  Volume: 4.39316
  Momentum: (-0.000262994, 0.000763698)
  Range: [0.813513, 1.41845]
Time: 5.792308e-02
-
  Volume: 4.39326
  Momentum: (-0.000252252, 0.000898065)
  Range: [0.684547, 1.41137]
Time: 5.793309e-02
-
  Volume: 4.39321
  Momentum: (-0.000252781, 0.00100428)
  Range: [0.588885, 1.4007]
Time: 5.794907e-02
-
  Volume: 4.3932
  Momentum: (-0.000246749, 0.00108856)
  Range: [0.514974, 1.382]
Time: 5.793500e-02
-
  Volume: 4.39317
  Momentum: (-0.000233573, 0.00116878)
  Range: [0.456121, 1.36791]
Time: 6.622410e-02
-
  Volume: 4.39327
  Momentum: (-0.000206696, 0.0012543)
  Range: [0.401571, 1.36502]
Time: 6.621599e-02
-
  Volume: 4.3932
  Momentum: (-0.000164104, 0.00133687)
  Range: [0.357391, 1.36243]
Time: 6.622195e-02
-
  Volume: 4.39319
  Momentum: (-9.41243e-05, 0.00142128)
  Range: [0.324001, 1.36645]
Time: 6.622815e-02
-
  Volume: 4.39323
  Momentum: (4.34343e-05, 0.0014997)
  Range: [0.621682, 1.36231]
Time: 6.622314e-02
-
  Volume: 4.39329
  Momentum: (0.000128717, 0.00155645)
  Range: [0.680544, 1.36503]
Time: 6.624699e-02
-
  Volume: 4.39329
  Momentum: (0.000195628, 0.00161153)
  Range: [0.714056, 1.69076]
Time: 6.626010e-02
-
  Volume: 4.39326
  Momentum: (0.000211459, 0.00162113)
  Range: [0.738237, 1.6689]
Time: 6.624699e-02
-
  Volume: 4.39315
  Momentum: (0.000233642, 0.00163568)
  Range: [0.756888, 1.63232]
Time: 6.632400e-02
-
  Volume: 4.3932
  Momentum: (0.000245222, 0.0016389)
  Range: [0.772283, 1.60784]
Time: 6.626010e-02
-
  Volume: 4.3932
  Momentum: (0.000252575, 0.00163782)
  Range: [0.785272, 1.57025]
Time: 6.626296e-02
-
  Volume: 4.39326
  Momentum: (0.000254061, 0.00163115)
  Range: [0.796561, 1.55321]
Time: 6.626105e-02
-
  Volume: 4.39331
  Momentum: (0.000253722, 0.00162578)
  Range: [0.806317, 1.52667]
Time: 6.627584e-02
-
  Volume: 4.3931
  Momentum: (0.000243255, 0.00161619)
  Range: [0.814153, 1.4955]
Time: 6.626797e-02
-
  Volume: 4.39314
  Momentum: (0.000227698, 0.00160057)
  Range: [0.823124, 1.47128]
Time: 6.623578e-02
-
  Volume: 4.39316
  Momentum: (0.000193362, 0.00157008)
  Range: [0.834107, 1.44593]
Time: 6.623602e-02
-
  Volume: 4.39334
  Momentum: (0.000154089, 0.00153152)
  Range: [0.938079, 1.42508]
Time: 6.623983e-02
-
  Volume: 4.39318
  Momentum: (0.000110722, 0.00149272)
  Range: [0.935406, 1.41047]
Time: 6.624818e-02
-
  Volume: 4.39313
  Momentum: (6.01662e-05, 0.00144457)
  Range: [0.932456, 1.3849]
Time: 6.624079e-02
-
  Volume: 4.39326
  Momentum: (3.15632e-06, 0.00140041)
  Range: [0.928097, 1.36954]
Time: 6.624293e-02
-
  Volume: 4.39333
  Momentum: (-6.4606e-05, 0.00133749)
  Range: [0.923556, 1.34695]
Time: 6.624389e-02
-
  Volume: 4.39321
  Momentum: (-0.000133762, 0.00126703)
  Range: [0.916253, 1.31437]
Time: 6.628013e-02
-
  Volume: 4.39331
  Momentum: (-0.000102041, 0.00120011)
  Range: [0.907976, 1.32648]
Time: 6.626797e-02
-
  Volume: 4.39323
  Momentum: (0.000209664, 0.00112333)
  Range: [0.899638, 1.58651]
Time: 6.626415e-02
-
  Volume: 4.39338
  Momentum: (0.000274882, 0.00104401)
  Range: [0.884724, 1.55038]
Time: 6.626296e-02
-
  Volume: 4.39327
  Momentum: (0.000297021, 0.000966729)
  Range: [0.867593, 1.52032]
Time: 6.625509e-02
-
  Volume: 4.39328
  Momentum: (0.000314236, 0.000896757)
  Range: [0.850648, 1.49908]
Time: 6.624508e-02
-
  Volume: 4.39329
  Momentum: (0.000322628, 0.000829738)
  Range: [0.836462, 1.47786]
Time: 6.625605e-02
-
  Volume: 4.39333
  Momentum: (0.000332214, 0.000765026)
  Range: [0.831651, 1.45493]
Time: 5.798721e-02
-
  Volume: 4.39336
  Momentum: (0.000473156, 0.000711551)
  Range: [0.982565, 1.42995]
Time: 5.796504e-02
-
  Volume: 4.39348
  Momentum: (0.000448789, 0.000643393)
  Range: [0.967982, 1.4179]
Time: 5.794787e-02
-
  Volume: 4.39343
  Momentum: (0.000417405, 0.000588025)
  Range: [0.950891, 1.43813]
Time: 5.795598e-02
-
  Volume: 4.39345
  Momentum: (0.000371095, 0.000540214)
  Range: [0.936672, 1.40611]
