-
  Volume: 4.39275
  Momentum: (0, 0)
  Range: [1, 1.5]
Time: 4.836140e-01
-
  Volume: 4.39223
  Momentum: (0.000164566, 1.32187e-05)
  Range: [1, 1.5]
Time: 5.045340e-01
-
  Volume: 4.39268
  Momentum: (0.000261207, 2.32273e-05)
  Range: [1, 1.5]
Time: 5.098879e-01
-
  Volume: 4.39488
  Momentum: (0.000342111, 1.1536e-05)
  Range: [1, 1.5]
Time: 4.820330e-01
-
  Volume: 4.39297
  Momentum: (0.000409457, -3.18018e-05)
  Range: [1, 1.5]
Time: 4.824100e-01
-
  Volume: 4.39023
  Momentum: (0.000460289, -9.55099e-05)
  Range: [1, 1.5]
Time: 4.820368e-01
-
  Volume: 4.39128
  Momentum: (0.000496751, -0.000138987)
  Range: [1, 1.5]
Time: 4.820070e-01
-
  Volume: 4.39278
  Momentum: (0.000523156, -0.000165369)
  Range: [1, 1.5]
Time: 4.821970e-01
-
  Volume: 4.39406
  Momentum: (0.000543213, -0.000187206)
  Range: [1, 1.5]
Time: 4.828660e-01
-
  Volume: 4.39444
  Momentum: (0.000555015, -0.000201299)
  Range: [1, 1.5]
Time: 4.826820e-01
-
  Volume: 4.39372
  Momentum: (0.000558319, -0.000238227)
  Range: [1, 1.5]
Time: 5.617671e-01
-
  Volume: 4.39233
  Momentum: (0.000553239, -0.000258481)
  Range: [1, 1.5]
Time: 5.737760e-01
-
  Volume: 4.39044
  Momentum: (0.000536343, -0.000275996)
  Range: [0.980122, 1.49959]
Time: 5.744801e-01
-
  Volume: 4.39
  Momentum: (0.000499442, -0.000307567)
  Range: [0.934983, 1.27138]
Time: 5.753219e-01
-
  Volume: 4.3901
  Momentum: (0.000570447, -0.00333234)
  Range: [0.879485, 1.35332]
Time: 5.403950e-01
-
  Volume: 4.3855
  Momentum: (0.000634049, -0.00503093)
  Range: [0.805631, 1.34483]
Time: 5.407989e-01
-
  Volume: 4.37589
  Momentum: (0.000654919, -0.00614268)
  Range: [0.680233, 1.39588]
Time: 5.409181e-01
-
  Volume: 4.36455
  Momentum: (0.000662268, -0.0070007)
  Range: [0.585394, 1.38434]
Time: 5.747879e-01
-
  Volume: 4.35273
  Momentum: (0.000693788, -0.00800944)
  Range: [0.507712, 1.37101]
Time: 5.753689e-01
-
  Volume: 4.33751
  Momentum: (0.000724679, -0.00869752)
  Range: [0.446341, 1.36871]
Time: 5.739682e-01
-
  Volume: 4.32424
  Momentum: (0.000756782, -0.00922029)
  Range: [0.396704, 1.36958]
Time: 5.742900e-01
-
  Volume: 4.30974
  Momentum: (0.000791801, -0.00962449)
  Range: [0.355936, 1.36918]
Time: 5.736289e-01
-
  Volume: 4.29398
  Momentum: (0.000832824, -0.00993787)
  Range: [0.321337, 1.3706]
Time: 5.745990e-01
-
  Volume: 4.2797
  Momentum: (0.000892863, -0.0101677)
  Range: [0.598385, 1.37095]
Time: 6.085980e-01
-
  Volume: 4.2623
  Momentum: (0.000948662, -0.0103427)
  Range: [0.664794, 1.37185]
Time: 6.083400e-01
-
  Volume: 4.24593
  Momentum: (0.000981824, -0.0104572)
  Range: [0.70174, 1.34156]
Time: 5.749650e-01
-
  Volume: 4.22866
  Momentum: (0.00101365, -0.0108973)
  Range: [0.725969, 1.30161]
Time: 5.750740e-01
-
  Volume: 4.21074
  Momentum: (0.00104361, -0.0110906)
  Range: [0.74572, 1.29259]
Time: 5.749440e-01
-
  Volume: 4.19436
  Momentum: (0.00106992, -0.0111603)
  Range: [0.761489, 1.2829]
Time: 5.748839e-01
-
  Volume: 4.1769
  Momentum: (0.00122781, -0.0111386)
  Range: [0.774867, 1.27233]
Time: 5.745392e-01
-
  Volume: 4.15939
  Momentum: (0.00136774, -0.0110147)
  Range: [0.786613, 1.26122]
Time: 5.418551e-01
-
  Volume: 4.14389
  Momentum: (0.0014518, -0.0108205)
  Range: [0.796382, 1.25205]
Time: 5.413558e-01
-
  Volume: 4.1265
  Momentum: (0.00151599, -0.0106128)
  Range: [0.804992, 1.24185]
Time: 5.420501e-01
-
  Volume: 4.10875
  Momentum: (0.00156689, -0.0103277)
  Range: [0.812942, 1.23023]
Time: 5.418880e-01
-
  Volume: 4.09308
  Momentum: (0.00160732, -0.00998534)
  Range: [0.820274, 1.21868]
Time: 5.416250e-01
-
  Volume: 4.07856
  Momentum: (0.00163958, -0.00959662)
  Range: [0.826049, 1.20536]
Time: 5.408659e-01
-
  Volume: 4.06449
  Momentum: (0.0016608, -0.00914611)
  Range: [0.832345, 1.19301]
Time: 5.423019e-01
-
  Volume: 4.05052
  Momentum: (0.00167067, -0.0086965)
  Range: [0.84, 1.17905]
Time: 5.422730e-01
-
  Volume: 4.03809
  Momentum: (0.0016794, -0.00817717)
  Range: [0.846432, 1.16678]
Time: 5.421829e-01
-
  Volume: 4.02683
  Momentum: (0.00168444, -0.00761216)
  Range: [0.852659, 1.16574]
Time: 5.420110e-01
-
  Volume: 4.01677
  Momentum: (0.00168503, -0.00699236)
  Range: [0.858135, 1.17838]
Time: 5.405109e-01
-
  Volume: 4.00621
  Momentum: (0.00168327, -0.00633859)
  Range: [0.863949, 1.17841]
Time: 5.410459e-01
-
  Volume: 3.9959
  Momentum: (0.00174917, -0.00564037)
  Range: [0.869474, 1.17941]
Time: 5.408590e-01
-
  Volume: 3.98723
  Momentum: (0.00183769, -0.00489464)
  Range: [0.873769, 1.21843]
Time: 5.408661e-01
-
  Volume: 3.98106
  Momentum: (0.00194591, -0.00412152)
  Range: [0.877352, 1.30722]
Time: 5.072780e-01
-
  Volume: 3.9759
  Momentum: (0.00199507, -0.00333291)
  Range: [0.880462, 1.30905]
Time: 5.072651e-01
-
  Volume: 3.97077
  Momentum: (0.00202487, -0.00252988)
  Range: [0.867257, 1.29556]
Time: 5.406561e-01
-
  Volume: 3.96669
  Momentum: (0.00204873, -0.0017005)
  Range: [0.8471, 1.31831]
Time: 5.413609e-01
-
  Volume: 3.9647
  Momentum: (0.00206413, -0.000911974)
  Range: [0.829737, 1.30515]
Time: 5.417778e-01
-
  Volume: 3.96399
  Momentum: (0.00206973, -0.000154757)
  Range: [0.815314, 1.2983]
Time: 5.416260e-01
-
  Volume: 3.96406
  Momentum: (0.00203277, 0.000556052)
  Range: [0.803218, 1.28159]
