-
  Volume: 4.393
  Momentum: (0, 0)
  Range: [1, 1.5]
Time: 1.949191e-02
-
  Volume: 4.39299
  Momentum: (0.000342116, 0.00031184)
  Range: [1, 1.5]
Time: 1.029515e-02
-
  Volume: 4.39294
  Momentum: (0.000373426, 0.000339426)
  Range: [1, 1.5]
Time: 1.031804e-02
-
  Volume: 4.39289
  Momentum: (0.000375457, 0.000360947)
  Range: [1, 1.5]
Time: 1.025796e-02
-
  Volume: 4.39279
  Momentum: (0.000338903, 0.000372737)
  Range: [1, 1.5]
Time: 1.029086e-02
-
  Volume: 4.39266
  Momentum: (0.000164204, 0.000399566)
  Range: [1, 1.5]
Time: 1.033401e-02
-
  Volume: 4.39258
  Momentum: (9.52626e-05, 0.000368748)
  Range: [1, 1.5]
Time: 1.028395e-02
-
  Volume: 4.39255
  Momentum: (0.000102428, 0.000329409)
  Range: [1, 1.5]
Time: 1.028705e-02
-
  Volume: 4.39256
  Momentum: (0.000145909, 0.000260338)
  Range: [1, 1.5]
Time: 1.034904e-02
-
  Volume: 4.39251
  Momentum: (0.000120255, 0.000121763)
  Range: [1, 1.5]
Time: 1.027489e-02
-
  Volume: 4.39251
  Momentum: (0.0001569, 2.48193e-05)
  Range: [1, 1.5]
Time: 1.028395e-02
-
  Volume: 4.39253
  Momentum: (0.000193219, -0.000107803)
  Range: [1, 1.49994]
Time: 1.032686e-02
-
  Volume: 4.39253
  Momentum: (0.000218454, -0.000255839)
  Range: [0.996236, 1.4881]
Time: 1.034403e-02
-
  Volume: 4.39251
  Momentum: (0.00021933, -0.000466602)
  Range: [0.956952, 1.32251]
Time: 1.037192e-02
-
  Volume: 4.39122
  Momentum: (-0.00378506, -0.000567946)
  Range: [0.908874, 1.23481]
Time: 1.031303e-02
-
  Volume: 4.38574
  Momentum: (-0.00754094, -0.000149312)
  Range: [0.848913, 1.34488]
Time: 1.031709e-02
-
  Volume: 4.37733
  Momentum: (-0.00928037, -6.57627e-05)
  Range: [0.74149, 1.34651]
Time: 1.032710e-02
-
  Volume: 4.36714
  Momentum: (-0.0107674, 8.01835e-06)
  Range: [0.637672, 1.38172]
Time: 1.030803e-02
-
  Volume: 4.35564
  Momentum: (-0.012038, 5.46008e-05)
  Range: [0.556475, 1.37118]
Time: 1.035190e-02
-
  Volume: 4.34319
  Momentum: (-0.0131057, 0.000109119)
  Range: [0.49144, 1.35943]
Time: 1.026297e-02
-
  Volume: 4.32968
  Momentum: (-0.0140262, 0.000139724)
  Range: [0.437388, 1.35495]
Time: 1.034713e-02
-
  Volume: 4.31553
  Momentum: (-0.0147422, 0.00018023)
  Range: [0.393421, 1.35264]
Time: 1.029992e-02
-
  Volume: 4.30074
  Momentum: (-0.0154048, 0.000271905)
  Range: [0.359901, 1.35361]
Time: 1.032686e-02
-
  Volume: 4.28547
  Momentum: (-0.0159005, 0.000378775)
  Range: [0.360466, 1.35501]
Time: 1.031494e-02
-
  Volume: 4.26981
  Momentum: (-0.0163445, 0.00058213)
  Range: [0.621176, 1.35319]
Time: 1.029706e-02
-
  Volume: 4.25392
  Momentum: (-0.0167228, 0.000740287)
  Range: [0.677623, 1.3471]
Time: 1.030707e-02
-
  Volume: 4.23765
  Momentum: (-0.0172313, 0.000833461)
  Range: [0.710096, 1.32932]
Time: 1.033807e-02
-
  Volume: 4.22119
  Momentum: (-0.0180728, 0.000957156)
  Range: [0.733142, 1.2902]
Time: 1.034212e-02
-
  Volume: 4.20436
  Momentum: (-0.0185381, 0.00108879)
  Range: [0.750781, 1.28175]
Time: 1.029205e-02
-
  Volume: 4.18743
  Momentum: (-0.0187244, 0.00122131)
  Range: [0.76529, 1.273]
Time: 1.030993e-02
-
  Volume: 4.17062
  Momentum: (-0.018695, 0.0013372)
  Range: [0.777324, 1.26119]
Time: 1.033688e-02
-
  Volume: 4.15397
  Momentum: (-0.0185513, 0.00144307)
  Range: [0.787943, 1.25357]
Time: 1.036096e-02
-
  Volume: 4.13757
  Momentum: (-0.0183215, 0.00155065)
  Range: [0.797316, 1.24216]
Time: 1.033187e-02
-
  Volume: 4.12146
  Momentum: (-0.017978, 0.00165657)
  Range: [0.805644, 1.2312]
Time: 1.033092e-02
-
  Volume: 4.1058
  Momentum: (-0.0176002, 0.00174938)
  Range: [0.812893, 1.22011]
Time: 1.031804e-02
-
  Volume: 4.09063
  Momentum: (-0.0170856, 0.00183732)
  Range: [0.819703, 1.20568]
Time: 1.030493e-02
-
  Volume: 4.07608
  Momentum: (-0.0164342, 0.00190808)
  Range: [0.82647, 1.19366]
Time: 1.029396e-02
-
  Volume: 4.06214
  Momentum: (-0.0157039, 0.00197081)
  Range: [0.831733, 1.17998]
Time: 1.034999e-02
-
  Volume: 4.04893
  Momentum: (-0.0149445, 0.00201902)
  Range: [0.839437, 1.16453]
Time: 1.029205e-02
-
  Volume: 4.03654
  Momentum: (-0.0140643, 0.0020453)
  Range: [0.846822, 1.14954]
Time: 1.031089e-02
-
  Volume: 4.025
  Momentum: (-0.0131258, 0.00205626)
  Range: [0.85359, 1.14514]
Time: 1.033807e-02
-
  Volume: 4.01431
  Momentum: (-0.0121228, 0.00204964)
  Range: [0.860017, 1.15317]
Time: 1.034999e-02
-
  Volume: 4.00455
  Momentum: (-0.0109989, 0.00203769)
  Range: [0.866053, 1.15466]
Time: 1.032615e-02
-
  Volume: 3.99585
  Momentum: (-0.00978826, 0.00201642)
  Range: [0.871166, 1.1557]
Time: 1.031899e-02
-
  Volume: 3.98819
  Momentum: (-0.00852568, 0.00222365)
  Range: [0.875382, 1.15964]
Time: 1.033902e-02
-
  Volume: 3.98159
  Momentum: (-0.00717959, 0.00265526)
  Range: [0.879005, 1.21957]
Time: 1.034021e-02
-
  Volume: 3.976
  Momentum: (-0.00574421, 0.00286763)
  Range: [0.882028, 1.27831]
Time: 1.037121e-02
-
  Volume: 3.97147
  Momentum: (-0.00431682, 0.00296398)
  Range: [0.871714, 1.27439]
Time: 1.035619e-02
-
  Volume: 3.96802
  Momentum: (-0.0029062, 0.00303302)
  Range: [0.854464, 1.2805]
Time: 1.029897e-02
-
  Volume: 3.96555
  Momentum: (-0.00150035, 0.00308215)
  Range: [0.83796, 1.26836]
Time: 1.033807e-02
-
  Volume: 3.96399
  Momentum: (-0.000127537, 0.00311539)
  Range: [0.824115, 1.25818]
