-
  Volume: 4.39274
  Momentum: (0, 0)
  Range: [1, 1.5]
Time: 9.294941e-01
-
  Volume: 4.39281
  Momentum: (0.000142848, 0.000142822)
  Range: [1, 1.5]
Time: 9.791400e-01
-
  Volume: 4.39341
  Momentum: (0.000227408, 0.000226714)
  Range: [1, 1.5]
Time: 9.806440e-01
-
  Volume: 4.39274
  Momentum: (0.000291778, 0.000293536)
  Range: [1, 1.5]
Time: 9.805770e-01
-
  Volume: 4.39065
  Momentum: (0.000340954, 0.000339117)
  Range: [1, 1.5]
Time: 9.782910e-01
-
  Volume: 4.38935
  Momentum: (0.000381262, 0.000383902)
  Range: [1, 1.5]
Time: 9.787409e-01
-
  Volume: 4.39084
  Momentum: (0.000414244, 0.000414377)
  Range: [1, 1.5]
Time: 9.772251e-01
-
  Volume: 4.39273
  Momentum: (0.000437789, 0.000437857)
  Range: [1, 1.5]
Time: 9.789500e-01
-
  Volume: 4.39519
  Momentum: (0.000456479, 0.000457339)
  Range: [1, 1.5]
Time: 9.794161e-01
-
  Volume: 4.39744
  Momentum: (0.00046872, 0.000463203)
  Range: [1, 1.5]
Time: 9.798222e-01
-
  Volume: 4.39765
  Momentum: (0.000474708, 0.000474992)
  Range: [1, 1.5]
Time: 9.797089e-01
-
  Volume: 4.39707
  Momentum: (0.000471641, 0.00046643)
  Range: [1, 1.5]
Time: 9.318979e-01
-
  Volume: 4.39605
  Momentum: (0.000464639, 0.000458301)
  Range: [0.993458, 1.49999]
Time: 9.320140e-01
-
  Volume: 4.39468
  Momentum: (0.000440541, 0.000438651)
  Range: [0.951683, 1.40221]
Time: 9.320340e-01
-
  Volume: 4.39368
  Momentum: (0.000435593, 0.000433864)
  Range: [0.901497, 1.28114]
Time: 9.329350e-01
-
  Volume: 4.39233
  Momentum: (0.000517394, 0.000508402)
  Range: [0.839201, 1.41158]
Time: 8.863752e-01
-
  Volume: 4.39048
  Momentum: (0.000525811, 0.000522205)
  Range: [0.721484, 1.41374]
Time: 8.829021e-01
-
  Volume: 4.3872
  Momentum: (0.000518748, 0.000516503)
  Range: [0.618429, 1.40547]
Time: 9.312129e-01
-
  Volume: 4.38718
  Momentum: (0.000504499, 0.000494302)
  Range: [0.538029, 1.37848]
Time: 9.332070e-01
-
  Volume: 4.38941
  Momentum: (0.000490543, 0.0004909)
  Range: [0.473244, 1.36506]
Time: 9.325938e-01
-
  Volume: 4.39266
  Momentum: (0.000483747, 0.000478931)
  Range: [0.420233, 1.35838]
Time: 9.321561e-01
-
  Volume: 4.39082
  Momentum: (0.000482658, 0.000482839)
  Range: [0.376238, 1.35758]
Time: 9.818490e-01
-
  Volume: 4.38821
  Momentum: (0.000490075, 0.000492861)
  Range: [0.339605, 1.35314]
Time: 9.817872e-01
-
  Volume: 4.39161
  Momentum: (0.000506625, 0.000511488)
  Range: [0.308546, 1.35409]
Time: 9.821270e-01
-
  Volume: 4.39505
  Momentum: (0.000546523, 0.000549464)
  Range: [0.628481, 1.35305]
Time: 9.827020e-01
-
  Volume: 4.39273
  Momentum: (0.000554946, 0.000558503)
  Range: [0.675762, 1.35425]
Time: 9.830511e-01
-
  Volume: 4.39214
  Momentum: (0.000552185, 0.000550943)
  Range: [0.708937, 1.74802]
Time: 9.330342e-01
-
  Volume: 4.39392
  Momentum: (0.000538547, 0.000533799)
  Range: [0.731805, 1.68105]
Time: 9.320619e-01
-
  Volume: 4.39176
  Momentum: (0.000518662, 0.000517013)
  Range: [0.750102, 1.64847]
Time: 9.832239e-01
-
  Volume: 4.39443
  Momentum: (0.00049122, 0.000491568)
  Range: [0.765211, 1.60523]
Time: 9.826260e-01
-
  Volume: 4.39358
  Momentum: (0.000638321, 0.000638664)
  Range: [0.777669, 1.58084]
Time: 9.815490e-01
-
  Volume: 4.3919
  Momentum: (0.000713515, 0.000710787)
  Range: [0.78859, 1.55975]
Time: 9.810541e-01
-
  Volume: 4.39347
  Momentum: (0.000751916, 0.000750524)
  Range: [0.79807, 1.53862]
Time: 9.815469e-01
-
  Volume: 4.39395
  Momentum: (0.000769434, 0.000764836)
  Range: [0.80659, 1.51858]
Time: 9.815972e-01
-
  Volume: 4.39084
  Momentum: (0.000778459, 0.000777646)
  Range: [0.814233, 1.49936]
Time: 9.815841e-01
-
  Volume: 4.38605
  Momentum: (0.000783885, 0.000785292)
  Range: [0.822271, 1.48931]
Time: 9.755900e-01
-
  Volume: 4.38933
  Momentum: (0.000784167, 0.000784385)
  Range: [0.828718, 1.47863]
Time: 9.814582e-01
-
  Volume: 4.39669
  Momentum: (0.000785212, 0.000789206)
  Range: [0.933375, 1.47347]
Time: 9.815361e-01
-
  Volume: 4.39
  Momentum: (0.000801443, 0.000789577)
  Range: [0.930114, 1.47129]
Time: 1.029898e+00
-
  Volume: 4.39599
  Momentum: (0.000801561, 0.000797772)
  Range: [0.931289, 1.451]
Time: 1.029825e+00
-
  Volume: 4.39035
  Momentum: (0.000796424, 0.000847136)
  Range: [0.930764, 1.43511]
Time: 1.030666e+00
-
  Volume: 4.39586
  Momentum: (0.000791025, 0.000789848)
  Range: [0.926623, 1.41848]
Time: 1.032085e+00
-
  Volume: 4.39706
  Momentum: (0.000781973, 0.000779529)
  Range: [0.921649, 1.37734]
Time: 1.029621e+00
-
  Volume: 4.39507
  Momentum: (0.000849683, 0.000841024)
  Range: [0.915214, 1.34761]
Time: 1.030754e+00
-
  Volume: 4.39298
  Momentum: (0.000965111, 0.000944757)
  Range: [0.907994, 1.34112]
Time: 1.031010e+00
-
  Volume: 4.38968
  Momentum: (0.00107803, 0.00108172)
  Range: [0.898936, 1.57693]
Time: 9.831998e-01
-
  Volume: 4.39504
  Momentum: (0.00110652, 0.00110618)
  Range: [0.887517, 1.55764]
Time: 9.808071e-01
-
  Volume: 4.38949
  Momentum: (0.00111543, 0.0011329)
  Range: [0.870973, 1.53388]
Time: 9.813049e-01
-
  Volume: 4.39369
  Momentum: (0.00110747, 0.00110829)
  Range: [0.855992, 1.50927]
Time: 9.812200e-01
-
  Volume: 4.39509
  Momentum: (0.00109149, 0.00108498)
  Range: [0.842049, 1.47991]
Time: 9.815450e-01
-
  Volume: 4.39534
  Momentum: (0.00106794, 0.0010729)
  Range: [0.83, 1.45783]
