-
  Volume: 4.393
  Momentum: (0, 0)
  Range: [1, 1.5]
Time: 1.451588e-02
-
  Volume: 4.39302
  Momentum: (0.000469247, 3.5837e-05)
  Range: [1, 1.5]
Time: 8.291006e-03
-
  Volume: 4.39302
  Momentum: (0.000794291, 6.0762e-05)
  Range: [1, 1.5]
Time: 8.285046e-03
-
  Volume: 4.39305
  Momentum: (0.00102372, 6.65897e-05)
  Range: [1, 1.5]
Time: 8.288860e-03
-
  Volume: 4.39307
  Momentum: (0.00119802, 7.64001e-05)
  Range: [1, 1.5]
Time: 8.287191e-03
-
  Volume: 4.39306
  Momentum: (0.00134513, 7.94337e-05)
  Range: [1, 1.5]
Time: 8.291960e-03
-
  Volume: 4.39308
  Momentum: (0.00145191, 7.41416e-05)
  Range: [1, 1.5]
Time: 8.281946e-03
-
  Volume: 4.39309
  Momentum: (0.0015503, 5.87158e-05)
  Range: [1, 1.5]
Time: 8.285999e-03
-
  Volume: 4.39308
  Momentum: (0.00159908, 2.65637e-05)
  Range: [1, 1.5]
Time: 8.302927e-03
-
  Volume: 4.39309
  Momentum: (0.0016377, -1.64705e-05)
  Range: [1, 1.5]
Time: 8.352995e-03
-
  Volume: 4.39307
  Momentum: (0.00164607, -7.36343e-05)
  Range: [1, 1.5]
Time: 8.309126e-03
-
  Volume: 4.39306
  Momentum: (0.00160915, -0.000164902)
  Range: [1, 1.49996]
Time: 8.287907e-03
-
  Volume: 4.39311
  Momentum: (0.0015565, -0.000279137)
  Range: [1, 1.49057]
Time: 8.306980e-03
-
  Volume: 4.39305
  Momentum: (0.00141684, -0.000458665)
  Range: [0.961302, 1.33957]
Time: 8.296967e-03
-
  Volume: 4.39317
  Momentum: (0.001381, -0.000545653)
  Range: [0.9148, 1.23485]
Time: 8.298159e-03
-
  Volume: 4.39318
  Momentum: (0.00175145, -0.000200063)
  Range: [0.855624, 1.39747]
Time: 8.310080e-03
-
  Volume: 4.39318
  Momentum: (0.001761, -0.000190566)
  Range: [0.745762, 1.38587]
Time: 8.301020e-03
-
  Volume: 4.39317
  Momentum: (0.00173151, -0.000208269)
  Range: [0.640709, 1.38123]
Time: 8.307934e-03
-
  Volume: 4.39321
  Momentum: (0.00167864, -0.000251663)
  Range: [0.558478, 1.37]
Time: 8.296967e-03
-
  Volume: 4.39322
  Momentum: (0.00160401, -0.000254772)
  Range: [0.493216, 1.35956]
Time: 8.306026e-03
-
  Volume: 4.39321
  Momentum: (0.00154845, -0.000274051)
  Range: [0.440016, 1.35504]
Time: 8.285046e-03
-
  Volume: 4.39323
  Momentum: (0.00150781, -0.000278301)
  Range: [0.39569, 1.35641]
Time: 8.280039e-03
-
  Volume: 4.39324
  Momentum: (0.00147622, -0.000246415)
  Range: [0.361825, 1.35307]
Time: 8.302927e-03
-
  Volume: 4.39329
  Momentum: (0.00147941, -0.00017023)
  Range: [0.35592, 1.35728]
Time: 8.283854e-03
-
  Volume: 4.39328
  Momentum: (0.00155289, -1.34126e-05)
  Range: [0.614694, 1.35187]
Time: 8.291006e-03
-
  Volume: 4.39324
  Momentum: (0.00161075, 0.000143087)
  Range: [0.670362, 1.35156]
Time: 8.282900e-03
-
  Volume: 4.39322
  Momentum: (0.00162425, 0.000271891)
  Range: [0.702986, 1.40083]
Time: 8.311033e-03
-
  Volume: 4.3932
  Momentum: (0.00154063, 0.000328169)
  Range: [0.727051, 1.68317]
Time: 8.298874e-03
-
  Volume: 4.39317
  Momentum: (0.00142792, 0.000366448)
  Range: [0.74625, 1.63616]
Time: 8.280039e-03
-
  Volume: 4.39315
  Momentum: (0.00134101, 0.00041234)
  Range: [0.76265, 1.6023]
Time: 8.290052e-03
-
  Volume: 4.39316
  Momentum: (0.00189001, 0.000465594)
  Range: [0.776481, 1.58021]
Time: 8.299112e-03
-
  Volume: 4.39315
  Momentum: (0.00221686, 0.00051183)
  Range: [0.78824, 1.551]
Time: 8.281946e-03
-
  Volume: 4.39312
  Momentum: (0.00234706, 0.000550542)
  Range: [0.797929, 1.53339]
Time: 8.340120e-03
-
  Volume: 4.39312
  Momentum: (0.00241001, 0.000581765)
  Range: [0.806657, 1.50825]
Time: 8.306980e-03
-
  Volume: 4.3931
  Momentum: (0.00243319, 0.000609696)
  Range: [0.813227, 1.48502]
Time: 8.291006e-03
-
  Volume: 4.39311
  Momentum: (0.00243344, 0.00063273)
  Range: [0.821292, 1.46723]
Time: 8.287907e-03
-
  Volume: 4.39311
  Momentum: (0.00240089, 0.000633921)
  Range: [0.830486, 1.4439]
Time: 8.280039e-03
-
  Volume: 4.39311
  Momentum: (0.0023461, 0.000628551)
  Range: [0.933219, 1.42167]
Time: 8.283854e-03
-
  Volume: 4.39309
  Momentum: (0.00231084, 0.000630061)
  Range: [0.928869, 1.39997]
Time: 8.286953e-03
-
  Volume: 4.39309
  Momentum: (0.00225543, 0.000613836)
  Range: [0.93184, 1.3787]
Time: 8.274794e-03
-
  Volume: 4.39303
  Momentum: (0.00216926, 0.000578512)
  Range: [0.930513, 1.35517]
Time: 8.303165e-03
-
  Volume: 4.39307
  Momentum: (0.00206673, 0.000552446)
  Range: [0.927634, 1.32609]
Time: 8.282900e-03
-
  Volume: 4.39312
  Momentum: (0.0020076, 0.000516015)
  Range: [0.923217, 1.29933]
Time: 8.272171e-03
-
  Volume: 4.39315
  Momentum: (0.00204319, 0.000474029)
  Range: [0.916786, 1.28059]
Time: 8.290052e-03
-
  Volume: 4.39327
  Momentum: (0.00245535, 0.00067736)
  Range: [0.908561, 1.28212]
Time: 8.407116e-03
-
  Volume: 4.39322
  Momentum: (0.00296015, 0.00114207)
  Range: [0.900364, 1.60769]
Time: 8.290052e-03
-
  Volume: 4.39322
  Momentum: (0.00305548, 0.00120509)
  Range: [0.887199, 1.54378]
Time: 8.280993e-03
-
  Volume: 4.3932
  Momentum: (0.00307138, 0.00125522)
  Range: [0.870675, 1.52055]
Time: 8.288860e-03
-
  Volume: 4.39319
  Momentum: (0.00308373, 0.00128806)
  Range: [0.856196, 1.49411]
Time: 8.295059e-03
-
  Volume: 4.39319
  Momentum: (0.00305476, 0.00125503)
  Range: [0.843513, 1.48398]
Time: 8.291960e-03
-
  Volume: 4.39323
  Momentum: (0.00300558, 0.00121659)
  Range: [0.833111, 1.4522]
