-
  Volume: 4.393
  Momentum: (0, 0)
  Range: [1, 1.5]
Time: 1.729393e-02
-
  Volume: 4.3931
  Momentum: (5.745e-05, 0.000135404)
  Range: [1, 1.5]
Time: 8.147001e-03
-
  Volume: 4.39311
  Momentum: (8.3325e-05, 0.000461152)
  Range: [1, 1.5]
Time: 8.192062e-03
-
  Volume: 4.39313
  Momentum: (9.74561e-05, 0.000694968)
  Range: [1, 1.5]
Time: 8.192062e-03
-
  Volume: 4.39313
  Momentum: (0.000110473, 0.000872756)
  Range: [1, 1.5]
Time: 8.177996e-03
-
  Volume: 4.39314
  Momentum: (0.000118598, 0.00102138)
  Range: [1, 1.5]
Time: 8.188009e-03
-
  Volume: 4.39315
  Momentum: (0.000113435, 0.00112861)
  Range: [1, 1.5]
Time: 8.198023e-03
-
  Volume: 4.39317
  Momentum: (0.000100084, 0.00122264)
  Range: [1, 1.5]
Time: 8.234024e-03
-
  Volume: 4.39315
  Momentum: (6.68519e-05, 0.00127108)
  Range: [1, 1.5]
Time: 8.198977e-03
-
  Volume: 4.39314
  Momentum: (2.37951e-05, 0.00130808)
  Range: [1, 1.5]
Time: 8.218050e-03
-
  Volume: 4.39317
  Momentum: (-3.73835e-05, 0.001313)
  Range: [1, 1.5]
Time: 8.212090e-03
-
  Volume: 4.39318
  Momentum: (-0.000128877, 0.00127061)
  Range: [1, 1.49996]
Time: 8.224964e-03
-
  Volume: 4.39318
  Momentum: (-0.000240217, 0.00122048)
  Range: [1, 1.49056]
Time: 8.219957e-03
-
  Volume: 4.39313
  Momentum: (-0.00042024, 0.00107878)
  Range: [0.961242, 1.33956]
Time: 8.215904e-03
-
  Volume: 4.39325
  Momentum: (-0.000512458, 0.00104482)
  Range: [0.914702, 1.23418]
Time: 8.221865e-03
-
  Volume: 4.39326
  Momentum: (-0.000163561, 0.00141471)
  Range: [0.85553, 1.39586]
Time: 8.219957e-03
-
  Volume: 4.39323
  Momentum: (-0.000155129, 0.0014279)
  Range: [0.745753, 1.38587]
Time: 8.223057e-03
-
  Volume: 4.39325
  Momentum: (-0.000174394, 0.00139467)
  Range: [0.6407, 1.38122]
Time: 8.224010e-03
-
  Volume: 4.39331
  Momentum: (-0.000215002, 0.0013445)
  Range: [0.558462, 1.36999]
Time: 8.219004e-03
-
  Volume: 4.3933
  Momentum: (-0.000223219, 0.00126822)
  Range: [0.493195, 1.35843]
Time: 8.231163e-03
-
  Volume: 4.39329
  Momentum: (-0.000237367, 0.00121913)
  Range: [0.440008, 1.35577]
Time: 8.213997e-03
-
  Volume: 4.39335
  Momentum: (-0.000240001, 0.00117691)
  Range: [0.395698, 1.35901]
Time: 8.214951e-03
-
  Volume: 4.39332
  Momentum: (-0.000209087, 0.00114294)
  Range: [0.361852, 1.35446]
Time: 8.218050e-03
-
  Volume: 4.3934
  Momentum: (-0.000130008, 0.00114646)
  Range: [0.355897, 1.35951]
Time: 8.219004e-03
-
  Volume: 4.39335
  Momentum: (3.11112e-05, 0.00121999)
  Range: [0.614595, 1.35301]
Time: 8.219004e-03
-
  Volume: 4.39333
  Momentum: (0.000187491, 0.00127789)
  Range: [0.67036, 1.35365]
Time: 8.219004e-03
-
  Volume: 4.39332
  Momentum: (0.000314743, 0.00129047)
  Range: [0.702972, 1.40083]
Time: 8.224010e-03
-
  Volume: 4.39331
  Momentum: (0.000371538, 0.00120442)
  Range: [0.727009, 1.68494]
Time: 8.222103e-03
-
  Volume: 4.39325
  Momentum: (0.00041138, 0.0010927)
  Range: [0.746228, 1.63575]
Time: 8.205891e-03
-
  Volume: 4.39322
  Momentum: (0.000457573, 0.0010037)
  Range: [0.762604, 1.60429]
Time: 8.214951e-03
-
  Volume: 4.39323
  Momentum: (0.000511991, 0.00156406)
  Range: [0.776428, 1.58051]
Time: 8.213043e-03
-
  Volume: 4.39324
  Momentum: (0.000561201, 0.00188503)
  Range: [0.788207, 1.55234]
Time: 8.208036e-03
-
  Volume: 4.39322
  Momentum: (0.000599806, 0.00201461)
  Range: [0.797908, 1.53381]
Time: 8.208990e-03
-
  Volume: 4.39321
  Momentum: (0.000629833, 0.00207618)
  Range: [0.806619, 1.50867]
Time: 8.205891e-03
-
  Volume: 4.39318
  Momentum: (0.000657199, 0.00209984)
  Range: [0.813183, 1.48501]
Time: 8.211851e-03
-
  Volume: 4.39322
  Momentum: (0.000680739, 0.00210261)
  Range: [0.82128, 1.46727]
Time: 8.201122e-03
-
  Volume: 4.39318
  Momentum: (0.000683094, 0.00206996)
  Range: [0.830465, 1.44396]
Time: 8.205891e-03
-
  Volume: 4.39317
  Momentum: (0.000676627, 0.00201703)
  Range: [0.933185, 1.42171]
Time: 8.202076e-03
-
  Volume: 4.39318
  Momentum: (0.00067828, 0.00198264)
  Range: [0.928833, 1.40002]
Time: 8.212090e-03
-
  Volume: 4.39318
  Momentum: (0.00065967, 0.00192623)
  Range: [0.931809, 1.37878]
Time: 8.205175e-03
-
  Volume: 4.39312
  Momentum: (0.000633362, 0.001842)
  Range: [0.930487, 1.35519]
Time: 8.216858e-03
-
  Volume: 4.39316
  Momentum: (0.000606556, 0.00173998)
  Range: [0.927584, 1.32597]
Time: 8.203030e-03
-
  Volume: 4.3932
  Momentum: (0.000571179, 0.00168174)
  Range: [0.923195, 1.2994]
Time: 8.200169e-03
-
  Volume: 4.3932
  Momentum: (0.000525408, 0.00172104)
  Range: [0.916757, 1.28065]
Time: 8.213997e-03
-
  Volume: 4.39338
  Momentum: (0.000730138, 0.00213075)
  Range: [0.90853, 1.28396]
Time: 8.215904e-03
-
  Volume: 4.39333
  Momentum: (0.00119424, 0.00263092)
  Range: [0.900321, 1.61018]
Time: 8.217812e-03
-
  Volume: 4.39334
  Momentum: (0.00125712, 0.00272309)
  Range: [0.887167, 1.54324]
Time: 8.210897e-03
-
  Volume: 4.39332
  Momentum: (0.0013081, 0.00273942)
  Range: [0.870643, 1.52043]
Time: 8.209944e-03
-
  Volume: 4.3933
  Momentum: (0.00134105, 0.00274706)
  Range: [0.856165, 1.49404]
Time: 8.213043e-03
-
  Volume: 4.39329
  Momentum: (0.00130823, 0.00271905)
  Range: [0.843489, 1.48433]
Time: 8.209944e-03
-
  Volume: 4.39328
  Momentum: (0.00127439, 0.00266852)
  Range: [0.833086, 1.45129]
