-
  Volume: 4.39271
  Momentum: (0, 0)
  Range: [1, 1.5]
Time: 3.401141e-01
-
  Volume: 4.39246
  Momentum: (0.000189288, 1.66286e-05)
  Range: [1, 1.5]
Time: 3.225112e-01
-
  Volume: 4.39267
  Momentum: (0.000292951, 2.8797e-05)
  Range: [1, 1.5]
Time: 3.227038e-01
-
  Volume: 4.39401
  Momentum: (0.00037068, 4.00185e-05)
  Range: [1, 1.5]
Time: 3.225510e-01
-
  Volume: 4.39294
  Momentum: (0.0004316, 4.88539e-05)
  Range: [1, 1.5]
Time: 3.221359e-01
-
  Volume: 4.39123
  Momentum: (0.000479799, 5.66416e-05)
  Range: [1, 1.5]
Time: 3.221219e-01
-
  Volume: 4.39195
  Momentum: (0.000516545, 5.88868e-05)
  Range: [1, 1.5]
Time: 3.231940e-01
-
  Volume: 4.39284
  Momentum: (0.000544941, 6.00124e-05)
  Range: [1, 1.5]
Time: 3.228030e-01
-
  Volume: 4.39405
  Momentum: (0.000567724, 5.66646e-05)
  Range: [1, 1.5]
Time: 3.229120e-01
-
  Volume: 4.39419
  Momentum: (0.000581709, 4.934e-05)
  Range: [1, 1.5]
Time: 2.805982e-01
-
  Volume: 4.39324
  Momentum: (0.000585977, 2.56981e-05)
  Range: [1, 1.5]
Time: 2.424610e-01
-
  Volume: 4.39233
  Momentum: (0.000582352, 1.52507e-05)
  Range: [1, 1.5]
Time: 2.428141e-01
-
  Volume: 4.39065
  Momentum: (0.000559441, -2.05576e-05)
  Range: [0.972065, 1.49208]
Time: 2.429731e-01
-
  Volume: 4.39101
  Momentum: (0.000507574, -8.16813e-05)
  Range: [0.923458, 1.2613]
Time: 2.273180e-01
-
  Volume: 4.39185
  Momentum: (0.000609754, 8.123e-06)
  Range: [0.866951, 1.42837]
Time: 2.280650e-01
-
  Volume: 4.3932
  Momentum: (0.000636227, 2.9404e-05)
  Range: [0.768754, 1.42353]
Time: 2.269561e-01
-
  Volume: 4.39347
  Momentum: (0.000630244, 1.6733e-05)
  Range: [0.65003, 1.40802]
Time: 2.279010e-01
-
  Volume: 4.39348
  Momentum: (0.000611849, 2.04063e-05)
  Range: [0.560997, 1.39403]
Time: 2.277589e-01
-
  Volume: 4.39428
  Momentum: (0.000591178, -3.10503e-06)
  Range: [0.491439, 1.38101]
Time: 2.437360e-01
-
  Volume: 4.39229
  Momentum: (0.000576205, 6.53594e-06)
  Range: [0.432032, 1.37336]
Time: 2.437069e-01
-
  Volume: 4.39395
  Momentum: (0.000566315, 2.1934e-05)
  Range: [0.38404, 1.36765]
Time: 2.435560e-01
-
  Volume: 4.39239
  Momentum: (0.000570491, 5.15651e-05)
  Range: [0.344833, 1.36501]
Time: 2.443008e-01
-
  Volume: 4.39247
  Momentum: (0.000588555, 8.4934e-05)
  Range: [0.312054, 1.36885]
Time: 2.436860e-01
-
  Volume: 4.39268
  Momentum: (0.000638215, 0.000175788)
  Range: [0.627734, 1.37276]
Time: 2.438469e-01
-
  Volume: 4.39288
  Momentum: (0.000652077, 0.000220864)
  Range: [0.674541, 1.3731]
Time: 2.436411e-01
-
  Volume: 4.3931
  Momentum: (0.000650017, 0.000256358)
  Range: [0.708001, 1.73478]
Time: 2.442372e-01
-
  Volume: 4.39265
  Momentum: (0.00062409, 0.000277065)
  Range: [0.7325, 1.68176]
Time: 2.435350e-01
-
  Volume: 4.39261
  Momentum: (0.000594922, 0.000291637)
  Range: [0.751613, 1.63564]
Time: 2.437689e-01
-
  Volume: 4.39226
  Momentum: (0.000557607, 0.000303417)
  Range: [0.7675, 1.6115]
Time: 2.436769e-01
-
  Volume: 4.39169
  Momentum: (0.000771123, 0.000318686)
  Range: [0.780112, 1.58529]
Time: 2.445710e-01
-
  Volume: 4.39295
  Momentum: (0.000850957, 0.00033291)
  Range: [0.791116, 1.56497]
Time: 2.436080e-01
-
  Volume: 4.39398
  Momentum: (0.00089137, 0.000342845)
  Range: [0.800846, 1.54845]
Time: 2.437050e-01
-
  Volume: 4.39243
  Momentum: (0.000910869, 0.000343785)
  Range: [0.809129, 1.52765]
Time: 2.437050e-01
-
  Volume: 4.39138
  Momentum: (0.000918366, 0.000350613)
  Range: [0.816739, 1.5022]
Time: 2.442188e-01
-
  Volume: 4.39121
  Momentum: (0.000917075, 0.000353375)
  Range: [0.824915, 1.48377]
Time: 2.439051e-01
-
  Volume: 4.39493
  Momentum: (0.000905471, 0.000352074)
  Range: [0.836869, 1.47224]
Time: 2.438011e-01
-
  Volume: 4.39276
  Momentum: (0.000896991, 0.000357169)
  Range: [0.931269, 1.4671]
Time: 2.439332e-01
-
  Volume: 4.39091
  Momentum: (0.000887757, 0.000363678)
  Range: [0.931153, 1.45588]
Time: 2.604389e-01
-
  Volume: 4.3922
  Momentum: (0.000862763, 0.0003597)
  Range: [0.93068, 1.43362]
Time: 2.601039e-01
-
  Volume: 4.39418
  Momentum: (0.000832205, 0.000364729)
  Range: [0.928272, 1.42295]
Time: 2.600470e-01
-
  Volume: 4.39357
  Momentum: (0.000795642, 0.000347817)
  Range: [0.923463, 1.40348]
Time: 2.604740e-01
-
  Volume: 4.39078
  Momentum: (0.000818836, 0.000342053)
  Range: [0.917367, 1.37337]
Time: 2.594779e-01
-
  Volume: 4.39295
  Momentum: (0.000872934, 0.000308161)
  Range: [0.910096, 1.32929]
Time: 2.595069e-01
-
  Volume: 4.39276
  Momentum: (0.00111409, 0.000521306)
  Range: [0.901469, 1.59351]
Time: 2.596219e-01
-
  Volume: 4.39204
  Momentum: (0.0011689, 0.000554116)
  Range: [0.889196, 1.56534]
Time: 2.440782e-01
-
  Volume: 4.39474
  Momentum: (0.00118714, 0.000582054)
  Range: [0.874236, 1.54274]
Time: 2.472661e-01
-
  Volume: 4.39162
  Momentum: (0.00119076, 0.000581543)
  Range: [0.856917, 1.52839]
Time: 2.462690e-01
-
  Volume: 4.39346
  Momentum: (0.00118929, 0.000569902)
  Range: [0.843513, 1.49955]
Time: 2.468350e-01
-
  Volume: 4.3928
  Momentum: (0.00118285, 0.000550265)
  Range: [0.831248, 1.47393]
Time: 2.469649e-01
-
  Volume: 4.39277
  Momentum: (0.00124003, 0.000611117)
  Range: [0.990097, 1.45794]
Time: 2.294941e-01
-
  Volume: 4.39286
  Momentum: (0.00122801, 0.000582669)
  Range: [0.974585, 1.43632]
