-
  Volume: 4.393
  Momentum: (0, 0)
  Range: [1, 1.5]
Time: 1.841187e-02
-
  Volume: 4.393
  Momentum: (4.01494e-05, 4.0112e-05)
  Range: [1, 1.5]
Time: 1.304293e-02
-
  Volume: 4.39299
  Momentum: (6.65369e-05, 6.65083e-05)
  Range: [1, 1.5]
Time: 1.304102e-02
-
  Volume: 4.39301
  Momentum: (8.1898e-05, 8.19049e-05)
  Range: [1, 1.5]
Time: 1.305389e-02
-
  Volume: 4.39301
  Momentum: (9.37752e-05, 9.34539e-05)
  Range: [1, 1.5]
Time: 1.305199e-02
-
  Volume: 4.39301
  Momentum: (9.82638e-05, 9.7909e-05)
  Range: [1, 1.5]
Time: 1.305890e-02
-
  Volume: 4.39303
  Momentum: (9.09252e-05, 9.19583e-05)
  Range: [1, 1.5]
Time: 1.309991e-02
-
  Volume: 4.39305
  Momentum: (8.18455e-05, 8.21662e-05)
  Range: [1, 1.5]
Time: 1.309705e-02
-
  Volume: 4.39303
  Momentum: (4.85989e-05, 4.87322e-05)
  Range: [1, 1.5]
Time: 1.311898e-02
-
  Volume: 4.39302
  Momentum: (1.01402e-05, 1.04344e-05)
  Range: [1, 1.5]
Time: 1.310515e-02
-
  Volume: 4.39303
  Momentum: (-4.23581e-05, -4.21033e-05)
  Range: [1, 1.5]
Time: 1.312208e-02
-
  Volume: 4.39303
  Momentum: (-0.000128583, -0.000128662)
  Range: [1, 1.49996]
Time: 1.312017e-02
-
  Volume: 4.39304
  Momentum: (-0.000231528, -0.000233045)
  Range: [1, 1.49059]
Time: 1.313806e-02
-
  Volume: 4.39302
  Momentum: (-0.00040316, -0.000406628)
  Range: [0.962338, 1.3399]
Time: 1.314712e-02
-
  Volume: 4.3931
  Momentum: (-0.000484067, -0.000483813)
  Range: [0.915552, 1.23418]
Time: 1.314187e-02
-
  Volume: 4.39315
  Momentum: (-0.000124695, -0.000122153)
  Range: [0.856187, 1.39587]
Time: 1.314402e-02
-
  Volume: 4.39314
  Momentum: (-0.000110199, -0.000110307)
  Range: [0.745897, 1.38579]
Time: 1.313114e-02
-
  Volume: 4.39314
  Momentum: (-0.000127218, -0.000126244)
  Range: [0.640753, 1.38116]
Time: 1.314306e-02
-
  Volume: 4.39317
  Momentum: (-0.000146582, -0.000147899)
  Range: [0.558424, 1.36999]
Time: 1.313496e-02
-
  Volume: 4.39322
  Momentum: (-0.000155706, -0.000158599)
  Range: [0.493076, 1.35843]
Time: 1.314902e-02
-
  Volume: 4.39319
  Momentum: (-0.000146899, -0.000148861)
  Range: [0.439765, 1.35705]
Time: 1.318502e-02
-
  Volume: 4.39324
  Momentum: (-0.000125856, -0.000123786)
  Range: [0.395225, 1.35555]
Time: 1.314592e-02
-
  Volume: 4.39324
  Momentum: (-7.69194e-05, -7.68697e-05)
  Range: [0.360931, 1.35659]
Time: 1.314807e-02
-
  Volume: 4.3933
  Momentum: (1.80775e-05, 1.91006e-05)
  Range: [0.353515, 1.357]
Time: 1.313996e-02
-
  Volume: 4.3933
  Momentum: (0.000189389, 0.000189457)
  Range: [0.615824, 1.35612]
Time: 1.314521e-02
-
  Volume: 4.3933
  Momentum: (0.000359222, 0.000359901)
  Range: [0.670942, 1.35046]
Time: 1.314497e-02
-
  Volume: 4.39329
  Momentum: (0.000494845, 0.000496501)
  Range: [0.702906, 1.41275]
Time: 1.315284e-02
-
  Volume: 4.39329
  Momentum: (0.000541335, 0.000541909)
  Range: [0.726907, 1.67843]
Time: 1.314497e-02
-
  Volume: 4.3933
  Momentum: (0.000575694, 0.000575657)
  Range: [0.746334, 1.64032]
Time: 1.316094e-02
-
  Volume: 4.39327
  Momentum: (0.000615835, 0.000615623)
  Range: [0.762677, 1.60564]
Time: 1.314497e-02
-
  Volume: 4.39325
  Momentum: (0.000634549, 0.000634558)
  Range: [0.776621, 1.58077]
Time: 1.315498e-02
-
  Volume: 4.39329
  Momentum: (0.000651383, 0.000651335)
  Range: [0.788287, 1.55593]
Time: 1.314902e-02
-
  Volume: 4.39325
  Momentum: (0.000669774, 0.000669873)
  Range: [0.797917, 1.53315]
Time: 1.315308e-02
-
  Volume: 4.39328
  Momentum: (0.000676589, 0.000676421)
  Range: [0.806531, 1.51166]
Time: 1.314998e-02
-
  Volume: 4.39327
  Momentum: (0.000675854, 0.000674802)
  Range: [0.813308, 1.48259]
Time: 1.314402e-02
-
  Volume: 4.39327
  Momentum: (0.000670799, 0.000669883)
  Range: [0.821403, 1.45918]
Time: 1.315284e-02
-
  Volume: 4.39329
  Momentum: (0.000637442, 0.000636882)
  Range: [0.829759, 1.4382]
Time: 1.315594e-02
-
  Volume: 4.3933
  Momentum: (0.000588408, 0.000586)
  Range: [0.939738, 1.41068]
Time: 1.314807e-02
-
  Volume: 4.39326
  Momentum: (0.000534413, 0.000535146)
  Range: [0.938862, 1.38919]
Time: 1.314211e-02
-
  Volume: 4.3933
  Momentum: (0.000471019, 0.000470386)
  Range: [0.935055, 1.36851]
Time: 1.315093e-02
-
  Volume: 4.39326
  Momentum: (0.000396733, 0.00039623)
  Range: [0.932323, 1.34673]
Time: 1.314187e-02
-
  Volume: 4.39329
  Momentum: (0.000317698, 0.000314561)
  Range: [0.927852, 1.32206]
Time: 1.315498e-02
-
  Volume: 4.39333
  Momentum: (0.000229291, 0.000233596)
  Range: [0.923384, 1.30061]
Time: 1.314998e-02
-
  Volume: 4.39328
  Momentum: (0.000127578, 0.000125371)
  Range: [0.916989, 1.27702]
Time: 1.316190e-02
-
  Volume: 4.39345
  Momentum: (0.000301436, 0.000301935)
  Range: [0.908746, 1.27919]
Time: 1.315117e-02
-
  Volume: 4.39345
  Momentum: (0.00073735, 0.000737285)
  Range: [0.900621, 1.61568]
Time: 1.315308e-02
-
  Volume: 4.39345
  Momentum: (0.000814299, 0.000816973)
  Range: [0.887689, 1.54182]
Time: 1.314998e-02
-
  Volume: 4.39344
  Momentum: (0.000844143, 0.000843686)
  Range: [0.87118, 1.51878]
Time: 1.316094e-02
-
  Volume: 4.39346
  Momentum: (0.000871412, 0.000874738)
  Range: [0.856571, 1.49451]
Time: 1.316595e-02
-
  Volume: 4.39347
  Momentum: (0.000886306, 0.000886049)
  Range: [0.843646, 1.47705]
Time: 1.314211e-02
-
  Volume: 4.39348
  Momentum: (0.000888323, 0.000888039)
  Range: [0.833139, 1.44795]
