-
  Volume: 4.393
  Momentum: (0, 0)
  Range: [1, 1.5]
Time: 3.068304e-02
-
  Volume: 4.393
  Momentum: (2.55854e-05, 1.45658e-05)
  Range: [1, 1.5]
Time: 2.894711e-02
-
  Volume: 4.39299
  Momentum: (2.56087e-05, 4.09508e-05)
  Range: [1, 1.5]
Time: 2.894497e-02
-
  Volume: 4.393
  Momentum: (1.35586e-05, 6.84076e-05)
  Range: [1, 1.5]
Time: 2.895403e-02
-
  Volume: 4.39301
  Momentum: (-4.2359e-06, 9.81212e-05)
  Range: [1, 1.5]
Time: 2.896285e-02
-
  Volume: 4.393
  Momentum: (-3.02453e-05, 0.000128481)
  Range: [1, 1.5]
Time: 2.895594e-02
-
  Volume: 4.39302
  Momentum: (-6.89387e-05, 0.000160169)
  Range: [1, 1.5]
Time: 2.896786e-02
-
  Volume: 4.39302
  Momentum: (-0.000109857, 0.000192189)
  Range: [1, 1.5]
Time: 2.897000e-02
-
  Volume: 4.393
  Momentum: (-0.000176658, 0.000225387)
  Range: [1, 1.5]
Time: 2.897906e-02
-
  Volume: 4.39302
  Momentum: (-0.00024996, 0.000259764)
  Range: [1, 1.5]
Time: 2.898598e-02
-
  Volume: 4.39301
  Momentum: (-0.000336076, 0.000294104)
  Range: [1, 1.5]
Time: 2.893782e-02
-
  Volume: 4.39301
  Momentum: (-0.000457573, 0.000328487)
  Range: [1, 1.49995]
Time: 2.987003e-02
-
  Volume: 4.39303
  Momentum: (-0.000595281, 0.000363473)
  Range: [1, 1.4887]
Time: 2.898502e-02
-
  Volume: 4.39299
  Momentum: (-0.000795067, 0.00039632)
  Range: [0.962135, 1.32546]
Time: 2.899003e-02
-
  Volume: 4.39305
  Momentum: (-0.000849246, 0.000571246)
  Range: [0.914049, 1.23418]
Time: 2.898717e-02
-
  Volume: 4.39313
  Momentum: (-0.000490567, 0.00118339)
  Range: [0.85326, 1.3959]
Time: 2.898908e-02
-
  Volume: 4.39307
  Momentum: (-0.000437558, 0.00145174)
  Range: [0.743494, 1.38582]
Time: 2.898812e-02
-
  Volume: 4.3931
  Momentum: (-0.000418183, 0.00165921)
  Range: [0.639472, 1.38121]
Time: 2.899599e-02
-
  Volume: 4.3931
  Momentum: (-0.000399687, 0.00182246)
  Range: [0.558041, 1.37001]
Time: 2.900195e-02
-
  Volume: 4.39319
  Momentum: (-0.000379554, 0.00196689)
  Range: [0.492879, 1.35843]
Time: 2.900791e-02
-
  Volume: 4.39312
  Momentum: (-0.000347754, 0.00210525)
  Range: [0.438525, 1.35705]
Time: 2.900696e-02
-
  Volume: 4.39315
  Momentum: (-0.000305082, 0.00222351)
  Range: [0.394253, 1.35556]
Time: 2.901387e-02
-
  Volume: 4.39315
  Momentum: (-0.000239003, 0.00233198)
  Range: [0.35991, 1.3566]
Time: 2.900195e-02
-
  Volume: 4.39316
  Momentum: (-0.000138738, 0.00244702)
  Range: [0.355034, 1.35701]
Time: 2.900481e-02
-
  Volume: 4.39315
  Momentum: (3.6271e-05, 0.00255185)
  Range: [0.61327, 1.35614]
Time: 2.897811e-02
-
  Volume: 4.39317
  Momentum: (0.000175805, 0.00263445)
  Range: [0.673591, 1.35047]
Time: 2.895284e-02
-
  Volume: 4.39317
  Momentum: (0.000285779, 0.00272793)
  Range: [0.707664, 1.41275]
Time: 2.894402e-02
-
  Volume: 4.39317
  Momentum: (0.000321864, 0.00275186)
  Range: [0.732248, 1.67844]
Time: 2.895403e-02
-
  Volume: 4.39316
  Momentum: (0.000343051, 0.00275889)
  Range: [0.750731, 1.64074]
Time: 2.894783e-02
-
  Volume: 4.39317
  Momentum: (0.000371357, 0.00277592)
  Range: [0.765737, 1.6088]
Time: 2.895713e-02
-
  Volume: 4.39318
  Momentum: (0.000378008, 0.002769)
  Range: [0.778323, 1.58202]
Time: 2.894688e-02
-
  Volume: 4.39317
  Momentum: (0.000380508, 0.00275833)
  Range: [0.789104, 1.55595]
Time: 2.894592e-02
-
  Volume: 4.39318
  Momentum: (0.000383995, 0.0027499)
  Range: [0.798594, 1.53355]
Time: 2.895117e-02
-
  Volume: 4.39318
  Momentum: (0.000372702, 0.0027295)
  Range: [0.807052, 1.51141]
Time: 2.894998e-02
-
  Volume: 4.39316
  Momentum: (0.000351324, 0.00270342)
  Range: [0.81358, 1.48181]
Time: 2.895188e-02
-
  Volume: 4.39315
  Momentum: (0.000325539, 0.00267546)
  Range: [0.821648, 1.46004]
Time: 2.894998e-02
-
  Volume: 4.39321
  Momentum: (0.000278038, 0.00263154)
  Range: [0.830181, 1.43819]
Time: 2.895308e-02
-
  Volume: 4.3932
  Momentum: (0.000220102, 0.00257589)
  Range: [0.939068, 1.41371]
Time: 2.895594e-02
-
  Volume: 4.39317
  Momentum: (0.000159609, 0.00252006)
  Range: [0.938393, 1.39239]
Time: 2.894688e-02
-
  Volume: 4.3932
  Momentum: (8.82738e-05, 0.00245575)
  Range: [0.934732, 1.37178]
Time: 2.894902e-02
-
  Volume: 4.39316
  Momentum: (6.53777e-06, 0.00237915)
  Range: [0.931972, 1.35063]
Time: 2.895498e-02
-
  Volume: 4.39321
  Momentum: (-7.88113e-05, 0.00230049)
  Range: [0.927643, 1.32741]
Time: 2.898216e-02
-
  Volume: 4.39323
  Momentum: (-0.000171169, 0.00221566)
  Range: [0.922988, 1.30598]
Time: 2.946091e-02
-
  Volume: 4.39319
  Momentum: (-0.000277178, 0.0021144)
  Range: [0.916568, 1.28199]
Time: 2.955103e-02
-
  Volume: 4.39323
  Momentum: (-8.92554e-05, 0.00201205)
  Range: [0.90809, 1.33608]
Time: 2.952409e-02
-
  Volume: 4.39329
  Momentum: (0.000298362, 0.00189053)
  Range: [0.900155, 1.57603]
Time: 2.952290e-02
-
  Volume: 4.39329
  Momentum: (0.000385238, 0.00177563)
  Range: [0.886002, 1.54064]
Time: 2.943516e-02
-
  Volume: 4.39327
  Momentum: (0.000419479, 0.00165411)
  Range: [0.869667, 1.52127]
Time: 2.937198e-02
-
  Volume: 4.39331
  Momentum: (0.000438713, 0.00155092)
  Range: [0.855318, 1.49658]
Time: 2.936816e-02
-
  Volume: 4.39336
  Momentum: (0.000452433, 0.00144581)
  Range: [0.842556, 1.47742]
Time: 2.937007e-02
-
  Volume: 4.39337
  Momentum: (0.00045373, 0.00134681)
  Range: [0.831254, 1.45228]
