-
  Volume: 4.393
  Momentum: (0, 0)
  Range: [1, 1.5]
Time: 4.728293e-02
-
  Volume: 4.39299
  Momentum: (-6.34417e-10, 5.59681e-09)
  Range: [1, 1.5]
Time: 4.595399e-02
-
  Volume: 4.39299
  Momentum: (-1.02022e-09, -4.69362e-08)
  Range: [1, 1.5]
Time: 4.596901e-02
-
  Volume: 4.39298
  Momentum: (-1.31924e-09, 3.22787e-08)
  Range: [1, 1.5]
Time: 4.598904e-02
-
  Volume: 4.393
  Momentum: (-2.52859e-09, 5.24544e-10)
  Range: [1, 1.5]
Time: 4.599094e-02
-
  Volume: 4.39299
  Momentum: (-8.57298e-10, -3.51785e-08)
  Range: [1, 1.5]
Time: 4.599905e-02
-
  Volume: 4.393
  Momentum: (5.77955e-09, -2.45309e-08)
  Range: [1, 1.5]
Time: 4.601288e-02
-
  Volume: 4.393
  Momentum: (4.70969e-09, -7.05425e-09)
  Range: [1, 1.5]
Time: 4.602408e-02
-
  Volume: 4.39298
  Momentum: (1.61671e-10, 1.2324e-07)
  Range: [1, 1.5]
Time: 4.604411e-02
-
  Volume: 4.39299
  Momentum: (-3.93656e-09, -4.75545e-09)
  Range: [1, 1.5]
Time: 4.604506e-02
-
  Volume: 4.39298
  Momentum: (6.77033e-09, -6.06912e-08)
  Range: [1, 1.5]
Time: 4.605985e-02
-
  Volume: 4.393
  Momentum: (-1.20346e-08, 3.75454e-08)
  Range: [1, 1.49994]
Time: 4.607105e-02
-
  Volume: 4.39302
  Momentum: (4.40229e-10, 1.68818e-07)
  Range: [1, 1.48666]
Time: 4.608297e-02
-
  Volume: 4.39296
  Momentum: (-1.11731e-07, 8.17962e-08)
  Range: [0.965192, 1.31195]
Time: 4.609799e-02
-
  Volume: 4.39298
  Momentum: (0.000198702, 0.000198707)
  Range: [0.917708, 1.21729]
Time: 4.610896e-02
-
  Volume: 4.39308
  Momentum: (0.000801066, 0.000800399)
  Range: [0.857398, 1.3448]
Time: 4.610586e-02
-
  Volume: 4.39301
  Momentum: (0.00110294, 0.0011029)
  Range: [0.739905, 1.34354]
Time: 4.612780e-02
-
  Volume: 4.393
  Momentum: (0.00134026, 0.00134013)
  Range: [0.637224, 1.34925]
Time: 4.612589e-02
-
  Volume: 4.393
  Momentum: (0.00154295, 0.00154342)
  Range: [0.556744, 1.35207]
Time: 4.614115e-02
-
  Volume: 4.39312
  Momentum: (0.0017145, 0.00171487)
  Range: [0.492252, 1.35375]
Time: 4.612494e-02
-
  Volume: 4.393
  Momentum: (0.0018692, 0.00186998)
  Range: [0.438331, 1.35703]
Time: 4.615188e-02
-
  Volume: 4.39304
  Momentum: (0.00199961, 0.00200031)
  Range: [0.392839, 1.35553]
Time: 4.613805e-02
-
  Volume: 4.393
  Momentum: (0.00211407, 0.00211467)
  Range: [0.356247, 1.35658]
Time: 4.614997e-02
-
  Volume: 4.39302
  Momentum: (0.00221903, 0.00221812)
  Range: [0.359753, 1.35699]
Time: 4.615593e-02
-
  Volume: 4.39303
  Momentum: (0.00230503, 0.00230414)
  Range: [0.630292, 1.35613]
Time: 4.614997e-02
-
  Volume: 4.39305
  Momentum: (0.00238348, 0.00238409)
  Range: [0.6805, 1.35048]
Time: 4.614091e-02
-
  Volume: 4.39306
  Momentum: (0.00246804, 0.00246818)
  Range: [0.712335, 1.41273]
Time: 4.613805e-02
-
  Volume: 4.39306
  Momentum: (0.00248185, 0.00248219)
  Range: [0.735992, 1.67844]
Time: 4.613113e-02
-
  Volume: 4.39303
  Momentum: (0.00247978, 0.00248032)
  Range: [0.754447, 1.64109]
Time: 4.614401e-02
-
  Volume: 4.39307
  Momentum: (0.00248726, 0.00248721)
  Range: [0.769496, 1.60858]
Time: 4.615712e-02
-
  Volume: 4.39308
  Momentum: (0.00247061, 0.00247069)
  Range: [0.782109, 1.58186]
Time: 4.615498e-02
-
  Volume: 4.39304
  Momentum: (0.00244682, 0.00244681)
  Range: [0.792803, 1.55586]
Time: 4.615498e-02
-
  Volume: 4.39307
  Momentum: (0.0024237, 0.00242372)
  Range: [0.802111, 1.53326]
Time: 4.615998e-02
-
  Volume: 4.39305
  Momentum: (0.00238611, 0.00238628)
  Range: [0.808878, 1.51087]
Time: 4.614997e-02
-
  Volume: 4.39304
  Momentum: (0.00233996, 0.00234022)
  Range: [0.816449, 1.48092]
Time: 4.614210e-02
-
  Volume: 4.39309
  Momentum: (0.00229237, 0.0022932)
  Range: [0.824022, 1.46042]
Time: 4.614210e-02
-
  Volume: 4.39308
  Momentum: (0.00223491, 0.00223536)
  Range: [0.831849, 1.43711]
Time: 4.614401e-02
-
  Volume: 4.39306
  Momentum: (0.00217092, 0.00216971)
  Range: [0.939447, 1.41407]
Time: 4.614496e-02
-
  Volume: 4.39305
  Momentum: (0.00210654, 0.00210751)
  Range: [0.938693, 1.39279]
Time: 4.615402e-02
-
  Volume: 4.39309
  Momentum: (0.00203359, 0.00203435)
  Range: [0.934997, 1.372]
Time: 4.616904e-02
-
  Volume: 4.39304
  Momentum: (0.00195152, 0.00194956)
  Range: [0.932065, 1.35077]
Time: 4.616308e-02
-
  Volume: 4.39307
  Momentum: (0.00186762, 0.00186896)
  Range: [0.927828, 1.3272]
Time: 4.616189e-02
-
  Volume: 4.39307
  Momentum: (0.00177748, 0.00177801)
  Range: [0.922695, 1.30542]
Time: 4.616618e-02
-
  Volume: 4.39305
  Momentum: (0.00167607, 0.00167544)
  Range: [0.91611, 1.28087]
Time: 4.618287e-02
-
  Volume: 4.39307
  Momentum: (0.00156768, 0.00156587)
  Range: [0.907822, 1.30382]
Time: 4.616499e-02
-
  Volume: 4.3931
  Momentum: (0.00145604, 0.00145505)
  Range: [0.89995, 1.50305]
Time: 4.615998e-02
-
  Volume: 4.39315
  Momentum: (0.00134041, 0.00134066)
  Range: [0.886542, 1.47524]
Time: 4.616594e-02
-
  Volume: 4.39311
  Momentum: (0.00122413, 0.00122113)
  Range: [0.870125, 1.4506]
Time: 4.616404e-02
-
  Volume: 4.39314
  Momentum: (0.00111013, 0.00111587)
  Range: [0.855681, 1.42999]
Time: 4.616094e-02
-
  Volume: 4.39316
  Momentum: (0.00100111, 0.00100151)
  Range: [0.842762, 1.4107]
Time: 4.617095e-02
-
  Volume: 4.3932
  Momentum: (0.000897312, 0.000896341)
  Range: [0.83135, 1.39349]
