-
  Volume: 4.39264
  Momentum: (0, 0)
  Range: [1, 1.5]
Time: 1.423509e-01
-
  Volume: 4.39265
  Momentum: (2.04263e-05, 1.80797e-05)
  Range: [1, 1.5]
Time: 1.483369e-01
-
  Volume: 4.39257
  Momentum: (3.27306e-05, 3.61606e-05)
  Range: [1, 1.5]
Time: 1.484840e-01
-
  Volume: 4.39255
  Momentum: (3.31317e-05, 4.79595e-05)
  Range: [1, 1.5]
Time: 1.483271e-01
-
  Volume: 4.39242
  Momentum: (-8.22103e-07, 7.29052e-06)
  Range: [1, 1.5]
Time: 1.483769e-01
-
  Volume: 4.39301
  Momentum: (-7.30186e-05, -1.1216e-05)
  Range: [1, 1.5]
Time: 1.369071e-01
-
  Volume: 4.39225
  Momentum: (-8.49494e-05, -2.28313e-05)
  Range: [1, 1.5]
Time: 1.368051e-01
-
  Volume: 4.39235
  Momentum: (-6.65549e-05, -4.00973e-05)
  Range: [1, 1.5]
Time: 1.367850e-01
-
  Volume: 4.39295
  Momentum: (-4.96501e-05, -5.20964e-05)
  Range: [1, 1.5]
Time: 1.370151e-01
-
  Volume: 4.39271
  Momentum: (-3.34394e-05, -8.1017e-05)
  Range: [1, 1.5]
Time: 1.362391e-01
-
  Volume: 4.39194
  Momentum: (-1.64966e-05, -0.000114436)
  Range: [1, 1.5]
Time: 1.363370e-01
-
  Volume: 4.39241
  Momentum: (-1.74999e-06, -0.000147241)
  Range: [1, 1.49999]
Time: 1.363521e-01
-
  Volume: 4.39311
  Momentum: (1.0872e-05, -0.000206563)
  Range: [0.976266, 1.49463]
Time: 1.281450e-01
-
  Volume: 4.39241
  Momentum: (2.62538e-05, -0.000261974)
  Range: [0.930935, 1.25872]
Time: 1.178131e-01
-
  Volume: 4.38973
  Momentum: (-0.00230339, -0.000141002)
  Range: [0.875156, 1.352]
Time: 1.178620e-01
-
  Volume: 4.38326
  Momentum: (-0.00344526, -5.7216e-05)
  Range: [0.787724, 1.36111]
Time: 1.178532e-01
-
  Volume: 4.37358
  Momentum: (-0.00425216, 7.42526e-06)
  Range: [0.662392, 1.39223]
Time: 1.181672e-01
-
  Volume: 4.3626
  Momentum: (-0.00487775, 4.76921e-05)
  Range: [0.568564, 1.38079]
Time: 1.181729e-01
-
  Volume: 4.35019
  Momentum: (-0.00537817, 9.50452e-05)
  Range: [0.49594, 1.36839]
Time: 1.180260e-01
-
  Volume: 4.33608
  Momentum: (-0.00578457, 0.00013239)
  Range: [0.4381, 1.36734]
Time: 1.180639e-01
-
  Volume: 4.32214
  Momentum: (-0.00614783, 0.000170215)
  Range: [0.391021, 1.36718]
Time: 1.180360e-01
-
  Volume: 4.30718
  Momentum: (-0.00649125, 0.000229226)
  Range: [0.351797, 1.36969]
Time: 1.180699e-01
-
  Volume: 4.29195
  Momentum: (-0.00678518, 0.000286841)
  Range: [0.318492, 1.37]
Time: 1.279309e-01
-
  Volume: 4.27572
  Momentum: (-0.00703423, 0.000391523)
  Range: [0.618812, 1.369]
Time: 1.281819e-01
-
  Volume: 4.2584
  Momentum: (-0.0072331, 0.000472746)
  Range: [0.675422, 1.37327]
Time: 1.279540e-01
-
  Volume: 4.24134
  Momentum: (-0.00746713, 0.000527463)
  Range: [0.708354, 1.32373]
Time: 1.282210e-01
-
  Volume: 4.2235
  Momentum: (-0.0080093, 0.000600986)
  Range: [0.732707, 1.29714]
Time: 1.182060e-01
-
  Volume: 4.20643
  Momentum: (-0.00832471, 0.000666838)
  Range: [0.750864, 1.28658]
Time: 1.180909e-01
-
  Volume: 4.18931
  Momentum: (-0.00852135, 0.000729949)
  Range: [0.765958, 1.27545]
Time: 1.180658e-01
-
  Volume: 4.17152
  Momentum: (-0.00865784, 0.000789096)
  Range: [0.778444, 1.26652]
Time: 1.182261e-01
-
  Volume: 4.15452
  Momentum: (-0.0087333, 0.000852909)
  Range: [0.789387, 1.25749]
Time: 1.181569e-01
-
  Volume: 4.13702
  Momentum: (-0.0087644, 0.000905476)
  Range: [0.799324, 1.24821]
Time: 1.176450e-01
-
  Volume: 4.11967
  Momentum: (-0.00866484, 0.000953232)
  Range: [0.808121, 1.23609]
Time: 1.181340e-01
-
  Volume: 4.10271
  Momentum: (-0.00849961, 0.00100069)
  Range: [0.816091, 1.22455]
Time: 1.189430e-01
-
  Volume: 4.0871
  Momentum: (-0.00826904, 0.00103648)
  Range: [0.823567, 1.21158]
Time: 1.180959e-01
-
  Volume: 4.07144
  Momentum: (-0.00793886, 0.0010746)
  Range: [0.83012, 1.19829]
Time: 1.181791e-01
-
  Volume: 4.05652
  Momentum: (-0.00758059, 0.00110589)
  Range: [0.836799, 1.18201]
Time: 1.182179e-01
-
  Volume: 4.04231
  Momentum: (-0.00718755, 0.00113764)
  Range: [0.844718, 1.16685]
Time: 1.180379e-01
-
  Volume: 4.02957
  Momentum: (-0.00671845, 0.00115031)
  Range: [0.850862, 1.16668]
Time: 1.181540e-01
-
  Volume: 4.01742
  Momentum: (-0.00623762, 0.00116005)
  Range: [0.856741, 1.1735]
Time: 1.182990e-01
-
  Volume: 4.00678
  Momentum: (-0.005699, 0.00115668)
  Range: [0.863214, 1.17263]
Time: 1.180880e-01
-
  Volume: 3.99686
  Momentum: (-0.00512069, 0.00115511)
  Range: [0.869131, 1.17617]
Time: 1.182382e-01
-
  Volume: 3.98807
  Momentum: (-0.00448614, 0.00119102)
  Range: [0.873596, 1.18995]
Time: 1.181629e-01
-
  Volume: 3.98105
  Momentum: (-0.00379927, 0.00130459)
  Range: [0.877301, 1.29926]
Time: 1.083059e-01
-
  Volume: 3.97498
  Momentum: (-0.00307528, 0.00135538)
  Range: [0.880465, 1.30416]
Time: 1.082940e-01
-
  Volume: 3.97039
  Momentum: (-0.00231128, 0.00135949)
  Range: [0.866847, 1.2981]
Time: 1.083031e-01
-
  Volume: 3.96684
  Momentum: (-0.00155945, 0.00135992)
  Range: [0.848171, 1.30461]
Time: 1.083441e-01
-
  Volume: 3.96439
  Momentum: (-0.000834547, 0.00135971)
  Range: [0.831146, 1.30259]
Time: 1.084158e-01
-
  Volume: 3.9629
  Momentum: (-0.000124795, 0.00134464)
  Range: [0.817229, 1.2905]
Time: 1.083331e-01
-
  Volume: 3.96207
  Momentum: (0.000559872, 0.00128124)
  Range: [0.805603, 1.28106]
Time: 1.083438e-01
-
  Volume: 3.96288
  Momentum: (0.00122658, 0.00121207)
  Range: [0.795887, 1.25555]
