-
  Volume: 4.393
  Momentum: (0, 0)
  Range: [1, 1.5]
Time: 1.953793e-02
-
  Volume: 4.39323
  Momentum: (0.000723783, 0.000665158)
  Range: [1, 1.5]
Time: 7.145882e-03
-
  Volume: 4.39324
  Momentum: (0.0010502, 0.000991754)
  Range: [1, 1.5]
Time: 7.141113e-03
-
  Volume: 4.39327
  Momentum: (0.00127692, 0.0012173)
  Range: [1, 1.5]
Time: 7.148027e-03
-
  Volume: 4.39329
  Momentum: (0.00144802, 0.00138765)
  Range: [1, 1.5]
Time: 7.153034e-03
-
  Volume: 4.39329
  Momentum: (0.00159599, 0.00153338)
  Range: [1, 1.5]
Time: 7.169962e-03
-
  Volume: 4.39331
  Momentum: (0.00170817, 0.00164491)
  Range: [1, 1.5]
Time: 7.153988e-03
-
  Volume: 4.39332
  Momentum: (0.00180968, 0.00174693)
  Range: [1, 1.5]
Time: 7.167101e-03
-
  Volume: 4.39331
  Momentum: (0.00185066, 0.00178935)
  Range: [1, 1.5]
Time: 7.174969e-03
-
  Volume: 4.39332
  Momentum: (0.00187903, 0.00182022)
  Range: [1, 1.5]
Time: 7.179976e-03
-
  Volume: 4.39332
  Momentum: (0.00188356, 0.00182066)
  Range: [1, 1.5]
Time: 7.153988e-03
-
  Volume: 4.39331
  Momentum: (0.00184241, 0.00178083)
  Range: [1, 1.49996]
Time: 7.179976e-03
-
  Volume: 4.39333
  Momentum: (0.00177876, 0.00171843)
  Range: [0.999044, 1.49054]
Time: 7.200003e-03
-
  Volume: 4.39328
  Momentum: (0.0016319, 0.00157017)
  Range: [0.960478, 1.33915]
Time: 7.205009e-03
-
  Volume: 4.39342
  Momentum: (0.00160362, 0.00154739)
  Range: [0.91427, 1.23432]
Time: 7.189035e-03
-
  Volume: 4.39338
  Momentum: (0.00195219, 0.00189394)
  Range: [0.855556, 1.39621]
Time: 7.204056e-03
-
  Volume: 4.3934
  Momentum: (0.00195665, 0.00189635)
  Range: [0.745643, 1.38397]
Time: 7.205009e-03
-
  Volume: 4.39339
  Momentum: (0.00192423, 0.00186246)
  Range: [0.640639, 1.3797]
Time: 7.189989e-03
-
  Volume: 4.39344
  Momentum: (0.00184893, 0.00179052)
  Range: [0.558466, 1.36963]
Time: 7.194996e-03
-
  Volume: 4.39342
  Momentum: (0.00178019, 0.00172197)
  Range: [0.49328, 1.35917]
Time: 7.277966e-03
-
  Volume: 4.39343
  Momentum: (0.00170188, 0.00164302)
  Range: [0.440129, 1.35312]
Time: 7.189035e-03
-
  Volume: 4.39342
  Momentum: (0.00164358, 0.00158155)
  Range: [0.39595, 1.34998]
Time: 7.189989e-03
-
  Volume: 4.39344
  Momentum: (0.00160243, 0.00153757)
  Range: [0.362299, 1.3473]
Time: 7.234097e-03
-
  Volume: 4.39344
  Momentum: (0.0015946, 0.0015328)
  Range: [0.357613, 1.34977]
Time: 7.194996e-03
-
  Volume: 4.39344
  Momentum: (0.00166162, 0.00159976)
  Range: [0.615049, 1.34294]
Time: 7.207155e-03
-
  Volume: 4.39338
  Momentum: (0.00171317, 0.0016489)
  Range: [0.670651, 1.3456]
Time: 7.211208e-03
-
  Volume: 4.39333
  Momentum: (0.00172379, 0.00166024)
  Range: [0.703312, 1.40081]
Time: 7.215023e-03
-
  Volume: 4.39328
  Momentum: (0.00164375, 0.00158188)
  Range: [0.72697, 1.69455]
Time: 7.205963e-03
-
  Volume: 4.39326
  Momentum: (0.00153689, 0.00147567)
  Range: [0.746126, 1.63332]
Time: 7.220984e-03
-
  Volume: 4.39321
  Momentum: (0.00146356, 0.00140178)
  Range: [0.762453, 1.60096]
Time: 7.207870e-03
-
  Volume: 4.39324
  Momentum: (0.00204619, 0.0019859)
  Range: [0.776153, 1.57883]
Time: 7.213116e-03
-
  Volume: 4.3932
  Momentum: (0.00241763, 0.00235704)
  Range: [0.787844, 1.55192]
Time: 7.207155e-03
-
  Volume: 4.39321
  Momentum: (0.00251192, 0.00245185)
  Range: [0.798271, 1.53063]
Time: 7.230997e-03
-
  Volume: 4.39314
  Momentum: (0.00264967, 0.00258815)
  Range: [0.807205, 1.50507]
Time: 7.205009e-03
-
  Volume: 4.39313
  Momentum: (0.00271184, 0.00265117)
  Range: [0.813921, 1.48428]
Time: 7.215023e-03
-
  Volume: 4.39312
  Momentum: (0.00274161, 0.00268225)
  Range: [0.821712, 1.46681]
Time: 7.220030e-03
-
  Volume: 4.3931
  Momentum: (0.00274347, 0.00268205)
  Range: [0.831226, 1.44385]
Time: 7.206917e-03
-
  Volume: 4.39305
  Momentum: (0.00272881, 0.0026709)
  Range: [0.933166, 1.42151]
Time: 7.202864e-03
-
  Volume: 4.39313
  Momentum: (0.00274163, 0.0026833)
  Range: [0.928937, 1.38582]
Time: 7.217884e-03
-
  Volume: 4.39307
  Momentum: (0.00273625, 0.00267834)
  Range: [0.931513, 1.36927]
Time: 7.214069e-03
-
  Volume: 4.39296
  Momentum: (0.00269355, 0.00263317)
  Range: [0.930331, 1.3465]
Time: 7.194996e-03
-
  Volume: 4.39303
  Momentum: (0.00264453, 0.0025829)
  Range: [0.928668, 1.32376]
Time: 7.230997e-03
-
  Volume: 4.3931
  Momentum: (0.0026427, 0.00258135)
  Range: [0.923927, 1.30491]
Time: 7.230043e-03
-
  Volume: 4.39315
  Momentum: (0.00273132, 0.00266952)
  Range: [0.91747, 1.28462]
Time: 7.198095e-03
-
  Volume: 4.39328
  Momentum: (0.00318987, 0.00312965)
  Range: [0.909445, 1.28615]
Time: 7.232904e-03
-
  Volume: 4.39318
  Momentum: (0.00371637, 0.00365376)
  Range: [0.900315, 1.6037]
Time: 7.210016e-03
-
  Volume: 4.39321
  Momentum: (0.00378575, 0.00372827)
  Range: [0.88746, 1.54297]
Time: 7.224083e-03
-
  Volume: 4.39321
  Momentum: (0.00380278, 0.00373965)
  Range: [0.871115, 1.5102]
Time: 7.225990e-03
-
  Volume: 4.39315
  Momentum: (0.00383189, 0.00376979)
  Range: [0.856826, 1.48513]
Time: 7.203817e-03
-
  Volume: 4.39313
  Momentum: (0.00375147, 0.00368922)
  Range: [0.844018, 1.4832]
Time: 7.218122e-03
-
  Volume: 4.39315
  Momentum: (0.0036658, 0.00360753)
  Range: [0.833276, 1.45311]
