-
  Volume: 4.39285
  Momentum: (0, 0)
  Range: [1, 1.5]
Time: 1.064861e-01
-
  Volume: 4.39284
  Momentum: (2.36933e-05, 2.3769e-05)
  Range: [1, 1.5]
Time: 1.015978e-01
-
  Volume: 4.39281
  Momentum: (3.88957e-05, 3.88914e-05)
  Range: [1, 1.5]
Time: 1.015491e-01
-
  Volume: 4.39299
  Momentum: (5.22134e-05, 5.20499e-05)
  Range: [1, 1.5]
Time: 1.015840e-01
-
  Volume: 4.39266
  Momentum: (6.01722e-05, 6.04433e-05)
  Range: [1, 1.5]
Time: 1.015971e-01
-
  Volume: 4.39308
  Momentum: (6.2831e-05, 6.16677e-05)
  Range: [1, 1.5]
Time: 1.016278e-01
-
  Volume: 4.39288
  Momentum: (6.10895e-05, 6.17621e-05)
  Range: [1, 1.5]
Time: 1.015210e-01
-
  Volume: 4.39269
  Momentum: (5.65439e-05, 5.57655e-05)
  Range: [1, 1.5]
Time: 1.013739e-01
-
  Volume: 4.39307
  Momentum: (4.25e-05, 4.12517e-05)
  Range: [1, 1.5]
Time: 1.012480e-01
-
  Volume: 4.39306
  Momentum: (2.65342e-05, 2.83115e-05)
  Range: [1, 1.5]
Time: 1.014500e-01
-
  Volume: 4.39268
  Momentum: (1.04461e-07, -2.44829e-06)
  Range: [1, 1.5]
Time: 1.015611e-01
-
  Volume: 4.39258
  Momentum: (-3.37155e-05, -3.15878e-05)
  Range: [1, 1.5]
Time: 1.016059e-01
-
  Volume: 4.39303
  Momentum: (-8.54846e-05, -8.73472e-05)
  Range: [0.994494, 1.49947]
Time: 1.017339e-01
-
  Volume: 4.39318
  Momentum: (-0.000167884, -0.000169873)
  Range: [0.95403, 1.37155]
Time: 1.017048e-01
-
  Volume: 4.39287
  Momentum: (-0.000168511, -0.00016573)
  Range: [0.905694, 1.23587]
Time: 1.017380e-01
-
  Volume: 4.39264
  Momentum: (-6.03803e-06, -7.92931e-06)
  Range: [0.845043, 1.40045]
Time: 9.157801e-02
-
  Volume: 4.39271
  Momentum: (1.03599e-06, -3.15468e-06)
  Range: [0.729599, 1.41133]
Time: 9.160280e-02
-
  Volume: 4.39306
  Momentum: (-1.37944e-05, -1.45696e-05)
  Range: [0.62565, 1.39362]
Time: 1.018021e-01
-
  Volume: 4.3933
  Momentum: (-2.48769e-05, -2.78482e-05)
  Range: [0.545126, 1.37555]
Time: 1.018009e-01
-
  Volume: 4.39297
  Momentum: (-2.65645e-05, -2.98104e-05)
  Range: [0.480039, 1.35906]
Time: 1.018178e-01
-
  Volume: 4.39259
  Momentum: (-1.84258e-05, -1.98874e-05)
  Range: [0.426907, 1.35837]
Time: 1.018400e-01
-
  Volume: 4.39276
  Momentum: (-1.6068e-06, -3.28133e-07)
  Range: [0.383143, 1.35931]
Time: 1.018381e-01
-
  Volume: 4.39302
  Momentum: (3.68708e-05, 2.48196e-05)
  Range: [0.346104, 1.35892]
Time: 1.018550e-01
-
  Volume: 4.39301
  Momentum: (9.96936e-05, 9.89119e-05)
  Range: [0.316524, 1.35919]
Time: 1.018541e-01
-
  Volume: 4.39297
  Momentum: (0.000209502, 0.000211169)
  Range: [0.626485, 1.36043]
Time: 1.018798e-01
-
  Volume: 4.39292
  Momentum: (0.000287655, 0.000292035)
  Range: [0.672976, 1.35869]
Time: 1.019399e-01
-
  Volume: 4.39306
  Momentum: (0.000346501, 0.000347642)
  Range: [0.705306, 1.58976]
Time: 1.018631e-01
-
  Volume: 4.39305
  Momentum: (0.000369849, 0.000370335)
  Range: [0.730368, 1.67827]
Time: 1.018381e-01
-
  Volume: 4.39307
  Momentum: (0.00039205, 0.000392058)
  Range: [0.749234, 1.63611]
Time: 1.018510e-01
-
  Volume: 4.39292
  Momentum: (0.000409738, 0.000410517)
  Range: [0.764456, 1.60566]
Time: 1.018610e-01
-
  Volume: 4.39296
  Momentum: (0.000422897, 0.000422971)
  Range: [0.777291, 1.58098]
Time: 1.018732e-01
-
  Volume: 4.39275
  Momentum: (0.000435748, 0.000435052)
  Range: [0.788409, 1.56112]
Time: 1.019919e-01
-
  Volume: 4.39314
  Momentum: (0.000446964, 0.000445537)
  Range: [0.798101, 1.5384]
Time: 1.018679e-01
-
  Volume: 4.393
  Momentum: (0.000455117, 0.000453784)
  Range: [0.806494, 1.51465]
Time: 1.018698e-01
-
  Volume: 4.39356
  Momentum: (0.00045733, 0.000449851)
  Range: [0.813826, 1.4927]
Time: 1.018970e-01
-
  Volume: 4.39232
  Momentum: (0.000458371, 0.000458156)
  Range: [0.822468, 1.47]
Time: 1.018760e-01
-
  Volume: 4.39346
  Momentum: (0.000442148, 0.000438526)
  Range: [0.829126, 1.44862]
Time: 1.018760e-01
-
  Volume: 4.39246
  Momentum: (0.000421756, 0.000418932)
  Range: [0.938154, 1.4311]
Time: 1.018791e-01
-
  Volume: 4.39311
  Momentum: (0.000397204, 0.00039262)
  Range: [0.937357, 1.41605]
Time: 1.018720e-01
-
  Volume: 4.39298
  Momentum: (0.000368573, 0.000364837)
  Range: [0.933796, 1.3996]
Time: 1.018770e-01
-
  Volume: 4.39295
  Momentum: (0.000334883, 0.000335055)
  Range: [0.930522, 1.38805]
Time: 1.018691e-01
-
  Volume: 4.39322
  Momentum: (0.000295241, 0.000297727)
  Range: [0.926609, 1.37332]
Time: 1.018820e-01
-
  Volume: 4.3931
  Momentum: (0.000250642, 0.000249087)
  Range: [0.922171, 1.35561]
Time: 1.018810e-01
-
  Volume: 4.39287
  Momentum: (0.000203157, 0.000198947)
  Range: [0.915837, 1.32755]
Time: 1.121268e-01
-
  Volume: 4.39316
  Momentum: (0.00038029, 0.000387438)
  Range: [0.907641, 1.28407]
Time: 1.018691e-01
-
  Volume: 4.39331
  Momentum: (0.000574203, 0.000574593)
  Range: [0.899263, 1.57761]
Time: 1.018519e-01
-
  Volume: 4.39277
  Momentum: (0.000621822, 0.000612867)
  Range: [0.887299, 1.54983]
Time: 1.018591e-01
-
  Volume: 4.39308
  Momentum: (0.000645665, 0.000654002)
  Range: [0.871196, 1.52483]
Time: 1.018560e-01
-
  Volume: 4.39273
  Momentum: (0.000662699, 0.000659146)
  Range: [0.855549, 1.50249]
Time: 1.018550e-01
-
  Volume: 4.39292
  Momentum: (0.000670984, 0.000664359)
  Range: [0.842201, 1.48323]
Time: 1.018510e-01
-
  Volume: 4.39297
  Momentum: (0.000676916, 0.000677512)
  Range: [0.830166, 1.46014]
