-
  Volume: 4
  Momentum: (0, 0)
  Range: [1, 1]
Time: 2.153206e-02
-
  Volume: 4
  Momentum: (0, 0)
  Range: [1, 1]
Time: 8.965969e-03
-
  Volume: 4
  Momentum: (0, 0)
  Range: [1, 1]
Time: 8.337975e-03
-
  Volume: 4
  Momentum: (0, 0)
  Range: [1, 1]
Time: 8.255959e-03
-
  Volume: 4
  Momentum: (0, 0)
  Range: [1, 1]
Time: 8.313179e-03
-
  Volume: 4
  Momentum: (0, 0)
  Range: [1, 1]
Time: 8.321047e-03
-
  Volume: 4
  Momentum: (0, 0)
  Range: [1, 1]
Time: 8.332014e-03
-
  Volume: 4
  Momentum: (0, 0)
  Range: [1, 1]
Time: 8.337021e-03
-
  Volume: 4
  Momentum: (0, 0)
  Range: [1, 1]
Time: 8.303881e-03
-
  Volume: 4
  Momentum: (0, 0)
  Range: [1, 1]
Time: 8.306980e-03
-
  Volume: 4
  Momentum: (0, 0)
  Range: [1, 1]
Time: 8.324146e-03
-
  Volume: 4
  Momentum: (0, 0)
  Range: [1, 1]
Time: 8.316040e-03
-
  Volume: 4
  Momentum: (0, 0)
  Range: [1, 1]
Time: 8.342981e-03
-
  Volume: 4
  Momentum: (0, 0)
  Range: [1, 1]
Time: 8.308172e-03
-
  Volume: 4
  Momentum: (0, 0)
  Range: [1, 1]
Time: 8.299828e-03
-
  Volume: 4
  Momentum: (0, 0)
  Range: [1, 1]
Time: 8.311033e-03
-
  Volume: 4
  Momentum: (0, 0)
  Range: [1, 1]
Time: 8.340836e-03
-
  Volume: 4
  Momentum: (0, 0)
  Range: [1, 1]
Time: 8.338928e-03
-
  Volume: 4
  Momentum: (0, 0)
  Range: [1, 1]
Time: 8.345842e-03
-
  Volume: 4
  Momentum: (0, 0)
  Range: [1, 1]
Time: 8.334875e-03
-
  Volume: 4
  Momentum: (0, 0)
  Range: [1, 1]
Time: 8.346081e-03
-
  Volume: 4
  Momentum: (0, 0)
  Range: [1, 1]
Time: 8.332014e-03
-
  Volume: 4
  Momentum: (0, 0)
  Range: [1, 1]
Time: 8.340120e-03
-
  Volume: 4
  Momentum: (0, 0)
  Range: [1, 1]
Time: 8.357048e-03
-
  Volume: 4
  Momentum: (0, 0)
  Range: [1, 1]
Time: 8.351088e-03
-
  Volume: 4
  Momentum: (0, 0)
  Range: [1, 1]
Time: 8.329868e-03
-
  Volume: 4
  Momentum: (0, 0)
  Range: [1, 1]
Time: 8.340120e-03
-
  Volume: 4
  Momentum: (0, 0)
  Range: [1, 1]
Time: 8.324862e-03
-
  Volume: 4
  Momentum: (0, 0)
  Range: [1, 1]
Time: 8.341074e-03
-
  Volume: 4
  Momentum: (0, 0)
  Range: [1, 1]
Time: 8.338928e-03
-
  Volume: 4
  Momentum: (0, 0)
  Range: [1, 1]
Time: 8.343935e-03
-
  Volume: 4
  Momentum: (0, 0)
  Range: [1, 1]
Time: 8.343935e-03
-
  Volume: 4
  Momentum: (0, 0)
  Range: [1, 1]
Time: 8.348942e-03
-
  Volume: 4
  Momentum: (0, 0)
  Range: [1, 1]
Time: 8.333921e-03
-
  Volume: 4
  Momentum: (0, 0)
  Range: [1, 1]
Time: 8.347988e-03
-
  Volume: 4
  Momentum: (0, 0)
  Range: [1, 1]
Time: 8.330107e-03
-
  Volume: 4
  Momentum: (0, 0)
  Range: [1, 1]
Time: 8.297920e-03
-
  Volume: 4
  Momentum: (0, 0)
  Range: [1, 1]
Time: 8.313179e-03
-
  Volume: 4
  Momentum: (0, 0)
  Range: [1, 1]
Time: 8.343935e-03
-
  Volume: 4
  Momentum: (0, 0)
  Range: [1, 1]
Time: 8.332014e-03
-
  Volume: 4
  Momentum: (0, 0)
  Range: [1, 1]
Time: 8.415222e-03
-
  Volume: 4
  Momentum: (0, 0)
  Range: [1, 1]
Time: 8.290052e-03
-
  Volume: 4
  Momentum: (0, 0)
  Range: [1, 1]
Time: 8.312941e-03
-
  Volume: 4
  Momentum: (0, 0)
  Range: [1, 1]
Time: 8.320093e-03
-
  Volume: 4
  Momentum: (0, 0)
  Range: [1, 1]
Time: 8.321047e-03
-
  Volume: 4
  Momentum: (0, 0)
  Range: [1, 1]
Time: 8.337021e-03
-
  Volume: 4
  Momentum: (0, 0)
  Range: [1, 1]
Time: 8.291006e-03
-
  Volume: 4
  Momentum: (0, 0)
  Range: [1, 1]
Time: 8.328199e-03
-
  Volume: 4
  Momentum: (0, 0)
  Range: [1, 1]
Time: 8.331060e-03
-
  Volume: 4
  Momentum: (0, 0)
  Range: [1, 1]
Time: 8.330107e-03
-
  Volume: 4
  Momentum: (0, 0)
  Range: [1, 1]
