-
  Volume: 4
  Momentum: (0, 0)
  Range: [1, 1]
Time: 5.019519e-01
-
  Volume: 4
  Momentum: (0, 0)
  Range: [1, 1]
Time: 4.838991e-01
-
  Volume: 4
  Momentum: (0, 0)
  Range: [1, 1]
Time: 4.455202e-01
-
  Volume: 4
  Momentum: (0, 0)
  Range: [1, 1]
Time: 4.292669e-01
-
  Volume: 4
  Momentum: (0, 0)
  Range: [1, 1]
Time: 4.235408e-01
-
  Volume: 4
  Momentum: (0, 0)
  Range: [1, 1]
Time: 4.232280e-01
-
  Volume: 4
  Momentum: (0, 0)
  Range: [1, 1]
Time: 4.296310e-01
-
  Volume: 4
  Momentum: (0, 0)
  Range: [1, 1]
Time: 4.450450e-01
-
  Volume: 4
  Momentum: (0, 0)
  Range: [1, 1]
Time: 4.447651e-01
-
  Volume: 4
  Momentum: (0, 0)
  Range: [1, 1]
Time: 4.451880e-01
-
  Volume: 4
  Momentum: (0, 0)
  Range: [1, 1]
Time: 4.448321e-01
-
  Volume: 4
  Momentum: (0, 0)
  Range: [1, 1]
Time: 4.456441e-01
-
  Volume: 4
  Momentum: (0, 0)
  Range: [1, 1]
Time: 4.456210e-01
-
  Volume: 4
  Momentum: (0, 0)
  Range: [1, 1]
Time: 4.456429e-01
-
  Volume: 4
  Momentum: (0, 0)
  Range: [1, 1]
Time: 4.453189e-01
-
  Volume: 4
  Momentum: (0, 0)
  Range: [1, 1]
Time: 4.458499e-01
-
  Volume: 4
  Momentum: (0, 0)
  Range: [1, 1]
Time: 4.447899e-01
-
  Volume: 4
  Momentum: (0, 0)
  Range: [1, 1]
Time: 4.448750e-01
-
  Volume: 4
  Momentum: (0, 0)
  Range: [1, 1]
Time: 4.453180e-01
-
  Volume: 4
  Momentum: (0, 0)
  Range: [1, 1]
Time: 4.448950e-01
-
  Volume: 4
  Momentum: (0, 0)
  Range: [1, 1]
Time: 4.457469e-01
-
  Volume: 4
  Momentum: (0, 0)
  Range: [1, 1]
Time: 4.452419e-01
-
  Volume: 4
  Momentum: (0, 0)
  Range: [1, 1]
Time: 4.454949e-01
-
  Volume: 4
  Momentum: (0, 0)
  Range: [1, 1]
Time: 4.454129e-01
-
  Volume: 4
  Momentum: (0, 0)
  Range: [1, 1]
Time: 4.465320e-01
-
  Volume: 4
  Momentum: (0, 0)
  Range: [1, 1]
Time: 4.456499e-01
-
  Volume: 4
  Momentum: (0, 0)
  Range: [1, 1]
Time: 4.457381e-01
-
  Volume: 4
  Momentum: (0, 0)
  Range: [1, 1]
Time: 4.452760e-01
-
  Volume: 4
  Momentum: (0, 0)
  Range: [1, 1]
Time: 4.454222e-01
-
  Volume: 4
  Momentum: (0, 0)
  Range: [1, 1]
Time: 4.451969e-01
-
  Volume: 4
  Momentum: (0, 0)
  Range: [1, 1]
Time: 4.450512e-01
-
  Volume: 4
  Momentum: (0, 0)
  Range: [1, 1]
Time: 4.452870e-01
-
  Volume: 4
  Momentum: (0, 0)
  Range: [1, 1]
Time: 4.445179e-01
-
  Volume: 4
  Momentum: (0, 0)
  Range: [1, 1]
Time: 4.458070e-01
-
  Volume: 4
  Momentum: (0, 0)
  Range: [1, 1]
Time: 4.454350e-01
-
  Volume: 4
  Momentum: (0, 0)
  Range: [1, 1]
Time: 4.455950e-01
-
  Volume: 4
  Momentum: (0, 0)
  Range: [1, 1]
Time: 4.449089e-01
-
  Volume: 4
  Momentum: (0, 0)
  Range: [1, 1]
Time: 4.451711e-01
-
  Volume: 4
  Momentum: (0, 0)
  Range: [1, 1]
Time: 4.447269e-01
-
  Volume: 4
  Momentum: (0, 0)
  Range: [1, 1]
Time: 4.449220e-01
-
  Volume: 4
  Momentum: (0, 0)
  Range: [1, 1]
Time: 4.448612e-01
-
  Volume: 4
  Momentum: (0, 0)
  Range: [1, 1]
Time: 4.449689e-01
-
  Volume: 4
  Momentum: (0, 0)
  Range: [1, 1]
Time: 4.447980e-01
-
  Volume: 4
  Momentum: (0, 0)
  Range: [1, 1]
Time: 4.447880e-01
-
  Volume: 4
  Momentum: (0, 0)
  Range: [1, 1]
Time: 4.453979e-01
-
  Volume: 4
  Momentum: (0, 0)
  Range: [1, 1]
Time: 4.452450e-01
-
  Volume: 4
  Momentum: (0, 0)
  Range: [1, 1]
Time: 4.459870e-01
-
  Volume: 4
  Momentum: (0, 0)
  Range: [1, 1]
Time: 4.455619e-01
-
  Volume: 4
  Momentum: (0, 0)
  Range: [1, 1]
Time: 4.458210e-01
-
  Volume: 4
  Momentum: (0, 0)
  Range: [1, 1]
Time: 4.455490e-01
-
  Volume: 4
  Momentum: (0, 0)
  Range: [1, 1]
