-
  Volume: 4
  Momentum: (0, 0)
  Range: [1, 1]
Time: 2.894497e-02
-
  Volume: 4
  Momentum: (0, 0)
  Range: [1, 1]
Time: 2.880597e-02
-
  Volume: 4
  Momentum: (0, 0)
  Range: [1, 1]
Time: 2.886200e-02
-
  Volume: 4
  Momentum: (0, 0)
  Range: [1, 1]
Time: 2.885413e-02
-
  Volume: 4
  Momentum: (0, 0)
  Range: [1, 1]
Time: 2.881312e-02
-
  Volume: 4
  Momentum: (0, 0)
  Range: [1, 1]
Time: 2.887011e-02
-
  Volume: 4
  Momentum: (0, 0)
  Range: [1, 1]
Time: 2.879310e-02
-
  Volume: 4
  Momentum: (0, 0)
  Range: [1, 1]
Time: 2.886486e-02
-
  Volume: 4
  Momentum: (0, 0)
  Range: [1, 1]
Time: 2.883101e-02
-
  Volume: 4
  Momentum: (0, 0)
  Range: [1, 1]
Time: 2.877402e-02
-
  Volume: 4
  Momentum: (0, 0)
  Range: [1, 1]
Time: 2.883387e-02
-
  Volume: 4
  Momentum: (0, 0)
  Range: [1, 1]
Time: 2.881813e-02
-
  Volume: 4
  Momentum: (0, 0)
  Range: [1, 1]
Time: 2.879691e-02
-
  Volume: 4
  Momentum: (0, 0)
  Range: [1, 1]
Time: 2.884316e-02
-
  Volume: 4
  Momentum: (0, 0)
  Range: [1, 1]
Time: 2.875495e-02
-
  Volume: 4
  Momentum: (0, 0)
  Range: [1, 1]
Time: 2.877808e-02
-
  Volume: 4
  Momentum: (0, 0)
  Range: [1, 1]
Time: 2.882409e-02
-
  Volume: 4
  Momentum: (0, 0)
  Range: [1, 1]
Time: 2.880597e-02
-
  Volume: 4
  Momentum: (0, 0)
  Range: [1, 1]
Time: 2.878499e-02
-
  Volume: 4
  Momentum: (0, 0)
  Range: [1, 1]
Time: 2.876997e-02
-
  Volume: 4
  Momentum: (0, 0)
  Range: [1, 1]
Time: 2.904797e-02
-
  Volume: 4
  Momentum: (0, 0)
  Range: [1, 1]
Time: 2.911377e-02
-
  Volume: 4
  Momentum: (0, 0)
  Range: [1, 1]
Time: 2.910995e-02
-
  Volume: 4
  Momentum: (0, 0)
  Range: [1, 1]
Time: 2.910113e-02
-
  Volume: 4
  Momentum: (0, 0)
  Range: [1, 1]
Time: 2.909088e-02
-
  Volume: 4
  Momentum: (0, 0)
  Range: [1, 1]
Time: 2.911687e-02
-
  Volume: 4
  Momentum: (0, 0)
  Range: [1, 1]
Time: 2.913499e-02
-
  Volume: 4
  Momentum: (0, 0)
  Range: [1, 1]
Time: 2.915692e-02
-
  Volume: 4
  Momentum: (0, 0)
  Range: [1, 1]
Time: 2.909684e-02
-
  Volume: 4
  Momentum: (0, 0)
  Range: [1, 1]
Time: 2.912402e-02
-
  Volume: 4
  Momentum: (0, 0)
  Range: [1, 1]
Time: 2.903104e-02
-
  Volume: 4
  Momentum: (0, 0)
  Range: [1, 1]
Time: 2.909303e-02
-
  Volume: 4
  Momentum: (0, 0)
  Range: [1, 1]
Time: 2.915192e-02
-
  Volume: 4
  Momentum: (0, 0)
  Range: [1, 1]
Time: 2.920604e-02
-
  Volume: 4
  Momentum: (0, 0)
  Range: [1, 1]
Time: 2.907705e-02
-
  Volume: 4
  Momentum: (0, 0)
  Range: [1, 1]
Time: 2.915287e-02
-
  Volume: 4
  Momentum: (0, 0)
  Range: [1, 1]
Time: 2.912879e-02
-
  Volume: 4
  Momentum: (0, 0)
  Range: [1, 1]
Time: 2.910399e-02
-
  Volume: 4
  Momentum: (0, 0)
  Range: [1, 1]
Time: 2.916312e-02
-
  Volume: 4
  Momentum: (0, 0)
  Range: [1, 1]
Time: 2.914095e-02
-
  Volume: 4
  Momentum: (0, 0)
  Range: [1, 1]
Time: 2.913594e-02
-
  Volume: 4
  Momentum: (0, 0)
  Range: [1, 1]
Time: 2.912712e-02
-
  Volume: 4
  Momentum: (0, 0)
  Range: [1, 1]
Time: 2.915406e-02
-
  Volume: 4
  Momentum: (0, 0)
  Range: [1, 1]
Time: 2.914500e-02
-
  Volume: 4
  Momentum: (0, 0)
  Range: [1, 1]
Time: 2.910209e-02
-
  Volume: 4
  Momentum: (0, 0)
  Range: [1, 1]
Time: 2.907896e-02
-
  Volume: 4
  Momentum: (0, 0)
  Range: [1, 1]
Time: 2.909803e-02
-
  Volume: 4
  Momentum: (0, 0)
  Range: [1, 1]
Time: 2.906513e-02
-
  Volume: 4
  Momentum: (0, 0)
  Range: [1, 1]
Time: 2.911782e-02
-
  Volume: 4
  Momentum: (0, 0)
  Range: [1, 1]
Time: 2.918100e-02
-
  Volume: 4
  Momentum: (0, 0)
  Range: [1, 1]
