-
  Volume: 4
  Momentum: (0, 0)
  Range: [1, 1]
Time: 1.210380e-02
-
  Volume: 4
  Momentum: (0, 0)
  Range: [1, 1]
Time: 6.690979e-03
-
  Volume: 4
  Momentum: (0, 0)
  Range: [1, 1]
Time: 6.691217e-03
-
  Volume: 4
  Momentum: (0, 0)
  Range: [1, 1]
Time: 6.690025e-03
-
  Volume: 4
  Momentum: (0, 0)
  Range: [1, 1]
Time: 6.697178e-03
-
  Volume: 4
  Momentum: (0, 0)
  Range: [1, 1]
Time: 6.694078e-03
-
  Volume: 4
  Momentum: (0, 0)
  Range: [1, 1]
Time: 8.872032e-03
-
  Volume: 4
  Momentum: (0, 0)
  Range: [1, 1]
Time: 6.720066e-03
-
  Volume: 4
  Momentum: (0, 0)
  Range: [1, 1]
Time: 6.713867e-03
-
  Volume: 4
  Momentum: (0, 0)
  Range: [1, 1]
Time: 6.716967e-03
-
  Volume: 4
  Momentum: (0, 0)
  Range: [1, 1]
Time: 6.721020e-03
-
  Volume: 4
  Momentum: (0, 0)
  Range: [1, 1]
Time: 6.717920e-03
-
  Volume: 4
  Momentum: (0, 0)
  Range: [1, 1]
Time: 6.721973e-03
-
  Volume: 4
  Momentum: (0, 0)
  Range: [1, 1]
Time: 6.724119e-03
-
  Volume: 4
  Momentum: (0, 0)
  Range: [1, 1]
Time: 6.720066e-03
-
  Volume: 4
  Momentum: (0, 0)
  Range: [1, 1]
Time: 6.712914e-03
-
  Volume: 4
  Momentum: (0, 0)
  Range: [1, 1]
Time: 6.708860e-03
-
  Volume: 4
  Momentum: (0, 0)
  Range: [1, 1]
Time: 6.711006e-03
-
  Volume: 4
  Momentum: (0, 0)
  Range: [1, 1]
Time: 6.718159e-03
-
  Volume: 4
  Momentum: (0, 0)
  Range: [1, 1]
Time: 6.727934e-03
-
  Volume: 4
  Momentum: (0, 0)
  Range: [1, 1]
Time: 6.716967e-03
-
  Volume: 4
  Momentum: (0, 0)
  Range: [1, 1]
Time: 6.725073e-03
-
  Volume: 4
  Momentum: (0, 0)
  Range: [1, 1]
Time: 6.716013e-03
-
  Volume: 4
  Momentum: (0, 0)
  Range: [1, 1]
Time: 6.718159e-03
-
  Volume: 4
  Momentum: (0, 0)
  Range: [1, 1]
Time: 6.726980e-03
-
  Volume: 4
  Momentum: (0, 0)
  Range: [1, 1]
Time: 6.714821e-03
-
  Volume: 4
  Momentum: (0, 0)
  Range: [1, 1]
Time: 6.726980e-03
-
  Volume: 4
  Momentum: (0, 0)
  Range: [1, 1]
Time: 6.713867e-03
-
  Volume: 4
  Momentum: (0, 0)
  Range: [1, 1]
Time: 6.722927e-03
-
  Volume: 4
  Momentum: (0, 0)
  Range: [1, 1]
Time: 6.730080e-03
-
  Volume: 4
  Momentum: (0, 0)
  Range: [1, 1]
Time: 6.712914e-03
-
  Volume: 4
  Momentum: (0, 0)
  Range: [1, 1]
Time: 6.723881e-03
-
  Volume: 4
  Momentum: (0, 0)
  Range: [1, 1]
Time: 6.719112e-03
-
  Volume: 4
  Momentum: (0, 0)
  Range: [1, 1]
Time: 6.860971e-03
-
  Volume: 4
  Momentum: (0, 0)
  Range: [1, 1]
Time: 6.715059e-03
-
  Volume: 4
  Momentum: (0, 0)
  Range: [1, 1]
Time: 6.711006e-03
-
  Volume: 4
  Momentum: (0, 0)
  Range: [1, 1]
Time: 6.703854e-03
-
  Volume: 4
  Momentum: (0, 0)
  Range: [1, 1]
Time: 6.703854e-03
-
  Volume: 4
  Momentum: (0, 0)
  Range: [1, 1]
Time: 6.706953e-03
-
  Volume: 4
  Momentum: (0, 0)
  Range: [1, 1]
Time: 6.705999e-03
-
  Volume: 4
  Momentum: (0, 0)
  Range: [1, 1]
Time: 6.704807e-03
-
  Volume: 4
  Momentum: (0, 0)
  Range: [1, 1]
Time: 6.711960e-03
-
  Volume: 4
  Momentum: (0, 0)
  Range: [1, 1]
Time: 6.701946e-03
-
  Volume: 4
  Momentum: (0, 0)
  Range: [1, 1]
Time: 6.707907e-03
-
  Volume: 4
  Momentum: (0, 0)
  Range: [1, 1]
Time: 6.705999e-03
-
  Volume: 4
  Momentum: (0, 0)
  Range: [1, 1]
Time: 6.711006e-03
-
  Volume: 4
  Momentum: (0, 0)
  Range: [1, 1]
Time: 6.709814e-03
-
  Volume: 4
  Momentum: (0, 0)
  Range: [1, 1]
Time: 6.716013e-03
-
  Volume: 4
  Momentum: (0, 0)
  Range: [1, 1]
Time: 6.714106e-03
-
  Volume: 4
  Momentum: (0, 0)
  Range: [1, 1]
Time: 6.722927e-03
-
  Volume: 4
  Momentum: (0, 0)
  Range: [1, 1]
