-
  Volume: 4
  Momentum: (0, 0)
  Range: [1, 1]
Time: 2.493978e-02
-
  Volume: 4
  Momentum: (0, 0)
  Range: [1, 1]
Time: 2.336097e-02
-
  Volume: 4
  Momentum: (0, 0)
  Range: [1, 1]
Time: 2.357006e-02
-
  Volume: 4
  Momentum: (0, 0)
  Range: [1, 1]
Time: 2.358413e-02
-
  Volume: 4
  Momentum: (0, 0)
  Range: [1, 1]
Time: 2.355194e-02
-
  Volume: 4
  Momentum: (0, 0)
  Range: [1, 1]
Time: 2.356195e-02
-
  Volume: 4
  Momentum: (0, 0)
  Range: [1, 1]
Time: 2.355289e-02
-
  Volume: 4
  Momentum: (0, 0)
  Range: [1, 1]
Time: 2.353811e-02
-
  Volume: 4
  Momentum: (0, 0)
  Range: [1, 1]
Time: 2.356887e-02
-
  Volume: 4
  Momentum: (0, 0)
  Range: [1, 1]
Time: 2.356505e-02
-
  Volume: 4
  Momentum: (0, 0)
  Range: [1, 1]
Time: 2.355981e-02
-
  Volume: 4
  Momentum: (0, 0)
  Range: [1, 1]
Time: 2.356911e-02
-
  Volume: 4
  Momentum: (0, 0)
  Range: [1, 1]
Time: 2.356315e-02
-
  Volume: 4
  Momentum: (0, 0)
  Range: [1, 1]
Time: 2.355790e-02
-
  Volume: 4
  Momentum: (0, 0)
  Range: [1, 1]
Time: 2.356696e-02
-
  Volume: 4
  Momentum: (0, 0)
  Range: [1, 1]
Time: 2.357793e-02
-
  Volume: 4
  Momentum: (0, 0)
  Range: [1, 1]
Time: 2.356982e-02
-
  Volume: 4
  Momentum: (0, 0)
  Range: [1, 1]
Time: 2.357817e-02
-
  Volume: 4
  Momentum: (0, 0)
  Range: [1, 1]
Time: 2.357912e-02
-
  Volume: 4
  Momentum: (0, 0)
  Range: [1, 1]
Time: 2.357101e-02
-
  Volume: 4
  Momentum: (0, 0)
  Range: [1, 1]
Time: 2.357721e-02
-
  Volume: 4
  Momentum: (0, 0)
  Range: [1, 1]
Time: 2.356505e-02
-
  Volume: 4
  Momentum: (0, 0)
  Range: [1, 1]
Time: 2.356505e-02
-
  Volume: 4
  Momentum: (0, 0)
  Range: [1, 1]
Time: 2.356696e-02
-
  Volume: 4
  Momentum: (0, 0)
  Range: [1, 1]
Time: 2.355695e-02
-
  Volume: 4
  Momentum: (0, 0)
  Range: [1, 1]
Time: 2.356195e-02
-
  Volume: 4
  Momentum: (0, 0)
  Range: [1, 1]
Time: 2.356505e-02
-
  Volume: 4
  Momentum: (0, 0)
  Range: [1, 1]
Time: 2.356195e-02
-
  Volume: 4
  Momentum: (0, 0)
  Range: [1, 1]
Time: 2.356005e-02
-
  Volume: 4
  Momentum: (0, 0)
  Range: [1, 1]
Time: 2.356601e-02
-
  Volume: 4
  Momentum: (0, 0)
  Range: [1, 1]
Time: 2.356410e-02
-
  Volume: 4
  Momentum: (0, 0)
  Range: [1, 1]
Time: 2.355385e-02
-
  Volume: 4
  Momentum: (0, 0)
  Range: [1, 1]
Time: 2.356100e-02
-
  Volume: 4
  Momentum: (0, 0)
  Range: [1, 1]
Time: 2.356791e-02
-
  Volume: 4
  Momentum: (0, 0)
  Range: [1, 1]
Time: 2.357697e-02
-
  Volume: 4
  Momentum: (0, 0)
  Range: [1, 1]
Time: 2.355504e-02
-
  Volume: 4
  Momentum: (0, 0)
  Range: [1, 1]
Time: 2.342987e-02
-
  Volume: 4
  Momentum: (0, 0)
  Range: [1, 1]
Time: 2.344012e-02
-
  Volume: 4
  Momentum: (0, 0)
  Range: [1, 1]
Time: 2.343488e-02
-
  Volume: 4
  Momentum: (0, 0)
  Range: [1, 1]
Time: 2.342916e-02
-
  Volume: 4
  Momentum: (0, 0)
  Range: [1, 1]
Time: 2.343607e-02
-
  Volume: 4
  Momentum: (0, 0)
  Range: [1, 1]
Time: 2.344990e-02
-
  Volume: 4
  Momentum: (0, 0)
  Range: [1, 1]
Time: 2.343607e-02
-
  Volume: 4
  Momentum: (0, 0)
  Range: [1, 1]
Time: 2.343202e-02
-
  Volume: 4
  Momentum: (0, 0)
  Range: [1, 1]
Time: 2.344108e-02
-
  Volume: 4
  Momentum: (0, 0)
  Range: [1, 1]
Time: 2.342510e-02
-
  Volume: 4
  Momentum: (0, 0)
  Range: [1, 1]
Time: 2.350402e-02
-
  Volume: 4
  Momentum: (0, 0)
  Range: [1, 1]
Time: 2.343988e-02
-
  Volume: 4
  Momentum: (0, 0)
  Range: [1, 1]
Time: 2.343297e-02
-
  Volume: 4
  Momentum: (0, 0)
  Range: [1, 1]
Time: 2.343011e-02
-
  Volume: 4
  Momentum: (0, 0)
  Range: [1, 1]
