-
  Volume: 4
  Momentum: (0, 0)
  Range: [1, 1]
Time: 1.357603e-02
-
  Volume: 4
  Momentum: (0, 0)
  Range: [1, 1]
Time: 8.249998e-03
-
  Volume: 4
  Momentum: (0, 0)
  Range: [1, 1]
Time: 5.244970e-03
-
  Volume: 4
  Momentum: (0, 0)
  Range: [1, 1]
Time: 4.939079e-03
-
  Volume: 4
  Momentum: (0, 0)
  Range: [1, 1]
Time: 4.942894e-03
-
  Volume: 4
  Momentum: (0, 0)
  Range: [1, 1]
Time: 4.951000e-03
-
  Volume: 4
  Momentum: (0, 0)
  Range: [1, 1]
Time: 4.936934e-03
-
  Volume: 4
  Momentum: (0, 0)
  Range: [1, 1]
Time: 4.945993e-03
-
  Volume: 4
  Momentum: (0, 0)
  Range: [1, 1]
Time: 4.945993e-03
-
  Volume: 4
  Momentum: (0, 0)
  Range: [1, 1]
Time: 4.945040e-03
-
  Volume: 4
  Momentum: (0, 0)
  Range: [1, 1]
Time: 4.943132e-03
-
  Volume: 4
  Momentum: (0, 0)
  Range: [1, 1]
Time: 4.945040e-03
-
  Volume: 4
  Momentum: (0, 0)
  Range: [1, 1]
Time: 4.948854e-03
-
  Volume: 4
  Momentum: (0, 0)
  Range: [1, 1]
Time: 4.945993e-03
-
  Volume: 4
  Momentum: (0, 0)
  Range: [1, 1]
Time: 4.945040e-03
-
  Volume: 4
  Momentum: (0, 0)
  Range: [1, 1]
Time: 4.943132e-03
-
  Volume: 4
  Momentum: (0, 0)
  Range: [1, 1]
Time: 4.948139e-03
-
  Volume: 4
  Momentum: (0, 0)
  Range: [1, 1]
Time: 4.946947e-03
-
  Volume: 4
  Momentum: (0, 0)
  Range: [1, 1]
Time: 4.940987e-03
-
  Volume: 4
  Momentum: (0, 0)
  Range: [1, 1]
Time: 4.951000e-03
-
  Volume: 4
  Momentum: (0, 0)
  Range: [1, 1]
Time: 4.940033e-03
-
  Volume: 4
  Momentum: (0, 0)
  Range: [1, 1]
Time: 4.942894e-03
-
  Volume: 4
  Momentum: (0, 0)
  Range: [1, 1]
Time: 4.945993e-03
-
  Volume: 4
  Momentum: (0, 0)
  Range: [1, 1]
Time: 4.939079e-03
-
  Volume: 4
  Momentum: (0, 0)
  Range: [1, 1]
Time: 4.943132e-03
-
  Volume: 4
  Momentum: (0, 0)
  Range: [1, 1]
Time: 4.945040e-03
-
  Volume: 4
  Momentum: (0, 0)
  Range: [1, 1]
Time: 4.941940e-03
-
  Volume: 4
  Momentum: (0, 0)
  Range: [1, 1]
Time: 4.943848e-03
-
  Volume: 4
  Momentum: (0, 0)
  Range: [1, 1]
Time: 4.942894e-03
-
  Volume: 4
  Momentum: (0, 0)
  Range: [1, 1]
Time: 4.971981e-03
-
  Volume: 4
  Momentum: (0, 0)
  Range: [1, 1]
Time: 4.966974e-03
-
  Volume: 4
  Momentum: (0, 0)
  Range: [1, 1]
Time: 4.986048e-03
-
  Volume: 4
  Momentum: (0, 0)
  Range: [1, 1]
Time: 4.975080e-03
-
  Volume: 4
  Momentum: (0, 0)
  Range: [1, 1]
Time: 4.978895e-03
-
  Volume: 4
  Momentum: (0, 0)
  Range: [1, 1]
Time: 4.976988e-03
-
  Volume: 4
  Momentum: (0, 0)
  Range: [1, 1]
Time: 4.980087e-03
-
  Volume: 4
  Momentum: (0, 0)
  Range: [1, 1]
Time: 4.981995e-03
-
  Volume: 4
  Momentum: (0, 0)
  Range: [1, 1]
Time: 4.981041e-03
-
  Volume: 4
  Momentum: (0, 0)
  Range: [1, 1]
Time: 4.991055e-03
-
  Volume: 4
  Momentum: (0, 0)
  Range: [1, 1]
Time: 4.967213e-03
-
  Volume: 4
  Momentum: (0, 0)
  Range: [1, 1]
Time: 4.967928e-03
-
  Volume: 4
  Momentum: (0, 0)
  Range: [1, 1]
Time: 4.971027e-03
-
  Volume: 4
  Momentum: (0, 0)
  Range: [1, 1]
Time: 4.987001e-03
-
  Volume: 4
  Momentum: (0, 0)
  Range: [1, 1]
Time: 4.975080e-03
-
  Volume: 4
  Momentum: (0, 0)
  Range: [1, 1]
Time: 4.969120e-03
-
  Volume: 4
  Momentum: (0, 0)
  Range: [1, 1]
Time: 4.976988e-03
-
  Volume: 4
  Momentum: (0, 0)
  Range: [1, 1]
Time: 4.967928e-03
-
  Volume: 4
  Momentum: (0, 0)
  Range: [1, 1]
Time: 4.972935e-03
-
  Volume: 4
  Momentum: (0, 0)
  Range: [1, 1]
Time: 4.966974e-03
-
  Volume: 4
  Momentum: (0, 0)
  Range: [1, 1]
Time: 4.975796e-03
-
  Volume: 4
  Momentum: (0, 0)
  Range: [1, 1]
