-
  Volume: 4
  Momentum: (0, 0)
  Range: [1, 1]
Time: 1.339793e-02
-
  Volume: 4
  Momentum: (0, 0)
  Range: [1, 1]
Time: 9.006977e-03
-
  Volume: 4
  Momentum: (0, 0)
  Range: [1, 1]
Time: 6.445169e-03
-
  Volume: 4
  Momentum: (0, 0)
  Range: [1, 1]
Time: 6.443024e-03
-
  Volume: 4
  Momentum: (0, 0)
  Range: [1, 1]
Time: 6.444931e-03
-
  Volume: 4
  Momentum: (0, 0)
  Range: [1, 1]
Time: 6.451845e-03
-
  Volume: 4
  Momentum: (0, 0)
  Range: [1, 1]
Time: 6.441832e-03
-
  Volume: 4
  Momentum: (0, 0)
  Range: [1, 1]
Time: 6.446838e-03
-
  Volume: 4
  Momentum: (0, 0)
  Range: [1, 1]
Time: 6.448030e-03
-
  Volume: 4
  Momentum: (0, 0)
  Range: [1, 1]
Time: 6.444931e-03
-
  Volume: 4
  Momentum: (0, 0)
  Range: [1, 1]
Time: 6.448030e-03
-
  Volume: 4
  Momentum: (0, 0)
  Range: [1, 1]
Time: 6.446838e-03
-
  Volume: 4
  Momentum: (0, 0)
  Range: [1, 1]
Time: 6.443977e-03
-
  Volume: 4
  Momentum: (0, 0)
  Range: [1, 1]
Time: 6.446838e-03
-
  Volume: 4
  Momentum: (0, 0)
  Range: [1, 1]
Time: 6.446123e-03
-
  Volume: 4
  Momentum: (0, 0)
  Range: [1, 1]
Time: 6.440878e-03
-
  Volume: 4
  Momentum: (0, 0)
  Range: [1, 1]
Time: 6.453037e-03
-
  Volume: 4
  Momentum: (0, 0)
  Range: [1, 1]
Time: 6.443977e-03
-
  Volume: 4
  Momentum: (0, 0)
  Range: [1, 1]
Time: 6.444931e-03
-
  Volume: 4
  Momentum: (0, 0)
  Range: [1, 1]
Time: 6.448030e-03
-
  Volume: 4
  Momentum: (0, 0)
  Range: [1, 1]
Time: 6.445885e-03
-
  Volume: 4
  Momentum: (0, 0)
  Range: [1, 1]
Time: 6.444931e-03
-
  Volume: 4
  Momentum: (0, 0)
  Range: [1, 1]
Time: 6.449938e-03
-
  Volume: 4
  Momentum: (0, 0)
  Range: [1, 1]
Time: 6.442070e-03
-
  Volume: 4
  Momentum: (0, 0)
  Range: [1, 1]
Time: 6.443977e-03
-
  Volume: 4
  Momentum: (0, 0)
  Range: [1, 1]
Time: 6.443024e-03
-
  Volume: 4
  Momentum: (0, 0)
  Range: [1, 1]
Time: 6.447077e-03
-
  Volume: 4
  Momentum: (0, 0)
  Range: [1, 1]
Time: 6.449938e-03
-
  Volume: 4
  Momentum: (0, 0)
  Range: [1, 1]
Time: 6.443024e-03
-
  Volume: 4
  Momentum: (0, 0)
  Range: [1, 1]
Time: 6.443024e-03
-
  Volume: 4
  Momentum: (0, 0)
  Range: [1, 1]
Time: 6.440878e-03
-
  Volume: 4
  Momentum: (0, 0)
  Range: [1, 1]
Time: 6.441116e-03
-
  Volume: 4
  Momentum: (0, 0)
  Range: [1, 1]
Time: 6.446123e-03
-
  Volume: 4
  Momentum: (0, 0)
  Range: [1, 1]
Time: 6.448984e-03
-
  Volume: 4
  Momentum: (0, 0)
  Range: [1, 1]
Time: 6.435871e-03
-
  Volume: 4
  Momentum: (0, 0)
  Range: [1, 1]
Time: 6.446123e-03
-
  Volume: 4
  Momentum: (0, 0)
  Range: [1, 1]
Time: 6.443024e-03
-
  Volume: 4
  Momentum: (0, 0)
  Range: [1, 1]
Time: 6.441116e-03
-
  Volume: 4
  Momentum: (0, 0)
  Range: [1, 1]
Time: 6.439924e-03
-
  Volume: 4
  Momentum: (0, 0)
  Range: [1, 1]
Time: 6.438971e-03
-
  Volume: 4
  Momentum: (0, 0)
  Range: [1, 1]
Time: 6.447792e-03
-
  Volume: 4
  Momentum: (0, 0)
  Range: [1, 1]
Time: 6.456852e-03
-
  Volume: 4
  Momentum: (0, 0)
  Range: [1, 1]
Time: 6.434917e-03
-
  Volume: 4
  Momentum: (0, 0)
  Range: [1, 1]
Time: 6.437063e-03
-
  Volume: 4
  Momentum: (0, 0)
  Range: [1, 1]
Time: 6.438017e-03
-
  Volume: 4
  Momentum: (0, 0)
  Range: [1, 1]
Time: 6.438971e-03
-
  Volume: 4
  Momentum: (0, 0)
  Range: [1, 1]
Time: 6.442070e-03
-
  Volume: 4
  Momentum: (0, 0)
  Range: [1, 1]
Time: 6.435871e-03
-
  Volume: 4
  Momentum: (0, 0)
  Range: [1, 1]
Time: 6.442070e-03
-
  Volume: 4
  Momentum: (0, 0)
  Range: [1, 1]
Time: 6.441116e-03
-
  Volume: 4
  Momentum: (0, 0)
  Range: [1, 1]
