-
  Volume: 4
  Momentum: (0, 0)
  Range: [1, 1]
Time: 9.950590e-02
-
  Volume: 4
  Momentum: (0, 0)
  Range: [1, 1]
Time: 9.731603e-02
-
  Volume: 4
  Momentum: (0, 0)
  Range: [1, 1]
Time: 9.738183e-02
-
  Volume: 4
  Momentum: (0, 0)
  Range: [1, 1]
Time: 9.738898e-02
-
  Volume: 4
  Momentum: (0, 0)
  Range: [1, 1]
Time: 7.034516e-02
-
  Volume: 4
  Momentum: (0, 0)
  Range: [1, 1]
Time: 5.859017e-02
-
  Volume: 4
  Momentum: (0, 0)
  Range: [1, 1]
Time: 5.856991e-02
-
  Volume: 4
  Momentum: (0, 0)
  Range: [1, 1]
Time: 5.858302e-02
-
  Volume: 4
  Momentum: (0, 0)
  Range: [1, 1]
Time: 5.856299e-02
-
  Volume: 4
  Momentum: (0, 0)
  Range: [1, 1]
Time: 5.857491e-02
-
  Volume: 4
  Momentum: (0, 0)
  Range: [1, 1]
Time: 5.858707e-02
-
  Volume: 4
  Momentum: (0, 0)
  Range: [1, 1]
Time: 5.854392e-02
-
  Volume: 4
  Momentum: (0, 0)
  Range: [1, 1]
Time: 5.864120e-02
-
  Volume: 4
  Momentum: (0, 0)
  Range: [1, 1]
Time: 5.856204e-02
-
  Volume: 4
  Momentum: (0, 0)
  Range: [1, 1]
Time: 5.856085e-02
-
  Volume: 4
  Momentum: (0, 0)
  Range: [1, 1]
Time: 5.859184e-02
-
  Volume: 4
  Momentum: (0, 0)
  Range: [1, 1]
Time: 5.856109e-02
-
  Volume: 4
  Momentum: (0, 0)
  Range: [1, 1]
Time: 5.852318e-02
-
  Volume: 4
  Momentum: (0, 0)
  Range: [1, 1]
Time: 5.868697e-02
-
  Volume: 4
  Momentum: (0, 0)
  Range: [1, 1]
Time: 5.857801e-02
-
  Volume: 4
  Momentum: (0, 0)
  Range: [1, 1]
Time: 5.856085e-02
-
  Volume: 4
  Momentum: (0, 0)
  Range: [1, 1]
Time: 5.857801e-02
-
  Volume: 4
  Momentum: (0, 0)
  Range: [1, 1]
Time: 5.856681e-02
-
  Volume: 4
  Momentum: (0, 0)
  Range: [1, 1]
Time: 5.852199e-02
-
  Volume: 4
  Momentum: (0, 0)
  Range: [1, 1]
Time: 5.856705e-02
-
  Volume: 4
  Momentum: (0, 0)
  Range: [1, 1]
Time: 5.858111e-02
-
  Volume: 4
  Momentum: (0, 0)
  Range: [1, 1]
Time: 5.857205e-02
-
  Volume: 4
  Momentum: (0, 0)
  Range: [1, 1]
Time: 5.856991e-02
-
  Volume: 4
  Momentum: (0, 0)
  Range: [1, 1]
Time: 5.859900e-02
-
  Volume: 4
  Momentum: (0, 0)
  Range: [1, 1]
Time: 5.857086e-02
-
  Volume: 4
  Momentum: (0, 0)
  Range: [1, 1]
Time: 5.857801e-02
-
  Volume: 4
  Momentum: (0, 0)
  Range: [1, 1]
Time: 5.857301e-02
-
  Volume: 4
  Momentum: (0, 0)
  Range: [1, 1]
Time: 5.859113e-02
-
  Volume: 4
  Momentum: (0, 0)
  Range: [1, 1]
Time: 5.856490e-02
-
  Volume: 4
  Momentum: (0, 0)
  Range: [1, 1]
Time: 5.856609e-02
-
  Volume: 4
  Momentum: (0, 0)
  Range: [1, 1]
Time: 5.867100e-02
-
  Volume: 4
  Momentum: (0, 0)
  Range: [1, 1]
Time: 5.878305e-02
-
  Volume: 4
  Momentum: (0, 0)
  Range: [1, 1]
Time: 5.859303e-02
-
  Volume: 4
  Momentum: (0, 0)
  Range: [1, 1]
Time: 5.857682e-02
-
  Volume: 4
  Momentum: (0, 0)
  Range: [1, 1]
Time: 5.859995e-02
-
  Volume: 4
  Momentum: (0, 0)
  Range: [1, 1]
Time: 5.881095e-02
-
  Volume: 4
  Momentum: (0, 0)
  Range: [1, 1]
Time: 5.855799e-02
-
  Volume: 4
  Momentum: (0, 0)
  Range: [1, 1]
Time: 5.863500e-02
-
  Volume: 4
  Momentum: (0, 0)
  Range: [1, 1]
Time: 5.853915e-02
-
  Volume: 4
  Momentum: (0, 0)
  Range: [1, 1]
Time: 5.863810e-02
-
  Volume: 4
  Momentum: (0, 0)
  Range: [1, 1]
Time: 5.877614e-02
-
  Volume: 4
  Momentum: (0, 0)
  Range: [1, 1]
Time: 5.856204e-02
-
  Volume: 4
  Momentum: (0, 0)
  Range: [1, 1]
Time: 5.857015e-02
-
  Volume: 4
  Momentum: (0, 0)
  Range: [1, 1]
Time: 5.852914e-02
-
  Volume: 4
  Momentum: (0, 0)
  Range: [1, 1]
Time: 5.869389e-02
-
  Volume: 4
  Momentum: (0, 0)
  Range: [1, 1]
