-
  Volume: 4
  Momentum: (0, 0)
  Range: [1, 1]
Time: 1.063058e-01
-
  Volume: 4
  Momentum: (0, 0)
  Range: [1, 1]
Time: 1.002769e-01
-
  Volume: 4
  Momentum: (0, 0)
  Range: [1, 1]
Time: 1.000631e-01
-
  Volume: 4
  Momentum: (0, 0)
  Range: [1, 1]
Time: 9.986401e-02
-
  Volume: 4
  Momentum: (0, 0)
  Range: [1, 1]
Time: 9.994078e-02
-
  Volume: 4
  Momentum: (0, 0)
  Range: [1, 1]
Time: 1.000121e-01
-
  Volume: 4
  Momentum: (0, 0)
  Range: [1, 1]
Time: 1.001129e-01
-
  Volume: 4
  Momentum: (0, 0)
  Range: [1, 1]
Time: 9.997797e-02
-
  Volume: 4
  Momentum: (0, 0)
  Range: [1, 1]
Time: 9.990311e-02
-
  Volume: 4
  Momentum: (0, 0)
  Range: [1, 1]
Time: 9.988880e-02
-
  Volume: 4
  Momentum: (0, 0)
  Range: [1, 1]
Time: 9.999609e-02
-
  Volume: 4
  Momentum: (0, 0)
  Range: [1, 1]
Time: 9.998703e-02
-
  Volume: 4
  Momentum: (0, 0)
  Range: [1, 1]
Time: 9.991121e-02
-
  Volume: 4
  Momentum: (0, 0)
  Range: [1, 1]
Time: 9.991288e-02
-
  Volume: 4
  Momentum: (0, 0)
  Range: [1, 1]
Time: 9.391212e-02
-
  Volume: 4
  Momentum: (0, 0)
  Range: [1, 1]
Time: 8.626699e-02
-
  Volume: 4
  Momentum: (0, 0)
  Range: [1, 1]
Time: 8.774710e-02
-
  Volume: 4
  Momentum: (0, 0)
  Range: [1, 1]
Time: 8.766484e-02
-
  Volume: 4
  Momentum: (0, 0)
  Range: [1, 1]
Time: 8.761811e-02
-
  Volume: 4
  Momentum: (0, 0)
  Range: [1, 1]
Time: 8.763814e-02
-
  Volume: 4
  Momentum: (0, 0)
  Range: [1, 1]
Time: 8.762503e-02
-
  Volume: 4
  Momentum: (0, 0)
  Range: [1, 1]
Time: 8.762097e-02
-
  Volume: 4
  Momentum: (0, 0)
  Range: [1, 1]
Time: 8.762789e-02
-
  Volume: 4
  Momentum: (0, 0)
  Range: [1, 1]
Time: 8.664799e-02
-
  Volume: 4
  Momentum: (0, 0)
  Range: [1, 1]
Time: 8.693695e-02
-
  Volume: 4
  Momentum: (0, 0)
  Range: [1, 1]
Time: 8.701491e-02
-
  Volume: 4
  Momentum: (0, 0)
  Range: [1, 1]
Time: 8.709908e-02
-
  Volume: 4
  Momentum: (0, 0)
  Range: [1, 1]
Time: 8.744001e-02
-
  Volume: 4
  Momentum: (0, 0)
  Range: [1, 1]
Time: 8.648086e-02
-
  Volume: 4
  Momentum: (0, 0)
  Range: [1, 1]
Time: 8.668900e-02
-
  Volume: 4
  Momentum: (0, 0)
  Range: [1, 1]
Time: 8.699799e-02
-
  Volume: 4
  Momentum: (0, 0)
  Range: [1, 1]
Time: 8.760786e-02
-
  Volume: 4
  Momentum: (0, 0)
  Range: [1, 1]
Time: 8.763194e-02
-
  Volume: 4
  Momentum: (0, 0)
  Range: [1, 1]
Time: 8.763695e-02
-
  Volume: 4
  Momentum: (0, 0)
  Range: [1, 1]
Time: 8.762407e-02
-
  Volume: 4
  Momentum: (0, 0)
  Range: [1, 1]
Time: 8.763504e-02
-
  Volume: 4
  Momentum: (0, 0)
  Range: [1, 1]
Time: 8.763909e-02
-
  Volume: 4
  Momentum: (0, 0)
  Range: [1, 1]
Time: 8.780599e-02
-
  Volume: 4
  Momentum: (0, 0)
  Range: [1, 1]
Time: 8.764791e-02
-
  Volume: 4
  Momentum: (0, 0)
  Range: [1, 1]
Time: 8.763909e-02
-
  Volume: 4
  Momentum: (0, 0)
  Range: [1, 1]
Time: 8.763313e-02
-
  Volume: 4
  Momentum: (0, 0)
  Range: [1, 1]
Time: 8.763814e-02
-
  Volume: 4
  Momentum: (0, 0)
  Range: [1, 1]
Time: 8.762503e-02
-
  Volume: 4
  Momentum: (0, 0)
  Range: [1, 1]
Time: 8.761215e-02
-
  Volume: 4
  Momentum: (0, 0)
  Range: [1, 1]
Time: 8.764005e-02
-
  Volume: 4
  Momentum: (0, 0)
  Range: [1, 1]
Time: 8.763289e-02
-
  Volume: 4
  Momentum: (0, 0)
  Range: [1, 1]
Time: 8.767104e-02
-
  Volume: 4
  Momentum: (0, 0)
  Range: [1, 1]
Time: 8.783317e-02
-
  Volume: 4
  Momentum: (0, 0)
  Range: [1, 1]
Time: 8.765507e-02
-
  Volume: 4
  Momentum: (0, 0)
  Range: [1, 1]
Time: 8.762002e-02
-
  Volume: 4
  Momentum: (0, 0)
  Range: [1, 1]
