-
  Volume: 4
  Momentum: (0, 0)
  Range: [1, 1]
Time: 5.171895e-02
-
  Volume: 4
  Momentum: (0, 0)
  Range: [1, 1]
Time: 4.967785e-02
-
  Volume: 4
  Momentum: (0, 0)
  Range: [1, 1]
Time: 4.961801e-02
-
  Volume: 4
  Momentum: (0, 0)
  Range: [1, 1]
Time: 4.935694e-02
-
  Volume: 4
  Momentum: (0, 0)
  Range: [1, 1]
Time: 4.937410e-02
-
  Volume: 4
  Momentum: (0, 0)
  Range: [1, 1]
Time: 4.944491e-02
-
  Volume: 4
  Momentum: (0, 0)
  Range: [1, 1]
Time: 4.936194e-02
-
  Volume: 4
  Momentum: (0, 0)
  Range: [1, 1]
Time: 4.937482e-02
-
  Volume: 4
  Momentum: (0, 0)
  Range: [1, 1]
Time: 4.938602e-02
-
  Volume: 4
  Momentum: (0, 0)
  Range: [1, 1]
Time: 4.936910e-02
-
  Volume: 4
  Momentum: (0, 0)
  Range: [1, 1]
Time: 4.936504e-02
-
  Volume: 4
  Momentum: (0, 0)
  Range: [1, 1]
Time: 4.936600e-02
-
  Volume: 4
  Momentum: (0, 0)
  Range: [1, 1]
Time: 4.937911e-02
-
  Volume: 4
  Momentum: (0, 0)
  Range: [1, 1]
Time: 4.938006e-02
-
  Volume: 4
  Momentum: (0, 0)
  Range: [1, 1]
Time: 4.938197e-02
-
  Volume: 4
  Momentum: (0, 0)
  Range: [1, 1]
Time: 4.937792e-02
-
  Volume: 4
  Momentum: (0, 0)
  Range: [1, 1]
Time: 4.938579e-02
-
  Volume: 4
  Momentum: (0, 0)
  Range: [1, 1]
Time: 4.937696e-02
-
  Volume: 4
  Momentum: (0, 0)
  Range: [1, 1]
Time: 4.936504e-02
-
  Volume: 4
  Momentum: (0, 0)
  Range: [1, 1]
Time: 4.937506e-02
-
  Volume: 4
  Momentum: (0, 0)
  Range: [1, 1]
Time: 4.937410e-02
-
  Volume: 4
  Momentum: (0, 0)
  Range: [1, 1]
Time: 4.936385e-02
-
  Volume: 4
  Momentum: (0, 0)
  Range: [1, 1]
Time: 4.925489e-02
-
  Volume: 4
  Momentum: (0, 0)
  Range: [1, 1]
Time: 4.924393e-02
-
  Volume: 4
  Momentum: (0, 0)
  Range: [1, 1]
Time: 4.924011e-02
-
  Volume: 4
  Momentum: (0, 0)
  Range: [1, 1]
Time: 4.924893e-02
-
  Volume: 4
  Momentum: (0, 0)
  Range: [1, 1]
Time: 4.924417e-02
-
  Volume: 4
  Momentum: (0, 0)
  Range: [1, 1]
Time: 4.923797e-02
-
  Volume: 4
  Momentum: (0, 0)
  Range: [1, 1]
Time: 4.924011e-02
-
  Volume: 4
  Momentum: (0, 0)
  Range: [1, 1]
Time: 4.923701e-02
-
  Volume: 4
  Momentum: (0, 0)
  Range: [1, 1]
Time: 4.924488e-02
-
  Volume: 4
  Momentum: (0, 0)
  Range: [1, 1]
Time: 4.923987e-02
-
  Volume: 4
  Momentum: (0, 0)
  Range: [1, 1]
Time: 4.924393e-02
-
  Volume: 4
  Momentum: (0, 0)
  Range: [1, 1]
Time: 4.924703e-02
-
  Volume: 4
  Momentum: (0, 0)
  Range: [1, 1]
Time: 4.923892e-02
-
  Volume: 4
  Momentum: (0, 0)
  Range: [1, 1]
Time: 4.924202e-02
-
  Volume: 4
  Momentum: (0, 0)
  Range: [1, 1]
Time: 4.923701e-02
-
  Volume: 4
  Momentum: (0, 0)
  Range: [1, 1]
Time: 4.924202e-02
-
  Volume: 4
  Momentum: (0, 0)
  Range: [1, 1]
Time: 4.923701e-02
-
  Volume: 4
  Momentum: (0, 0)
  Range: [1, 1]
Time: 4.923797e-02
-
  Volume: 4
  Momentum: (0, 0)
  Range: [1, 1]
Time: 4.924703e-02
-
  Volume: 4
  Momentum: (0, 0)
  Range: [1, 1]
Time: 4.925990e-02
-
  Volume: 4
  Momentum: (0, 0)
  Range: [1, 1]
Time: 4.924798e-02
-
  Volume: 4
  Momentum: (0, 0)
  Range: [1, 1]
Time: 4.930401e-02
-
  Volume: 4
  Momentum: (0, 0)
  Range: [1, 1]
Time: 4.922986e-02
-
  Volume: 4
  Momentum: (0, 0)
  Range: [1, 1]
Time: 4.923987e-02
-
  Volume: 4
  Momentum: (0, 0)
  Range: [1, 1]
Time: 4.923511e-02
-
  Volume: 4
  Momentum: (0, 0)
  Range: [1, 1]
Time: 4.924297e-02
-
  Volume: 4
  Momentum: (0, 0)
  Range: [1, 1]
Time: 4.923081e-02
-
  Volume: 4
  Momentum: (0, 0)
  Range: [1, 1]
Time: 4.923987e-02
-
  Volume: 4
  Momentum: (0, 0)
  Range: [1, 1]
