-
  Volume: 4
  Momentum: (0, 0)
  Range: [1, 1]
Time: 6.746032e-01
-
  Volume: 4
  Momentum: (0, 0)
  Range: [1, 1]
Time: 6.875622e-01
-
  Volume: 4
  Momentum: (0, 0)
  Range: [1, 1]
Time: 6.877570e-01
-
  Volume: 4
  Momentum: (0, 0)
  Range: [1, 1]
Time: 6.878960e-01
-
  Volume: 4
  Momentum: (0, 0)
  Range: [1, 1]
Time: 6.895180e-01
-
  Volume: 4
  Momentum: (0, 0)
  Range: [1, 1]
Time: 6.894710e-01
-
  Volume: 4
  Momentum: (0, 0)
  Range: [1, 1]
Time: 6.881049e-01
-
  Volume: 4
  Momentum: (0, 0)
  Range: [1, 1]
Time: 6.885571e-01
-
  Volume: 4
  Momentum: (0, 0)
  Range: [1, 1]
Time: 6.885889e-01
-
  Volume: 4
  Momentum: (0, 0)
  Range: [1, 1]
Time: 6.878231e-01
-
  Volume: 4
  Momentum: (0, 0)
  Range: [1, 1]
Time: 6.871550e-01
-
  Volume: 4
  Momentum: (0, 0)
  Range: [1, 1]
Time: 6.871471e-01
-
  Volume: 4
  Momentum: (0, 0)
  Range: [1, 1]
Time: 6.873472e-01
-
  Volume: 4
  Momentum: (0, 0)
  Range: [1, 1]
Time: 6.881530e-01
-
  Volume: 4
  Momentum: (0, 0)
  Range: [1, 1]
Time: 6.886449e-01
-
  Volume: 4
  Momentum: (0, 0)
  Range: [1, 1]
Time: 6.891220e-01
-
  Volume: 4
  Momentum: (0, 0)
  Range: [1, 1]
Time: 6.886902e-01
-
  Volume: 4
  Momentum: (0, 0)
  Range: [1, 1]
Time: 6.876671e-01
-
  Volume: 4
  Momentum: (0, 0)
  Range: [1, 1]
Time: 6.879809e-01
-
  Volume: 4
  Momentum: (0, 0)
  Range: [1, 1]
Time: 6.878219e-01
-
  Volume: 4
  Momentum: (0, 0)
  Range: [1, 1]
Time: 6.871810e-01
-
  Volume: 4
  Momentum: (0, 0)
  Range: [1, 1]
Time: 6.865211e-01
-
  Volume: 4
  Momentum: (0, 0)
  Range: [1, 1]
Time: 6.874120e-01
-
  Volume: 4
  Momentum: (0, 0)
  Range: [1, 1]
Time: 6.868999e-01
-
  Volume: 4
  Momentum: (0, 0)
  Range: [1, 1]
Time: 6.880140e-01
-
  Volume: 4
  Momentum: (0, 0)
  Range: [1, 1]
Time: 6.886308e-01
-
  Volume: 4
  Momentum: (0, 0)
  Range: [1, 1]
Time: 6.868291e-01
-
  Volume: 4
  Momentum: (0, 0)
  Range: [1, 1]
Time: 6.862831e-01
-
  Volume: 4
  Momentum: (0, 0)
  Range: [1, 1]
Time: 6.872070e-01
-
  Volume: 4
  Momentum: (0, 0)
  Range: [1, 1]
Time: 6.867189e-01
-
  Volume: 4
  Momentum: (0, 0)
  Range: [1, 1]
Time: 6.871560e-01
-
  Volume: 4
  Momentum: (0, 0)
  Range: [1, 1]
Time: 6.890440e-01
-
  Volume: 4
  Momentum: (0, 0)
  Range: [1, 1]
Time: 6.890731e-01
-
  Volume: 4
  Momentum: (0, 0)
  Range: [1, 1]
Time: 6.881831e-01
-
  Volume: 4
  Momentum: (0, 0)
  Range: [1, 1]
Time: 6.880372e-01
-
  Volume: 4
  Momentum: (0, 0)
  Range: [1, 1]
Time: 6.860170e-01
-
  Volume: 4
  Momentum: (0, 0)
  Range: [1, 1]
Time: 6.879201e-01
-
  Volume: 4
  Momentum: (0, 0)
  Range: [1, 1]
Time: 6.885319e-01
-
  Volume: 4
  Momentum: (0, 0)
  Range: [1, 1]
Time: 6.876850e-01
-
  Volume: 4
  Momentum: (0, 0)
  Range: [1, 1]
Time: 6.930962e-01
-
  Volume: 4
  Momentum: (0, 0)
  Range: [1, 1]
Time: 6.890068e-01
-
  Volume: 4
  Momentum: (0, 0)
  Range: [1, 1]
Time: 6.873069e-01
-
  Volume: 4
  Momentum: (0, 0)
  Range: [1, 1]
Time: 6.870449e-01
-
  Volume: 4
  Momentum: (0, 0)
  Range: [1, 1]
Time: 6.879780e-01
-
  Volume: 4
  Momentum: (0, 0)
  Range: [1, 1]
Time: 6.871891e-01
-
  Volume: 4
  Momentum: (0, 0)
  Range: [1, 1]
Time: 6.944139e-01
-
  Volume: 4
  Momentum: (0, 0)
  Range: [1, 1]
Time: 6.960011e-01
-
  Volume: 4
  Momentum: (0, 0)
  Range: [1, 1]
Time: 6.868501e-01
-
  Volume: 4
  Momentum: (0, 0)
  Range: [1, 1]
Time: 6.861269e-01
-
  Volume: 4
  Momentum: (0, 0)
  Range: [1, 1]
Time: 6.859231e-01
-
  Volume: 4
  Momentum: (0, 0)
  Range: [1, 1]
