-
  Volume: 4
  Momentum: (0, 0)
  Range: [1, 1]
Time: 1.047587e-02
-
  Volume: 4
  Momentum: (0, 0)
  Range: [1, 1]
Time: 8.713961e-03
-
  Volume: 4
  Momentum: (0, 0)
  Range: [1, 1]
Time: 8.682966e-03
-
  Volume: 4
  Momentum: (0, 0)
  Range: [1, 1]
Time: 8.691788e-03
-
  Volume: 4
  Momentum: (0, 0)
  Range: [1, 1]
Time: 8.677006e-03
-
  Volume: 4
  Momentum: (0, 0)
  Range: [1, 1]
Time: 8.679152e-03
-
  Volume: 4
  Momentum: (0, 0)
  Range: [1, 1]
Time: 8.672953e-03
-
  Volume: 4
  Momentum: (0, 0)
  Range: [1, 1]
Time: 8.677959e-03
-
  Volume: 4
  Momentum: (0, 0)
  Range: [1, 1]
Time: 8.684158e-03
-
  Volume: 4
  Momentum: (0, 0)
  Range: [1, 1]
Time: 8.678913e-03
-
  Volume: 4
  Momentum: (0, 0)
  Range: [1, 1]
Time: 8.677006e-03
-
  Volume: 4
  Momentum: (0, 0)
  Range: [1, 1]
Time: 8.675098e-03
-
  Volume: 4
  Momentum: (0, 0)
  Range: [1, 1]
Time: 8.677959e-03
-
  Volume: 4
  Momentum: (0, 0)
  Range: [1, 1]
Time: 8.678198e-03
-
  Volume: 4
  Momentum: (0, 0)
  Range: [1, 1]
Time: 8.684158e-03
-
  Volume: 4
  Momentum: (0, 0)
  Range: [1, 1]
Time: 8.681059e-03
-
  Volume: 4
  Momentum: (0, 0)
  Range: [1, 1]
Time: 8.685112e-03
-
  Volume: 4
  Momentum: (0, 0)
  Range: [1, 1]
Time: 8.679152e-03
-
  Volume: 4
  Momentum: (0, 0)
  Range: [1, 1]
Time: 8.675098e-03
-
  Volume: 4
  Momentum: (0, 0)
  Range: [1, 1]
Time: 8.676052e-03
-
  Volume: 4
  Momentum: (0, 0)
  Range: [1, 1]
Time: 8.708000e-03
-
  Volume: 4
  Momentum: (0, 0)
  Range: [1, 1]
Time: 8.687019e-03
-
  Volume: 4
  Momentum: (0, 0)
  Range: [1, 1]
Time: 8.686066e-03
-
  Volume: 4
  Momentum: (0, 0)
  Range: [1, 1]
Time: 8.690119e-03
-
  Volume: 4
  Momentum: (0, 0)
  Range: [1, 1]
Time: 8.692026e-03
-
  Volume: 4
  Momentum: (0, 0)
  Range: [1, 1]
Time: 8.684874e-03
-
  Volume: 4
  Momentum: (0, 0)
  Range: [1, 1]
Time: 8.693933e-03
-
  Volume: 4
  Momentum: (0, 0)
  Range: [1, 1]
Time: 8.690834e-03
-
  Volume: 4
  Momentum: (0, 0)
  Range: [1, 1]
Time: 8.677959e-03
-
  Volume: 4
  Momentum: (0, 0)
  Range: [1, 1]
Time: 8.670092e-03
-
  Volume: 4
  Momentum: (0, 0)
  Range: [1, 1]
Time: 8.671999e-03
-
  Volume: 4
  Momentum: (0, 0)
  Range: [1, 1]
Time: 8.669853e-03
-
  Volume: 4
  Momentum: (0, 0)
  Range: [1, 1]
Time: 8.665085e-03
-
  Volume: 4
  Momentum: (0, 0)
  Range: [1, 1]
Time: 8.670092e-03
-
  Volume: 4
  Momentum: (0, 0)
  Range: [1, 1]
Time: 8.671045e-03
-
  Volume: 4
  Momentum: (0, 0)
  Range: [1, 1]
Time: 8.671045e-03
-
  Volume: 4
  Momentum: (0, 0)
  Range: [1, 1]
Time: 8.671045e-03
-
  Volume: 4
  Momentum: (0, 0)
  Range: [1, 1]
Time: 8.666039e-03
-
  Volume: 4
  Momentum: (0, 0)
  Range: [1, 1]
Time: 8.672953e-03
-
  Volume: 4
  Momentum: (0, 0)
  Range: [1, 1]
Time: 8.666992e-03
-
  Volume: 4
  Momentum: (0, 0)
  Range: [1, 1]
Time: 8.697987e-03
-
  Volume: 4
  Momentum: (0, 0)
  Range: [1, 1]
Time: 8.671999e-03
-
  Volume: 4
  Momentum: (0, 0)
  Range: [1, 1]
Time: 8.668900e-03
-
  Volume: 4
  Momentum: (0, 0)
  Range: [1, 1]
Time: 8.664846e-03
-
  Volume: 4
  Momentum: (0, 0)
  Range: [1, 1]
Time: 8.665085e-03
-
  Volume: 4
  Momentum: (0, 0)
  Range: [1, 1]
Time: 8.670092e-03
-
  Volume: 4
  Momentum: (0, 0)
  Range: [1, 1]
Time: 8.665085e-03
-
  Volume: 4
  Momentum: (0, 0)
  Range: [1, 1]
Time: 8.668184e-03
-
  Volume: 4
  Momentum: (0, 0)
  Range: [1, 1]
Time: 8.667946e-03
-
  Volume: 4
  Momentum: (0, 0)
  Range: [1, 1]
Time: 8.674145e-03
-
  Volume: 4
  Momentum: (0, 0)
  Range: [1, 1]
