-
  Volume: 4
  Momentum: (0, 0)
  Range: [1, 1]
Time: 9.041071e-03
-
  Volume: 4
  Momentum: (0, 0)
  Range: [1, 1]
Time: 5.697012e-03
-
  Volume: 4
  Momentum: (0, 0)
  Range: [1, 1]
Time: 5.686045e-03
-
  Volume: 4
  Momentum: (0, 0)
  Range: [1, 1]
Time: 5.663872e-03
-
  Volume: 4
  Momentum: (0, 0)
  Range: [1, 1]
Time: 5.698919e-03
-
  Volume: 4
  Momentum: (0, 0)
  Range: [1, 1]
Time: 5.695105e-03
-
  Volume: 4
  Momentum: (0, 0)
  Range: [1, 1]
Time: 5.697012e-03
-
  Volume: 4
  Momentum: (0, 0)
  Range: [1, 1]
Time: 5.681038e-03
-
  Volume: 4
  Momentum: (0, 0)
  Range: [1, 1]
Time: 5.700827e-03
-
  Volume: 4
  Momentum: (0, 0)
  Range: [1, 1]
Time: 5.698919e-03
-
  Volume: 4
  Momentum: (0, 0)
  Range: [1, 1]
Time: 5.653143e-03
-
  Volume: 4
  Momentum: (0, 0)
  Range: [1, 1]
Time: 5.685091e-03
-
  Volume: 4
  Momentum: (0, 0)
  Range: [1, 1]
Time: 5.676985e-03
-
  Volume: 4
  Momentum: (0, 0)
  Range: [1, 1]
Time: 5.683899e-03
-
  Volume: 4
  Momentum: (0, 0)
  Range: [1, 1]
Time: 5.706072e-03
-
  Volume: 4
  Momentum: (0, 0)
  Range: [1, 1]
Time: 5.679131e-03
-
  Volume: 4
  Momentum: (0, 0)
  Range: [1, 1]
Time: 5.690098e-03
-
  Volume: 4
  Momentum: (0, 0)
  Range: [1, 1]
Time: 5.702972e-03
-
  Volume: 4
  Momentum: (0, 0)
  Range: [1, 1]
Time: 5.671978e-03
-
  Volume: 4
  Momentum: (0, 0)
  Range: [1, 1]
Time: 5.681038e-03
-
  Volume: 4
  Momentum: (0, 0)
  Range: [1, 1]
Time: 5.661011e-03
-
  Volume: 4
  Momentum: (0, 0)
  Range: [1, 1]
Time: 5.692005e-03
-
  Volume: 4
  Momentum: (0, 0)
  Range: [1, 1]
Time: 5.676985e-03
-
  Volume: 4
  Momentum: (0, 0)
  Range: [1, 1]
Time: 5.692005e-03
-
  Volume: 4
  Momentum: (0, 0)
  Range: [1, 1]
Time: 5.676031e-03
-
  Volume: 4
  Momentum: (0, 0)
  Range: [1, 1]
Time: 5.707026e-03
-
  Volume: 4
  Momentum: (0, 0)
  Range: [1, 1]
Time: 5.681038e-03
-
  Volume: 4
  Momentum: (0, 0)
  Range: [1, 1]
Time: 5.684853e-03
-
  Volume: 4
  Momentum: (0, 0)
  Range: [1, 1]
Time: 5.691051e-03
-
  Volume: 4
  Momentum: (0, 0)
  Range: [1, 1]
Time: 5.672932e-03
-
  Volume: 4
  Momentum: (0, 0)
  Range: [1, 1]
Time: 5.661011e-03
-
  Volume: 4
  Momentum: (0, 0)
  Range: [1, 1]
Time: 5.655050e-03
-
  Volume: 4
  Momentum: (0, 0)
  Range: [1, 1]
Time: 5.681992e-03
-
  Volume: 4
  Momentum: (0, 0)
  Range: [1, 1]
Time: 5.664110e-03
-
  Volume: 4
  Momentum: (0, 0)
  Range: [1, 1]
Time: 5.678892e-03
-
  Volume: 4
  Momentum: (0, 0)
  Range: [1, 1]
Time: 5.687952e-03
-
  Volume: 4
  Momentum: (0, 0)
  Range: [1, 1]
Time: 5.676031e-03
-
  Volume: 4
  Momentum: (0, 0)
  Range: [1, 1]
Time: 5.653143e-03
-
  Volume: 4
  Momentum: (0, 0)
  Range: [1, 1]
Time: 5.683899e-03
-
  Volume: 4
  Momentum: (0, 0)
  Range: [1, 1]
Time: 5.674124e-03
-
  Volume: 4
  Momentum: (0, 0)
  Range: [1, 1]
Time: 5.676985e-03
-
  Volume: 4
  Momentum: (0, 0)
  Range: [1, 1]
Time: 5.646944e-03
-
  Volume: 4
  Momentum: (0, 0)
  Range: [1, 1]
Time: 5.671978e-03
-
  Volume: 4
  Momentum: (0, 0)
  Range: [1, 1]
Time: 5.655050e-03
-
  Volume: 4
  Momentum: (0, 0)
  Range: [1, 1]
Time: 5.671024e-03
-
  Volume: 4
  Momentum: (0, 0)
  Range: [1, 1]
Time: 5.666971e-03
-
  Volume: 4
  Momentum: (0, 0)
  Range: [1, 1]
Time: 5.662203e-03
-
  Volume: 4
  Momentum: (0, 0)
  Range: [1, 1]
Time: 5.677938e-03
-
  Volume: 4
  Momentum: (0, 0)
  Range: [1, 1]
Time: 5.634069e-03
-
  Volume: 4
  Momentum: (0, 0)
  Range: [1, 1]
Time: 5.664110e-03
-
  Volume: 4
  Momentum: (0, 0)
  Range: [1, 1]
