-
  Volume: 4
  Momentum: (0, 0)
  Range: [1, 1]
Time: 1.737359e-01
-
  Volume: 4
  Momentum: (0, 0)
  Range: [1, 1]
Time: 1.696389e-01
-
  Volume: 4
  Momentum: (0, 0)
  Range: [1, 1]
Time: 1.697729e-01
-
  Volume: 4
  Momentum: (0, 0)
  Range: [1, 1]
Time: 1.696260e-01
-
  Volume: 4
  Momentum: (0, 0)
  Range: [1, 1]
Time: 1.701241e-01
-
  Volume: 4
  Momentum: (0, 0)
  Range: [1, 1]
Time: 1.698899e-01
-
  Volume: 4
  Momentum: (0, 0)
  Range: [1, 1]
Time: 1.695931e-01
-
  Volume: 4
  Momentum: (0, 0)
  Range: [1, 1]
Time: 1.695700e-01
-
  Volume: 4
  Momentum: (0, 0)
  Range: [1, 1]
Time: 1.697838e-01
-
  Volume: 4
  Momentum: (0, 0)
  Range: [1, 1]
Time: 1.697071e-01
-
  Volume: 4
  Momentum: (0, 0)
  Range: [1, 1]
Time: 1.702402e-01
-
  Volume: 4
  Momentum: (0, 0)
  Range: [1, 1]
Time: 1.696889e-01
-
  Volume: 4
  Momentum: (0, 0)
  Range: [1, 1]
Time: 1.697910e-01
-
  Volume: 4
  Momentum: (0, 0)
  Range: [1, 1]
Time: 1.697490e-01
-
  Volume: 4
  Momentum: (0, 0)
  Range: [1, 1]
Time: 1.698179e-01
-
  Volume: 4
  Momentum: (0, 0)
  Range: [1, 1]
Time: 1.700962e-01
-
  Volume: 4
  Momentum: (0, 0)
  Range: [1, 1]
Time: 1.697538e-01
-
  Volume: 4
  Momentum: (0, 0)
  Range: [1, 1]
Time: 1.697130e-01
-
  Volume: 4
  Momentum: (0, 0)
  Range: [1, 1]
Time: 1.697619e-01
-
  Volume: 4
  Momentum: (0, 0)
  Range: [1, 1]
Time: 1.697750e-01
-
  Volume: 4
  Momentum: (0, 0)
  Range: [1, 1]
Time: 1.697619e-01
-
  Volume: 4
  Momentum: (0, 0)
  Range: [1, 1]
Time: 1.704550e-01
-
  Volume: 4
  Momentum: (0, 0)
  Range: [1, 1]
Time: 1.708179e-01
-
  Volume: 4
  Momentum: (0, 0)
  Range: [1, 1]
Time: 1.698229e-01
-
  Volume: 4
  Momentum: (0, 0)
  Range: [1, 1]
Time: 1.695809e-01
-
  Volume: 4
  Momentum: (0, 0)
  Range: [1, 1]
Time: 1.697521e-01
-
  Volume: 4
  Momentum: (0, 0)
  Range: [1, 1]
Time: 1.703572e-01
-
  Volume: 4
  Momentum: (0, 0)
  Range: [1, 1]
Time: 1.698558e-01
-
  Volume: 4
  Momentum: (0, 0)
  Range: [1, 1]
Time: 1.699512e-01
-
  Volume: 4
  Momentum: (0, 0)
  Range: [1, 1]
Time: 1.696699e-01
-
  Volume: 4
  Momentum: (0, 0)
  Range: [1, 1]
Time: 1.697280e-01
-
  Volume: 4
  Momentum: (0, 0)
  Range: [1, 1]
Time: 1.697929e-01
-
  Volume: 4
  Momentum: (0, 0)
  Range: [1, 1]
Time: 1.701291e-01
-
  Volume: 4
  Momentum: (0, 0)
  Range: [1, 1]
Time: 1.697450e-01
-
  Volume: 4
  Momentum: (0, 0)
  Range: [1, 1]
Time: 1.696780e-01
-
  Volume: 4
  Momentum: (0, 0)
  Range: [1, 1]
Time: 1.695621e-01
-
  Volume: 4
  Momentum: (0, 0)
  Range: [1, 1]
Time: 1.695261e-01
-
  Volume: 4
  Momentum: (0, 0)
  Range: [1, 1]
Time: 1.701140e-01
-
  Volume: 4
  Momentum: (0, 0)
  Range: [1, 1]
Time: 1.696548e-01
-
  Volume: 4
  Momentum: (0, 0)
  Range: [1, 1]
Time: 1.696360e-01
-
  Volume: 4
  Momentum: (0, 0)
  Range: [1, 1]
Time: 1.696010e-01
-
  Volume: 4
  Momentum: (0, 0)
  Range: [1, 1]
Time: 1.697881e-01
-
  Volume: 4
  Momentum: (0, 0)
  Range: [1, 1]
Time: 1.697900e-01
-
  Volume: 4
  Momentum: (0, 0)
  Range: [1, 1]
Time: 1.699669e-01
-
  Volume: 4
  Momentum: (0, 0)
  Range: [1, 1]
Time: 1.697640e-01
-
  Volume: 4
  Momentum: (0, 0)
  Range: [1, 1]
Time: 1.698592e-01
-
  Volume: 4
  Momentum: (0, 0)
  Range: [1, 1]
Time: 1.696081e-01
-
  Volume: 4
  Momentum: (0, 0)
  Range: [1, 1]
Time: 1.697221e-01
-
  Volume: 4
  Momentum: (0, 0)
  Range: [1, 1]
Time: 1.698558e-01
-
  Volume: 4
  Momentum: (0, 0)
  Range: [1, 1]
Time: 1.698380e-01
-
  Volume: 4
  Momentum: (0, 0)
  Range: [1, 1]
