
129977 : 0x12b1073db463c6 : 4 : __ittapi_collector_init :  pthread_atfork() result: 0
129977 : 0x12b1073db55818 : 2 : ittapi_config_mask_get :  --itt-config mask to be applied: 17
129977 : 0x12b1073db57bbc : 2 : ittapi_config_apply_per_lib :  ITTAPI function instrumented: __itt_domain_create
129977 : 0x12b1073db58555 : 2 : ittapi_config_apply_per_lib :  ITTAPI function instrumented: __itt_string_handle_create
129977 : 0x12b1073db58ced : 2 : ittapi_config_apply_per_lib :  ITTAPI function instrumented: __itt_pause
129977 : 0x12b1073db5938b : 2 : ittapi_config_apply_per_lib :  ITTAPI function instrumented: __itt_resume
129977 : 0x12b1073db59a48 : 2 : ittapi_config_apply_per_lib :  ITTAPI function instrumented: __itt_thread_set_name
129977 : 0x12b1073db5a0d0 : 2 : ittapi_config_apply_per_lib :  ITTAPI function instrumented: __itt_thread_ignore
129977 : 0x12b1073db5a79d : 2 : ittapi_config_apply_per_lib :  ITTAPI function instrumented: __itt_thr_name_set
129977 : 0x12b1073db5adcd : 2 : ittapi_config_apply_per_lib :  ITTAPI function instrumented: __itt_thr_ignore
129977 : 0x12b1073dccf7f5 : 2 : ittapi_config_apply_per_lib :  ITTAPI function not implemented: __itt_enable_attach
129977 : 0x12b1073dcd05c9 : 2 : ittapi_config_apply_per_lib :  ITTAPI function NOT instrumented (not matched by --itt-config option): __itt_sync_create

129977 : 0x12b1073dcd0b4d : 2 : ittapi_config_apply_per_lib :  ITTAPI function NOT instrumented (not matched by --itt-config option): __itt_sync_rename

129977 : 0x12b1073dcd31d4 : 2 : ittapi_config_apply_per_lib :  ITTAPI function NOT instrumented (not matched by --itt-config option): __itt_sync_destroy

129977 : 0x12b1073dcd3c77 : 2 : ittapi_config_apply_per_lib :  ITTAPI function NOT instrumented (not matched by --itt-config option): __itt_sync_prepare

129977 : 0x12b1073dcd429b : 2 : ittapi_config_apply_per_lib :  ITTAPI function NOT instrumented (not matched by --itt-config option): __itt_sync_cancel

129977 : 0x12b1073dcd4836 : 2 : ittapi_config_apply_per_lib :  ITTAPI function NOT instrumented (not matched by --itt-config option): __itt_sync_acquired

129977 : 0x12b1073dcd4e8c : 2 : ittapi_config_apply_per_lib :  ITTAPI function NOT instrumented (not matched by --itt-config option): __itt_sync_releasing

129977 : 0x12b1073dcd691f : 2 : ittapi_config_apply_per_lib :  ITTAPI function not implemented: __itt_suppress_push
129977 : 0x12b1073dcd7f17 : 2 : ittapi_config_apply_per_lib :  ITTAPI function not implemented: __itt_suppress_pop
129977 : 0x12b1073ddc73b4 : 2 : ittapi_config_apply_per_lib :  ITTAPI function not implemented: __itt_suppress_mark_range
129977 : 0x12b1073ddc82b8 : 2 : ittapi_config_apply_per_lib :  ITTAPI function not implemented: __itt_suppress_clear_range
129977 : 0x12b1073ddc86cc : 2 : ittapi_config_apply_per_lib :  ITTAPI function NOT instrumented (not matched by --itt-config option): __itt_sync_prepare

129977 : 0x12b1073ddc8a95 : 2 : ittapi_config_apply_per_lib :  ITTAPI function NOT instrumented (not matched by --itt-config option): __itt_sync_cancel

129977 : 0x12b1073ddc8e0d : 2 : ittapi_config_apply_per_lib :  ITTAPI function NOT instrumented (not matched by --itt-config option): __itt_sync_acquired

129977 : 0x12b1073ddc91a4 : 2 : ittapi_config_apply_per_lib :  ITTAPI function NOT instrumented (not matched by --itt-config option): __itt_sync_releasing

129977 : 0x12b1073ddc9936 : 2 : ittapi_config_apply_per_lib :  ITTAPI function not implemented: __itt_model_site_begin
129977 : 0x12b1073ddca0ae : 2 : ittapi_config_apply_per_lib :  ITTAPI function not implemented: __itt_model_site_end
129977 : 0x12b1073ddca80e : 2 : ittapi_config_apply_per_lib :  ITTAPI function not implemented: __itt_model_task_begin
129977 : 0x12b1073ddcaf1e : 2 : ittapi_config_apply_per_lib :  ITTAPI function not implemented: __itt_model_task_end
129977 : 0x12b1073debd37a : 2 : ittapi_config_apply_per_lib :  ITTAPI function not implemented: __itt_model_lock_acquire
129977 : 0x12b1073debf6ca : 2 : ittapi_config_apply_per_lib :  ITTAPI function not implemented: __itt_model_lock_release
129977 : 0x12b1073dec0be2 : 2 : ittapi_config_apply_per_lib :  ITTAPI function not implemented: __itt_model_record_allocation
129977 : 0x12b1073dec1ff2 : 2 : ittapi_config_apply_per_lib :  ITTAPI function not implemented: __itt_model_record_deallocation
129977 : 0x12b1073dec32cd : 2 : ittapi_config_apply_per_lib :  ITTAPI function not implemented: __itt_model_induction_uses
129977 : 0x12b1073dec469b : 2 : ittapi_config_apply_per_lib :  ITTAPI function not implemented: __itt_model_reduction_uses
129977 : 0x12b1073dec5944 : 2 : ittapi_config_apply_per_lib :  ITTAPI function not implemented: __itt_model_observe_uses
129977 : 0x12b1073dec6bec : 2 : ittapi_config_apply_per_lib :  ITTAPI function not implemented: __itt_model_clear_uses
129977 : 0x12b1073dec7f8c : 2 : ittapi_config_apply_per_lib :  ITTAPI function not implemented: __itt_model_site_beginA
129977 : 0x12b1073dec9266 : 2 : ittapi_config_apply_per_lib :  ITTAPI function not implemented: __itt_model_site_beginAL
129977 : 0x12b1073df59bb8 : 2 : ittapi_config_apply_per_lib :  ITTAPI function not implemented: __itt_model_task_beginA
129977 : 0x12b1073df5aa11 : 2 : ittapi_config_apply_per_lib :  ITTAPI function not implemented: __itt_model_task_beginAL
129977 : 0x12b1073df5b175 : 2 : ittapi_config_apply_per_lib :  ITTAPI function not implemented: __itt_model_iteration_taskA
129977 : 0x12b1073df5b8da : 2 : ittapi_config_apply_per_lib :  ITTAPI function not implemented: __itt_model_iteration_taskAL
129977 : 0x12b1073df5bfb7 : 2 : ittapi_config_apply_per_lib :  ITTAPI function not implemented: __itt_model_site_end_2
129977 : 0x12b1073df5c634 : 2 : ittapi_config_apply_per_lib :  ITTAPI function not implemented: __itt_model_task_end_2
129977 : 0x12b1073df5ce2c : 2 : ittapi_config_apply_per_lib :  ITTAPI function not implemented: __itt_model_lock_acquire_2
129977 : 0x12b1073df5d590 : 2 : ittapi_config_apply_per_lib :  ITTAPI function not implemented: __itt_model_lock_release_2
129977 : 0x12b1073df5dc98 : 2 : ittapi_config_apply_per_lib :  ITTAPI function not implemented: __itt_model_aggregate_task
129977 : 0x12b1073df5e3b0 : 2 : ittapi_config_apply_per_lib :  ITTAPI function not implemented: __itt_model_disable_push
129977 : 0x12b1073dfd7d4f : 2 : ittapi_config_apply_per_lib :  ITTAPI function not implemented: __itt_model_disable_pop
129977 : 0x12b1073dfd8aba : 2 : ittapi_config_apply_per_lib :  ITTAPI function not implemented: __itt_heap_function_create
129977 : 0x12b1073dfd9221 : 2 : ittapi_config_apply_per_lib :  ITTAPI function not implemented: __itt_heap_allocate_begin
129977 : 0x12b1073dfd990f : 2 : ittapi_config_apply_per_lib :  ITTAPI function not implemented: __itt_heap_allocate_end
129977 : 0x12b1073dfda0c5 : 2 : ittapi_config_apply_per_lib :  ITTAPI function not implemented: __itt_heap_free_begin
129977 : 0x12b1073dfda7f7 : 2 : ittapi_config_apply_per_lib :  ITTAPI function not implemented: __itt_heap_free_end
129977 : 0x12b1073dfdafac : 2 : ittapi_config_apply_per_lib :  ITTAPI function not implemented: __itt_heap_reallocate_begin
129977 : 0x12b1073dfdb670 : 2 : ittapi_config_apply_per_lib :  ITTAPI function not implemented: __itt_heap_reallocate_end
129977 : 0x12b1073dfdbdf5 : 2 : ittapi_config_apply_per_lib :  ITTAPI function not implemented: __itt_heap_internal_access_begin
129977 : 0x12b1073dfdc568 : 2 : ittapi_config_apply_per_lib :  ITTAPI function not implemented: __itt_heap_internal_access_end
129977 : 0x12b1073e063c92 : 2 : ittapi_config_apply_per_lib :  ITTAPI function not implemented: __itt_heap_record_memory_growth_begin
129977 : 0x12b1073e0649e4 : 2 : ittapi_config_apply_per_lib :  ITTAPI function not implemented: __itt_heap_record_memory_growth_end
129977 : 0x12b1073e065140 : 2 : ittapi_config_apply_per_lib :  ITTAPI function not implemented: __itt_heap_reset_detection
129977 : 0x12b1073e06585b : 2 : ittapi_config_apply_per_lib :  ITTAPI function not implemented: __itt_heap_record
129977 : 0x12b1073e065ff9 : 2 : ittapi_config_apply_per_lib :  ITTAPI function not implemented: __itt_id_create
129977 : 0x12b1073e066712 : 2 : ittapi_config_apply_per_lib :  ITTAPI function not implemented: __itt_id_destroy
129977 : 0x12b1073e066e03 : 2 : ittapi_config_apply_per_lib :  ITTAPI function instrumented: __itt_get_timestamp
129977 : 0x12b1073e06754d : 2 : ittapi_config_apply_per_lib :  ITTAPI function not implemented: __itt_region_begin
129977 : 0x12b1073e067c00 : 2 : ittapi_config_apply_per_lib :  ITTAPI function not implemented: __itt_region_end
129977 : 0x12b1073e0682a4 : 2 : ittapi_config_apply_per_lib :  ITTAPI function instrumented: __itt_frame_begin_v3
129977 : 0x12b1073e0fa6bd : 2 : ittapi_config_apply_per_lib :  ITTAPI function instrumented: __itt_frame_end_v3
129977 : 0x12b1073e0fb36f : 2 : ittapi_config_apply_per_lib :  ITTAPI function instrumented: __itt_frame_submit_v3
129977 : 0x12b1073e0fb759 : 2 : ittapi_config_apply_per_lib :  ITTAPI function NOT instrumented (not matched by --itt-config option): __itt_task_group

129977 : 0x12b1073e0fbb74 : 2 : ittapi_config_apply_per_lib :  ITTAPI function NOT instrumented (not matched by --itt-config option): __itt_task_begin

129977 : 0x12b1073e0fbed5 : 2 : ittapi_config_apply_per_lib :  ITTAPI function NOT instrumented (not matched by --itt-config option): __itt_task_begin_fn

129977 : 0x12b1073e0fc27c : 2 : ittapi_config_apply_per_lib :  ITTAPI function NOT instrumented (not matched by --itt-config option): __itt_task_end

129977 : 0x12b1073e0fcc31 : 2 : ittapi_config_apply_per_lib :  ITTAPI function not implemented: __itt_counter_inc_v3
129977 : 0x12b1073e0fd42e : 2 : ittapi_config_apply_per_lib :  ITTAPI function not implemented: __itt_counter_inc_delta_v3
129977 : 0x12b1073e0fdb38 : 2 : ittapi_config_apply_per_lib :  ITTAPI function not implemented: __itt_marker
129977 : 0x12b1073e0fe1c0 : 2 : ittapi_config_apply_per_lib :  ITTAPI function instrumented: __itt_metadata_add
129977 : 0x12b1073e18bb88 : 2 : ittapi_config_apply_per_lib :  ITTAPI function not implemented: __itt_metadata_str_add
129977 : 0x12b1073e18dba4 : 2 : ittapi_config_apply_per_lib :  ITTAPI function not implemented: __itt_relation_add_to_current
129977 : 0x12b1073e18eeea : 2 : ittapi_config_apply_per_lib :  ITTAPI function not implemented: __itt_relation_add
129977 : 0x12b1073e1900c7 : 2 : ittapi_config_apply_per_lib :  ITTAPI function instrumented: __itt_event_create
129977 : 0x12b1073e190a88 : 2 : ittapi_config_apply_per_lib :  ITTAPI function NOT instrumented (not matched by --itt-config option): __itt_event_start

129977 : 0x12b1073e191434 : 2 : ittapi_config_apply_per_lib :  ITTAPI function NOT instrumented (not matched by --itt-config option): __itt_event_end

129977 : 0x12b1073e191de4 : 2 : ittapi_config_apply_per_lib :  ITTAPI function NOT instrumented (not matched by --itt-config option): __itt_sync_set_name

129977 : 0x12b1073e192de2 : 2 : ittapi_config_apply_per_lib :  ITTAPI function instrumented: __itt_notify_sync_name
129977 : 0x12b1073e193e28 : 2 : ittapi_config_apply_per_lib :  ITTAPI function instrumented: __itt_notify_sync_prepare
129977 : 0x12b1073e194e5e : 2 : ittapi_config_apply_per_lib :  ITTAPI function instrumented: __itt_notify_sync_cancel
129977 : 0x12b1073e248bb3 : 2 : ittapi_config_apply_per_lib :  ITTAPI function instrumented: __itt_notify_sync_acquired
129977 : 0x12b1073e24a75e : 2 : ittapi_config_apply_per_lib :  ITTAPI function instrumented: __itt_notify_sync_releasing
129977 : 0x12b1073e24be32 : 2 : ittapi_config_apply_per_lib :  ITTAPI function not implemented: __itt_memory_read
129977 : 0x12b1073e24d253 : 2 : ittapi_config_apply_per_lib :  ITTAPI function not implemented: __itt_memory_write
129977 : 0x12b1073e24e527 : 2 : ittapi_config_apply_per_lib :  ITTAPI function not implemented: __itt_memory_update
129977 : 0x12b1073e24f852 : 2 : ittapi_config_apply_per_lib :  ITTAPI function not implemented: __itt_state_get
129977 : 0x12b1073e250a8c : 2 : ittapi_config_apply_per_lib :  ITTAPI function not implemented: __itt_state_set
129977 : 0x12b1073e251c5c : 2 : ittapi_config_apply_per_lib :  ITTAPI function not implemented: __itt_obj_mode_set
129977 : 0x12b1073e252eb5 : 2 : ittapi_config_apply_per_lib :  ITTAPI function not implemented: __itt_thr_mode_set
129977 : 0x12b1073e253f7a : 2 : ittapi_config_apply_per_lib :  ITTAPI function instrumented: __itt_frame_create
129977 : 0x12b1073e2ee16e : 2 : ittapi_config_apply_per_lib :  ITTAPI function instrumented: __itt_frame_begin
129977 : 0x12b1073e2eedba : 2 : ittapi_config_apply_per_lib :  ITTAPI function instrumented: __itt_frame_end
129977 : 0x12b1073e2ef780 : 2 : ittapi_config_apply_per_lib :  ITTAPI function not implemented: __itt_counter_create
129977 : 0x12b1073e2eff55 : 2 : ittapi_config_apply_per_lib :  ITTAPI function not implemented: __itt_counter_destroy
129977 : 0x12b1073e2f0699 : 2 : ittapi_config_apply_per_lib :  ITTAPI function not implemented: __itt_counter_inc
129977 : 0x12b1073e2f0e69 : 2 : ittapi_config_apply_per_lib :  ITTAPI function not implemented: __itt_counter_inc_delta
129977 : 0x12b1073e2f1570 : 2 : ittapi_config_apply_per_lib :  ITTAPI function not implemented: __itt_mark_create
129977 : 0x12b1073e2f1c45 : 2 : ittapi_config_apply_per_lib :  ITTAPI function not implemented: __itt_mark
129977 : 0x12b1073e2f23d4 : 2 : ittapi_config_apply_per_lib :  ITTAPI function not implemented: __itt_mark_off
129977 : 0x12b1073e2f2afc : 2 : ittapi_config_apply_per_lib :  ITTAPI function not implemented: __itt_mark_global
129977 : 0x12b1073e3801e7 : 2 : ittapi_config_apply_per_lib :  ITTAPI function not implemented: __itt_mark_global_off
129977 : 0x12b1073e381eea : 2 : ittapi_config_apply_per_lib :  ITTAPI function instrumented: __itt_stack_caller_create
129977 : 0x12b1073e383016 : 2 : ittapi_config_apply_per_lib :  ITTAPI function instrumented: __itt_stack_caller_destroy
129977 : 0x12b1073e384193 : 2 : ittapi_config_apply_per_lib :  ITTAPI function instrumented: __itt_stack_callee_enter
129977 : 0x12b1073e385269 : 2 : ittapi_config_apply_per_lib :  ITTAPI function instrumented: __itt_stack_callee_leave
129977 : 0x12b1073e3865e0 : 2 : ittapi_config_apply_per_lib :  ITTAPI function not implemented: __itt_clock_domain_create
129977 : 0x12b1073e3878f7 : 2 : ittapi_config_apply_per_lib :  ITTAPI function not implemented: __itt_clock_domain_reset
129977 : 0x12b1073e388b82 : 2 : ittapi_config_apply_per_lib :  ITTAPI function not implemented: __itt_id_create_ex
129977 : 0x12b1073e389e1a : 2 : ittapi_config_apply_per_lib :  ITTAPI function not implemented: __itt_id_destroy_ex
129977 : 0x12b1073e38a7c0 : 2 : ittapi_config_apply_per_lib :  ITTAPI function NOT instrumented (not matched by --itt-config option): __itt_task_begin_ex

129977 : 0x12b1073e44c3a8 : 2 : ittapi_config_apply_per_lib :  ITTAPI function NOT instrumented (not matched by --itt-config option): __itt_task_begin_fn_ex

129977 : 0x12b1073e44cdae : 2 : ittapi_config_apply_per_lib :  ITTAPI function NOT instrumented (not matched by --itt-config option): __itt_task_end_ex

129977 : 0x12b1073e44d187 : 2 : ittapi_config_apply_per_lib :  ITTAPI function NOT instrumented (not matched by --itt-config option): __itt_task_begin_overlapped

129977 : 0x12b1073e44d55e : 2 : ittapi_config_apply_per_lib :  ITTAPI function NOT instrumented (not matched by --itt-config option): __itt_task_begin_overlapped_ex

129977 : 0x12b1073e44d8d8 : 2 : ittapi_config_apply_per_lib :  ITTAPI function NOT instrumented (not matched by --itt-config option): __itt_task_end_overlapped

129977 : 0x12b1073e44dc55 : 2 : ittapi_config_apply_per_lib :  ITTAPI function NOT instrumented (not matched by --itt-config option): __itt_task_end_overlapped_ex

129977 : 0x12b1073e44ea0e : 2 : ittapi_config_apply_per_lib :  ITTAPI function not implemented: __itt_marker_ex
129977 : 0x12b1073e44f171 : 2 : ittapi_config_apply_per_lib :  ITTAPI function not implemented: __itt_metadata_add_with_scope
129977 : 0x12b1073e44f95e : 2 : ittapi_config_apply_per_lib :  ITTAPI function not implemented: __itt_metadata_str_add_with_scope
129977 : 0x12b1073e4500fb : 2 : ittapi_config_apply_per_lib :  ITTAPI function not implemented: __itt_relation_add_to_current_ex
129977 : 0x12b1073e4cd33e : 2 : ittapi_config_apply_per_lib :  ITTAPI function not implemented: __itt_relation_add_ex
129977 : 0x12b1073e4ce05d : 2 : ittapi_config_apply_per_lib :  ITTAPI function not implemented: __itt_track_group_create
129977 : 0x12b1073e4ce7fc : 2 : ittapi_config_apply_per_lib :  ITTAPI function not implemented: __itt_track_create
129977 : 0x12b1073e4cef3b : 2 : ittapi_config_apply_per_lib :  ITTAPI function not implemented: __itt_set_track
129977 : 0x12b1073e4cf59d : 2 : ittapi_config_apply_per_lib :  ITTAPI function instrumented: __itt_api_version
129977 : 0x12b1073e4cfc8a : 2 : ittapi_config_apply_per_lib :  ITTAPI function not implemented: __itt_av_save
129977 : 0x12b1073e51087a : 2 : ittapi_config_mask_get :  --itt-config mask to be applied: 17
129977 : 0x12b1073e51176b : 2 : ittapi_config_apply_per_lib :  ITTAPI function instrumented: __itt_domain_create
129977 : 0x12b1073e511e64 : 2 : ittapi_config_apply_per_lib :  ITTAPI function instrumented: __itt_string_handle_create
129977 : 0x12b1073e512509 : 2 : ittapi_config_apply_per_lib :  ITTAPI function instrumented: __itt_pause
129977 : 0x12b1073e5a8acb : 2 : ittapi_config_apply_per_lib :  ITTAPI function instrumented: __itt_resume
129977 : 0x12b1073e5a97a0 : 2 : ittapi_config_apply_per_lib :  ITTAPI function instrumented: __itt_thread_set_name
129977 : 0x12b1073e5a9e70 : 2 : ittapi_config_apply_per_lib :  ITTAPI function instrumented: __itt_thread_ignore
129977 : 0x12b1073e5aa4fb : 2 : ittapi_config_apply_per_lib :  ITTAPI function instrumented: __itt_thr_name_set
129977 : 0x12b1073e5aab38 : 2 : ittapi_config_apply_per_lib :  ITTAPI function instrumented: __itt_thr_ignore
129977 : 0x12b1073e5ab518 : 2 : ittapi_config_apply_per_lib :  ITTAPI function not implemented: __itt_enable_attach
129977 : 0x12b1073e5ab93c : 2 : ittapi_config_apply_per_lib :  ITTAPI function NOT instrumented (not matched by --itt-config option): __itt_sync_create

129977 : 0x12b1073e5abd29 : 2 : ittapi_config_apply_per_lib :  ITTAPI function NOT instrumented (not matched by --itt-config option): __itt_sync_rename

129977 : 0x12b1073e5ac0f9 : 2 : ittapi_config_apply_per_lib :  ITTAPI function NOT instrumented (not matched by --itt-config option): __itt_sync_destroy

129977 : 0x12b1073e5ac4ae : 2 : ittapi_config_apply_per_lib :  ITTAPI function NOT instrumented (not matched by --itt-config option): __itt_sync_prepare

129977 : 0x12b1073e63ecc5 : 2 : ittapi_config_apply_per_lib :  ITTAPI function NOT instrumented (not matched by --itt-config option): __itt_sync_cancel

129977 : 0x12b1073e640180 : 2 : ittapi_config_apply_per_lib :  ITTAPI function NOT instrumented (not matched by --itt-config option): __itt_sync_acquired

129977 : 0x12b1073e640b12 : 2 : ittapi_config_apply_per_lib :  ITTAPI function NOT instrumented (not matched by --itt-config option): __itt_sync_releasing

129977 : 0x12b1073e642be8 : 2 : ittapi_config_apply_per_lib :  ITTAPI function not implemented: __itt_suppress_push
129977 : 0x12b1073e644258 : 2 : ittapi_config_apply_per_lib :  ITTAPI function not implemented: __itt_suppress_pop
129977 : 0x12b1073e645668 : 2 : ittapi_config_apply_per_lib :  ITTAPI function not implemented: __itt_suppress_mark_range
129977 : 0x12b1073e646b55 : 2 : ittapi_config_apply_per_lib :  ITTAPI function not implemented: __itt_suppress_clear_range
129977 : 0x12b1073e6474d3 : 2 : ittapi_config_apply_per_lib :  ITTAPI function NOT instrumented (not matched by --itt-config option): __itt_sync_prepare

129977 : 0x12b1073e647f12 : 2 : ittapi_config_apply_per_lib :  ITTAPI function NOT instrumented (not matched by --itt-config option): __itt_sync_cancel

129977 : 0x12b1073e648829 : 2 : ittapi_config_apply_per_lib :  ITTAPI function NOT instrumented (not matched by --itt-config option): __itt_sync_acquired

129977 : 0x12b1073e6cabb9 : 2 : ittapi_config_apply_per_lib :  ITTAPI function NOT instrumented (not matched by --itt-config option): __itt_sync_releasing

129977 : 0x12b1073e6cbf34 : 2 : ittapi_config_apply_per_lib :  ITTAPI function not implemented: __itt_model_site_begin
129977 : 0x12b1073e6cc70d : 2 : ittapi_config_apply_per_lib :  ITTAPI function not implemented: __itt_model_site_end
129977 : 0x12b1073e6cceaf : 2 : ittapi_config_apply_per_lib :  ITTAPI function not implemented: __itt_model_task_begin
129977 : 0x12b1073e6cd5be : 2 : ittapi_config_apply_per_lib :  ITTAPI function not implemented: __itt_model_task_end
129977 : 0x12b1073e6cdc93 : 2 : ittapi_config_apply_per_lib :  ITTAPI function not implemented: __itt_model_lock_acquire
129977 : 0x12b1073e6ce387 : 2 : ittapi_config_apply_per_lib :  ITTAPI function not implemented: __itt_model_lock_release
129977 : 0x12b1073e6ceb00 : 2 : ittapi_config_apply_per_lib :  ITTAPI function not implemented: __itt_model_record_allocation
129977 : 0x12b1073e6cf24c : 2 : ittapi_config_apply_per_lib :  ITTAPI function not implemented: __itt_model_record_deallocation
129977 : 0x12b1073e6cf94a : 2 : ittapi_config_apply_per_lib :  ITTAPI function not implemented: __itt_model_induction_uses
129977 : 0x12b1073e758a6a : 2 : ittapi_config_apply_per_lib :  ITTAPI function not implemented: __itt_model_reduction_uses
129977 : 0x12b1073e7597dd : 2 : ittapi_config_apply_per_lib :  ITTAPI function not implemented: __itt_model_observe_uses
129977 : 0x12b1073e759f69 : 2 : ittapi_config_apply_per_lib :  ITTAPI function not implemented: __itt_model_clear_uses
129977 : 0x12b1073e75a727 : 2 : ittapi_config_apply_per_lib :  ITTAPI function not implemented: __itt_model_site_beginA
129977 : 0x12b1073e75ae97 : 2 : ittapi_config_apply_per_lib :  ITTAPI function not implemented: __itt_model_site_beginAL
129977 : 0x12b1073e75b5a1 : 2 : ittapi_config_apply_per_lib :  ITTAPI function not implemented: __itt_model_task_beginA
129977 : 0x12b1073e75bcd8 : 2 : ittapi_config_apply_per_lib :  ITTAPI function not implemented: __itt_model_task_beginAL
129977 : 0x12b1073e75c42e : 2 : ittapi_config_apply_per_lib :  ITTAPI function not implemented: __itt_model_iteration_taskA
129977 : 0x12b1073e75cb84 : 2 : ittapi_config_apply_per_lib :  ITTAPI function not implemented: __itt_model_iteration_taskAL
129977 : 0x12b1073e75d245 : 2 : ittapi_config_apply_per_lib :  ITTAPI function not implemented: __itt_model_site_end_2
129977 : 0x12b1073e7de7cc : 2 : ittapi_config_apply_per_lib :  ITTAPI function not implemented: __itt_model_task_end_2
129977 : 0x12b1073e7df575 : 2 : ittapi_config_apply_per_lib :  ITTAPI function not implemented: __itt_model_lock_acquire_2
129977 : 0x12b1073e7dfd63 : 2 : ittapi_config_apply_per_lib :  ITTAPI function not implemented: __itt_model_lock_release_2
129977 : 0x12b1073e7e048a : 2 : ittapi_config_apply_per_lib :  ITTAPI function not implemented: __itt_model_aggregate_task
129977 : 0x12b1073e7e0bcb : 2 : ittapi_config_apply_per_lib :  ITTAPI function not implemented: __itt_model_disable_push
129977 : 0x12b1073e7e12ef : 2 : ittapi_config_apply_per_lib :  ITTAPI function not implemented: __itt_model_disable_pop
129977 : 0x12b1073e7e1aa0 : 2 : ittapi_config_apply_per_lib :  ITTAPI function not implemented: __itt_heap_function_create
129977 : 0x12b1073e7e2258 : 2 : ittapi_config_apply_per_lib :  ITTAPI function not implemented: __itt_heap_allocate_begin
129977 : 0x12b1073e7e2949 : 2 : ittapi_config_apply_per_lib :  ITTAPI function not implemented: __itt_heap_allocate_end
129977 : 0x12b1073e7e30db : 2 : ittapi_config_apply_per_lib :  ITTAPI function not implemented: __itt_heap_free_begin
129977 : 0x12b1073e87174f : 2 : ittapi_config_apply_per_lib :  ITTAPI function not implemented: __itt_heap_free_end
129977 : 0x12b1073e8724ec : 2 : ittapi_config_apply_per_lib :  ITTAPI function not implemented: __itt_heap_reallocate_begin
129977 : 0x12b1073e872bfb : 2 : ittapi_config_apply_per_lib :  ITTAPI function not implemented: __itt_heap_reallocate_end
129977 : 0x12b1073e8733d5 : 2 : ittapi_config_apply_per_lib :  ITTAPI function not implemented: __itt_heap_internal_access_begin
129977 : 0x12b1073e873b2f : 2 : ittapi_config_apply_per_lib :  ITTAPI function not implemented: __itt_heap_internal_access_end
129977 : 0x12b1073e8742d0 : 2 : ittapi_config_apply_per_lib :  ITTAPI function not implemented: __itt_heap_record_memory_growth_begin
129977 : 0x12b1073e874a19 : 2 : ittapi_config_apply_per_lib :  ITTAPI function not implemented: __itt_heap_record_memory_growth_end
129977 : 0x12b1073e87513b : 2 : ittapi_config_apply_per_lib :  ITTAPI function not implemented: __itt_heap_reset_detection
129977 : 0x12b1073e875844 : 2 : ittapi_config_apply_per_lib :  ITTAPI function not implemented: __itt_heap_record
129977 : 0x12b1073e875f56 : 2 : ittapi_config_apply_per_lib :  ITTAPI function not implemented: __itt_id_create
129977 : 0x12b1073e8feb88 : 2 : ittapi_config_apply_per_lib :  ITTAPI function not implemented: __itt_id_destroy
129977 : 0x12b1073e900b01 : 2 : ittapi_config_apply_per_lib :  ITTAPI function instrumented: __itt_get_timestamp
129977 : 0x12b1073e901e5e : 2 : ittapi_config_apply_per_lib :  ITTAPI function not implemented: __itt_region_begin
129977 : 0x12b1073e903095 : 2 : ittapi_config_apply_per_lib :  ITTAPI function not implemented: __itt_region_end
129977 : 0x12b1073e90421c : 2 : ittapi_config_apply_per_lib :  ITTAPI function instrumented: __itt_frame_begin_v3
129977 : 0x12b1073e9052f8 : 2 : ittapi_config_apply_per_lib :  ITTAPI function instrumented: __itt_frame_end_v3
129977 : 0x12b1073e90635d : 2 : ittapi_config_apply_per_lib :  ITTAPI function instrumented: __itt_frame_submit_v3
129977 : 0x12b1073e906d1a : 2 : ittapi_config_apply_per_lib :  ITTAPI function NOT instrumented (not matched by --itt-config option): __itt_task_group

129977 : 0x12b1073e9076c4 : 2 : ittapi_config_apply_per_lib :  ITTAPI function NOT instrumented (not matched by --itt-config option): __itt_task_begin

129977 : 0x12b1073e907f98 : 2 : ittapi_config_apply_per_lib :  ITTAPI function NOT instrumented (not matched by --itt-config option): __itt_task_begin_fn

129977 : 0x12b1073e98c03f : 2 : ittapi_config_apply_per_lib :  ITTAPI function NOT instrumented (not matched by --itt-config option): __itt_task_end

129977 : 0x12b1073e98d1ca : 2 : ittapi_config_apply_per_lib :  ITTAPI function not implemented: __itt_counter_inc_v3
129977 : 0x12b1073e98d9ed : 2 : ittapi_config_apply_per_lib :  ITTAPI function not implemented: __itt_counter_inc_delta_v3
129977 : 0x12b1073e98e11e : 2 : ittapi_config_apply_per_lib :  ITTAPI function not implemented: __itt_marker
129977 : 0x12b1073e98e7f6 : 2 : ittapi_config_apply_per_lib :  ITTAPI function instrumented: __itt_metadata_add
129977 : 0x12b1073e98ef07 : 2 : ittapi_config_apply_per_lib :  ITTAPI function not implemented: __itt_metadata_str_add
129977 : 0x12b1073e98f638 : 2 : ittapi_config_apply_per_lib :  ITTAPI function not implemented: __itt_relation_add_to_current
129977 : 0x12b1073e98fd2b : 2 : ittapi_config_apply_per_lib :  ITTAPI function not implemented: __itt_relation_add
129977 : 0x12b1073e9903a2 : 2 : ittapi_config_apply_per_lib :  ITTAPI function instrumented: __itt_event_create
129977 : 0x12b1073e9906f7 : 2 : ittapi_config_apply_per_lib :  ITTAPI function NOT instrumented (not matched by --itt-config option): __itt_event_start

129977 : 0x12b1073ea116af : 2 : ittapi_config_apply_per_lib :  ITTAPI function NOT instrumented (not matched by --itt-config option): __itt_event_end

129977 : 0x12b1073ea12033 : 2 : ittapi_config_apply_per_lib :  ITTAPI function NOT instrumented (not matched by --itt-config option): __itt_sync_set_name

129977 : 0x12b1073ea12bd8 : 2 : ittapi_config_apply_per_lib :  ITTAPI function instrumented: __itt_notify_sync_name
129977 : 0x12b1073ea13228 : 2 : ittapi_config_apply_per_lib :  ITTAPI function instrumented: __itt_notify_sync_prepare
129977 : 0x12b1073ea1383e : 2 : ittapi_config_apply_per_lib :  ITTAPI function instrumented: __itt_notify_sync_cancel
129977 : 0x12b1073ea13e96 : 2 : ittapi_config_apply_per_lib :  ITTAPI function instrumented: __itt_notify_sync_acquired
129977 : 0x12b1073ea14468 : 2 : ittapi_config_apply_per_lib :  ITTAPI function instrumented: __itt_notify_sync_releasing
129977 : 0x12b1073ea14db0 : 2 : ittapi_config_apply_per_lib :  ITTAPI function not implemented: __itt_memory_read
129977 : 0x12b1073ea15530 : 2 : ittapi_config_apply_per_lib :  ITTAPI function not implemented: __itt_memory_write
129977 : 0x12b1073ea15c30 : 2 : ittapi_config_apply_per_lib :  ITTAPI function not implemented: __itt_memory_update
129977 : 0x12b1073eaacd98 : 2 : ittapi_config_apply_per_lib :  ITTAPI function not implemented: __itt_state_get
129977 : 0x12b1073eaad972 : 2 : ittapi_config_apply_per_lib :  ITTAPI function not implemented: __itt_state_set
129977 : 0x12b1073eaae053 : 2 : ittapi_config_apply_per_lib :  ITTAPI function not implemented: __itt_obj_mode_set
129977 : 0x12b1073eaae76f : 2 : ittapi_config_apply_per_lib :  ITTAPI function not implemented: __itt_thr_mode_set
129977 : 0x12b1073eaaee12 : 2 : ittapi_config_apply_per_lib :  ITTAPI function instrumented: __itt_frame_create
129977 : 0x12b1073eaaf474 : 2 : ittapi_config_apply_per_lib :  ITTAPI function instrumented: __itt_frame_begin
129977 : 0x12b1073eaafab8 : 2 : ittapi_config_apply_per_lib :  ITTAPI function instrumented: __itt_frame_end
129977 : 0x12b1073eab01a7 : 2 : ittapi_config_apply_per_lib :  ITTAPI function not implemented: __itt_counter_create
129977 : 0x12b1073eab0893 : 2 : ittapi_config_apply_per_lib :  ITTAPI function not implemented: __itt_counter_destroy
129977 : 0x12b1073eab0f44 : 2 : ittapi_config_apply_per_lib :  ITTAPI function not implemented: __itt_counter_inc
129977 : 0x12b1073eb51643 : 2 : ittapi_config_apply_per_lib :  ITTAPI function not implemented: __itt_counter_inc_delta
129977 : 0x12b1073eb53519 : 2 : ittapi_config_apply_per_lib :  ITTAPI function not implemented: __itt_mark_create
129977 : 0x12b1073eb547c5 : 2 : ittapi_config_apply_per_lib :  ITTAPI function not implemented: __itt_mark
129977 : 0x12b1073eb55b14 : 2 : ittapi_config_apply_per_lib :  ITTAPI function not implemented: __itt_mark_off
129977 : 0x12b1073eb56d9f : 2 : ittapi_config_apply_per_lib :  ITTAPI function not implemented: __itt_mark_global
129977 : 0x12b1073eb5804b : 2 : ittapi_config_apply_per_lib :  ITTAPI function not implemented: __itt_mark_global_off
129977 : 0x12b1073eb5928f : 2 : ittapi_config_apply_per_lib :  ITTAPI function instrumented: __itt_stack_caller_create
129977 : 0x12b1073eb5d3af : 2 : ittapi_config_apply_per_lib :  ITTAPI function instrumented: __itt_stack_caller_destroy
129977 : 0x12b1073eb5da35 : 2 : ittapi_config_apply_per_lib :  ITTAPI function instrumented: __itt_stack_callee_enter
129977 : 0x12b1073eb5e083 : 2 : ittapi_config_apply_per_lib :  ITTAPI function instrumented: __itt_stack_callee_leave
129977 : 0x12b1073ebd7607 : 2 : ittapi_config_apply_per_lib :  ITTAPI function not implemented: __itt_clock_domain_create
129977 : 0x12b1073ebd8465 : 2 : ittapi_config_apply_per_lib :  ITTAPI function not implemented: __itt_clock_domain_reset
129977 : 0x12b1073ebd8b9b : 2 : ittapi_config_apply_per_lib :  ITTAPI function not implemented: __itt_id_create_ex
129977 : 0x12b1073ebd92b9 : 2 : ittapi_config_apply_per_lib :  ITTAPI function not implemented: __itt_id_destroy_ex
129977 : 0x12b1073ebd965b : 2 : ittapi_config_apply_per_lib :  ITTAPI function NOT instrumented (not matched by --itt-config option): __itt_task_begin_ex

129977 : 0x12b1073ebd99f1 : 2 : ittapi_config_apply_per_lib :  ITTAPI function NOT instrumented (not matched by --itt-config option): __itt_task_begin_fn_ex

129977 : 0x12b1073ebd9dc5 : 2 : ittapi_config_apply_per_lib :  ITTAPI function NOT instrumented (not matched by --itt-config option): __itt_task_end_ex

129977 : 0x12b1073ebda17a : 2 : ittapi_config_apply_per_lib :  ITTAPI function NOT instrumented (not matched by --itt-config option): __itt_task_begin_overlapped

129977 : 0x12b1073ebda506 : 2 : ittapi_config_apply_per_lib :  ITTAPI function NOT instrumented (not matched by --itt-config option): __itt_task_begin_overlapped_ex

129977 : 0x12b1073ebda87f : 2 : ittapi_config_apply_per_lib :  ITTAPI function NOT instrumented (not matched by --itt-config option): __itt_task_end_overlapped

129977 : 0x12b1073ec702b6 : 2 : ittapi_config_apply_per_lib :  ITTAPI function NOT instrumented (not matched by --itt-config option): __itt_task_end_overlapped_ex

129977 : 0x12b1073ec71564 : 2 : ittapi_config_apply_per_lib :  ITTAPI function not implemented: __itt_marker_ex
129977 : 0x12b1073ec71d05 : 2 : ittapi_config_apply_per_lib :  ITTAPI function not implemented: __itt_metadata_add_with_scope
129977 : 0x12b1073ec724ad : 2 : ittapi_config_apply_per_lib :  ITTAPI function not implemented: __itt_metadata_str_add_with_scope
129977 : 0x12b1073ec72c71 : 2 : ittapi_config_apply_per_lib :  ITTAPI function not implemented: __itt_relation_add_to_current_ex
129977 : 0x12b1073ec7342d : 2 : ittapi_config_apply_per_lib :  ITTAPI function not implemented: __itt_relation_add_ex
129977 : 0x12b1073ec73bbb : 2 : ittapi_config_apply_per_lib :  ITTAPI function not implemented: __itt_track_group_create
129977 : 0x12b1073ec74304 : 2 : ittapi_config_apply_per_lib :  ITTAPI function not implemented: __itt_track_create
129977 : 0x12b1073ec749f9 : 2 : ittapi_config_apply_per_lib :  ITTAPI function not implemented: __itt_set_track
129977 : 0x12b1073ec75024 : 2 : ittapi_config_apply_per_lib :  ITTAPI function instrumented: __itt_api_version
129977 : 0x12b1073ecfa7b2 : 2 : ittapi_config_apply_per_lib :  ITTAPI function not implemented: __itt_av_save