-
  Volume: 4
  Momentum: (4, 0)
  Range: [1, 1]
Time: 3.078890e-02
-
  Volume: 4
  Momentum: (4, 0)
  Range: [1, 1]
Time: 2.928400e-02
-
  Volume: 4
  Momentum: (4, 0)
  Range: [1, 1]
Time: 2.939796e-02
-
  Volume: 4
  Momentum: (4, 0)
  Range: [1, 1]
Time: 2.940702e-02
-
  Volume: 4
  Momentum: (4, 0)
  Range: [1, 1]
Time: 2.941203e-02
-
  Volume: 4
  Momentum: (4, 0)
  Range: [1, 1]
Time: 2.941895e-02
-
  Volume: 4
  Momentum: (4, 0)
  Range: [1, 1]
Time: 2.942491e-02
-
  Volume: 4
  Momentum: (4, 0)
  Range: [1, 1]
Time: 2.944803e-02
-
  Volume: 4
  Momentum: (4, 0)
  Range: [1, 1]
Time: 2.943397e-02
-
  Volume: 4
  Momentum: (4, 0)
  Range: [1, 1]
Time: 2.929783e-02
-
  Volume: 4
  Momentum: (4, 0)
  Range: [1, 1]
Time: 2.928710e-02
-
  Volume: 4
  Momentum: (4, 0)
  Range: [1, 1]
Time: 2.928400e-02
-
  Volume: 4
  Momentum: (4, 0)
  Range: [1, 1]
Time: 2.927589e-02
-
  Volume: 4
  Momentum: (4, 0)
  Range: [1, 1]
Time: 2.930212e-02
-
  Volume: 4
  Momentum: (4, 0)
  Range: [1, 1]
Time: 2.929187e-02
-
  Volume: 4
  Momentum: (4, 0)
  Range: [1, 1]
Time: 2.927303e-02
-
  Volume: 4
  Momentum: (4, 0)
  Range: [1, 1]
Time: 2.929115e-02
-
  Volume: 4
  Momentum: (4, 0)
  Range: [1, 1]
Time: 2.930117e-02
-
  Volume: 4
  Momentum: (4, 0)
  Range: [1, 1]
Time: 2.929592e-02
-
  Volume: 4
  Momentum: (4, 0)
  Range: [1, 1]
Time: 2.926111e-02
-
  Volume: 4
  Momentum: (4, 0)
  Range: [1, 1]
Time: 2.927804e-02
-
  Volume: 4
  Momentum: (4, 0)
  Range: [1, 1]
Time: 2.929783e-02
-
  Volume: 4
  Momentum: (4, 0)
  Range: [1, 1]
Time: 2.926898e-02
-
  Volume: 4
  Momentum: (4, 0)
  Range: [1, 1]
Time: 2.926993e-02
-
  Volume: 4
  Momentum: (4, 0)
  Range: [1, 1]
Time: 2.929401e-02
-
  Volume: 4
  Momentum: (4, 0)
  Range: [1, 1]
Time: 2.926302e-02
-
  Volume: 4
  Momentum: (4, 0)
  Range: [1, 1]
Time: 2.929902e-02
-
  Volume: 4
  Momentum: (4, 0)
  Range: [1, 1]
Time: 2.928710e-02
-
  Volume: 4
  Momentum: (4, 0)
  Range: [1, 1]
Time: 2.928901e-02
-
  Volume: 4
  Momentum: (4, 0)
  Range: [1, 1]
Time: 2.930093e-02
-
  Volume: 4
  Momentum: (4, 0)
  Range: [1, 1]
Time: 2.928185e-02
-
  Volume: 4
  Momentum: (4, 0)
  Range: [1, 1]
Time: 2.928019e-02
-
  Volume: 4
  Momentum: (4, 0)
  Range: [1, 1]
Time: 2.928996e-02
-
  Volume: 4
  Momentum: (4, 0)
  Range: [1, 1]
Time: 2.928305e-02
-
  Volume: 4
  Momentum: (4, 0)
  Range: [1, 1]
Time: 2.928090e-02
-
  Volume: 4
  Momentum: (4, 0)
  Range: [1, 1]
Time: 2.929091e-02
-
  Volume: 4
  Momentum: (4, 0)
  Range: [1, 1]
Time: 2.926207e-02
-
  Volume: 4
  Momentum: (4, 0)
  Range: [1, 1]
Time: 2.930403e-02
-
  Volume: 4
  Momentum: (4, 0)
  Range: [1, 1]
Time: 2.928686e-02
-
  Volume: 4
  Momentum: (4, 0)
  Range: [1, 1]
Time: 2.928185e-02
-
  Volume: 4
  Momentum: (4, 0)
  Range: [1, 1]
Time: 2.927589e-02
-
  Volume: 4
  Momentum: (4, 0)
  Range: [1, 1]
Time: 2.926922e-02
-
  Volume: 4
  Momentum: (4, 0)
  Range: [1, 1]
Time: 2.928209e-02
-
  Volume: 4
  Momentum: (4, 0)
  Range: [1, 1]
Time: 2.928901e-02
-
  Volume: 4
  Momentum: (4, 0)
  Range: [1, 1]
Time: 2.927613e-02
-
  Volume: 4
  Momentum: (4, 0)
  Range: [1, 1]
Time: 2.931190e-02
-
  Volume: 4
  Momentum: (4, 0)
  Range: [1, 1]
Time: 2.928519e-02
-
  Volume: 4
  Momentum: (4, 0)
  Range: [1, 1]
Time: 2.927303e-02
-
  Volume: 4
  Momentum: (4, 0)
  Range: [1, 1]
Time: 2.929401e-02
-
  Volume: 4
  Momentum: (4, 0)
  Range: [1, 1]
Time: 2.928996e-02
-
  Volume: 4
  Momentum: (4, 0)
  Range: [1, 1]
