-
  Volume: 4
  Momentum: (4, 0)
  Range: [1, 1]
Time: 1.329708e-02
-
  Volume: 4
  Momentum: (4, 0)
  Range: [1, 1]
Time: 1.110411e-02
-
  Volume: 4
  Momentum: (4, 0)
  Range: [1, 1]
Time: 1.100111e-02
-
  Volume: 4
  Momentum: (4, 0)
  Range: [1, 1]
Time: 1.102185e-02
-
  Volume: 4
  Momentum: (4, 0)
  Range: [1, 1]
Time: 1.104212e-02
-
  Volume: 4
  Momentum: (4, 0)
  Range: [1, 1]
Time: 1.101685e-02
-
  Volume: 4
  Momentum: (4, 0)
  Range: [1, 1]
Time: 1.100707e-02
-
  Volume: 4
  Momentum: (4, 0)
  Range: [1, 1]
Time: 1.100397e-02
-
  Volume: 4
  Momentum: (4, 0)
  Range: [1, 1]
Time: 1.102591e-02
-
  Volume: 4
  Momentum: (4, 0)
  Range: [1, 1]
Time: 1.100993e-02
-
  Volume: 4
  Momentum: (4, 0)
  Range: [1, 1]
Time: 1.102805e-02
-
  Volume: 4
  Momentum: (4, 0)
  Range: [1, 1]
Time: 1.100707e-02
-
  Volume: 4
  Momentum: (4, 0)
  Range: [1, 1]
Time: 1.100397e-02
-
  Volume: 4
  Momentum: (4, 0)
  Range: [1, 1]
Time: 1.101303e-02
-
  Volume: 4
  Momentum: (4, 0)
  Range: [1, 1]
Time: 1.101112e-02
-
  Volume: 4
  Momentum: (4, 0)
  Range: [1, 1]
Time: 1.101303e-02
-
  Volume: 4
  Momentum: (4, 0)
  Range: [1, 1]
Time: 1.101422e-02
-
  Volume: 4
  Momentum: (4, 0)
  Range: [1, 1]
Time: 1.098800e-02
-
  Volume: 4
  Momentum: (4, 0)
  Range: [1, 1]
Time: 1.101613e-02
-
  Volume: 4
  Momentum: (4, 0)
  Range: [1, 1]
Time: 1.100898e-02
-
  Volume: 4
  Momentum: (4, 0)
  Range: [1, 1]
Time: 1.102185e-02
-
  Volume: 4
  Momentum: (4, 0)
  Range: [1, 1]
Time: 1.100683e-02
-
  Volume: 4
  Momentum: (4, 0)
  Range: [1, 1]
Time: 1.099396e-02
-
  Volume: 4
  Momentum: (4, 0)
  Range: [1, 1]
Time: 1.103878e-02
-
  Volume: 4
  Momentum: (4, 0)
  Range: [1, 1]
Time: 1.100993e-02
-
  Volume: 4
  Momentum: (4, 0)
  Range: [1, 1]
Time: 1.100898e-02
-
  Volume: 4
  Momentum: (4, 0)
  Range: [1, 1]
Time: 1.100898e-02
-
  Volume: 4
  Momentum: (4, 0)
  Range: [1, 1]
Time: 1.098990e-02
-
  Volume: 4
  Momentum: (4, 0)
  Range: [1, 1]
Time: 1.101494e-02
-
  Volume: 4
  Momentum: (4, 0)
  Range: [1, 1]
Time: 1.102614e-02
-
  Volume: 4
  Momentum: (4, 0)
  Range: [1, 1]
Time: 1.102591e-02
-
  Volume: 4
  Momentum: (4, 0)
  Range: [1, 1]
Time: 1.101804e-02
-
  Volume: 4
  Momentum: (4, 0)
  Range: [1, 1]
Time: 1.099801e-02
-
  Volume: 4
  Momentum: (4, 0)
  Range: [1, 1]
Time: 1.100612e-02
-
  Volume: 4
  Momentum: (4, 0)
  Range: [1, 1]
Time: 1.104283e-02
-
  Volume: 4
  Momentum: (4, 0)
  Range: [1, 1]
Time: 1.100302e-02
-
  Volume: 4
  Momentum: (4, 0)
  Range: [1, 1]
Time: 1.101422e-02
-
  Volume: 4
  Momentum: (4, 0)
  Range: [1, 1]
Time: 1.099205e-02
-
  Volume: 4
  Momentum: (4, 0)
  Range: [1, 1]
Time: 1.102114e-02
-
  Volume: 4
  Momentum: (4, 0)
  Range: [1, 1]
Time: 1.101899e-02
-
  Volume: 4
  Momentum: (4, 0)
  Range: [1, 1]
Time: 1.102495e-02
-
  Volume: 4
  Momentum: (4, 0)
  Range: [1, 1]
Time: 1.102495e-02
-
  Volume: 4
  Momentum: (4, 0)
  Range: [1, 1]
Time: 1.097894e-02
-
  Volume: 4
  Momentum: (4, 0)
  Range: [1, 1]
Time: 1.100302e-02
-
  Volume: 4
  Momentum: (4, 0)
  Range: [1, 1]
Time: 1.098084e-02
-
  Volume: 4
  Momentum: (4, 0)
  Range: [1, 1]
Time: 1.098585e-02
-
  Volume: 4
  Momentum: (4, 0)
  Range: [1, 1]
Time: 1.098418e-02
-
  Volume: 4
  Momentum: (4, 0)
  Range: [1, 1]
Time: 1.099205e-02
-
  Volume: 4
  Momentum: (4, 0)
  Range: [1, 1]
Time: 1.098895e-02
-
  Volume: 4
  Momentum: (4, 0)
  Range: [1, 1]
Time: 1.101804e-02
-
  Volume: 4
  Momentum: (4, 0)
  Range: [1, 1]
