-
  Volume: 4
  Momentum: (4, 0)
  Range: [1, 1]
Time: 3.621387e-02
-
  Volume: 4
  Momentum: (4, 0)
  Range: [1, 1]
Time: 3.608108e-02
-
  Volume: 4
  Momentum: (4, 0)
  Range: [1, 1]
Time: 3.618288e-02
-
  Volume: 4
  Momentum: (4, 0)
  Range: [1, 1]
Time: 3.631783e-02
-
  Volume: 4
  Momentum: (4, 0)
  Range: [1, 1]
Time: 3.638697e-02
-
  Volume: 4
  Momentum: (4, 0)
  Range: [1, 1]
Time: 3.641009e-02
-
  Volume: 4
  Momentum: (4, 0)
  Range: [1, 1]
Time: 3.639412e-02
-
  Volume: 4
  Momentum: (4, 0)
  Range: [1, 1]
Time: 3.634691e-02
-
  Volume: 4
  Momentum: (4, 0)
  Range: [1, 1]
Time: 3.630400e-02
-
  Volume: 4
  Momentum: (4, 0)
  Range: [1, 1]
Time: 3.639197e-02
-
  Volume: 4
  Momentum: (4, 0)
  Range: [1, 1]
Time: 3.656101e-02
-
  Volume: 4
  Momentum: (4, 0)
  Range: [1, 1]
Time: 3.652406e-02
-
  Volume: 4
  Momentum: (4, 0)
  Range: [1, 1]
Time: 3.648210e-02
-
  Volume: 4
  Momentum: (4, 0)
  Range: [1, 1]
Time: 3.645611e-02
-
  Volume: 4
  Momentum: (4, 0)
  Range: [1, 1]
Time: 3.645611e-02
-
  Volume: 4
  Momentum: (4, 0)
  Range: [1, 1]
Time: 3.650093e-02
-
  Volume: 4
  Momentum: (4, 0)
  Range: [1, 1]
Time: 3.647685e-02
-
  Volume: 4
  Momentum: (4, 0)
  Range: [1, 1]
Time: 3.653002e-02
-
  Volume: 4
  Momentum: (4, 0)
  Range: [1, 1]
Time: 3.651595e-02
-
  Volume: 4
  Momentum: (4, 0)
  Range: [1, 1]
Time: 3.652406e-02
-
  Volume: 4
  Momentum: (4, 0)
  Range: [1, 1]
Time: 3.644705e-02
-
  Volume: 4
  Momentum: (4, 0)
  Range: [1, 1]
Time: 3.650403e-02
-
  Volume: 4
  Momentum: (4, 0)
  Range: [1, 1]
Time: 3.647184e-02
-
  Volume: 4
  Momentum: (4, 0)
  Range: [1, 1]
Time: 3.645611e-02
-
  Volume: 4
  Momentum: (4, 0)
  Range: [1, 1]
Time: 3.635597e-02
-
  Volume: 4
  Momentum: (4, 0)
  Range: [1, 1]
Time: 3.637004e-02
-
  Volume: 4
  Momentum: (4, 0)
  Range: [1, 1]
Time: 3.636098e-02
-
  Volume: 4
  Momentum: (4, 0)
  Range: [1, 1]
Time: 3.641415e-02
-
  Volume: 4
  Momentum: (4, 0)
  Range: [1, 1]
Time: 3.635502e-02
-
  Volume: 4
  Momentum: (4, 0)
  Range: [1, 1]
Time: 3.642011e-02
-
  Volume: 4
  Momentum: (4, 0)
  Range: [1, 1]
Time: 3.730702e-02
-
  Volume: 4
  Momentum: (4, 0)
  Range: [1, 1]
Time: 3.591990e-02
-
  Volume: 4
  Momentum: (4, 0)
  Range: [1, 1]
Time: 3.592896e-02
-
  Volume: 4
  Momentum: (4, 0)
  Range: [1, 1]
Time: 3.591609e-02
-
  Volume: 4
  Momentum: (4, 0)
  Range: [1, 1]
Time: 3.582001e-02
-
  Volume: 4
  Momentum: (4, 0)
  Range: [1, 1]
Time: 3.588986e-02
-
  Volume: 4
  Momentum: (4, 0)
  Range: [1, 1]
Time: 3.587914e-02
-
  Volume: 4
  Momentum: (4, 0)
  Range: [1, 1]
Time: 3.591013e-02
-
  Volume: 4
  Momentum: (4, 0)
  Range: [1, 1]
Time: 3.596592e-02
-
  Volume: 4
  Momentum: (4, 0)
  Range: [1, 1]
Time: 3.598905e-02
-
  Volume: 4
  Momentum: (4, 0)
  Range: [1, 1]
Time: 3.595400e-02
-
  Volume: 4
  Momentum: (4, 0)
  Range: [1, 1]
Time: 3.602695e-02
-
  Volume: 4
  Momentum: (4, 0)
  Range: [1, 1]
Time: 3.588390e-02
-
  Volume: 4
  Momentum: (4, 0)
  Range: [1, 1]
Time: 3.592992e-02
-
  Volume: 4
  Momentum: (4, 0)
  Range: [1, 1]
Time: 3.589511e-02
-
  Volume: 4
  Momentum: (4, 0)
  Range: [1, 1]
Time: 3.595614e-02
-
  Volume: 4
  Momentum: (4, 0)
  Range: [1, 1]
Time: 3.592420e-02
-
  Volume: 4
  Momentum: (4, 0)
  Range: [1, 1]
Time: 3.595686e-02
-
  Volume: 4
  Momentum: (4, 0)
  Range: [1, 1]
Time: 3.594708e-02
-
  Volume: 4
  Momentum: (4, 0)
  Range: [1, 1]
Time: 3.602695e-02
-
  Volume: 4
  Momentum: (4, 0)
  Range: [1, 1]
