-
  Volume: 4
  Momentum: (4, 0)
  Range: [1, 1]
Time: 2.843020e-01
-
  Volume: 4
  Momentum: (4, 0)
  Range: [1, 1]
Time: 2.560461e-01
-
  Volume: 4
  Momentum: (4, 0)
  Range: [1, 1]
Time: 2.280610e-01
-
  Volume: 4
  Momentum: (4, 0)
  Range: [1, 1]
Time: 2.205389e-01
-
  Volume: 4
  Momentum: (4, 0)
  Range: [1, 1]
Time: 2.209289e-01
-
  Volume: 4
  Momentum: (4, 0)
  Range: [1, 1]
Time: 2.207010e-01
-
  Volume: 4
  Momentum: (4, 0)
  Range: [1, 1]
Time: 2.207069e-01
-
  Volume: 4
  Momentum: (4, 0)
  Range: [1, 1]
Time: 2.207069e-01
-
  Volume: 4
  Momentum: (4, 0)
  Range: [1, 1]
Time: 2.204781e-01
-
  Volume: 4
  Momentum: (4, 0)
  Range: [1, 1]
Time: 2.207990e-01
-
  Volume: 4
  Momentum: (4, 0)
  Range: [1, 1]
Time: 2.203970e-01
-
  Volume: 4
  Momentum: (4, 0)
  Range: [1, 1]
Time: 2.204120e-01
-
  Volume: 4
  Momentum: (4, 0)
  Range: [1, 1]
Time: 2.203979e-01
-
  Volume: 4
  Momentum: (4, 0)
  Range: [1, 1]
Time: 2.210510e-01
-
  Volume: 4
  Momentum: (4, 0)
  Range: [1, 1]
Time: 2.204800e-01
-
  Volume: 4
  Momentum: (4, 0)
  Range: [1, 1]
Time: 2.205951e-01
-
  Volume: 4
  Momentum: (4, 0)
  Range: [1, 1]
Time: 2.205310e-01
-
  Volume: 4
  Momentum: (4, 0)
  Range: [1, 1]
Time: 2.208409e-01
-
  Volume: 4
  Momentum: (4, 0)
  Range: [1, 1]
Time: 2.205911e-01
-
  Volume: 4
  Momentum: (4, 0)
  Range: [1, 1]
Time: 2.207830e-01
-
  Volume: 4
  Momentum: (4, 0)
  Range: [1, 1]
Time: 2.204721e-01
-
  Volume: 4
  Momentum: (4, 0)
  Range: [1, 1]
Time: 2.205691e-01
-
  Volume: 4
  Momentum: (4, 0)
  Range: [1, 1]
Time: 2.214410e-01
-
  Volume: 4
  Momentum: (4, 0)
  Range: [1, 1]
Time: 2.208569e-01
-
  Volume: 4
  Momentum: (4, 0)
  Range: [1, 1]
Time: 2.205842e-01
-
  Volume: 4
  Momentum: (4, 0)
  Range: [1, 1]
Time: 2.205088e-01
-
  Volume: 4
  Momentum: (4, 0)
  Range: [1, 1]
Time: 2.210090e-01
-
  Volume: 4
  Momentum: (4, 0)
  Range: [1, 1]
Time: 2.207949e-01
-
  Volume: 4
  Momentum: (4, 0)
  Range: [1, 1]
Time: 2.206321e-01
-
  Volume: 4
  Momentum: (4, 0)
  Range: [1, 1]
Time: 2.204289e-01
-
  Volume: 4
  Momentum: (4, 0)
  Range: [1, 1]
Time: 2.210300e-01
-
  Volume: 4
  Momentum: (4, 0)
  Range: [1, 1]
Time: 2.204628e-01
-
  Volume: 4
  Momentum: (4, 0)
  Range: [1, 1]
Time: 2.208490e-01
-
  Volume: 4
  Momentum: (4, 0)
  Range: [1, 1]
Time: 2.204869e-01
-
  Volume: 4
  Momentum: (4, 0)
  Range: [1, 1]
Time: 2.206202e-01
-
  Volume: 4
  Momentum: (4, 0)
  Range: [1, 1]
Time: 2.205908e-01
-
  Volume: 4
  Momentum: (4, 0)
  Range: [1, 1]
Time: 2.205460e-01
-
  Volume: 4
  Momentum: (4, 0)
  Range: [1, 1]
Time: 2.206240e-01
-
  Volume: 4
  Momentum: (4, 0)
  Range: [1, 1]
Time: 2.205260e-01
-
  Volume: 4
  Momentum: (4, 0)
  Range: [1, 1]
Time: 2.211242e-01
-
  Volume: 4
  Momentum: (4, 0)
  Range: [1, 1]
Time: 2.202549e-01
-
  Volume: 4
  Momentum: (4, 0)
  Range: [1, 1]
Time: 2.207201e-01
-
  Volume: 4
  Momentum: (4, 0)
  Range: [1, 1]
Time: 2.206159e-01
-
  Volume: 4
  Momentum: (4, 0)
  Range: [1, 1]
Time: 2.206120e-01
-
  Volume: 4
  Momentum: (4, 0)
  Range: [1, 1]
Time: 2.205138e-01
-
  Volume: 4
  Momentum: (4, 0)
  Range: [1, 1]
Time: 2.204001e-01
-
  Volume: 4
  Momentum: (4, 0)
  Range: [1, 1]
Time: 2.205460e-01
-
  Volume: 4
  Momentum: (4, 0)
  Range: [1, 1]
Time: 2.206690e-01
-
  Volume: 4
  Momentum: (4, 0)
  Range: [1, 1]
Time: 2.206559e-01
-
  Volume: 4
  Momentum: (4, 0)
  Range: [1, 1]
Time: 2.204142e-01
-
  Volume: 4
  Momentum: (4, 0)
  Range: [1, 1]
