-
  Volume: 4
  Momentum: (4, 0)
  Range: [1, 1]
Time: 1.019981e-01
-
  Volume: 4
  Momentum: (4, 0)
  Range: [1, 1]
Time: 3.816295e-02
-
  Volume: 4
  Momentum: (4, 0)
  Range: [1, 1]
Time: 1.416802e-02
-
  Volume: 4
  Momentum: (4, 0)
  Range: [1, 1]
Time: 1.418209e-02
-
  Volume: 4
  Momentum: (4, 0)
  Range: [1, 1]
Time: 1.416397e-02
-
  Volume: 4
  Momentum: (4, 0)
  Range: [1, 1]
Time: 1.417899e-02
-
  Volume: 4
  Momentum: (4, 0)
  Range: [1, 1]
Time: 1.419592e-02
-
  Volume: 4
  Momentum: (4, 0)
  Range: [1, 1]
Time: 1.418996e-02
-
  Volume: 4
  Momentum: (4, 0)
  Range: [1, 1]
Time: 1.420784e-02
-
  Volume: 4
  Momentum: (4, 0)
  Range: [1, 1]
Time: 1.417208e-02
-
  Volume: 4
  Momentum: (4, 0)
  Range: [1, 1]
Time: 1.417613e-02
-
  Volume: 4
  Momentum: (4, 0)
  Range: [1, 1]
Time: 1.415992e-02
-
  Volume: 4
  Momentum: (4, 0)
  Range: [1, 1]
Time: 1.420689e-02
-
  Volume: 4
  Momentum: (4, 0)
  Range: [1, 1]
Time: 1.417208e-02
-
  Volume: 4
  Momentum: (4, 0)
  Range: [1, 1]
Time: 1.416492e-02
-
  Volume: 4
  Momentum: (4, 0)
  Range: [1, 1]
Time: 1.417303e-02
-
  Volume: 4
  Momentum: (4, 0)
  Range: [1, 1]
Time: 1.417303e-02
-
  Volume: 4
  Momentum: (4, 0)
  Range: [1, 1]
Time: 1.416802e-02
-
  Volume: 4
  Momentum: (4, 0)
  Range: [1, 1]
Time: 1.419020e-02
-
  Volume: 4
  Momentum: (4, 0)
  Range: [1, 1]
Time: 1.418304e-02
-
  Volume: 4
  Momentum: (4, 0)
  Range: [1, 1]
Time: 1.417208e-02
-
  Volume: 4
  Momentum: (4, 0)
  Range: [1, 1]
Time: 1.418805e-02
-
  Volume: 4
  Momentum: (4, 0)
  Range: [1, 1]
Time: 1.416993e-02
-
  Volume: 4
  Momentum: (4, 0)
  Range: [1, 1]
Time: 1.416802e-02
-
  Volume: 4
  Momentum: (4, 0)
  Range: [1, 1]
Time: 1.417208e-02
-
  Volume: 4
  Momentum: (4, 0)
  Range: [1, 1]
Time: 1.414704e-02
-
  Volume: 4
  Momentum: (4, 0)
  Range: [1, 1]
Time: 1.418591e-02
-
  Volume: 4
  Momentum: (4, 0)
  Range: [1, 1]
Time: 1.419091e-02
-
  Volume: 4
  Momentum: (4, 0)
  Range: [1, 1]
Time: 1.415110e-02
-
  Volume: 4
  Momentum: (4, 0)
  Range: [1, 1]
Time: 1.416898e-02
-
  Volume: 4
  Momentum: (4, 0)
  Range: [1, 1]
Time: 1.416183e-02
-
  Volume: 4
  Momentum: (4, 0)
  Range: [1, 1]
Time: 1.416206e-02
-
  Volume: 4
  Momentum: (4, 0)
  Range: [1, 1]
Time: 1.418495e-02
-
  Volume: 4
  Momentum: (4, 0)
  Range: [1, 1]
Time: 1.421285e-02
-
  Volume: 4
  Momentum: (4, 0)
  Range: [1, 1]
Time: 1.417089e-02
-
  Volume: 4
  Momentum: (4, 0)
  Range: [1, 1]
Time: 1.418209e-02
-
  Volume: 4
  Momentum: (4, 0)
  Range: [1, 1]
Time: 1.418996e-02
-
  Volume: 4
  Momentum: (4, 0)
  Range: [1, 1]
Time: 1.418710e-02
-
  Volume: 4
  Momentum: (4, 0)
  Range: [1, 1]
Time: 1.416111e-02
-
  Volume: 4
  Momentum: (4, 0)
  Range: [1, 1]
Time: 1.422095e-02
-
  Volume: 4
  Momentum: (4, 0)
  Range: [1, 1]
Time: 1.420808e-02
-
  Volume: 4
  Momentum: (4, 0)
  Range: [1, 1]
Time: 1.416492e-02
-
  Volume: 4
  Momentum: (4, 0)
  Range: [1, 1]
Time: 1.416397e-02
-
  Volume: 4
  Momentum: (4, 0)
  Range: [1, 1]
Time: 1.415992e-02
-
  Volume: 4
  Momentum: (4, 0)
  Range: [1, 1]
Time: 1.416588e-02
-
  Volume: 4
  Momentum: (4, 0)
  Range: [1, 1]
Time: 1.416302e-02
-
  Volume: 4
  Momentum: (4, 0)
  Range: [1, 1]
Time: 1.416492e-02
-
  Volume: 4
  Momentum: (4, 0)
  Range: [1, 1]
Time: 1.417089e-02
-
  Volume: 4
  Momentum: (4, 0)
  Range: [1, 1]
Time: 1.419902e-02
-
  Volume: 4
  Momentum: (4, 0)
  Range: [1, 1]
Time: 1.419282e-02
-
  Volume: 4
  Momentum: (4, 0)
  Range: [1, 1]
