-
  Volume: 4
  Momentum: (4, 0)
  Range: [1, 1]
Time: 2.061701e-02
-
  Volume: 4
  Momentum: (4, 0)
  Range: [1, 1]
Time: 1.164103e-02
-
  Volume: 4
  Momentum: (4, 0)
  Range: [1, 1]
Time: 1.061893e-02
-
  Volume: 4
  Momentum: (4, 0)
  Range: [1, 1]
Time: 1.062584e-02
-
  Volume: 4
  Momentum: (4, 0)
  Range: [1, 1]
Time: 1.062799e-02
-
  Volume: 4
  Momentum: (4, 0)
  Range: [1, 1]
Time: 1.062894e-02
-
  Volume: 4
  Momentum: (4, 0)
  Range: [1, 1]
Time: 1.062489e-02
-
  Volume: 4
  Momentum: (4, 0)
  Range: [1, 1]
Time: 1.061487e-02
-
  Volume: 4
  Momentum: (4, 0)
  Range: [1, 1]
Time: 1.062107e-02
-
  Volume: 4
  Momentum: (4, 0)
  Range: [1, 1]
Time: 1.060200e-02
-
  Volume: 4
  Momentum: (4, 0)
  Range: [1, 1]
Time: 1.061392e-02
-
  Volume: 4
  Momentum: (4, 0)
  Range: [1, 1]
Time: 1.062512e-02
-
  Volume: 4
  Momentum: (4, 0)
  Range: [1, 1]
Time: 1.062489e-02
-
  Volume: 4
  Momentum: (4, 0)
  Range: [1, 1]
Time: 1.061797e-02
-
  Volume: 4
  Momentum: (4, 0)
  Range: [1, 1]
Time: 1.062703e-02
-
  Volume: 4
  Momentum: (4, 0)
  Range: [1, 1]
Time: 1.061988e-02
-
  Volume: 4
  Momentum: (4, 0)
  Range: [1, 1]
Time: 1.059318e-02
-
  Volume: 4
  Momentum: (4, 0)
  Range: [1, 1]
Time: 1.059198e-02
-
  Volume: 4
  Momentum: (4, 0)
  Range: [1, 1]
Time: 1.058888e-02
-
  Volume: 4
  Momentum: (4, 0)
  Range: [1, 1]
Time: 1.059103e-02
-
  Volume: 4
  Momentum: (4, 0)
  Range: [1, 1]
Time: 1.059413e-02
-
  Volume: 4
  Momentum: (4, 0)
  Range: [1, 1]
Time: 1.057696e-02
-
  Volume: 4
  Momentum: (4, 0)
  Range: [1, 1]
Time: 1.057792e-02
-
  Volume: 4
  Momentum: (4, 0)
  Range: [1, 1]
Time: 1.059604e-02
-
  Volume: 4
  Momentum: (4, 0)
  Range: [1, 1]
Time: 1.060009e-02
-
  Volume: 4
  Momentum: (4, 0)
  Range: [1, 1]
Time: 1.059604e-02
-
  Volume: 4
  Momentum: (4, 0)
  Range: [1, 1]
Time: 1.058793e-02
-
  Volume: 4
  Momentum: (4, 0)
  Range: [1, 1]
Time: 1.060510e-02
-
  Volume: 4
  Momentum: (4, 0)
  Range: [1, 1]
Time: 1.060295e-02
-
  Volume: 4
  Momentum: (4, 0)
  Range: [1, 1]
Time: 1.059794e-02
-
  Volume: 4
  Momentum: (4, 0)
  Range: [1, 1]
Time: 1.059794e-02
-
  Volume: 4
  Momentum: (4, 0)
  Range: [1, 1]
Time: 1.059198e-02
-
  Volume: 4
  Momentum: (4, 0)
  Range: [1, 1]
Time: 1.059914e-02
-
  Volume: 4
  Momentum: (4, 0)
  Range: [1, 1]
Time: 1.058984e-02
-
  Volume: 4
  Momentum: (4, 0)
  Range: [1, 1]
Time: 1.058793e-02
-
  Volume: 4
  Momentum: (4, 0)
  Range: [1, 1]
Time: 1.059604e-02
-
  Volume: 4
  Momentum: (4, 0)
  Range: [1, 1]
Time: 1.059699e-02
-
  Volume: 4
  Momentum: (4, 0)
  Range: [1, 1]
Time: 1.056719e-02
-
  Volume: 4
  Momentum: (4, 0)
  Range: [1, 1]
Time: 1.057315e-02
-
  Volume: 4
  Momentum: (4, 0)
  Range: [1, 1]
Time: 1.057911e-02
-
  Volume: 4
  Momentum: (4, 0)
  Range: [1, 1]
Time: 1.055813e-02
-
  Volume: 4
  Momentum: (4, 0)
  Range: [1, 1]
Time: 1.058698e-02
-
  Volume: 4
  Momentum: (4, 0)
  Range: [1, 1]
Time: 1.058507e-02
-
  Volume: 4
  Momentum: (4, 0)
  Range: [1, 1]
Time: 1.058102e-02
-
  Volume: 4
  Momentum: (4, 0)
  Range: [1, 1]
Time: 1.059103e-02
-
  Volume: 4
  Momentum: (4, 0)
  Range: [1, 1]
Time: 1.057601e-02
-
  Volume: 4
  Momentum: (4, 0)
  Range: [1, 1]
Time: 1.057792e-02
-
  Volume: 4
  Momentum: (4, 0)
  Range: [1, 1]
Time: 1.058102e-02
-
  Volume: 4
  Momentum: (4, 0)
  Range: [1, 1]
Time: 1.058412e-02
-
  Volume: 4
  Momentum: (4, 0)
  Range: [1, 1]
Time: 1.058292e-02
-
  Volume: 4
  Momentum: (4, 0)
  Range: [1, 1]
