-
  Volume: 4
  Momentum: (4, 0)
  Range: [1, 1]
Time: 5.883598e-02
-
  Volume: 4
  Momentum: (4, 0)
  Range: [1, 1]
Time: 5.836296e-02
-
  Volume: 4
  Momentum: (4, 0)
  Range: [1, 1]
Time: 5.812812e-02
-
  Volume: 4
  Momentum: (4, 0)
  Range: [1, 1]
Time: 5.806112e-02
-
  Volume: 4
  Momentum: (4, 0)
  Range: [1, 1]
Time: 5.797911e-02
-
  Volume: 4
  Momentum: (4, 0)
  Range: [1, 1]
Time: 5.781794e-02
-
  Volume: 4
  Momentum: (4, 0)
  Range: [1, 1]
Time: 5.780911e-02
-
  Volume: 4
  Momentum: (4, 0)
  Range: [1, 1]
Time: 5.780411e-02
-
  Volume: 4
  Momentum: (4, 0)
  Range: [1, 1]
Time: 5.780005e-02
-
  Volume: 4
  Momentum: (4, 0)
  Range: [1, 1]
Time: 5.780005e-02
-
  Volume: 4
  Momentum: (4, 0)
  Range: [1, 1]
Time: 5.780506e-02
-
  Volume: 4
  Momentum: (4, 0)
  Range: [1, 1]
Time: 5.781698e-02
-
  Volume: 4
  Momentum: (4, 0)
  Range: [1, 1]
Time: 5.780983e-02
-
  Volume: 4
  Momentum: (4, 0)
  Range: [1, 1]
Time: 5.780101e-02
-
  Volume: 4
  Momentum: (4, 0)
  Range: [1, 1]
Time: 5.780387e-02
-
  Volume: 4
  Momentum: (4, 0)
  Range: [1, 1]
Time: 5.782986e-02
-
  Volume: 4
  Momentum: (4, 0)
  Range: [1, 1]
Time: 5.780005e-02
-
  Volume: 4
  Momentum: (4, 0)
  Range: [1, 1]
Time: 5.781198e-02
-
  Volume: 4
  Momentum: (4, 0)
  Range: [1, 1]
Time: 5.783391e-02
-
  Volume: 4
  Momentum: (4, 0)
  Range: [1, 1]
Time: 5.783510e-02
-
  Volume: 4
  Momentum: (4, 0)
  Range: [1, 1]
Time: 5.780888e-02
-
  Volume: 4
  Momentum: (4, 0)
  Range: [1, 1]
Time: 5.782413e-02
-
  Volume: 4
  Momentum: (4, 0)
  Range: [1, 1]
Time: 5.780602e-02
-
  Volume: 4
  Momentum: (4, 0)
  Range: [1, 1]
Time: 5.785704e-02
-
  Volume: 4
  Momentum: (4, 0)
  Range: [1, 1]
Time: 5.780911e-02
-
  Volume: 4
  Momentum: (4, 0)
  Range: [1, 1]
Time: 5.780697e-02
-
  Volume: 4
  Momentum: (4, 0)
  Range: [1, 1]
Time: 5.780101e-02
-
  Volume: 4
  Momentum: (4, 0)
  Range: [1, 1]
Time: 5.779910e-02
-
  Volume: 4
  Momentum: (4, 0)
  Range: [1, 1]
Time: 5.785084e-02
-
  Volume: 4
  Momentum: (4, 0)
  Range: [1, 1]
Time: 5.780411e-02
-
  Volume: 4
  Momentum: (4, 0)
  Range: [1, 1]
Time: 5.780292e-02
-
  Volume: 4
  Momentum: (4, 0)
  Range: [1, 1]
Time: 5.780911e-02
-
  Volume: 4
  Momentum: (4, 0)
  Range: [1, 1]
Time: 5.780315e-02
-
  Volume: 4
  Momentum: (4, 0)
  Range: [1, 1]
Time: 5.780888e-02
-
  Volume: 4
  Momentum: (4, 0)
  Range: [1, 1]
Time: 5.780292e-02
-
  Volume: 4
  Momentum: (4, 0)
  Range: [1, 1]
Time: 5.781388e-02
-
  Volume: 4
  Momentum: (4, 0)
  Range: [1, 1]
Time: 5.780196e-02
-
  Volume: 4
  Momentum: (4, 0)
  Range: [1, 1]
Time: 5.781102e-02
-
  Volume: 4
  Momentum: (4, 0)
  Range: [1, 1]
Time: 5.782509e-02
-
  Volume: 4
  Momentum: (4, 0)
  Range: [1, 1]
Time: 5.780411e-02
-
  Volume: 4
  Momentum: (4, 0)
  Range: [1, 1]
Time: 5.784917e-02
-
  Volume: 4
  Momentum: (4, 0)
  Range: [1, 1]
Time: 5.781698e-02
-
  Volume: 4
  Momentum: (4, 0)
  Range: [1, 1]
Time: 5.779815e-02
-
  Volume: 4
  Momentum: (4, 0)
  Range: [1, 1]
Time: 5.781293e-02
-
  Volume: 4
  Momentum: (4, 0)
  Range: [1, 1]
Time: 5.780196e-02
-
  Volume: 4
  Momentum: (4, 0)
  Range: [1, 1]
Time: 5.779696e-02
-
  Volume: 4
  Momentum: (4, 0)
  Range: [1, 1]
Time: 5.780005e-02
-
  Volume: 4
  Momentum: (4, 0)
  Range: [1, 1]
Time: 5.780005e-02
-
  Volume: 4
  Momentum: (4, 0)
  Range: [1, 1]
Time: 5.780792e-02
-
  Volume: 4
  Momentum: (4, 0)
  Range: [1, 1]
Time: 5.780411e-02
-
  Volume: 4
  Momentum: (4, 0)
  Range: [1, 1]
