-
  Volume: 4
  Momentum: (4, 0)
  Range: [1, 1]
Time: 1.057310e-01
-
  Volume: 4
  Momentum: (4, 0)
  Range: [1, 1]
Time: 1.003139e-01
-
  Volume: 4
  Momentum: (4, 0)
  Range: [1, 1]
Time: 1.003020e-01
-
  Volume: 4
  Momentum: (4, 0)
  Range: [1, 1]
Time: 1.003742e-01
-
  Volume: 4
  Momentum: (4, 0)
  Range: [1, 1]
Time: 1.004801e-01
-
  Volume: 4
  Momentum: (4, 0)
  Range: [1, 1]
Time: 1.003730e-01
-
  Volume: 4
  Momentum: (4, 0)
  Range: [1, 1]
Time: 1.002889e-01
-
  Volume: 4
  Momentum: (4, 0)
  Range: [1, 1]
Time: 1.003060e-01
-
  Volume: 4
  Momentum: (4, 0)
  Range: [1, 1]
Time: 1.003659e-01
-
  Volume: 4
  Momentum: (4, 0)
  Range: [1, 1]
Time: 1.004560e-01
-
  Volume: 4
  Momentum: (4, 0)
  Range: [1, 1]
Time: 1.005211e-01
-
  Volume: 4
  Momentum: (4, 0)
  Range: [1, 1]
Time: 1.003821e-01
-
  Volume: 4
  Momentum: (4, 0)
  Range: [1, 1]
Time: 1.004109e-01
-
  Volume: 4
  Momentum: (4, 0)
  Range: [1, 1]
Time: 1.006091e-01
-
  Volume: 4
  Momentum: (4, 0)
  Range: [1, 1]
Time: 1.004519e-01
-
  Volume: 4
  Momentum: (4, 0)
  Range: [1, 1]
Time: 1.004190e-01
-
  Volume: 4
  Momentum: (4, 0)
  Range: [1, 1]
Time: 1.004062e-01
-
  Volume: 4
  Momentum: (4, 0)
  Range: [1, 1]
Time: 1.004109e-01
-
  Volume: 4
  Momentum: (4, 0)
  Range: [1, 1]
Time: 1.004801e-01
-
  Volume: 4
  Momentum: (4, 0)
  Range: [1, 1]
Time: 1.004529e-01
-
  Volume: 4
  Momentum: (4, 0)
  Range: [1, 1]
Time: 1.004341e-01
-
  Volume: 4
  Momentum: (4, 0)
  Range: [1, 1]
Time: 1.004441e-01
-
  Volume: 4
  Momentum: (4, 0)
  Range: [1, 1]
Time: 1.004720e-01
-
  Volume: 4
  Momentum: (4, 0)
  Range: [1, 1]
Time: 1.005199e-01
-
  Volume: 4
  Momentum: (4, 0)
  Range: [1, 1]
Time: 1.005008e-01
-
  Volume: 4
  Momentum: (4, 0)
  Range: [1, 1]
Time: 1.004438e-01
-
  Volume: 4
  Momentum: (4, 0)
  Range: [1, 1]
Time: 1.004691e-01
-
  Volume: 4
  Momentum: (4, 0)
  Range: [1, 1]
Time: 1.004910e-01
-
  Volume: 4
  Momentum: (4, 0)
  Range: [1, 1]
Time: 1.004579e-01
-
  Volume: 4
  Momentum: (4, 0)
  Range: [1, 1]
Time: 1.004219e-01
-
  Volume: 4
  Momentum: (4, 0)
  Range: [1, 1]
Time: 1.004500e-01
-
  Volume: 4
  Momentum: (4, 0)
  Range: [1, 1]
Time: 1.004889e-01
-
  Volume: 4
  Momentum: (4, 0)
  Range: [1, 1]
Time: 1.005509e-01
-
  Volume: 4
  Momentum: (4, 0)
  Range: [1, 1]
Time: 1.004629e-01
-
  Volume: 4
  Momentum: (4, 0)
  Range: [1, 1]
Time: 1.004589e-01
-
  Volume: 4
  Momentum: (4, 0)
  Range: [1, 1]
Time: 1.004899e-01
-
  Volume: 4
  Momentum: (4, 0)
  Range: [1, 1]
Time: 1.004519e-01
-
  Volume: 4
  Momentum: (4, 0)
  Range: [1, 1]
Time: 1.004500e-01
-
  Volume: 4
  Momentum: (4, 0)
  Range: [1, 1]
Time: 1.004350e-01
-
  Volume: 4
  Momentum: (4, 0)
  Range: [1, 1]
Time: 1.004901e-01
-
  Volume: 4
  Momentum: (4, 0)
  Range: [1, 1]
Time: 1.005001e-01
-
  Volume: 4
  Momentum: (4, 0)
  Range: [1, 1]
Time: 1.004870e-01
-
  Volume: 4
  Momentum: (4, 0)
  Range: [1, 1]
Time: 1.004751e-01
-
  Volume: 4
  Momentum: (4, 0)
  Range: [1, 1]
Time: 1.004770e-01
-
  Volume: 4
  Momentum: (4, 0)
  Range: [1, 1]
Time: 1.004601e-01
-
  Volume: 4
  Momentum: (4, 0)
  Range: [1, 1]
Time: 1.004341e-01
-
  Volume: 4
  Momentum: (4, 0)
  Range: [1, 1]
Time: 1.004400e-01
-
  Volume: 4
  Momentum: (4, 0)
  Range: [1, 1]
Time: 1.004620e-01
-
  Volume: 4
  Momentum: (4, 0)
  Range: [1, 1]
Time: 1.005001e-01
-
  Volume: 4
  Momentum: (4, 0)
  Range: [1, 1]
Time: 1.004910e-01
-
  Volume: 4
  Momentum: (4, 0)
  Range: [1, 1]
