-
  Volume: 4
  Momentum: (4, 0)
  Range: [1, 1]
Time: 2.637339e-01
-
  Volume: 4
  Momentum: (4, 0)
  Range: [1, 1]
Time: 2.015212e-01
-
  Volume: 4
  Momentum: (4, 0)
  Range: [1, 1]
Time: 2.015021e-01
-
  Volume: 4
  Momentum: (4, 0)
  Range: [1, 1]
Time: 2.013760e-01
-
  Volume: 4
  Momentum: (4, 0)
  Range: [1, 1]
Time: 1.761930e-01
-
  Volume: 4
  Momentum: (4, 0)
  Range: [1, 1]
Time: 1.144450e-01
-
  Volume: 4
  Momentum: (4, 0)
  Range: [1, 1]
Time: 1.143610e-01
-
  Volume: 4
  Momentum: (4, 0)
  Range: [1, 1]
Time: 1.134501e-01
-
  Volume: 4
  Momentum: (4, 0)
  Range: [1, 1]
Time: 1.133919e-01
-
  Volume: 4
  Momentum: (4, 0)
  Range: [1, 1]
Time: 1.134150e-01
-
  Volume: 4
  Momentum: (4, 0)
  Range: [1, 1]
Time: 1.133878e-01
-
  Volume: 4
  Momentum: (4, 0)
  Range: [1, 1]
Time: 1.133652e-01
-
  Volume: 4
  Momentum: (4, 0)
  Range: [1, 1]
Time: 1.134088e-01
-
  Volume: 4
  Momentum: (4, 0)
  Range: [1, 1]
Time: 1.133831e-01
-
  Volume: 4
  Momentum: (4, 0)
  Range: [1, 1]
Time: 1.133840e-01
-
  Volume: 4
  Momentum: (4, 0)
  Range: [1, 1]
Time: 1.134419e-01
-
  Volume: 4
  Momentum: (4, 0)
  Range: [1, 1]
Time: 1.134009e-01
-
  Volume: 4
  Momentum: (4, 0)
  Range: [1, 1]
Time: 1.133871e-01
-
  Volume: 4
  Momentum: (4, 0)
  Range: [1, 1]
Time: 1.133940e-01
-
  Volume: 4
  Momentum: (4, 0)
  Range: [1, 1]
Time: 1.133628e-01
-
  Volume: 4
  Momentum: (4, 0)
  Range: [1, 1]
Time: 1.133709e-01
-
  Volume: 4
  Momentum: (4, 0)
  Range: [1, 1]
Time: 1.133690e-01
-
  Volume: 4
  Momentum: (4, 0)
  Range: [1, 1]
Time: 1.135840e-01
-
  Volume: 4
  Momentum: (4, 0)
  Range: [1, 1]
Time: 1.136720e-01
-
  Volume: 4
  Momentum: (4, 0)
  Range: [1, 1]
Time: 1.133850e-01
-
  Volume: 4
  Momentum: (4, 0)
  Range: [1, 1]
Time: 1.133909e-01
-
  Volume: 4
  Momentum: (4, 0)
  Range: [1, 1]
Time: 1.133568e-01
-
  Volume: 4
  Momentum: (4, 0)
  Range: [1, 1]
Time: 1.134269e-01
-
  Volume: 4
  Momentum: (4, 0)
  Range: [1, 1]
Time: 1.133871e-01
-
  Volume: 4
  Momentum: (4, 0)
  Range: [1, 1]
Time: 1.133940e-01
-
  Volume: 4
  Momentum: (4, 0)
  Range: [1, 1]
Time: 1.133361e-01
-
  Volume: 4
  Momentum: (4, 0)
  Range: [1, 1]
Time: 1.132140e-01
-
  Volume: 4
  Momentum: (4, 0)
  Range: [1, 1]
Time: 1.134291e-01
-
  Volume: 4
  Momentum: (4, 0)
  Range: [1, 1]
Time: 1.131840e-01
-
  Volume: 4
  Momentum: (4, 0)
  Range: [1, 1]
Time: 1.132650e-01
-
  Volume: 4
  Momentum: (4, 0)
  Range: [1, 1]
Time: 1.132190e-01
-
  Volume: 4
  Momentum: (4, 0)
  Range: [1, 1]
Time: 1.134310e-01
-
  Volume: 4
  Momentum: (4, 0)
  Range: [1, 1]
Time: 1.132360e-01
-
  Volume: 4
  Momentum: (4, 0)
  Range: [1, 1]
Time: 1.133180e-01
-
  Volume: 4
  Momentum: (4, 0)
  Range: [1, 1]
Time: 1.139600e-01
-
  Volume: 4
  Momentum: (4, 0)
  Range: [1, 1]
Time: 1.141121e-01
-
  Volume: 4
  Momentum: (4, 0)
  Range: [1, 1]
Time: 1.140840e-01
-
  Volume: 4
  Momentum: (4, 0)
  Range: [1, 1]
Time: 1.140800e-01
-
  Volume: 4
  Momentum: (4, 0)
  Range: [1, 1]
Time: 1.140249e-01
-
  Volume: 4
  Momentum: (4, 0)
  Range: [1, 1]
Time: 1.142960e-01
-
  Volume: 4
  Momentum: (4, 0)
  Range: [1, 1]
Time: 1.140361e-01
-
  Volume: 4
  Momentum: (4, 0)
  Range: [1, 1]
Time: 1.140449e-01
-
  Volume: 4
  Momentum: (4, 0)
  Range: [1, 1]
Time: 1.140780e-01
-
  Volume: 4
  Momentum: (4, 0)
  Range: [1, 1]
Time: 1.140471e-01
-
  Volume: 4
  Momentum: (4, 0)
  Range: [1, 1]
Time: 1.139989e-01
-
  Volume: 4
  Momentum: (4, 0)
  Range: [1, 1]
