-
  Volume: 4
  Momentum: (4, 0)
  Range: [1, 1]
Time: 9.255931e-01
-
  Volume: 4
  Momentum: (4, 0)
  Range: [1, 1]
Time: 9.308391e-01
-
  Volume: 4
  Momentum: (4, 0)
  Range: [1, 1]
Time: 9.332919e-01
-
  Volume: 4
  Momentum: (4, 0)
  Range: [1, 1]
Time: 9.361429e-01
-
  Volume: 4
  Momentum: (4, 0)
  Range: [1, 1]
Time: 9.371200e-01
-
  Volume: 4
  Momentum: (4, 0)
  Range: [1, 1]
Time: 9.360430e-01
-
  Volume: 4
  Momentum: (4, 0)
  Range: [1, 1]
Time: 9.382391e-01
-
  Volume: 4
  Momentum: (4, 0)
  Range: [1, 1]
Time: 9.349480e-01
-
  Volume: 4
  Momentum: (4, 0)
  Range: [1, 1]
Time: 9.354868e-01
-
  Volume: 4
  Momentum: (4, 0)
  Range: [1, 1]
Time: 9.362869e-01
-
  Volume: 4
  Momentum: (4, 0)
  Range: [1, 1]
Time: 9.358659e-01
-
  Volume: 4
  Momentum: (4, 0)
  Range: [1, 1]
Time: 9.370940e-01
-
  Volume: 4
  Momentum: (4, 0)
  Range: [1, 1]
Time: 9.337230e-01
-
  Volume: 4
  Momentum: (4, 0)
  Range: [1, 1]
Time: 9.319661e-01
-
  Volume: 4
  Momentum: (4, 0)
  Range: [1, 1]
Time: 9.354711e-01
-
  Volume: 4
  Momentum: (4, 0)
  Range: [1, 1]
Time: 9.365792e-01
-
  Volume: 4
  Momentum: (4, 0)
  Range: [1, 1]
Time: 9.333379e-01
-
  Volume: 4
  Momentum: (4, 0)
  Range: [1, 1]
Time: 9.362099e-01
-
  Volume: 4
  Momentum: (4, 0)
  Range: [1, 1]
Time: 9.333770e-01
-
  Volume: 4
  Momentum: (4, 0)
  Range: [1, 1]
Time: 9.364040e-01
-
  Volume: 4
  Momentum: (4, 0)
  Range: [1, 1]
Time: 9.362810e-01
-
  Volume: 4
  Momentum: (4, 0)
  Range: [1, 1]
Time: 9.375710e-01
-
  Volume: 4
  Momentum: (4, 0)
  Range: [1, 1]
Time: 9.391921e-01
-
  Volume: 4
  Momentum: (4, 0)
  Range: [1, 1]
Time: 9.360380e-01
-
  Volume: 4
  Momentum: (4, 0)
  Range: [1, 1]
Time: 9.368250e-01
-
  Volume: 4
  Momentum: (4, 0)
  Range: [1, 1]
Time: 9.366162e-01
-
  Volume: 4
  Momentum: (4, 0)
  Range: [1, 1]
Time: 9.384341e-01
-
  Volume: 4
  Momentum: (4, 0)
  Range: [1, 1]
Time: 9.347191e-01
-
  Volume: 4
  Momentum: (4, 0)
  Range: [1, 1]
Time: 9.342458e-01
-
  Volume: 4
  Momentum: (4, 0)
  Range: [1, 1]
Time: 9.347970e-01
-
  Volume: 4
  Momentum: (4, 0)
  Range: [1, 1]
Time: 9.389980e-01
-
  Volume: 4
  Momentum: (4, 0)
  Range: [1, 1]
Time: 9.335639e-01
-
  Volume: 4
  Momentum: (4, 0)
  Range: [1, 1]
Time: 9.349451e-01
-
  Volume: 4
  Momentum: (4, 0)
  Range: [1, 1]
Time: 9.348848e-01
-
  Volume: 4
  Momentum: (4, 0)
  Range: [1, 1]
Time: 9.468601e-01
-
  Volume: 4
  Momentum: (4, 0)
  Range: [1, 1]
Time: 9.398890e-01
-
  Volume: 4
  Momentum: (4, 0)
  Range: [1, 1]
Time: 9.393730e-01
-
  Volume: 4
  Momentum: (4, 0)
  Range: [1, 1]
Time: 9.387920e-01
-
  Volume: 4
  Momentum: (4, 0)
  Range: [1, 1]
Time: 9.353309e-01
-
  Volume: 4
  Momentum: (4, 0)
  Range: [1, 1]
Time: 9.351180e-01
-
  Volume: 4
  Momentum: (4, 0)
  Range: [1, 1]
Time: 9.372220e-01
-
  Volume: 4
  Momentum: (4, 0)
  Range: [1, 1]
Time: 9.319410e-01
-
  Volume: 4
  Momentum: (4, 0)
  Range: [1, 1]
Time: 9.315870e-01
-
  Volume: 4
  Momentum: (4, 0)
  Range: [1, 1]
Time: 9.340441e-01
-
  Volume: 4
  Momentum: (4, 0)
  Range: [1, 1]
Time: 9.445400e-01
-
  Volume: 4
  Momentum: (4, 0)
  Range: [1, 1]
Time: 9.392302e-01
-
  Volume: 4
  Momentum: (4, 0)
  Range: [1, 1]
Time: 9.405429e-01
-
  Volume: 4
  Momentum: (4, 0)
  Range: [1, 1]
Time: 9.389551e-01
-
  Volume: 4
  Momentum: (4, 0)
  Range: [1, 1]
Time: 9.399099e-01
-
  Volume: 4
  Momentum: (4, 0)
  Range: [1, 1]
Time: 9.400840e-01
-
  Volume: 4
  Momentum: (4, 0)
  Range: [1, 1]
