-
  Volume: 4
  Momentum: (4, 0)
  Range: [1, 1]
Time: 2.348304e-02
-
  Volume: 4
  Momentum: (4, 0)
  Range: [1, 1]
Time: 6.978989e-03
-
  Volume: 4
  Momentum: (4, 0)
  Range: [1, 1]
Time: 6.984949e-03
-
  Volume: 4
  Momentum: (4, 0)
  Range: [1, 1]
Time: 6.984949e-03
-
  Volume: 4
  Momentum: (4, 0)
  Range: [1, 1]
Time: 6.996870e-03
-
  Volume: 4
  Momentum: (4, 0)
  Range: [1, 1]
Time: 6.997824e-03
-
  Volume: 4
  Momentum: (4, 0)
  Range: [1, 1]
Time: 6.996155e-03
-
  Volume: 4
  Momentum: (4, 0)
  Range: [1, 1]
Time: 6.992102e-03
-
  Volume: 4
  Momentum: (4, 0)
  Range: [1, 1]
Time: 6.994009e-03
-
  Volume: 4
  Momentum: (4, 0)
  Range: [1, 1]
Time: 6.973028e-03
-
  Volume: 4
  Momentum: (4, 0)
  Range: [1, 1]
Time: 6.978989e-03
-
  Volume: 4
  Momentum: (4, 0)
  Range: [1, 1]
Time: 6.983995e-03
-
  Volume: 4
  Momentum: (4, 0)
  Range: [1, 1]
Time: 6.976843e-03
-
  Volume: 4
  Momentum: (4, 0)
  Range: [1, 1]
Time: 7.005930e-03
-
  Volume: 4
  Momentum: (4, 0)
  Range: [1, 1]
Time: 6.986141e-03
-
  Volume: 4
  Momentum: (4, 0)
  Range: [1, 1]
Time: 6.997108e-03
-
  Volume: 4
  Momentum: (4, 0)
  Range: [1, 1]
Time: 6.994009e-03
-
  Volume: 4
  Momentum: (4, 0)
  Range: [1, 1]
Time: 6.985188e-03
-
  Volume: 4
  Momentum: (4, 0)
  Range: [1, 1]
Time: 7.002115e-03
-
  Volume: 4
  Momentum: (4, 0)
  Range: [1, 1]
Time: 6.983042e-03
-
  Volume: 4
  Momentum: (4, 0)
  Range: [1, 1]
Time: 6.999969e-03
-
  Volume: 4
  Momentum: (4, 0)
  Range: [1, 1]
Time: 7.014036e-03
-
  Volume: 4
  Momentum: (4, 0)
  Range: [1, 1]
Time: 7.004976e-03
-
  Volume: 4
  Momentum: (4, 0)
  Range: [1, 1]
Time: 6.999969e-03
-
  Volume: 4
  Momentum: (4, 0)
  Range: [1, 1]
Time: 6.995916e-03
-
  Volume: 4
  Momentum: (4, 0)
  Range: [1, 1]
Time: 6.986141e-03
-
  Volume: 4
  Momentum: (4, 0)
  Range: [1, 1]
Time: 6.995916e-03
-
  Volume: 4
  Momentum: (4, 0)
  Range: [1, 1]
Time: 6.978035e-03
-
  Volume: 4
  Momentum: (4, 0)
  Range: [1, 1]
Time: 6.996870e-03
-
  Volume: 4
  Momentum: (4, 0)
  Range: [1, 1]
Time: 7.000923e-03
-
  Volume: 4
  Momentum: (4, 0)
  Range: [1, 1]
Time: 6.989002e-03
-
  Volume: 4
  Momentum: (4, 0)
  Range: [1, 1]
Time: 6.990194e-03
-
  Volume: 4
  Momentum: (4, 0)
  Range: [1, 1]
Time: 6.995916e-03
-
  Volume: 4
  Momentum: (4, 0)
  Range: [1, 1]
Time: 6.992817e-03
-
  Volume: 4
  Momentum: (4, 0)
  Range: [1, 1]
Time: 6.993055e-03
-
  Volume: 4
  Momentum: (4, 0)
  Range: [1, 1]
Time: 6.989002e-03
-
  Volume: 4
  Momentum: (4, 0)
  Range: [1, 1]
Time: 6.993055e-03
-
  Volume: 4
  Momentum: (4, 0)
  Range: [1, 1]
Time: 6.983995e-03
-
  Volume: 4
  Momentum: (4, 0)
  Range: [1, 1]
Time: 6.990910e-03
-
  Volume: 4
  Momentum: (4, 0)
  Range: [1, 1]
Time: 6.994963e-03
-
  Volume: 4
  Momentum: (4, 0)
  Range: [1, 1]
Time: 6.996870e-03
-
  Volume: 4
  Momentum: (4, 0)
  Range: [1, 1]
Time: 6.989956e-03
-
  Volume: 4
  Momentum: (4, 0)
  Range: [1, 1]
Time: 6.985903e-03
-
  Volume: 4
  Momentum: (4, 0)
  Range: [1, 1]
Time: 7.002115e-03
-
  Volume: 4
  Momentum: (4, 0)
  Range: [1, 1]
Time: 6.971121e-03
-
  Volume: 4
  Momentum: (4, 0)
  Range: [1, 1]
Time: 6.995916e-03
-
  Volume: 4
  Momentum: (4, 0)
  Range: [1, 1]
Time: 6.983995e-03
-
  Volume: 4
  Momentum: (4, 0)
  Range: [1, 1]
Time: 6.997108e-03
-
  Volume: 4
  Momentum: (4, 0)
  Range: [1, 1]
Time: 6.981134e-03
-
  Volume: 4
  Momentum: (4, 0)
  Range: [1, 1]
Time: 6.999016e-03
-
  Volume: 4
  Momentum: (4, 0)
  Range: [1, 1]
