-
  Volume: 4
  Momentum: (4, 0)
  Range: [1, 1]
Time: 2.224684e-02
-
  Volume: 4
  Momentum: (4, 0)
  Range: [1, 1]
Time: 1.070714e-02
-
  Volume: 4
  Momentum: (4, 0)
  Range: [1, 1]
Time: 1.062393e-02
-
  Volume: 4
  Momentum: (4, 0)
  Range: [1, 1]
Time: 1.071620e-02
-
  Volume: 4
  Momentum: (4, 0)
  Range: [1, 1]
Time: 1.069498e-02
-
  Volume: 4
  Momentum: (4, 0)
  Range: [1, 1]
Time: 1.067519e-02
-
  Volume: 4
  Momentum: (4, 0)
  Range: [1, 1]
Time: 1.079392e-02
-
  Volume: 4
  Momentum: (4, 0)
  Range: [1, 1]
Time: 1.068807e-02
-
  Volume: 4
  Momentum: (4, 0)
  Range: [1, 1]
Time: 1.072812e-02
-
  Volume: 4
  Momentum: (4, 0)
  Range: [1, 1]
Time: 1.079202e-02
-
  Volume: 4
  Momentum: (4, 0)
  Range: [1, 1]
Time: 1.069999e-02
-
  Volume: 4
  Momentum: (4, 0)
  Range: [1, 1]
Time: 1.067615e-02
-
  Volume: 4
  Momentum: (4, 0)
  Range: [1, 1]
Time: 1.073885e-02
-
  Volume: 4
  Momentum: (4, 0)
  Range: [1, 1]
Time: 1.072383e-02
-
  Volume: 4
  Momentum: (4, 0)
  Range: [1, 1]
Time: 1.066208e-02
-
  Volume: 4
  Momentum: (4, 0)
  Range: [1, 1]
Time: 1.083302e-02
-
  Volume: 4
  Momentum: (4, 0)
  Range: [1, 1]
Time: 1.073122e-02
-
  Volume: 4
  Momentum: (4, 0)
  Range: [1, 1]
Time: 1.071906e-02
-
  Volume: 4
  Momentum: (4, 0)
  Range: [1, 1]
Time: 1.064205e-02
-
  Volume: 4
  Momentum: (4, 0)
  Range: [1, 1]
Time: 1.080608e-02
-
  Volume: 4
  Momentum: (4, 0)
  Range: [1, 1]
Time: 1.075101e-02
-
  Volume: 4
  Momentum: (4, 0)
  Range: [1, 1]
Time: 1.072216e-02
-
  Volume: 4
  Momentum: (4, 0)
  Range: [1, 1]
Time: 1.068306e-02
-
  Volume: 4
  Momentum: (4, 0)
  Range: [1, 1]
Time: 1.069880e-02
-
  Volume: 4
  Momentum: (4, 0)
  Range: [1, 1]
Time: 1.071405e-02
-
  Volume: 4
  Momentum: (4, 0)
  Range: [1, 1]
Time: 1.069283e-02
-
  Volume: 4
  Momentum: (4, 0)
  Range: [1, 1]
Time: 1.070499e-02
-
  Volume: 4
  Momentum: (4, 0)
  Range: [1, 1]
Time: 1.078105e-02
-
  Volume: 4
  Momentum: (4, 0)
  Range: [1, 1]
Time: 1.072383e-02
-
  Volume: 4
  Momentum: (4, 0)
  Range: [1, 1]
Time: 1.064897e-02
-
  Volume: 4
  Momentum: (4, 0)
  Range: [1, 1]
Time: 1.077104e-02
-
  Volume: 4
  Momentum: (4, 0)
  Range: [1, 1]
Time: 1.079297e-02
-
  Volume: 4
  Momentum: (4, 0)
  Range: [1, 1]
Time: 1.064086e-02
-
  Volume: 4
  Momentum: (4, 0)
  Range: [1, 1]
Time: 1.069593e-02
-
  Volume: 4
  Momentum: (4, 0)
  Range: [1, 1]
Time: 1.068902e-02
-
  Volume: 4
  Momentum: (4, 0)
  Range: [1, 1]
Time: 1.074600e-02
-
  Volume: 4
  Momentum: (4, 0)
  Range: [1, 1]
Time: 1.072788e-02
-
  Volume: 4
  Momentum: (4, 0)
  Range: [1, 1]
Time: 1.069999e-02
-
  Volume: 4
  Momentum: (4, 0)
  Range: [1, 1]
Time: 1.069999e-02
-
  Volume: 4
  Momentum: (4, 0)
  Range: [1, 1]
Time: 1.072311e-02
-
  Volume: 4
  Momentum: (4, 0)
  Range: [1, 1]
Time: 1.074314e-02
-
  Volume: 4
  Momentum: (4, 0)
  Range: [1, 1]
Time: 1.077104e-02
-
  Volume: 4
  Momentum: (4, 0)
  Range: [1, 1]
Time: 1.073790e-02
-
  Volume: 4
  Momentum: (4, 0)
  Range: [1, 1]
Time: 1.076412e-02
-
  Volume: 4
  Momentum: (4, 0)
  Range: [1, 1]
Time: 1.063204e-02
-
  Volume: 4
  Momentum: (4, 0)
  Range: [1, 1]
Time: 1.070499e-02
-
  Volume: 4
  Momentum: (4, 0)
  Range: [1, 1]
Time: 1.058817e-02
-
  Volume: 4
  Momentum: (4, 0)
  Range: [1, 1]
Time: 1.069808e-02
-
  Volume: 4
  Momentum: (4, 0)
  Range: [1, 1]
Time: 1.068497e-02
-
  Volume: 4
  Momentum: (4, 0)
  Range: [1, 1]
Time: 1.069498e-02
-
  Volume: 4
  Momentum: (4, 0)
  Range: [1, 1]
