-
  Volume: 4
  Momentum: (4, 0)
  Range: [1, 1]
Time: 2.215314e-02
-
  Volume: 4
  Momentum: (4, 0)
  Range: [1, 1]
Time: 8.153915e-03
-
  Volume: 4
  Momentum: (4, 0)
  Range: [1, 1]
Time: 8.158922e-03
-
  Volume: 4
  Momentum: (4, 0)
  Range: [1, 1]
Time: 8.156061e-03
-
  Volume: 4
  Momentum: (4, 0)
  Range: [1, 1]
Time: 8.158922e-03
-
  Volume: 4
  Momentum: (4, 0)
  Range: [1, 1]
Time: 8.163929e-03
-
  Volume: 4
  Momentum: (4, 0)
  Range: [1, 1]
Time: 8.166075e-03
-
  Volume: 4
  Momentum: (4, 0)
  Range: [1, 1]
Time: 8.162022e-03
-
  Volume: 4
  Momentum: (4, 0)
  Range: [1, 1]
Time: 8.150101e-03
-
  Volume: 4
  Momentum: (4, 0)
  Range: [1, 1]
Time: 8.165121e-03
-
  Volume: 4
  Momentum: (4, 0)
  Range: [1, 1]
Time: 8.162022e-03
-
  Volume: 4
  Momentum: (4, 0)
  Range: [1, 1]
Time: 8.162022e-03
-
  Volume: 4
  Momentum: (4, 0)
  Range: [1, 1]
Time: 8.167028e-03
-
  Volume: 4
  Momentum: (4, 0)
  Range: [1, 1]
Time: 8.167982e-03
-
  Volume: 4
  Momentum: (4, 0)
  Range: [1, 1]
Time: 8.160830e-03
-
  Volume: 4
  Momentum: (4, 0)
  Range: [1, 1]
Time: 8.161068e-03
-
  Volume: 4
  Momentum: (4, 0)
  Range: [1, 1]
Time: 8.167028e-03
-
  Volume: 4
  Momentum: (4, 0)
  Range: [1, 1]
Time: 8.167028e-03
-
  Volume: 4
  Momentum: (4, 0)
  Range: [1, 1]
Time: 8.168936e-03
-
  Volume: 4
  Momentum: (4, 0)
  Range: [1, 1]
Time: 8.159161e-03
-
  Volume: 4
  Momentum: (4, 0)
  Range: [1, 1]
Time: 8.153915e-03
-
  Volume: 4
  Momentum: (4, 0)
  Range: [1, 1]
Time: 8.144140e-03
-
  Volume: 4
  Momentum: (4, 0)
  Range: [1, 1]
Time: 8.146048e-03
-
  Volume: 4
  Momentum: (4, 0)
  Range: [1, 1]
Time: 8.154154e-03
-
  Volume: 4
  Momentum: (4, 0)
  Range: [1, 1]
Time: 8.159876e-03
-
  Volume: 4
  Momentum: (4, 0)
  Range: [1, 1]
Time: 8.144855e-03
-
  Volume: 4
  Momentum: (4, 0)
  Range: [1, 1]
Time: 8.153915e-03
-
  Volume: 4
  Momentum: (4, 0)
  Range: [1, 1]
Time: 8.146048e-03
-
  Volume: 4
  Momentum: (4, 0)
  Range: [1, 1]
Time: 8.151054e-03
-
  Volume: 4
  Momentum: (4, 0)
  Range: [1, 1]
Time: 8.144140e-03
-
  Volume: 4
  Momentum: (4, 0)
  Range: [1, 1]
Time: 8.155107e-03
-
  Volume: 4
  Momentum: (4, 0)
  Range: [1, 1]
Time: 8.150816e-03
-
  Volume: 4
  Momentum: (4, 0)
  Range: [1, 1]
Time: 8.157015e-03
-
  Volume: 4
  Momentum: (4, 0)
  Range: [1, 1]
Time: 8.141994e-03
-
  Volume: 4
  Momentum: (4, 0)
  Range: [1, 1]
Time: 8.151054e-03
-
  Volume: 4
  Momentum: (4, 0)
  Range: [1, 1]
Time: 8.147955e-03
-
  Volume: 4
  Momentum: (4, 0)
  Range: [1, 1]
Time: 8.149147e-03
-
  Volume: 4
  Momentum: (4, 0)
  Range: [1, 1]
Time: 8.141994e-03
-
  Volume: 4
  Momentum: (4, 0)
  Range: [1, 1]
Time: 8.147955e-03
-
  Volume: 4
  Momentum: (4, 0)
  Range: [1, 1]
Time: 8.151054e-03
-
  Volume: 4
  Momentum: (4, 0)
  Range: [1, 1]
Time: 8.146048e-03
-
  Volume: 4
  Momentum: (4, 0)
  Range: [1, 1]
Time: 8.151054e-03
-
  Volume: 4
  Momentum: (4, 0)
  Range: [1, 1]
Time: 8.154869e-03
-
  Volume: 4
  Momentum: (4, 0)
  Range: [1, 1]
Time: 8.156061e-03
-
  Volume: 4
  Momentum: (4, 0)
  Range: [1, 1]
Time: 8.153200e-03
-
  Volume: 4
  Momentum: (4, 0)
  Range: [1, 1]
Time: 8.156061e-03
-
  Volume: 4
  Momentum: (4, 0)
  Range: [1, 1]
Time: 8.144140e-03
-
  Volume: 4
  Momentum: (4, 0)
  Range: [1, 1]
Time: 8.154154e-03
-
  Volume: 4
  Momentum: (4, 0)
  Range: [1, 1]
Time: 8.147955e-03
-
  Volume: 4
  Momentum: (4, 0)
  Range: [1, 1]
Time: 8.146048e-03
-
  Volume: 4
  Momentum: (4, 0)
  Range: [1, 1]
