-
  Volume: 4
  Momentum: (4, 0)
  Range: [1, 1]
Time: 6.440639e-01
-
  Volume: 4
  Momentum: (4, 0)
  Range: [1, 1]
Time: 6.427231e-01
-
  Volume: 4
  Momentum: (4, 0)
  Range: [1, 1]
Time: 6.434720e-01
-
  Volume: 4
  Momentum: (4, 0)
  Range: [1, 1]
Time: 6.436090e-01
-
  Volume: 4
  Momentum: (4, 0)
  Range: [1, 1]
Time: 6.436970e-01
-
  Volume: 4
  Momentum: (4, 0)
  Range: [1, 1]
Time: 6.430809e-01
-
  Volume: 4
  Momentum: (4, 0)
  Range: [1, 1]
Time: 6.439881e-01
-
  Volume: 4
  Momentum: (4, 0)
  Range: [1, 1]
Time: 6.441560e-01
-
  Volume: 4
  Momentum: (4, 0)
  Range: [1, 1]
Time: 6.435330e-01
-
  Volume: 4
  Momentum: (4, 0)
  Range: [1, 1]
Time: 6.436019e-01
-
  Volume: 4
  Momentum: (4, 0)
  Range: [1, 1]
Time: 6.439559e-01
-
  Volume: 4
  Momentum: (4, 0)
  Range: [1, 1]
Time: 6.434250e-01
-
  Volume: 4
  Momentum: (4, 0)
  Range: [1, 1]
Time: 6.444330e-01
-
  Volume: 4
  Momentum: (4, 0)
  Range: [1, 1]
Time: 6.429951e-01
-
  Volume: 4
  Momentum: (4, 0)
  Range: [1, 1]
Time: 6.472201e-01
-
  Volume: 4
  Momentum: (4, 0)
  Range: [1, 1]
Time: 6.442981e-01
-
  Volume: 4
  Momentum: (4, 0)
  Range: [1, 1]
Time: 6.447361e-01
-
  Volume: 4
  Momentum: (4, 0)
  Range: [1, 1]
Time: 6.444719e-01
-
  Volume: 4
  Momentum: (4, 0)
  Range: [1, 1]
Time: 6.437831e-01
-
  Volume: 4
  Momentum: (4, 0)
  Range: [1, 1]
Time: 6.438909e-01
-
  Volume: 4
  Momentum: (4, 0)
  Range: [1, 1]
Time: 6.436479e-01
-
  Volume: 4
  Momentum: (4, 0)
  Range: [1, 1]
Time: 6.441760e-01
-
  Volume: 4
  Momentum: (4, 0)
  Range: [1, 1]
Time: 6.445711e-01
-
  Volume: 4
  Momentum: (4, 0)
  Range: [1, 1]
Time: 6.444919e-01
-
  Volume: 4
  Momentum: (4, 0)
  Range: [1, 1]
Time: 6.591609e-01
-
  Volume: 4
  Momentum: (4, 0)
  Range: [1, 1]
Time: 6.538460e-01
-
  Volume: 4
  Momentum: (4, 0)
  Range: [1, 1]
Time: 6.535292e-01
-
  Volume: 4
  Momentum: (4, 0)
  Range: [1, 1]
Time: 6.538751e-01
-
  Volume: 4
  Momentum: (4, 0)
  Range: [1, 1]
Time: 6.534829e-01
-
  Volume: 4
  Momentum: (4, 0)
  Range: [1, 1]
Time: 6.534050e-01
-
  Volume: 4
  Momentum: (4, 0)
  Range: [1, 1]
Time: 6.534522e-01
-
  Volume: 4
  Momentum: (4, 0)
  Range: [1, 1]
Time: 6.539190e-01
-
  Volume: 4
  Momentum: (4, 0)
  Range: [1, 1]
Time: 6.536081e-01
-
  Volume: 4
  Momentum: (4, 0)
  Range: [1, 1]
Time: 6.535749e-01
-
  Volume: 4
  Momentum: (4, 0)
  Range: [1, 1]
Time: 6.541049e-01
-
  Volume: 4
  Momentum: (4, 0)
  Range: [1, 1]
Time: 6.535029e-01
-
  Volume: 4
  Momentum: (4, 0)
  Range: [1, 1]
Time: 6.536739e-01
-
  Volume: 4
  Momentum: (4, 0)
  Range: [1, 1]
Time: 6.537821e-01
-
  Volume: 4
  Momentum: (4, 0)
  Range: [1, 1]
Time: 6.534810e-01
-
  Volume: 4
  Momentum: (4, 0)
  Range: [1, 1]
Time: 6.547389e-01
-
  Volume: 4
  Momentum: (4, 0)
  Range: [1, 1]
Time: 6.534581e-01
-
  Volume: 4
  Momentum: (4, 0)
  Range: [1, 1]
Time: 6.541460e-01
-
  Volume: 4
  Momentum: (4, 0)
  Range: [1, 1]
Time: 6.542139e-01
-
  Volume: 4
  Momentum: (4, 0)
  Range: [1, 1]
Time: 6.533771e-01
-
  Volume: 4
  Momentum: (4, 0)
  Range: [1, 1]
Time: 6.535430e-01
-
  Volume: 4
  Momentum: (4, 0)
  Range: [1, 1]
Time: 6.534400e-01
-
  Volume: 4
  Momentum: (4, 0)
  Range: [1, 1]
Time: 6.536000e-01
-
  Volume: 4
  Momentum: (4, 0)
  Range: [1, 1]
Time: 6.540229e-01
-
  Volume: 4
  Momentum: (4, 0)
  Range: [1, 1]
Time: 6.542490e-01
-
  Volume: 4
  Momentum: (4, 0)
  Range: [1, 1]
Time: 6.542151e-01
-
  Volume: 4
  Momentum: (4, 0)
  Range: [1, 1]
