-
  Volume: 4
  Momentum: (4, 0)
  Range: [0.800011, 1.19999]
Time: 6.738210e-02
-
  Volume: 4.00002
  Momentum: (4.00022, 7.22792e-07)
  Range: [0.800716, 1.19873]
Time: 6.552911e-02
-
  Volume: 4.00007
  Momentum: (4.00027, 2.98072e-06)
  Range: [0.802967, 1.19479]
Time: 6.530690e-02
-
  Volume: 3.99992
  Momentum: (4.00002, 6.61582e-06)
  Range: [0.806765, 1.18836]
Time: 6.527400e-02
-
  Volume: 4.0001
  Momentum: (3.99983, 1.13886e-05)
  Range: [0.812084, 1.17974]
Time: 6.527495e-02
-
  Volume: 4.00006
  Momentum: (3.99994, 1.70108e-05)
  Range: [0.818903, 1.16926]
Time: 6.527686e-02
-
  Volume: 3.99996
  Momentum: (4.00023, 2.31697e-05)
  Range: [0.827177, 1.15727]
Time: 6.527281e-02
-
  Volume: 3.99983
  Momentum: (4.00003, 2.95453e-05)
  Range: [0.836865, 1.14417]
Time: 6.529903e-02
-
  Volume: 4.00016
  Momentum: (3.99964, 3.58657e-05)
  Range: [0.847852, 1.13029]
Time: 6.526709e-02
-
  Volume: 4.00018
  Momentum: (3.99994, 4.18778e-05)
  Range: [0.859959, 1.11602]
Time: 6.526709e-02
-
  Volume: 4.00017
  Momentum: (3.99984, 4.73709e-05)
  Range: [0.872884, 1.10171]
Time: 6.526995e-02
-
  Volume: 4.00011
  Momentum: (3.99971, 5.21572e-05)
  Range: [0.88604, 1.0878]
Time: 6.527090e-02
-
  Volume: 3.99985
  Momentum: (3.99972, 5.60551e-05)
  Range: [0.898625, 1.0749]
Time: 6.530023e-02
-
  Volume: 4.00004
  Momentum: (3.9999, 5.89321e-05)
  Range: [0.909625, 1.06413]
Time: 6.526995e-02
-
  Volume: 4
  Momentum: (3.99983, 6.06427e-05)
  Range: [0.917988, 1.05803]
Time: 6.527185e-02
-
  Volume: 3.99993
  Momentum: (3.99999, 6.10891e-05)
  Range: [0.922946, 1.06019]
Time: 6.527090e-02
-
  Volume: 4.00012
  Momentum: (3.9999, 6.03108e-05)
  Range: [0.924317, 1.0712]
Time: 6.551194e-02
-
  Volume: 3.99994
  Momentum: (3.99976, 5.83465e-05)
  Range: [0.922287, 1.08765]
Time: 6.640887e-02
-
  Volume: 4.00023
  Momentum: (3.9996, 5.53074e-05)
  Range: [0.917557, 1.10645]
Time: 6.622601e-02
-
  Volume: 4.00028
  Momentum: (3.99988, 5.13076e-05)
  Range: [0.910855, 1.12554]
Time: 6.601501e-02
-
  Volume: 4.0001
  Momentum: (3.99972, 4.64974e-05)
  Range: [0.902783, 1.14373]
Time: 6.602192e-02
-
  Volume: 4.00016
  Momentum: (3.99953, 4.10773e-05)
  Range: [0.893843, 1.16006]
Time: 6.601787e-02
-
  Volume: 4.00024
  Momentum: (3.99975, 3.52753e-05)
  Range: [0.884441, 1.17396]
Time: 6.601882e-02
-
  Volume: 4.00017
  Momentum: (3.9997, 2.93505e-05)
  Range: [0.874886, 1.1851]
Time: 6.601501e-02
-
  Volume: 4.00034
  Momentum: (3.99962, 2.35533e-05)
  Range: [0.865436, 1.19321]
Time: 6.602383e-02
-
  Volume: 4.00039
  Momentum: (3.99977, 1.81308e-05)
  Range: [0.856297, 1.19836]
Time: 6.600404e-02
-
  Volume: 4.00056
  Momentum: (3.9996, 1.33188e-05)
  Range: [0.847553, 1.20065]
Time: 6.601191e-02
-
  Volume: 4.00047
  Momentum: (3.99946, 9.33608e-06)
  Range: [0.839076, 1.20028]
Time: 6.602502e-02
-
  Volume: 4.00033
  Momentum: (3.99965, 6.4022e-06)
  Range: [0.831053, 1.19756]
Time: 6.602192e-02
-
  Volume: 4.00052
  Momentum: (3.99957, 4.59237e-06)
  Range: [0.823681, 1.19265]
Time: 6.601000e-02
-
  Volume: 4.00077
  Momentum: (3.99943, 4.06552e-06)
  Range: [0.817134, 1.18592]
Time: 6.603408e-02
-
  Volume: 4.00044
  Momentum: (3.99951, 4.7944e-06)
  Range: [0.811496, 1.17774]
Time: 6.605196e-02
-
  Volume: 4.00036
  Momentum: (3.99957, 6.70278e-06)
  Range: [0.806825, 1.16841]
Time: 6.600785e-02
-
  Volume: 4.0006
  Momentum: (3.99932, 9.62541e-06)
  Range: [0.803195, 1.15821]
Time: 6.601000e-02
-
  Volume: 4.00066
  Momentum: (3.9993, 1.3442e-05)
  Range: [0.800699, 1.14738]
Time: 6.601095e-02
-
  Volume: 4.00036
  Momentum: (3.99915, 1.80175e-05)
  Range: [0.799451, 1.13613]
Time: 6.602001e-02
-
  Volume: 4.00058
  Momentum: (3.99927, 2.31877e-05)
  Range: [0.799545, 1.12466]
Time: 6.613111e-02
-
  Volume: 4.00037
  Momentum: (3.99917, 2.87902e-05)
  Range: [0.801116, 1.11311]
Time: 6.597590e-02
-
  Volume: 4.00061
  Momentum: (3.99914, 3.46727e-05)
  Range: [0.804393, 1.10164]
Time: 6.580400e-02
-
  Volume: 4.00037
  Momentum: (3.99915, 4.06573e-05)
  Range: [0.809825, 1.09046]
Time: 6.580520e-02
-
  Volume: 4.00055
  Momentum: (3.999, 4.65629e-05)
  Range: [0.817837, 1.07977]
Time: 6.580591e-02
-
  Volume: 4.00068
  Momentum: (3.99915, 5.22048e-05)
  Range: [0.829011, 1.07]
Time: 6.580615e-02
-
  Volume: 4.00053
  Momentum: (3.99934, 5.73766e-05)
  Range: [0.844001, 1.06211]
Time: 6.581903e-02
-
  Volume: 4.00011
  Momentum: (3.99954, 6.19564e-05)
  Range: [0.862982, 1.05842]
Time: 6.580520e-02
-
  Volume: 4.00022
  Momentum: (3.99997, 6.63488e-05)
  Range: [0.884384, 1.06564]
Time: 6.579494e-02
-
  Volume: 4.00014
  Momentum: (4.00044, 6.87846e-05)
  Range: [0.9035, 1.08703]
Time: 6.584692e-02
-
  Volume: 4.00006
  Momentum: (4.00066, 6.84069e-05)
  Range: [0.916389, 1.11743]
Time: 6.580186e-02
-
  Volume: 4.00006
  Momentum: (4.00069, 6.66189e-05)
  Range: [0.922653, 1.14646]
Time: 6.590486e-02
-
  Volume: 4.00007
  Momentum: (4.00076, 6.3554e-05)
  Range: [0.923939, 1.17136]
Time: 6.578612e-02
-
  Volume: 3.99999
  Momentum: (4.00066, 5.96971e-05)
  Range: [0.921767, 1.18722]
Time: 6.578088e-02
-
  Volume: 4.00007
  Momentum: (4.00073, 5.52195e-05)
  Range: [0.917634, 1.19782]
