-
  Volume: 4
  Momentum: (4, 0)
  Range: [0.800025, 1.19998]
Time: 2.301288e-02
-
  Volume: 3.99993
  Momentum: (3.99995, 4.81106e-06)
  Range: [0.800541, 1.19907]
Time: 7.087946e-03
-
  Volume: 3.99998
  Momentum: (4.00001, 1.42873e-05)
  Range: [0.802198, 1.19608]
Time: 7.076979e-03
-
  Volume: 3.99998
  Momentum: (3.99993, 3.03094e-05)
  Range: [0.805079, 1.19102]
Time: 7.100105e-03
-
  Volume: 4
  Momentum: (4.00003, 5.21361e-05)
  Range: [0.809212, 1.18405]
Time: 7.092953e-03
-
  Volume: 3.99997
  Momentum: (4.00006, 7.91151e-05)
  Range: [0.814617, 1.17534]
Time: 7.097006e-03
-
  Volume: 4.00002
  Momentum: (3.99996, 0.000110131)
  Range: [0.821322, 1.16515]
Time: 7.127047e-03
-
  Volume: 4.00005
  Momentum: (3.99987, 0.000144052)
  Range: [0.829319, 1.15369]
Time: 7.124901e-03
-
  Volume: 4.00006
  Momentum: (3.99984, 0.000179354)
  Range: [0.838592, 1.1412]
Time: 8.515835e-03
-
  Volume: 4.00005
  Momentum: (3.99978, 0.000212844)
  Range: [0.849311, 1.12788]
Time: 8.525848e-03
-
  Volume: 4.00007
  Momentum: (3.99981, 0.000243471)
  Range: [0.860869, 1.11431]
Time: 8.543968e-03
-
  Volume: 4.00003
  Momentum: (3.99979, 0.000271433)
  Range: [0.873285, 1.10066]
Time: 8.555889e-03
-
  Volume: 4.00001
  Momentum: (3.99969, 0.000296081)
  Range: [0.886036, 1.08729]
Time: 8.536100e-03
-
  Volume: 4.00011
  Momentum: (3.99974, 0.000316491)
  Range: [0.898233, 1.07486]
Time: 8.545160e-03
-
  Volume: 4.00003
  Momentum: (3.9997, 0.000331409)
  Range: [0.909011, 1.06438]
Time: 8.564949e-03
-
  Volume: 4.00006
  Momentum: (3.99967, 0.000339592)
  Range: [0.917385, 1.05806]
Time: 8.543968e-03
-
  Volume: 4.00013
  Momentum: (3.99971, 0.00034646)
  Range: [0.922752, 1.05955]
Time: 8.571863e-03
-
  Volume: 4.00008
  Momentum: (3.99968, 0.000349036)
  Range: [0.924791, 1.06935]
Time: 8.596182e-03
-
  Volume: 4.00005
  Momentum: (3.99967, 0.000341567)
  Range: [0.923071, 1.08497]
Time: 8.569002e-03
-
  Volume: 4.00011
  Momentum: (3.99963, 0.000327518)
  Range: [0.918712, 1.10323]
Time: 8.548021e-03
-
  Volume: 4.00004
  Momentum: (3.99962, 0.000308614)
  Range: [0.912481, 1.12197]
Time: 8.522034e-03
-
  Volume: 4.00006
  Momentum: (3.99965, 0.000285918)
  Range: [0.90476, 1.13988]
Time: 8.513927e-03
-
  Volume: 3.99999
  Momentum: (3.99964, 0.000260193)
  Range: [0.896153, 1.15604]
Time: 8.518219e-03
-
  Volume: 3.99995
  Momentum: (3.99969, 0.000232554)
  Range: [0.887222, 1.16989]
Time: 8.517981e-03
-
  Volume: 3.99991
  Momentum: (3.9998, 0.000203401)
  Range: [0.878333, 1.18129]
Time: 8.533001e-03
-
  Volume: 3.99998
  Momentum: (3.99983, 0.000175445)
  Range: [0.869336, 1.18998]
Time: 8.529186e-03
-
  Volume: 4
  Momentum: (3.99983, 0.000150801)
  Range: [0.860566, 1.19588]
Time: 7.092953e-03
-
  Volume: 3.99994
  Momentum: (3.99987, 0.000127131)
  Range: [0.85211, 1.1993]
Time: 7.094145e-03
-
  Volume: 3.99988
  Momentum: (3.99989, 0.00010543)
  Range: [0.844226, 1.20031]
Time: 7.097960e-03
-
  Volume: 3.99997
  Momentum: (3.99987, 8.78518e-05)
  Range: [0.836791, 1.19924]
Time: 7.102013e-03
-
  Volume: 3.99999
  Momentum: (3.99983, 7.29078e-05)
  Range: [0.829634, 1.19634]
Time: 7.093906e-03
-
  Volume: 4.00007
  Momentum: (3.99966, 5.69471e-05)
  Range: [0.823109, 1.19188]
Time: 7.108927e-03
-
  Volume: 4.00003
  Momentum: (3.99964, 5.26942e-05)
  Range: [0.817331, 1.18602]
Time: 7.097006e-03
-
  Volume: 3.99995
  Momentum: (3.99968, 6.19891e-05)
  Range: [0.812293, 1.17877]
Time: 7.091999e-03
-
  Volume: 4.00005
  Momentum: (3.99959, 7.37785e-05)
  Range: [0.807961, 1.1703]
Time: 7.091999e-03
-
  Volume: 4.00016
  Momentum: (3.99953, 8.79454e-05)
  Range: [0.804463, 1.16115]
Time: 7.079840e-03
-
  Volume: 4.00016
  Momentum: (3.99946, 0.000106874)
  Range: [0.801869, 1.15149]
Time: 7.103920e-03
-
  Volume: 4.00014
  Momentum: (3.99936, 0.000129785)
  Range: [0.800279, 1.14131]
Time: 7.081985e-03
-
  Volume: 4.0002
  Momentum: (3.99926, 0.000155971)
  Range: [0.799801, 1.13079]
Time: 7.082939e-03
-
  Volume: 4.00017
  Momentum: (3.99915, 0.000185228)
  Range: [0.800546, 1.12008]
Time: 8.517981e-03
-
  Volume: 4.00026
  Momentum: (3.99905, 0.000214302)
  Range: [0.802723, 1.10943]
Time: 8.542061e-03
-
  Volume: 4.00036
  Momentum: (3.99896, 0.000242076)
  Range: [0.806406, 1.09869]
Time: 8.502960e-03
-
  Volume: 4.0003
  Momentum: (3.99882, 0.00027162)
  Range: [0.812022, 1.08808]
Time: 8.532047e-03
-
  Volume: 4.00039
  Momentum: (3.99868, 0.000301728)
  Range: [0.820071, 1.07783]
Time: 8.524895e-03
-
  Volume: 4.00038
  Momentum: (3.99861, 0.00033)
  Range: [0.830993, 1.0688]
Time: 8.536816e-03
-
  Volume: 4.00035
  Momentum: (3.99856, 0.00035407)
  Range: [0.845564, 1.06126]
Time: 8.525848e-03
-
  Volume: 4.00028
  Momentum: (3.99874, 0.00037405)
  Range: [0.864003, 1.05734]
Time: 8.522034e-03
-
  Volume: 3.99998
  Momentum: (3.99942, 0.000394817)
  Range: [0.885008, 1.06413]
Time: 8.536100e-03
-
  Volume: 3.99971
  Momentum: (4.00038, 0.000420866)
  Range: [0.903737, 1.09246]
Time: 8.517981e-03
-
  Volume: 3.99957
  Momentum: (4.00076, 0.000424403)
  Range: [0.916555, 1.12299]
Time: 8.513927e-03
-
  Volume: 3.99959
  Momentum: (4.00084, 0.000414991)
  Range: [0.922796, 1.14937]
