-
  Volume: 4
  Momentum: (4, 0)
  Range: [0.800006, 1.19999]
Time: 1.057830e-01
-
  Volume: 3.99983
  Momentum: (3.99998, 7.91385e-07)
  Range: [0.800582, 1.19897]
Time: 1.012321e-01
-
  Volume: 3.99988
  Momentum: (4.00002, 3.35638e-06)
  Range: [0.802389, 1.1958]
Time: 1.012900e-01
-
  Volume: 3.99985
  Momentum: (3.9999, 7.60545e-06)
  Range: [0.80545, 1.19058]
Time: 1.012712e-01
-
  Volume: 4.00002
  Momentum: (4.00026, 1.3317e-05)
  Range: [0.80978, 1.18344]
Time: 1.012619e-01
-
  Volume: 3.99988
  Momentum: (4.00011, 2.02788e-05)
  Range: [0.815399, 1.17459]
Time: 1.012681e-01
-
  Volume: 3.99983
  Momentum: (3.99991, 2.82134e-05)
  Range: [0.822312, 1.16425]
Time: 1.012800e-01
-
  Volume: 3.99982
  Momentum: (3.99977, 3.68162e-05)
  Range: [0.830526, 1.15268]
Time: 1.012921e-01
-
  Volume: 4.00052
  Momentum: (3.99989, 4.57485e-05)
  Range: [0.840007, 1.14014]
Time: 1.112890e-01
-
  Volume: 4.00009
  Momentum: (4.00001, 5.43302e-05)
  Range: [0.850768, 1.12685]
Time: 1.112120e-01
-
  Volume: 3.99972
  Momentum: (3.99992, 6.23646e-05)
  Range: [0.862486, 1.11324]
Time: 1.112080e-01
-
  Volume: 3.99966
  Momentum: (3.99985, 6.96943e-05)
  Range: [0.874952, 1.09957]
Time: 1.112170e-01
-
  Volume: 3.99987
  Momentum: (4.00003, 7.60746e-05)
  Range: [0.887618, 1.08627]
Time: 1.112161e-01
-
  Volume: 4.00002
  Momentum: (4.00001, 8.1285e-05)
  Range: [0.899676, 1.07394]
Time: 1.112111e-01
-
  Volume: 4.00029
  Momentum: (3.99981, 8.51155e-05)
  Range: [0.910218, 1.06368]
Time: 1.112368e-01
-
  Volume: 4.00026
  Momentum: (3.99979, 8.73587e-05)
  Range: [0.918249, 1.05789]
Time: 1.112051e-01
-
  Volume: 4.0001
  Momentum: (3.99996, 8.79149e-05)
  Range: [0.923033, 1.05992]
Time: 1.112058e-01
-
  Volume: 3.99958
  Momentum: (4.00004, 8.6802e-05)
  Range: [0.924433, 1.07045]
Time: 1.112139e-01
-
  Volume: 3.99955
  Momentum: (3.99997, 8.40592e-05)
  Range: [0.922629, 1.08629]
Time: 1.112039e-01
-
  Volume: 4.00039
  Momentum: (3.9997, 7.98664e-05)
  Range: [0.918212, 1.10451]
Time: 1.112032e-01
-
  Volume: 4.00025
  Momentum: (3.9998, 7.43526e-05)
  Range: [0.911866, 1.12312]
Time: 1.112099e-01
-
  Volume: 4.00033
  Momentum: (3.99975, 6.77389e-05)
  Range: [0.904151, 1.1409]
Time: 1.112130e-01
-
  Volume: 4.00029
  Momentum: (3.99977, 6.02847e-05)
  Range: [0.895665, 1.157]
Time: 1.112339e-01
-
  Volume: 4.00066
  Momentum: (3.99982, 5.23021e-05)
  Range: [0.886677, 1.17083]
Time: 1.112030e-01
-
  Volume: 4.00004
  Momentum: (3.99962, 4.41002e-05)
  Range: [0.877619, 1.18211]
Time: 1.112001e-01
-
  Volume: 4.00037
  Momentum: (3.99995, 3.59795e-05)
  Range: [0.868596, 1.19065]
Time: 1.112390e-01
-
  Volume: 3.99996
  Momentum: (3.9998, 2.82253e-05)
  Range: [0.85989, 1.19646]
Time: 1.010840e-01
-
  Volume: 4.00062
  Momentum: (3.99973, 2.10876e-05)
  Range: [0.851547, 1.19975]
Time: 1.010869e-01
-
  Volume: 4.00027
  Momentum: (4, 1.50974e-05)
  Range: [0.843615, 1.20058]
Time: 1.010990e-01
-
  Volume: 4.00064
  Momentum: (3.99965, 1.0336e-05)
  Range: [0.836012, 1.19934]
Time: 1.010852e-01
-
  Volume: 4.00003
  Momentum: (3.99972, 6.90931e-06)
  Range: [0.828963, 1.19618]
Time: 1.010780e-01
-
  Volume: 4.00029
  Momentum: (3.99978, 3.78652e-06)
  Range: [0.822533, 1.19136]
Time: 1.011229e-01
-
  Volume: 4.00074
  Momentum: (3.99996, 1.83998e-06)
  Range: [0.816853, 1.18522]
Time: 1.010821e-01
-
  Volume: 4.00022
  Momentum: (3.99939, 4.91437e-06)
  Range: [0.811931, 1.17775]
Time: 1.010931e-01
-
  Volume: 4.00071
  Momentum: (3.99954, 7.4e-06)
  Range: [0.807669, 1.16926]
Time: 1.011050e-01
-
  Volume: 4.00026
  Momentum: (3.99968, 1.09703e-05)
  Range: [0.804236, 1.16003]
Time: 1.011040e-01
-
  Volume: 4.00038
  Momentum: (3.99946, 1.57354e-05)
  Range: [0.801705, 1.15023]
Time: 1.010969e-01
-
  Volume: 4.00079
  Momentum: (3.99944, 2.15795e-05)
  Range: [0.800204, 1.13998]
Time: 1.010940e-01
-
  Volume: 3.99972
  Momentum: (3.9993, 2.83408e-05)
  Range: [0.799807, 1.12945]
Time: 1.011081e-01
-
  Volume: 4.00038
  Momentum: (3.99934, 3.5858e-05)
  Range: [0.800622, 1.11873]
Time: 1.112220e-01
-
  Volume: 4.00093
  Momentum: (3.99944, 4.37067e-05)
  Range: [0.802902, 1.10797]
Time: 1.112151e-01
-
  Volume: 4.00013
  Momentum: (3.99916, 5.15448e-05)
  Range: [0.806857, 1.09728]
Time: 1.112161e-01
-
  Volume: 3.99987
  Momentum: (3.99947, 5.95004e-05)
  Range: [0.812937, 1.08688]
Time: 1.112270e-01
-
  Volume: 4.00107
  Momentum: (3.99921, 6.73587e-05)
  Range: [0.821527, 1.07692]
Time: 1.113310e-01
-
  Volume: 4.00006
  Momentum: (3.99936, 7.48089e-05)
  Range: [0.833262, 1.06782]
Time: 1.112630e-01
-
  Volume: 4.00096
  Momentum: (3.99937, 8.16402e-05)
  Range: [0.848706, 1.0605]
Time: 1.112559e-01
-
  Volume: 4.00032
  Momentum: (3.99975, 8.77515e-05)
  Range: [0.867807, 1.05755]
Time: 1.112280e-01
-
  Volume: 3.99997
  Momentum: (3.99994, 9.35512e-05)
  Range: [0.888612, 1.06636]
Time: 1.112070e-01
-
  Volume: 3.99989
  Momentum: (4.00064, 9.60742e-05)
  Range: [0.90651, 1.08862]
Time: 1.112139e-01
-
  Volume: 4.00013
  Momentum: (4.00069, 9.59919e-05)
  Range: [0.918233, 1.11777]
Time: 1.112070e-01
-
  Volume: 3.99984
  Momentum: (4.00089, 9.3705e-05)
  Range: [0.923685, 1.14433]
