-
  Volume: 4
  Momentum: (4, 0)
  Range: [0.800025, 1.19998]
Time: 3.632402e-02
-
  Volume: 3.99995
  Momentum: (3.9999, 0)
  Range: [0.800658, 1.19888]
Time: 3.612995e-02
-
  Volume: 3.99993
  Momentum: (3.99993, 0)
  Range: [0.802515, 1.19564]
Time: 3.617597e-02
-
  Volume: 3.99997
  Momentum: (3.99992, 0)
  Range: [0.805631, 1.19036]
Time: 3.615499e-02
-
  Volume: 4.00005
  Momentum: (4.00008, 0)
  Range: [0.810024, 1.18317]
Time: 3.617406e-02
-
  Volume: 4.00003
  Momentum: (4, 0)
  Range: [0.815705, 1.17426]
Time: 3.619194e-02
-
  Volume: 3.99996
  Momentum: (4.00012, 0)
  Range: [0.822678, 1.16387]
Time: 3.641319e-02
-
  Volume: 4.00009
  Momentum: (4.00002, 0)
  Range: [0.830959, 1.15225]
Time: 3.650188e-02
-
  Volume: 3.99996
  Momentum: (3.99999, 0)
  Range: [0.84052, 1.13967]
Time: 4.397392e-02
-
  Volume: 4.00002
  Momentum: (3.99991, 0)
  Range: [0.851276, 1.12642]
Time: 4.389501e-02
-
  Volume: 4.00002
  Momentum: (3.99992, 0)
  Range: [0.863052, 1.1128]
Time: 4.385304e-02
-
  Volume: 4.00002
  Momentum: (4.00001, 0)
  Range: [0.87555, 1.09915]
Time: 4.385209e-02
-
  Volume: 4.00007
  Momentum: (4.00011, 0)
  Range: [0.888232, 1.08589]
Time: 4.396081e-02
-
  Volume: 4.00019
  Momentum: (3.99998, 0)
  Range: [0.900302, 1.07362]
Time: 4.389501e-02
-
  Volume: 3.99992
  Momentum: (4.00007, 0)
  Range: [0.910795, 1.06339]
Time: 4.391694e-02
-
  Volume: 3.99992
  Momentum: (3.99991, 0)
  Range: [0.918786, 1.05756]
Time: 4.395390e-02
-
  Volume: 3.99992
  Momentum: (3.99992, 0)
  Range: [0.923498, 1.05963]
Time: 4.387593e-02
-
  Volume: 4.0001
  Momentum: (4.00003, 0)
  Range: [0.924804, 1.07022]
Time: 4.381704e-02
-
  Volume: 4.00004
  Momentum: (3.99995, 0)
  Range: [0.922934, 1.08609]
Time: 4.391909e-02
-
  Volume: 3.99997
  Momentum: (4.00005, 0)
  Range: [0.918521, 1.10424]
Time: 4.396009e-02
-
  Volume: 3.99997
  Momentum: (4, 0)
  Range: [0.912159, 1.12279]
Time: 4.379320e-02
-
  Volume: 4.00001
  Momentum: (4.0001, 0)
  Range: [0.904454, 1.14053]
Time: 4.397297e-02
-
  Volume: 3.99999
  Momentum: (3.99988, 0)
  Range: [0.895918, 1.15659]
Time: 4.389000e-02
-
  Volume: 3.99999
  Momentum: (4, 0)
  Range: [0.886943, 1.17037]
Time: 4.386520e-02
-
  Volume: 3.99991
  Momentum: (3.99994, 0)
  Range: [0.877825, 1.18157]
Time: 4.384494e-02
-
  Volume: 3.99997
  Momentum: (3.99996, 0)
  Range: [0.868783, 1.19008]
Time: 3.652120e-02
-
  Volume: 3.99986
  Momentum: (4.00009, 0)
  Range: [0.859972, 1.1959]
Time: 3.657913e-02
-
  Volume: 3.99997
  Momentum: (3.99996, 0)
  Range: [0.851507, 1.19913]
Time: 3.650618e-02
-
  Volume: 4.00002
  Momentum: (3.99997, 0)
  Range: [0.843469, 1.19998]
Time: 3.659701e-02
-
  Volume: 4
  Momentum: (4.00009, 0)
  Range: [0.835934, 1.19866]
Time: 3.665805e-02
-
  Volume: 4.0001
  Momentum: (3.99995, 0)
  Range: [0.828963, 1.19545]
Time: 3.664207e-02
-
  Volume: 4.00004
  Momentum: (3.99996, 0)
  Range: [0.822613, 1.19059]
Time: 3.667688e-02
-
  Volume: 3.9999
  Momentum: (3.99991, 0)
  Range: [0.816921, 1.18432]
Time: 3.669095e-02
-
  Volume: 3.99998
  Momentum: (3.99998, 0)
  Range: [0.811946, 1.17687]
Time: 3.665614e-02
-
  Volume: 4.00005
  Momentum: (3.99996, 0)
  Range: [0.807739, 1.16844]
Time: 3.664494e-02
-
  Volume: 4.00008
  Momentum: (4.0001, 0)
  Range: [0.804357, 1.15923]
Time: 3.670692e-02
-
  Volume: 3.99978
  Momentum: (4.00007, 0)
  Range: [0.801883, 1.14941]
Time: 3.670192e-02
-
  Volume: 3.9999
  Momentum: (4, 0)
  Range: [0.800411, 1.13913]
Time: 3.672099e-02
-
  Volume: 4.00009
  Momentum: (4.00009, 0)
  Range: [0.80006, 1.12854]
Time: 3.664207e-02
-
  Volume: 3.99986
  Momentum: (4.00002, 0)
  Range: [0.800991, 1.11777]
Time: 4.400802e-02
-
  Volume: 4.00006
  Momentum: (4.00004, 0)
  Range: [0.803427, 1.10695]
Time: 4.401183e-02
-
  Volume: 4.00002
  Momentum: (3.99996, 0)
  Range: [0.807601, 1.09623]
Time: 4.396582e-02
-
  Volume: 4.0001
  Momentum: (4.00014, 0)
  Range: [0.813932, 1.08578]
Time: 4.393911e-02
-
  Volume: 3.99994
  Momentum: (3.99993, 0)
  Range: [0.822879, 1.07585]
Time: 4.400492e-02
-
  Volume: 3.99985
  Momentum: (4.00005, 0)
  Range: [0.835034, 1.06684]
Time: 4.402804e-02
-
  Volume: 3.99998
  Momentum: (4.00001, 0)
  Range: [0.850927, 1.05977]
Time: 4.408908e-02
-
  Volume: 3.99999
  Momentum: (4.00001, 0)
  Range: [0.870415, 1.05735]
Time: 4.403806e-02
-
  Volume: 4.00004
  Momentum: (4.00002, 0)
  Range: [0.891206, 1.06512]
Time: 4.400921e-02
-
  Volume: 3.99995
  Momentum: (4.00005, 0)
  Range: [0.908361, 1.08659]
Time: 4.392600e-02
-
  Volume: 3.99996
  Momentum: (3.99992, 0)
  Range: [0.919175, 1.11514]
Time: 4.400301e-02
-
  Volume: 3.99997
  Momentum: (3.99999, 0)
  Range: [0.924051, 1.14219]
