-
  Volume: 4
  Momentum: (4, 0)
  Range: [0.800025, 1.19998]
Time: 1.869702e-02
-
  Volume: 3.99994
  Momentum: (3.99993, 1.45322e-06)
  Range: [0.800568, 1.19902]
Time: 1.104403e-02
-
  Volume: 3.99996
  Momentum: (4.00002, 6.27975e-06)
  Range: [0.802308, 1.19595]
Time: 1.098490e-02
-
  Volume: 3.99996
  Momentum: (3.99996, 1.44998e-05)
  Range: [0.805299, 1.1908]
Time: 1.100802e-02
-
  Volume: 3.99999
  Momentum: (4.00009, 2.56984e-05)
  Range: [0.809562, 1.18374]
Time: 1.104307e-02
-
  Volume: 3.99996
  Momentum: (4.0001, 3.95348e-05)
  Range: [0.815113, 1.17495]
Time: 1.095510e-02
-
  Volume: 3.99999
  Momentum: (3.99999, 5.54363e-05)
  Range: [0.821972, 1.16466]
Time: 1.094508e-02
-
  Volume: 4.00008
  Momentum: (3.99988, 7.28255e-05)
  Range: [0.830116, 1.15312]
Time: 1.091290e-02
-
  Volume: 3.99994
  Momentum: (3.99999, 9.09022e-05)
  Range: [0.83953, 1.14062]
Time: 1.319408e-02
-
  Volume: 3.99997
  Momentum: (3.99978, 0.000107934)
  Range: [0.850331, 1.12727]
Time: 1.314878e-02
-
  Volume: 4.00006
  Momentum: (3.99996, 0.000123596)
  Range: [0.862008, 1.11368]
Time: 1.312113e-02
-
  Volume: 3.9999
  Momentum: (3.9999, 0.000137936)
  Range: [0.874458, 1.10001]
Time: 1.309705e-02
-
  Volume: 4.00003
  Momentum: (3.99986, 0.000150441)
  Range: [0.887096, 1.08668]
Time: 1.309991e-02
-
  Volume: 4.00012
  Momentum: (3.99979, 0.000160613)
  Range: [0.89911, 1.07432]
Time: 1.313496e-02
-
  Volume: 3.99998
  Momentum: (3.99987, 0.000168093)
  Range: [0.909601, 1.064]
Time: 1.315904e-02
-
  Volume: 4.00012
  Momentum: (3.99984, 0.000172519)
  Range: [0.917695, 1.05822]
Time: 1.313615e-02
-
  Volume: 4.00006
  Momentum: (3.99975, 0.000173599)
  Range: [0.922596, 1.0602]
Time: 1.312208e-02
-
  Volume: 4.00018
  Momentum: (3.99981, 0.000171438)
  Range: [0.924077, 1.07057]
Time: 1.310301e-02
-
  Volume: 4.00006
  Momentum: (3.99981, 0.000166115)
  Range: [0.922293, 1.08629]
Time: 1.310587e-02
-
  Volume: 4.00018
  Momentum: (3.99978, 0.000157951)
  Range: [0.917906, 1.10452]
Time: 1.310015e-02
-
  Volume: 4.00027
  Momentum: (3.99973, 0.000147227)
  Range: [0.911569, 1.12318]
Time: 1.310897e-02
-
  Volume: 4.00033
  Momentum: (3.99958, 0.000134369)
  Range: [0.903864, 1.14102]
Time: 1.310205e-02
-
  Volume: 4.00036
  Momentum: (3.99959, 0.000119827)
  Range: [0.895394, 1.1572]
Time: 1.310611e-02
-
  Volume: 4.00042
  Momentum: (3.99958, 0.000104198)
  Range: [0.886457, 1.17113]
Time: 1.309681e-02
-
  Volume: 4.00053
  Momentum: (3.9996, 8.80599e-05)
  Range: [0.877482, 1.1825]
Time: 1.310015e-02
-
  Volume: 4.00059
  Momentum: (3.99946, 7.20636e-05)
  Range: [0.868568, 1.19115]
Time: 1.310682e-02
-
  Volume: 4.00059
  Momentum: (3.99954, 5.67997e-05)
  Range: [0.859891, 1.19703]
Time: 1.091194e-02
-
  Volume: 4.00063
  Momentum: (3.99941, 4.23447e-05)
  Range: [0.8515, 1.20035]
Time: 1.091599e-02
-
  Volume: 4.0007
  Momentum: (3.99948, 2.97115e-05)
  Range: [0.843645, 1.20123]
Time: 1.091886e-02
-
  Volume: 4.00074
  Momentum: (3.99936, 1.99507e-05)
  Range: [0.836269, 1.2]
Time: 1.092410e-02
-
  Volume: 4.00084
  Momentum: (3.99927, 1.23864e-05)
  Range: [0.829159, 1.19691]
Time: 1.097298e-02
-
  Volume: 4.00089
  Momentum: (3.99921, 4.21546e-06)
  Range: [0.822672, 1.19221]
Time: 1.092815e-02
-
  Volume: 4.00092
  Momentum: (3.99912, 1.20762e-06)
  Range: [0.816965, 1.18612]
Time: 1.093817e-02
-
  Volume: 4.00086
  Momentum: (3.99905, 6.80631e-06)
  Range: [0.812003, 1.17868]
Time: 1.093507e-02
-
  Volume: 4.00095
  Momentum: (3.99901, 1.32446e-05)
  Range: [0.80771, 1.17]
Time: 1.093888e-02
-
  Volume: 4.00096
  Momentum: (3.99886, 2.08844e-05)
  Range: [0.804196, 1.16071]
Time: 1.094913e-02
-
  Volume: 4.0009
  Momentum: (3.99877, 3.08167e-05)
  Range: [0.801596, 1.15092]
Time: 1.102805e-02
-
  Volume: 4.00102
  Momentum: (3.99879, 4.27962e-05)
  Range: [0.800018, 1.14068]
Time: 1.091599e-02
-
  Volume: 4.00094
  Momentum: (3.99862, 5.65853e-05)
  Range: [0.79957, 1.13013]
Time: 1.093602e-02
-
  Volume: 4.00091
  Momentum: (3.9986, 7.19292e-05)
  Range: [0.800349, 1.11943]
Time: 1.312804e-02
-
  Volume: 4.00094
  Momentum: (3.99856, 8.74527e-05)
  Range: [0.802605, 1.1087]
Time: 1.313090e-02
-
  Volume: 4.00102
  Momentum: (3.99851, 0.000102104)
  Range: [0.806455, 1.09802]
Time: 1.310682e-02
-
  Volume: 4.00093
  Momentum: (3.99847, 0.000117152)
  Range: [0.812325, 1.08769]
Time: 1.311803e-02
-
  Volume: 4.00091
  Momentum: (3.99849, 0.000132522)
  Range: [0.820639, 1.07775]
Time: 1.310992e-02
-
  Volume: 4.00091
  Momentum: (3.99855, 0.00014757)
  Range: [0.832013, 1.06863]
Time: 1.319909e-02
-
  Volume: 4.00077
  Momentum: (3.99868, 0.000161527)
  Range: [0.847008, 1.06117]
Time: 1.310778e-02
-
  Volume: 4.00061
  Momentum: (3.99916, 0.000174755)
  Range: [0.865742, 1.05793]
Time: 1.310802e-02
-
  Volume: 4.00031
  Momentum: (4.00007, 0.000188325)
  Range: [0.886628, 1.06868]
Time: 1.314688e-02
-
  Volume: 4.00003
  Momentum: (4.00093, 0.000199683)
  Range: [0.904836, 1.09703]
Time: 1.312518e-02
-
  Volume: 4.00003
  Momentum: (4.00135, 0.000199987)
  Range: [0.917287, 1.127]
Time: 1.312995e-02
-
  Volume: 4.00003
  Momentum: (4.00161, 0.000197007)
  Range: [0.923441, 1.15492]
