-
  Volume: 4
  Momentum: (4, 0)
  Range: [0.800004, 1.2]
Time: 1.413262e-01
-
  Volume: 3.99997
  Momentum: (4.003, 2.58073e-06)
  Range: [0.800593, 1.19895]
Time: 1.362889e-01
-
  Volume: 3.9998
  Momentum: (4.00916, 8.55678e-06)
  Range: [0.802446, 1.19571]
Time: 1.362700e-01
-
  Volume: 4.00198
  Momentum: (4.01917, 1.77379e-05)
  Range: [0.805552, 1.19042]
Time: 1.475961e-01
-
  Volume: 4.00242
  Momentum: (4.03346, 3.0909e-05)
  Range: [0.81031, 1.18261]
Time: 1.476560e-01
-
  Volume: 4.00338
  Momentum: (4.05101, 4.70526e-05)
  Range: [0.816502, 1.17292]
Time: 1.474998e-01
-
  Volume: 4.00409
  Momentum: (4.0719, 6.57763e-05)
  Range: [0.824093, 1.16171]
Time: 1.478262e-01
-
  Volume: 4.00511
  Momentum: (4.09654, 8.66682e-05)
  Range: [0.833045, 1.14933]
Time: 1.283891e-01
-
  Volume: 4.00667
  Momentum: (4.12194, 0.000109373)
  Range: [0.843284, 1.1362]
Time: 1.281269e-01
-
  Volume: 4.00908
  Momentum: (4.15021, 0.000133552)
  Range: [0.854674, 1.12552]
Time: 1.280320e-01
-
  Volume: 4.00937
  Momentum: (4.18015, 0.000158912)
  Range: [0.866976, 1.12547]
Time: 1.283910e-01
-
  Volume: 4.00828
  Momentum: (4.2122, 0.000185209)
  Range: [0.879789, 1.12539]
Time: 1.279409e-01
-
  Volume: 4.00791
  Momentum: (4.24442, 0.000212217)
  Range: [0.892475, 1.12528]
Time: 1.279891e-01
-
  Volume: 4.00789
  Momentum: (4.27756, 0.000239688)
  Range: [0.90419, 1.12515]
Time: 1.280360e-01
-
  Volume: 4.00793
  Momentum: (4.31144, 0.000267419)
  Range: [0.913897, 1.12503]
Time: 1.272800e-01
-
  Volume: 4.00571
  Momentum: (4.34497, 0.000295219)
  Range: [0.920738, 1.12492]
Time: 1.367209e-01
-
  Volume: 4.00392
  Momentum: (4.38015, 0.000325105)
  Range: [0.924232, 1.12483]
Time: 1.369870e-01
-
  Volume: 4.00197
  Momentum: (4.41473, 0.000354864)
  Range: [0.923834, 1.12553]
Time: 1.274822e-01
-
  Volume: 3.99965
  Momentum: (4.44494, 0.000382319)
  Range: [0.920425, 1.12589]
Time: 1.273799e-01
-
  Volume: 3.99771
  Momentum: (4.47394, 0.000409542)
  Range: [0.914842, 1.12546]
Time: 1.272628e-01
-
  Volume: 3.99312
  Momentum: (4.50002, 0.000436491)
  Range: [0.907632, 1.12424]
Time: 1.273990e-01
-
  Volume: 3.99018
  Momentum: (4.52283, 0.000463189)
  Range: [0.899333, 1.1223]
Time: 1.275349e-01
-
  Volume: 3.98358
  Momentum: (4.54258, 0.000489671)
  Range: [0.890358, 1.11973]
Time: 1.276510e-01
-
  Volume: 3.97793
  Momentum: (4.55785, 0.000515955)
  Range: [0.881065, 1.11658]
Time: 1.277459e-01
-
  Volume: 3.97182
  Momentum: (4.56874, 0.000542113)
  Range: [0.871809, 1.11293]
Time: 1.276169e-01
-
  Volume: 3.96462
  Momentum: (4.57445, 0.00056828)
  Range: [0.8643, 1.10885]
Time: 1.275821e-01
-
  Volume: 3.95601
  Momentum: (4.57541, 0.000594483)
  Range: [0.859805, 1.10447]
Time: 1.274841e-01
-
  Volume: 3.94705
  Momentum: (4.57172, 0.000620375)
  Range: [0.859115, 1.09963]
Time: 1.273961e-01
-
  Volume: 3.93734
  Momentum: (4.56405, 0.000645763)
  Range: [0.859073, 1.09455]
Time: 1.277139e-01
-
  Volume: 3.92741
  Momentum: (4.55197, 0.000670657)
  Range: [0.859039, 1.08932]
Time: 1.274869e-01
-
  Volume: 3.91717
  Momentum: (4.5374, 0.000694015)
  Range: [0.858985, 1.08393]
Time: 1.276090e-01
-
  Volume: 3.90713
  Momentum: (4.5205, 0.000717722)
  Range: [0.858978, 1.0784]
Time: 1.272280e-01
-
  Volume: 3.89715
  Momentum: (4.50187, 0.000742371)
  Range: [0.858978, 1.07278]
Time: 1.267459e-01
-
  Volume: 3.88782
  Momentum: (4.48212, 0.000764289)
  Range: [0.858931, 1.0672]
Time: 1.277101e-01
-
  Volume: 3.87879
  Momentum: (4.46256, 0.000785264)
  Range: [0.858847, 1.06546]
Time: 1.275549e-01
-
  Volume: 3.87031
  Momentum: (4.443, 0.000805385)
  Range: [0.858744, 1.0626]
Time: 1.273010e-01
-
  Volume: 3.86208
  Momentum: (4.42429, 0.000824641)
  Range: [0.858671, 1.05884]
Time: 1.268401e-01
-
  Volume: 3.85448
  Momentum: (4.40637, 0.000843015)
  Range: [0.858693, 1.05432]
Time: 1.267610e-01
-
  Volume: 3.84777
  Momentum: (4.38981, 0.000860466)
  Range: [0.85869, 1.04916]
Time: 1.271729e-01
-
  Volume: 3.84174
  Momentum: (4.37495, 0.000876997)
  Range: [0.858687, 1.0435]
Time: 1.269400e-01
-
  Volume: 3.8361
  Momentum: (4.36122, 0.000892473)
  Range: [0.858683, 1.03746]
Time: 1.275001e-01
-
  Volume: 3.83155
  Momentum: (4.34955, 0.000906847)
  Range: [0.858696, 1.03117]
Time: 1.266870e-01
-
  Volume: 3.82779
  Momentum: (4.33955, 0.000920128)
  Range: [0.858719, 1.0247]
Time: 1.268651e-01
-
  Volume: 3.82503
  Momentum: (4.33224, 0.000932325)
  Range: [0.858751, 1.01815]
Time: 1.274462e-01
-
  Volume: 3.82296
  Momentum: (4.32675, 0.000943516)
  Range: [0.858785, 1.01188]
Time: 1.274202e-01
-
  Volume: 3.82184
  Momentum: (4.32332, 0.000953681)
  Range: [0.858825, 1.01426]
Time: 1.268690e-01
-
  Volume: 3.8216
  Momentum: (4.32165, 0.000962841)
  Range: [0.858861, 1.01681]
Time: 1.267419e-01
-
  Volume: 3.8217
  Momentum: (4.32152, 0.000971027)
  Range: [0.858892, 1.01984]
Time: 1.268790e-01
-
  Volume: 3.82224
  Momentum: (4.32094, 0.000978273)
  Range: [0.858998, 1.02169]
Time: 1.262410e-01
-
  Volume: 3.82296
  Momentum: (4.31993, 0.000984584)
  Range: [0.859072, 1.02598]
Time: 1.265142e-01
-
  Volume: 3.82373
  Momentum: (4.31844, 0.000989927)
  Range: [0.859132, 1.02901]
