-
  Volume: 4.00001
  Momentum: (4, 0)
  Range: [0.800002, 1.2]
Time: 5.938489e-01
-
  Volume: 4.00008
  Momentum: (4, 1.00702e-05)
  Range: [0.800002, 1.2]
Time: 5.842640e-01
-
  Volume: 4.00012
  Momentum: (3.99988, 2.02315e-05)
  Range: [0.800002, 1.2]
Time: 5.754652e-01
-
  Volume: 4.00082
  Momentum: (3.99854, 3.09235e-05)
  Range: [0.800002, 1.2]
Time: 5.752761e-01
-
  Volume: 4.00085
  Momentum: (4.00155, 4.17663e-05)
  Range: [0.800002, 1.2]
Time: 6.096802e-01
-
  Volume: 3.99896
  Momentum: (4.00004, 5.33799e-05)
  Range: [0.800002, 1.2]
Time: 6.094279e-01
-
  Volume: 3.99926
  Momentum: (3.99964, 6.49636e-05)
  Range: [0.800002, 1.2]
Time: 6.095049e-01
-
  Volume: 4.00217
  Momentum: (3.99944, 7.61257e-05)
  Range: [0.800002, 1.2]
Time: 6.092288e-01
-
  Volume: 3.9989
  Momentum: (3.99995, 8.66165e-05)
  Range: [0.800002, 1.2]
Time: 6.096530e-01
-
  Volume: 4.00127
  Momentum: (3.99928, 9.64043e-05)
  Range: [0.800002, 1.2]
Time: 6.094410e-01
-
  Volume: 4.00072
  Momentum: (3.99908, 0.000105419)
  Range: [0.800002, 1.2]
Time: 6.435878e-01
-
  Volume: 4.00061
  Momentum: (3.9979, 0.000114037)
  Range: [0.800002, 1.2]
Time: 6.434381e-01
-
  Volume: 4.00302
  Momentum: (3.99905, 0.000121074)
  Range: [0.800002, 1.2]
Time: 6.437151e-01
-
  Volume: 4.00006
  Momentum: (3.99834, 0.000126986)
  Range: [0.800002, 1.2]
Time: 6.430030e-01
-
  Volume: 4.00337
  Momentum: (3.99746, 0.000130883)
  Range: [0.800002, 1.2]
Time: 6.431561e-01
-
  Volume: 4.00434
  Momentum: (3.99656, 0.000133129)
  Range: [0.800002, 1.2]
Time: 6.424110e-01
-
  Volume: 4.00473
  Momentum: (3.99543, 0.00013341)
  Range: [0.800002, 1.2]
Time: 6.430612e-01
-
  Volume: 4.0034
  Momentum: (3.99525, 0.000132241)
  Range: [0.800002, 1.2]
Time: 6.423011e-01
-
  Volume: 4.00435
  Momentum: (3.99522, 0.000129155)
  Range: [0.800002, 1.2]
Time: 6.426220e-01
-
  Volume: 4.00349
  Momentum: (3.99555, 0.000122787)
  Range: [0.800002, 1.2]
Time: 6.423368e-01
-
  Volume: 4.0025
  Momentum: (3.99398, 0.000115579)
  Range: [0.800002, 1.2]
Time: 6.425261e-01
-
  Volume: 4.00499
  Momentum: (3.99418, 0.000106594)
  Range: [0.800002, 1.2]
Time: 6.424320e-01
-
  Volume: 4.00546
  Momentum: (3.99346, 8.67528e-05)
  Range: [0.800002, 1.2]
Time: 6.415370e-01
-
  Volume: 4.00477
  Momentum: (3.99314, 6.38109e-05)
  Range: [0.800002, 1.2]
Time: 6.419458e-01
-
  Volume: 4.00523
  Momentum: (3.99304, 4.21954e-05)
  Range: [0.800002, 1.2]
Time: 6.416960e-01
-
  Volume: 4.00544
  Momentum: (3.99234, 2.2073e-05)
  Range: [0.800002, 1.2]
Time: 6.420841e-01
-
  Volume: 4.00518
  Momentum: (3.99189, 2.69677e-06)
  Range: [0.800002, 1.2]
Time: 6.425452e-01
-
  Volume: 4.00474
  Momentum: (3.99196, -1.57803e-05)
  Range: [0.800002, 1.20004]
Time: 6.426501e-01
-
  Volume: 4.00544
  Momentum: (3.99238, -3.33139e-05)
  Range: [0.800002, 1.2]
Time: 6.419780e-01
-
  Volume: 4.00564
  Momentum: (3.99232, -4.70728e-05)
  Range: [0.800002, 1.2]
Time: 6.423919e-01
-
  Volume: 4.00609
  Momentum: (3.99236, -5.93833e-05)
  Range: [0.800002, 1.2]
Time: 6.421452e-01
-
  Volume: 4.00613
  Momentum: (3.99249, -6.96893e-05)
  Range: [0.800002, 1.2]
Time: 6.426630e-01
-
  Volume: 4.00589
  Momentum: (3.99309, -7.61953e-05)
  Range: [0.800002, 1.2]
Time: 6.451061e-01
-
  Volume: 4.00597
  Momentum: (3.99369, -7.95075e-05)
  Range: [0.800002, 1.2]
Time: 6.443760e-01
-
  Volume: 4.00609
  Momentum: (3.99418, -8.08248e-05)
  Range: [0.800002, 1.2]
Time: 6.432850e-01
-
  Volume: 4.00675
  Momentum: (3.99495, -7.87415e-05)
  Range: [0.800002, 1.2]
Time: 6.417310e-01
-
  Volume: 4.00785
  Momentum: (3.9959, -7.43026e-05)
  Range: [0.800002, 1.2]
Time: 6.413639e-01
-
  Volume: 4.0087
  Momentum: (3.99681, -6.91345e-05)
  Range: [0.800002, 1.2]
Time: 6.416430e-01
-
  Volume: 4.00695
  Momentum: (3.99808, -6.14208e-05)
  Range: [0.800002, 1.2]
Time: 6.078310e-01
-
  Volume: 4.0068
  Momentum: (3.99926, -5.31565e-05)
  Range: [0.800002, 1.2]
Time: 6.080899e-01
-
  Volume: 4.00856
  Momentum: (4.00054, -3.74287e-05)
  Range: [0.800002, 1.2]
Time: 6.087010e-01
-
  Volume: 4.00906
  Momentum: (4.0021, -2.0292e-05)
  Range: [0.800002, 1.2]
Time: 6.087191e-01
-
  Volume: 4.0071
  Momentum: (4.00384, -9.03167e-07)
  Range: [0.800002, 1.2]
Time: 6.086929e-01
-
  Volume: 4.00849
  Momentum: (4.00534, 2.3284e-05)
  Range: [0.800002, 1.2]
Time: 6.085658e-01
-
  Volume: 4.01012
  Momentum: (4.00726, 5.34526e-05)
  Range: [0.800002, 1.2]
Time: 6.084201e-01
-
  Volume: 4.01135
  Momentum: (4.00924, 8.5851e-05)
  Range: [0.800002, 1.2]
Time: 6.425700e-01
-
  Volume: 4.0101
  Momentum: (4.01153, 0.000125076)
  Range: [0.800002, 1.2]
Time: 6.409068e-01
-
  Volume: 4.00929
  Momentum: (4.01385, 0.000169538)
  Range: [0.800002, 1.2]
Time: 6.322179e-01
-
  Volume: 4.01067
  Momentum: (4.01595, 0.000217672)
  Range: [0.800002, 1.2]
Time: 6.414361e-01
-
  Volume: 4.01227
  Momentum: (4.0185, 0.000265647)
  Range: [0.800002, 1.21612]
Time: 6.441131e-01
-
  Volume: 4.01301
  Momentum: (4.02067, 0.000312831)
  Range: [0.800002, 1.22655]
