-
  Volume: 4
  Momentum: (4, 0)
  Range: [0.800025, 1.19998]
Time: 3.049684e-02
-
  Volume: 3.99993
  Momentum: (3.99993, 7.26579e-07)
  Range: [0.800568, 1.19902]
Time: 2.950215e-02
-
  Volume: 3.99995
  Momentum: (4, 3.14e-06)
  Range: [0.802308, 1.19595]
Time: 2.965188e-02
-
  Volume: 3.99995
  Momentum: (3.99997, 7.25019e-06)
  Range: [0.805299, 1.1908]
Time: 2.963400e-02
-
  Volume: 3.99999
  Momentum: (4.00008, 1.28496e-05)
  Range: [0.809562, 1.18374]
Time: 2.965212e-02
-
  Volume: 3.99996
  Momentum: (4.00009, 1.97674e-05)
  Range: [0.815114, 1.17495]
Time: 2.968597e-02
-
  Volume: 3.99995
  Momentum: (3.99998, 2.77183e-05)
  Range: [0.821972, 1.16466]
Time: 2.964282e-02
-
  Volume: 4.0001
  Momentum: (3.99987, 3.64122e-05)
  Range: [0.830116, 1.15312]
Time: 2.965593e-02
-
  Volume: 3.99993
  Momentum: (3.99999, 4.5451e-05)
  Range: [0.83953, 1.14062]
Time: 3.558517e-02
-
  Volume: 3.99997
  Momentum: (3.99969, 5.3966e-05)
  Range: [0.850331, 1.12727]
Time: 3.558302e-02
-
  Volume: 4.0001
  Momentum: (3.99992, 6.1798e-05)
  Range: [0.862008, 1.11368]
Time: 3.548813e-02
-
  Volume: 3.99992
  Momentum: (3.99989, 6.89667e-05)
  Range: [0.874459, 1.10001]
Time: 3.544116e-02
-
  Volume: 4.00012
  Momentum: (3.9999, 7.52191e-05)
  Range: [0.887096, 1.08668]
Time: 3.542995e-02
-
  Volume: 4.00011
  Momentum: (3.99971, 8.03061e-05)
  Range: [0.89911, 1.07432]
Time: 3.542280e-02
-
  Volume: 3.99998
  Momentum: (3.99985, 8.40459e-05)
  Range: [0.909602, 1.064]
Time: 3.543305e-02
-
  Volume: 4
  Momentum: (3.99973, 8.62596e-05)
  Range: [0.917695, 1.05822]
Time: 3.542399e-02
-
  Volume: 3.99997
  Momentum: (3.9997, 8.67896e-05)
  Range: [0.922596, 1.0602]
Time: 3.539109e-02
-
  Volume: 4.00021
  Momentum: (3.99971, 8.56843e-05)
  Range: [0.924077, 1.07057]
Time: 3.541207e-02
-
  Volume: 4.00014
  Momentum: (3.9998, 8.30413e-05)
  Range: [0.922293, 1.08629]
Time: 3.541899e-02
-
  Volume: 4.00011
  Momentum: (3.9998, 7.90203e-05)
  Range: [0.917906, 1.10452]
Time: 3.540897e-02
-
  Volume: 4.00021
  Momentum: (3.9997, 7.37014e-05)
  Range: [0.911569, 1.12318]
Time: 3.540683e-02
-
  Volume: 4.00037
  Momentum: (3.9996, 6.72999e-05)
  Range: [0.903864, 1.14102]
Time: 3.541279e-02
-
  Volume: 4.00042
  Momentum: (3.99959, 6.00607e-05)
  Range: [0.895394, 1.1572]
Time: 3.540993e-02
-
  Volume: 4.00034
  Momentum: (3.99948, 5.22679e-05)
  Range: [0.886457, 1.17113]
Time: 3.542495e-02
-
  Volume: 4.0005
  Momentum: (3.99952, 4.42369e-05)
  Range: [0.877482, 1.1825]
Time: 3.541899e-02
-
  Volume: 4.00062
  Momentum: (3.99943, 3.62938e-05)
  Range: [0.868568, 1.19115]
Time: 3.541613e-02
-
  Volume: 4.00066
  Momentum: (3.99955, 2.87328e-05)
  Range: [0.85989, 1.19703]
Time: 2.949905e-02
-
  Volume: 4.00063
  Momentum: (3.99946, 2.15909e-05)
  Range: [0.8515, 1.20035]
Time: 2.952504e-02
-
  Volume: 4.00072
  Momentum: (3.99948, 1.53638e-05)
  Range: [0.843645, 1.20123]
Time: 2.950597e-02
-
  Volume: 4.00079
  Momentum: (3.99934, 1.05435e-05)
  Range: [0.836269, 1.2]
Time: 2.950907e-02
-
  Volume: 4.00079
  Momentum: (3.99925, 7.15271e-06)
  Range: [0.829159, 1.19691]
Time: 2.950597e-02
-
  Volume: 4.00086
  Momentum: (3.99924, 5.1154e-06)
  Range: [0.822631, 1.19218]
Time: 2.950907e-02
-
  Volume: 4.00087
  Momentum: (3.99911, 4.57718e-06)
  Range: [0.816754, 1.18599]
Time: 2.951717e-02
-
  Volume: 4.00087
  Momentum: (3.9992, 5.49417e-06)
  Range: [0.811588, 1.1786]
Time: 2.952194e-02
-
  Volume: 4.00093
  Momentum: (3.99904, 7.78846e-06)
  Range: [0.807178, 1.17019]
Time: 2.952099e-02
-
  Volume: 4.00096
  Momentum: (3.99898, 1.13626e-05)
  Range: [0.803632, 1.16101]
Time: 2.951193e-02
-
  Volume: 4.00095
  Momentum: (3.99874, 1.61474e-05)
  Range: [0.801015, 1.15121]
Time: 2.951097e-02
-
  Volume: 4.00099
  Momentum: (3.99881, 2.20064e-05)
  Range: [0.79942, 1.14094]
Time: 2.951002e-02
-
  Volume: 4.00093
  Momentum: (3.99869, 2.88253e-05)
  Range: [0.798959, 1.13033]
Time: 2.950001e-02
-
  Volume: 4.00098
  Momentum: (3.9987, 3.64285e-05)
  Range: [0.799707, 1.11955]
Time: 3.541398e-02
-
  Volume: 4.00094
  Momentum: (3.99864, 4.44063e-05)
  Range: [0.801928, 1.10862]
Time: 3.541589e-02
-
  Volume: 4.00093
  Momentum: (3.99851, 5.20815e-05)
  Range: [0.805761, 1.09785]
Time: 3.540492e-02
-
  Volume: 4.00098
  Momentum: (3.99852, 5.98949e-05)
  Range: [0.811623, 1.08744]
Time: 3.540802e-02
-
  Volume: 4.00093
  Momentum: (3.99854, 6.76232e-05)
  Range: [0.819944, 1.07747]
Time: 3.542399e-02
-
  Volume: 4.00081
  Momentum: (3.9986, 7.50633e-05)
  Range: [0.831315, 1.06847]
Time: 3.540182e-02
-
  Volume: 4.00074
  Momentum: (3.99873, 8.195e-05)
  Range: [0.846298, 1.06153]
Time: 3.540611e-02
-
  Volume: 4.00055
  Momentum: (3.99928, 8.84553e-05)
  Range: [0.864991, 1.05966]
Time: 3.541398e-02
-
  Volume: 4.00024
  Momentum: (4.00017, 9.51792e-05)
  Range: [0.885784, 1.06907]
Time: 3.541088e-02
-
  Volume: 3.99998
  Momentum: (4.001, 0.000100226)
  Range: [0.903812, 1.09754]
Time: 3.542113e-02
-
  Volume: 3.99998
  Momentum: (4.00133, 0.000100176)
  Range: [0.916071, 1.12767]
Time: 3.541803e-02
-
  Volume: 3.99994
  Momentum: (4.00154, 9.84249e-05)
  Range: [0.922157, 1.15554]
