-
  Volume: 4
  Momentum: (4, 0)
  Range: [0.800025, 1.19998]
Time: 5.589294e-02
-
  Volume: 3.99995
  Momentum: (4.00018, 4.18584e-06)
  Range: [0.800539, 1.19901]
Time: 4.855108e-02
-
  Volume: 3.99992
  Momentum: (4.00045, 1.35716e-05)
  Range: [0.802198, 1.1959]
Time: 4.849505e-02
-
  Volume: 3.99987
  Momentum: (4.00058, 3.24648e-05)
  Range: [0.805079, 1.19082]
Time: 4.707122e-02
-
  Volume: 3.99989
  Momentum: (4.00081, 5.30544e-05)
  Range: [0.809212, 1.18381]
Time: 2.747917e-02
-
  Volume: 3.99985
  Momentum: (4.00095, 7.3638e-05)
  Range: [0.814805, 1.17519]
Time: 2.757692e-02
-
  Volume: 3.99982
  Momentum: (4.00089, 0.000106367)
  Range: [0.821443, 1.16502]
Time: 2.751589e-02
-
  Volume: 3.99984
  Momentum: (4.00094, 0.00015265)
  Range: [0.829464, 1.15346]
Time: 3.309011e-02
-
  Volume: 3.99968
  Momentum: (4.00055, 0.000173873)
  Range: [0.839033, 1.14063]
Time: 3.300190e-02
-
  Volume: 3.99941
  Momentum: (4.00037, 0.000248596)
  Range: [0.849513, 1.12756]
Time: 3.308797e-02
-
  Volume: 3.99947
  Momentum: (3.99999, 0.000268215)
  Range: [0.861133, 1.11389]
Time: 3.301191e-02
-
  Volume: 3.99917
  Momentum: (3.99984, 0.000305719)
  Range: [0.873796, 1.10023]
Time: 3.308392e-02
-
  Volume: 3.99927
  Momentum: (3.99973, 0.000333459)
  Range: [0.886879, 1.08682]
Time: 2.897692e-02
-
  Volume: 3.99928
  Momentum: (3.99963, 0.000362128)
  Range: [0.898983, 1.07449]
Time: 2.820587e-02
-
  Volume: 3.99916
  Momentum: (3.99942, 0.000370446)
  Range: [0.90965, 1.06418]
Time: 2.816105e-02
-
  Volume: 3.99919
  Momentum: (3.99924, 0.000375213)
  Range: [0.917603, 1.05824]
Time: 2.819300e-02
-
  Volume: 3.99905
  Momentum: (3.99913, 0.000376719)
  Range: [0.922525, 1.06048]
Time: 2.817202e-02
-
  Volume: 3.99912
  Momentum: (3.99889, 0.000375115)
  Range: [0.923953, 1.07073]
Time: 2.815485e-02
-
  Volume: 3.9991
  Momentum: (3.99871, 0.000370556)
  Range: [0.921915, 1.0867]
Time: 2.818704e-02
-
  Volume: 3.99905
  Momentum: (3.99847, 0.000363206)
  Range: [0.917055, 1.10572]
Time: 2.815104e-02
-
  Volume: 3.99896
  Momentum: (3.99842, 0.000353707)
  Range: [0.910985, 1.12411]
Time: 2.582812e-02
-
  Volume: 3.99896
  Momentum: (3.99815, 0.000342003)
  Range: [0.902457, 1.14177]
Time: 1.704788e-02
-
  Volume: 3.99893
  Momentum: (3.99822, 0.000328701)
  Range: [0.893858, 1.15784]
Time: 1.706100e-02
-
  Volume: 3.99893
  Momentum: (3.99825, 0.000314847)
  Range: [0.885185, 1.17183]
Time: 1.708984e-02
-
  Volume: 3.99898
  Momentum: (3.99832, 0.000300752)
  Range: [0.876979, 1.18288]
Time: 1.702499e-02
-
  Volume: 3.99901
  Momentum: (3.99831, 0.000286823)
  Range: [0.868047, 1.19159]
Time: 1.705718e-02
-
  Volume: 3.99899
  Momentum: (3.99841, 0.000273931)
  Range: [0.859465, 1.19706]
Time: 1.419497e-02
-
  Volume: 3.99883
  Momentum: (3.99837, 0.000262137)
  Range: [0.85104, 1.20037]
Time: 1.420498e-02
-
  Volume: 3.99889
  Momentum: (3.99841, 0.000251546)
  Range: [0.843168, 1.20114]
Time: 1.422119e-02
-
  Volume: 3.99895
  Momentum: (3.99843, 0.000243185)
  Range: [0.835853, 1.19971]
Time: 1.417708e-02
-
  Volume: 3.99893
  Momentum: (3.99842, 0.000236405)
  Range: [0.828734, 1.1965]
Time: 1.422906e-02
-
  Volume: 3.99898
  Momentum: (3.99833, 0.000228821)
  Range: [0.822285, 1.19162]
Time: 1.420212e-02
-
  Volume: 3.99898
  Momentum: (3.99824, 0.000226578)
  Range: [0.816584, 1.18532]
Time: 1.419306e-02
-
  Volume: 3.99896
  Momentum: (3.99825, 0.000231912)
  Range: [0.811711, 1.17817]
Time: 1.419592e-02
-
  Volume: 3.99909
  Momentum: (3.99827, 0.000238126)
  Range: [0.807424, 1.16974]
Time: 1.419592e-02
-
  Volume: 3.999
  Momentum: (3.99813, 0.000245611)
  Range: [0.803965, 1.16009]
Time: 1.421404e-02
-
  Volume: 3.99905
  Momentum: (3.99803, 0.000255305)
  Range: [0.801398, 1.14964]
Time: 1.422000e-02
-
  Volume: 3.99914
  Momentum: (3.99804, 0.000266478)
  Range: [0.799914, 1.13967]
Time: 1.420307e-02
-
  Volume: 3.9992
  Momentum: (3.99786, 0.00027884)
  Range: [0.799512, 1.12895]
Time: 1.424098e-02
-
  Volume: 3.99918
  Momentum: (3.9978, 0.000292144)
  Range: [0.800182, 1.11896]
Time: 1.712680e-02
-
  Volume: 3.99923
  Momentum: (3.99766, 0.000305733)
  Range: [0.802318, 1.10826]
Time: 1.707983e-02
-
  Volume: 3.99932
  Momentum: (3.99762, 0.000319649)
  Range: [0.806166, 1.09763]
Time: 1.706886e-02
-
  Volume: 3.99933
  Momentum: (3.99748, 0.00033403)
  Range: [0.812265, 1.08731]
Time: 1.704192e-02
-
  Volume: 3.99934
  Momentum: (3.99736, 0.00034882)
  Range: [0.820665, 1.07718]
Time: 1.709008e-02
-
  Volume: 3.99926
  Momentum: (3.99723, 0.00036319)
  Range: [0.831733, 1.06857]
Time: 1.707816e-02
-
  Volume: 3.99924
  Momentum: (3.99722, 0.000375873)
  Range: [0.846664, 1.06135]
Time: 1.706505e-02
-
  Volume: 3.99915
  Momentum: (3.99747, 0.000388003)
  Range: [0.865477, 1.05814]
Time: 1.705503e-02
-
  Volume: 3.99883
  Momentum: (3.9982, 0.000400882)
  Range: [0.886976, 1.06992]
Time: 1.705599e-02
-
  Volume: 3.99857
  Momentum: (3.99898, 0.000412337)
  Range: [0.904964, 1.09924]
Time: 1.706100e-02
-
  Volume: 3.99856
  Momentum: (3.99932, 0.000413657)
  Range: [0.917712, 1.12893]
Time: 1.704407e-02
-
  Volume: 3.99858
  Momentum: (3.99937, 0.000409943)
  Range: [0.923125, 1.15578]
