-
  Volume: 4
  Momentum: (4, 0)
  Range: [0.800025, 1.19998]
Time: 1.487589e-02
-
  Volume: 3.99994
  Momentum: (3.99993, 2.90633e-06)
  Range: [0.800568, 1.19902]
Time: 8.136034e-03
-
  Volume: 3.99997
  Momentum: (4.00002, 1.256e-05)
  Range: [0.802308, 1.19595]
Time: 8.150816e-03
-
  Volume: 3.99996
  Momentum: (3.99996, 2.90009e-05)
  Range: [0.805299, 1.1908]
Time: 8.146048e-03
-
  Volume: 4
  Momentum: (4.00008, 5.13982e-05)
  Range: [0.809562, 1.18374]
Time: 8.113146e-03
-
  Volume: 3.99998
  Momentum: (4.00011, 7.90693e-05)
  Range: [0.815114, 1.17495]
Time: 8.131981e-03
-
  Volume: 4.00003
  Momentum: (4.00001, 0.000110873)
  Range: [0.821972, 1.16466]
Time: 8.114100e-03
-
  Volume: 4.00003
  Momentum: (3.99993, 0.000145649)
  Range: [0.830116, 1.15312]
Time: 8.104086e-03
-
  Volume: 3.99999
  Momentum: (3.99999, 0.000181798)
  Range: [0.83953, 1.14062]
Time: 9.697914e-03
-
  Volume: 3.99998
  Momentum: (3.99994, 0.000216068)
  Range: [0.850331, 1.12727]
Time: 9.788036e-03
-
  Volume: 4.00007
  Momentum: (4.00002, 0.000247405)
  Range: [0.862008, 1.11368]
Time: 9.727955e-03
-
  Volume: 3.99996
  Momentum: (4.00004, 0.000275895)
  Range: [0.874459, 1.10001]
Time: 9.752989e-03
-
  Volume: 4.00006
  Momentum: (3.99996, 0.000300768)
  Range: [0.887096, 1.08668]
Time: 9.779930e-03
-
  Volume: 4.00012
  Momentum: (3.99999, 0.000321116)
  Range: [0.89911, 1.07432]
Time: 9.774923e-03
-
  Volume: 4.00004
  Momentum: (3.99994, 0.000335691)
  Range: [0.909602, 1.06401]
Time: 9.747028e-03
-
  Volume: 4.00006
  Momentum: (3.99993, 0.000343224)
  Range: [0.917684, 1.05804]
Time: 9.750843e-03
-
  Volume: 4.00015
  Momentum: (3.99997, 0.000349097)
  Range: [0.92282, 1.05949]
Time: 9.762049e-03
-
  Volume: 4.00011
  Momentum: (3.99988, 0.000350186)
  Range: [0.924788, 1.06924]
Time: 9.766817e-03
-
  Volume: 4.00018
  Momentum: (3.99983, 0.000340805)
  Range: [0.923096, 1.08478]
Time: 9.696007e-03
-
  Volume: 4.00021
  Momentum: (3.99974, 0.000324464)
  Range: [0.918748, 1.10295]
Time: 9.706974e-03
-
  Volume: 4.00022
  Momentum: (3.99964, 0.000302549)
  Range: [0.912523, 1.12169]
Time: 9.715080e-03
-
  Volume: 4.00029
  Momentum: (3.99971, 0.000276484)
  Range: [0.904807, 1.13959]
Time: 9.714127e-03
-
  Volume: 4.00039
  Momentum: (3.99964, 0.000246901)
  Range: [0.896269, 1.15577]
Time: 9.747028e-03
-
  Volume: 4.00041
  Momentum: (3.99966, 0.000214935)
  Range: [0.887342, 1.16968]
Time: 9.709835e-03
-
  Volume: 4.00051
  Momentum: (3.99958, 0.000180949)
  Range: [0.878479, 1.18111]
Time: 9.727955e-03
-
  Volume: 4.00072
  Momentum: (3.99955, 0.000148071)
  Range: [0.869492, 1.18983]
Time: 9.703875e-03
-
  Volume: 4.00069
  Momentum: (3.99945, 0.000118374)
  Range: [0.860739, 1.19581]
Time: 8.094072e-03
-
  Volume: 4.00069
  Momentum: (3.99943, 8.97004e-05)
  Range: [0.852291, 1.1993]
Time: 8.090019e-03
-
  Volume: 4.0007
  Momentum: (3.99935, 6.39764e-05)
  Range: [0.844413, 1.20034]
Time: 8.090973e-03
-
  Volume: 4.00081
  Momentum: (3.99934, 4.38454e-05)
  Range: [0.836991, 1.19929]
Time: 8.109093e-03
-
  Volume: 4.00077
  Momentum: (3.99928, 2.68591e-05)
  Range: [0.829847, 1.19639]
Time: 8.074999e-03
-
  Volume: 4.00092
  Momentum: (3.99914, 9.70116e-06)
  Range: [0.823322, 1.19188]
Time: 8.102894e-03
-
  Volume: 4.00089
  Momentum: (3.9991, 4.83134e-06)
  Range: [0.817558, 1.18597]
Time: 8.078098e-03
-
  Volume: 4.00081
  Momentum: (3.99892, 1.52696e-05)
  Range: [0.812516, 1.17865]
Time: 8.090019e-03
-
  Volume: 4.00087
  Momentum: (3.99888, 2.75818e-05)
  Range: [0.808147, 1.17009]
Time: 8.077860e-03
-
  Volume: 4.00096
  Momentum: (3.9988, 4.23356e-05)
  Range: [0.804584, 1.16093]
Time: 8.073807e-03
-
  Volume: 4.00096
  Momentum: (3.99869, 6.19075e-05)
  Range: [0.801938, 1.15122]
Time: 8.095026e-03
-
  Volume: 4.00096
  Momentum: (3.99864, 8.56274e-05)
  Range: [0.800303, 1.14106]
Time: 8.112192e-03
-
  Volume: 4.00096
  Momentum: (3.99855, 0.000112748)
  Range: [0.799796, 1.13057]
Time: 8.080959e-03
-
  Volume: 4.00094
  Momentum: (3.99853, 0.000142974)
  Range: [0.800509, 1.11988]
Time: 9.692192e-03
-
  Volume: 4.00101
  Momentum: (3.99848, 0.000173309)
  Range: [0.802691, 1.10927]
Time: 9.703159e-03
-
  Volume: 4.00107
  Momentum: (3.99839, 0.000201954)
  Range: [0.806464, 1.09853]
Time: 9.691000e-03
-
  Volume: 4.00082
  Momentum: (3.99839, 0.000232725)
  Range: [0.812244, 1.08793]
Time: 9.731054e-03
-
  Volume: 4.00099
  Momentum: (3.99843, 0.000263379)
  Range: [0.820462, 1.07784]
Time: 9.704113e-03
-
  Volume: 4.00094
  Momentum: (3.99854, 0.00029222)
  Range: [0.831688, 1.0686]
Time: 9.678841e-03
-
  Volume: 4.00086
  Momentum: (3.99864, 0.000317801)
  Range: [0.846608, 1.06103]
Time: 9.710073e-03
-
  Volume: 4.00072
  Momentum: (3.99893, 0.000339413)
  Range: [0.865304, 1.0573]
Time: 9.701014e-03
-
  Volume: 4.00038
  Momentum: (3.9999, 0.000363892)
  Range: [0.886277, 1.06431]
Time: 9.691000e-03
-
  Volume: 4.00008
  Momentum: (4.00085, 0.000392141)
  Range: [0.904528, 1.09148]
Time: 9.698153e-03
-
  Volume: 4.00001
  Momentum: (4.00135, 0.000395568)
  Range: [0.916732, 1.12148]
Time: 9.703875e-03
-
  Volume: 4
  Momentum: (4.00158, 0.000387305)
  Range: [0.922824, 1.14835]
