-
  Volume: 4
  Momentum: (4, 0)
  Range: [0.800025, 1.19998]
Time: 1.536012e-02
-
  Volume: 4.00007
  Momentum: (4.00363, 9.22567e-06)
  Range: [0.800568, 1.19902]
Time: 1.048493e-02
-
  Volume: 4.00045
  Momentum: (4.01116, 2.56539e-05)
  Range: [0.802308, 1.19595]
Time: 1.045322e-02
-
  Volume: 4.0011
  Momentum: (4.02196, 4.98068e-05)
  Range: [0.805299, 1.1908]
Time: 1.053405e-02
-
  Volume: 4.002
  Momentum: (4.03626, 8.12197e-05)
  Range: [0.809559, 1.18374]
Time: 1.048112e-02
-
  Volume: 4.00283
  Momentum: (4.05354, 0.000119621)
  Range: [0.815116, 1.17495]
Time: 1.046515e-02
-
  Volume: 4.00379
  Momentum: (4.07371, 0.000164527)
  Range: [0.821982, 1.16466]
Time: 1.047897e-02
-
  Volume: 4.00475
  Momentum: (4.09648, 0.000215195)
  Range: [0.83013, 1.15313]
Time: 1.056504e-02
-
  Volume: 4.00545
  Momentum: (4.1217, 0.000271127)
  Range: [0.839553, 1.14078]
Time: 1.258898e-02
-
  Volume: 4.00573
  Momentum: (4.15084, 0.000328162)
  Range: [0.850369, 1.1276]
Time: 1.256394e-02
-
  Volume: 4.00622
  Momentum: (4.18022, 0.000382214)
  Range: [0.862036, 1.12519]
Time: 1.255798e-02
-
  Volume: 4.00634
  Momentum: (4.21097, 0.000438815)
  Range: [0.874445, 1.12514]
Time: 1.256895e-02
-
  Volume: 4.0062
  Momentum: (4.24311, 0.000497561)
  Range: [0.887067, 1.12505]
Time: 1.267695e-02
-
  Volume: 4.00577
  Momentum: (4.276, 0.000557662)
  Range: [0.899099, 1.12499]
Time: 1.256990e-02
-
  Volume: 4.00497
  Momentum: (4.3095, 0.000619019)
  Range: [0.909593, 1.12486]
Time: 1.254082e-02
-
  Volume: 4.00378
  Momentum: (4.34282, 0.000681098)
  Range: [0.917645, 1.12475]
Time: 1.253295e-02
-
  Volume: 4.0023
  Momentum: (4.37587, 0.000743626)
  Range: [0.922418, 1.12473]
Time: 1.254487e-02
-
  Volume: 4.00032
  Momentum: (4.40819, 0.000806651)
  Range: [0.92416, 1.12531]
Time: 1.258516e-02
-
  Volume: 3.99789
  Momentum: (4.43913, 0.000869841)
  Range: [0.922461, 1.12557]
Time: 1.253009e-02
-
  Volume: 3.99492
  Momentum: (4.46825, 0.000932548)
  Range: [0.918003, 1.12513]
Time: 1.253009e-02
-
  Volume: 3.99145
  Momentum: (4.49499, 0.000994807)
  Range: [0.911621, 1.12408]
Time: 1.253295e-02
-
  Volume: 3.9873
  Momentum: (4.51877, 0.00105596)
  Range: [0.903983, 1.12231]
Time: 1.249599e-02
-
  Volume: 3.98242
  Momentum: (4.5391, 0.00111672)
  Range: [0.895484, 1.11987]
Time: 1.254320e-02
-
  Volume: 3.97681
  Momentum: (4.55543, 0.00117699)
  Range: [0.886517, 1.11688]
Time: 1.250100e-02
-
  Volume: 3.97044
  Momentum: (4.56746, 0.00123676)
  Range: [0.87734, 1.11343]
Time: 1.250482e-02
-
  Volume: 3.96335
  Momentum: (4.57484, 0.0012971)
  Range: [0.868963, 1.10961]
Time: 1.251292e-02
-
  Volume: 3.95544
  Momentum: (4.57781, 0.00135678)
  Range: [0.86264, 1.10552]
Time: 1.043701e-02
-
  Volume: 3.94756
  Momentum: (4.57539, 0.00141861)
  Range: [0.858838, 1.10225]
Time: 1.043797e-02
-
  Volume: 3.93848
  Momentum: (4.56983, 0.00148522)
  Range: [0.857803, 1.09721]
Time: 1.041102e-02
-
  Volume: 3.92888
  Momentum: (4.56071, 0.00155202)
  Range: [0.85812, 1.09229]
Time: 1.044917e-02
-
  Volume: 3.91894
  Momentum: (4.54829, 0.00161526)
  Range: [0.858002, 1.08719]
Time: 1.047182e-02
-
  Volume: 3.90886
  Momentum: (4.53393, 0.00167625)
  Range: [0.857984, 1.08194]
Time: 1.045012e-02
-
  Volume: 3.89876
  Momentum: (4.51764, 0.00173808)
  Range: [0.858081, 1.07661]
Time: 1.044297e-02
-
  Volume: 3.88891
  Momentum: (4.50024, 0.00179663)
  Range: [0.858237, 1.07123]
Time: 1.043320e-02
-
  Volume: 3.87935
  Momentum: (4.48214, 0.00185271)
  Range: [0.858274, 1.06582]
Time: 1.044703e-02
-
  Volume: 3.87013
  Momentum: (4.46387, 0.00190212)
  Range: [0.858222, 1.06117]
Time: 1.043296e-02
-
  Volume: 3.86144
  Momentum: (4.44607, 0.00195076)
  Range: [0.858109, 1.05828]
Time: 1.045299e-02
-
  Volume: 3.85328
  Momentum: (4.42895, 0.00199684)
  Range: [0.85804, 1.05451]
Time: 1.045084e-02
-
  Volume: 3.84571
  Momentum: (4.4128, 0.00204002)
  Range: [0.858086, 1.05012]
Time: 1.042485e-02
-
  Volume: 3.83874
  Momentum: (4.39785, 0.00208022)
  Range: [0.858198, 1.04519]
Time: 1.052809e-02
-
  Volume: 3.8325
  Momentum: (4.38425, 0.00211783)
  Range: [0.858239, 1.0399]
Time: 1.043391e-02
-
  Volume: 3.82701
  Momentum: (4.37217, 0.00215299)
  Range: [0.858226, 1.03423]
Time: 1.043081e-02
-
  Volume: 3.82215
  Momentum: (4.3617, 0.00218596)
  Range: [0.858225, 1.02843]
Time: 1.043820e-02
-
  Volume: 3.81807
  Momentum: (4.35294, 0.00221664)
  Range: [0.858229, 1.02243]
Time: 1.044798e-02
-
  Volume: 3.81464
  Momentum: (4.34595, 0.00224463)
  Range: [0.858252, 1.01632]
Time: 1.043296e-02
-
  Volume: 3.81197
  Momentum: (4.34055, 0.00227035)
  Range: [0.85829, 1.01035]
Time: 1.044416e-02
-
  Volume: 3.81004
  Momentum: (4.33688, 0.00229381)
  Range: [0.858335, 1.01151]
Time: 1.044703e-02
-
  Volume: 3.80883
  Momentum: (4.33493, 0.0023151)
  Range: [0.858321, 1.01277]
Time: 1.044416e-02
-
  Volume: 3.80825
  Momentum: (4.33447, 0.00233407)
  Range: [0.85838, 1.01414]
Time: 1.044798e-02
-
  Volume: 3.80819
  Momentum: (4.33471, 0.00235102)
  Range: [0.858373, 1.01561]
Time: 1.044083e-02
-
  Volume: 3.80839
  Momentum: (4.3345, 0.00236584)
  Range: [0.858561, 1.01714]
