-
  Volume: 4
  Momentum: (4, 0)
  Range: [0.800025, 1.19998]
Time: 1.039491e-01
-
  Volume: 3.99994
  Momentum: (3.99981, 1.91864e-05)
  Range: [0.800025, 1.19998]
Time: 6.792808e-02
-
  Volume: 4.00001
  Momentum: (3.99977, 6.36824e-05)
  Range: [0.800025, 1.19998]
Time: 1.471090e-02
-
  Volume: 4.00005
  Momentum: (3.99971, 0.000112948)
  Range: [0.800025, 1.19998]
Time: 1.053596e-02
-
  Volume: 4.00016
  Momentum: (3.99969, 0.00016779)
  Range: [0.800025, 1.19998]
Time: 1.061702e-02
-
  Volume: 4.00019
  Momentum: (3.99968, 0.000226218)
  Range: [0.800025, 1.19998]
Time: 1.056194e-02
-
  Volume: 4.00025
  Momentum: (3.99945, 0.000286686)
  Range: [0.800025, 1.19998]
Time: 1.053190e-02
-
  Volume: 4.00047
  Momentum: (3.99934, 0.000348703)
  Range: [0.800025, 1.19998]
Time: 1.267099e-02
-
  Volume: 4.00063
  Momentum: (3.99913, 0.000377807)
  Range: [0.800025, 1.19998]
Time: 1.265502e-02
-
  Volume: 4.00084
  Momentum: (3.9989, 0.000425312)
  Range: [0.800025, 1.19998]
Time: 1.271105e-02
-
  Volume: 4.00094
  Momentum: (3.99876, 0.000470772)
  Range: [0.800025, 1.19998]
Time: 1.268601e-02
-
  Volume: 4.00122
  Momentum: (3.99848, 0.000514505)
  Range: [0.800025, 1.19998]
Time: 1.082087e-02
-
  Volume: 4.00144
  Momentum: (3.99822, 0.000553041)
  Range: [0.800025, 1.19998]
Time: 7.339001e-03
-
  Volume: 4.00187
  Momentum: (3.99793, 0.000558102)
  Range: [0.800025, 1.19998]
Time: 7.350922e-03
-
  Volume: 4.00201
  Momentum: (3.99764, 0.000560334)
  Range: [0.800025, 1.19998]
Time: 7.353067e-03
-
  Volume: 4.00238
  Momentum: (3.99725, 0.00056053)
  Range: [0.800025, 1.19998]
Time: 7.347107e-03
-
  Volume: 4.00267
  Momentum: (3.9968, 0.000558949)
  Range: [0.800025, 1.19998]
Time: 7.339954e-03
-
  Volume: 4.00305
  Momentum: (3.99636, 0.00055557)
  Range: [0.800025, 1.19998]
Time: 7.338047e-03
-
  Volume: 4.00336
  Momentum: (3.99585, 0.000550386)
  Range: [0.800025, 1.19998]
Time: 7.336855e-03
-
  Volume: 4.0037
  Momentum: (3.99529, 0.000544194)
  Range: [0.800025, 1.19998]
Time: 7.329941e-03
-
  Volume: 4.004
  Momentum: (3.99476, 0.000542747)
  Range: [0.800025, 1.19998]
Time: 7.337093e-03
-
  Volume: 4.00429
  Momentum: (3.99424, 0.000539312)
  Range: [0.800025, 1.19998]
Time: 7.333040e-03
-
  Volume: 4.00459
  Momentum: (3.99367, 0.000506721)
  Range: [0.800025, 1.19998]
Time: 7.326841e-03
-
  Volume: 4.00482
  Momentum: (3.99324, 0.000452668)
  Range: [0.800025, 1.19998]
Time: 7.328033e-03
-
  Volume: 4.00503
  Momentum: (3.9927, 0.00039864)
  Range: [0.800025, 1.19998]
Time: 7.339954e-03
-
  Volume: 4.00522
  Momentum: (3.99233, 0.000347167)
  Range: [0.800025, 1.19998]
Time: 7.347107e-03
-
  Volume: 4.00541
  Momentum: (3.99198, 0.000298714)
  Range: [0.800025, 1.19998]
Time: 7.337093e-03
-
  Volume: 4.00556
  Momentum: (3.99173, 0.000253415)
  Range: [0.800025, 1.19998]
Time: 7.334948e-03
-
  Volume: 4.00573
  Momentum: (3.99158, 0.000209696)
  Range: [0.800025, 1.2003]
Time: 7.337093e-03
-
  Volume: 4.00591
  Momentum: (3.99151, 0.000166622)
  Range: [0.800025, 1.19998]
Time: 7.350206e-03
-
  Volume: 4.00604
  Momentum: (3.99157, 0.000125599)
  Range: [0.800025, 1.19998]
Time: 7.333040e-03
-
  Volume: 4.00618
  Momentum: (3.99173, 8.8382e-05)
  Range: [0.800025, 1.19998]
Time: 7.346869e-03
-
  Volume: 4.00631
  Momentum: (3.99203, 5.55952e-05)
  Range: [0.800025, 1.19998]
Time: 7.337093e-03
-
  Volume: 4.00646
  Momentum: (3.99246, 2.67078e-05)
  Range: [0.800025, 1.19998]
Time: 7.345915e-03
-
  Volume: 4.0066
  Momentum: (3.99305, 8.27789e-06)
  Range: [0.800025, 1.19998]
Time: 7.332087e-03
-
  Volume: 4.00679
  Momentum: (3.99377, 1.26766e-05)
  Range: [0.800025, 1.19998]
Time: 7.340908e-03
-
  Volume: 4.00697
  Momentum: (3.99458, 3.62561e-05)
  Range: [0.800025, 1.19998]
Time: 7.331848e-03
-
  Volume: 4.00722
  Momentum: (3.99554, 6.55988e-05)
  Range: [0.800025, 1.19998]
Time: 7.333994e-03
-
  Volume: 4.00746
  Momentum: (3.99657, 9.2802e-05)
  Range: [0.800025, 1.19998]
Time: 7.328033e-03
-
  Volume: 4.00773
  Momentum: (3.99774, 0.000118986)
  Range: [0.800025, 1.19998]
Time: 7.328033e-03
-
  Volume: 4.00801
  Momentum: (3.99901, 0.000148085)
  Range: [0.800025, 1.19998]
Time: 7.344007e-03
-
  Volume: 4.00834
  Momentum: (4.00044, 0.000181877)
  Range: [0.800025, 1.19998]
Time: 7.342100e-03
-
  Volume: 4.00869
  Momentum: (4.00198, 0.000222617)
  Range: [0.800025, 1.19998]
Time: 7.337093e-03
-
  Volume: 4.00908
  Momentum: (4.0037, 0.000278428)
  Range: [0.800025, 1.19998]
Time: 7.345915e-03
-
  Volume: 4.00949
  Momentum: (4.0055, 0.000346152)
  Range: [0.800025, 1.19998]
Time: 7.333994e-03
-
  Volume: 4.00992
  Momentum: (4.00749, 0.000419965)
  Range: [0.800025, 1.19998]
Time: 7.337093e-03
-
  Volume: 4.01036
  Momentum: (4.00974, 0.000500931)
  Range: [0.800025, 1.19998]
Time: 7.330894e-03
-
  Volume: 4.01079
  Momentum: (4.01215, 0.000585423)
  Range: [0.800025, 1.19998]
Time: 7.345915e-03
-
  Volume: 4.01125
  Momentum: (4.01478, 0.000670388)
  Range: [0.800025, 1.19998]
Time: 7.324934e-03
-
  Volume: 4.0118
  Momentum: (4.01732, 0.000753904)
  Range: [0.800025, 1.19998]
Time: 7.338047e-03
-
  Volume: 4.0124
  Momentum: (4.01984, 0.000835332)
  Range: [0.800025, 1.20923]
