-
  Volume: 4
  Momentum: (4, 0)
  Range: [0.800003, 1.2]
Time: 3.265080e-01
-
  Volume: 4.00017
  Momentum: (4.00004, 6.61514e-07)
  Range: [0.800623, 1.19887]
Time: 3.228450e-01
-
  Volume: 3.99945
  Momentum: (3.99962, 2.67865e-06)
  Range: [0.8026, 1.19538]
Time: 3.232472e-01
-
  Volume: 4.0008
  Momentum: (3.99971, 5.90992e-06)
  Range: [0.805932, 1.18968]
Time: 3.228631e-01
-
  Volume: 4.00042
  Momentum: (3.99987, 1.01515e-05)
  Range: [0.8106, 1.182]
Time: 3.229380e-01
-
  Volume: 3.99897
  Momentum: (4.00056, 1.5176e-05)
  Range: [0.816585, 1.17262]
Time: 3.229148e-01
-
  Volume: 3.99952
  Momentum: (3.99904, 2.07384e-05)
  Range: [0.823874, 1.16182]
Time: 3.224652e-01
-
  Volume: 4.00129
  Momentum: (3.99934, 2.65896e-05)
  Range: [0.832422, 1.14992]
Time: 3.443460e-01
-
  Volume: 3.99883
  Momentum: (3.99948, 3.28872e-05)
  Range: [0.842864, 1.13633]
Time: 3.442280e-01
-
  Volume: 4.001
  Momentum: (3.99976, 3.8999e-05)
  Range: [0.854519, 1.12218]
Time: 2.521060e-01
-
  Volume: 3.9997
  Momentum: (3.99957, 4.4697e-05)
  Range: [0.867144, 1.10784]
Time: 2.461791e-01
-
  Volume: 4.00039
  Momentum: (3.99947, 4.97648e-05)
  Range: [0.880304, 1.0937]
Time: 2.466309e-01
-
  Volume: 4.0005
  Momentum: (4.00001, 5.40213e-05)
  Range: [0.893297, 1.08027]
Time: 2.463689e-01
-
  Volume: 3.99862
  Momentum: (3.99962, 5.73129e-05)
  Range: [0.905204, 1.06838]
Time: 2.461078e-01
-
  Volume: 4.00183
  Momentum: (3.99971, 5.95126e-05)
  Range: [0.914904, 1.05972]
Time: 2.462020e-01
-
  Volume: 4.00263
  Momentum: (3.99938, 6.0522e-05)
  Range: [0.921465, 1.05785]
Time: 2.469192e-01
-
  Volume: 4.00108
  Momentum: (3.99922, 6.02953e-05)
  Range: [0.924404, 1.06531]
Time: 2.461369e-01
-
  Volume: 4.00088
  Momentum: (3.99971, 5.88636e-05)
  Range: [0.923753, 1.07991]
Time: 2.461770e-01
-
  Volume: 4.00003
  Momentum: (3.99909, 5.63248e-05)
  Range: [0.920112, 1.09798]
Time: 2.462549e-01
-
  Volume: 4.00005
  Momentum: (4.00069, 5.27859e-05)
  Range: [0.914178, 1.11714]
Time: 2.465360e-01
-
  Volume: 3.9986
  Momentum: (4.00023, 4.84008e-05)
  Range: [0.906612, 1.13585]
Time: 2.462690e-01
-
  Volume: 4.00156
  Momentum: (4.00037, 4.33589e-05)
  Range: [0.897971, 1.15303]
Time: 2.460909e-01
-
  Volume: 3.99979
  Momentum: (4.00045, 3.78748e-05)
  Range: [0.888702, 1.16799]
Time: 2.463591e-01
-
  Volume: 3.99895
  Momentum: (4.0005, 3.22051e-05)
  Range: [0.879155, 1.1803]
Time: 2.465460e-01
-
  Volume: 4.00064
  Momentum: (3.9995, 2.66046e-05)
  Range: [0.869576, 1.18972]
Time: 2.464910e-01
-
  Volume: 4.0009
  Momentum: (3.99949, 2.12949e-05)
  Range: [0.860247, 1.1961]
Time: 2.307799e-01
-
  Volume: 3.99939
  Momentum: (3.99993, 1.67581e-05)
  Range: [0.851843, 1.19946]
Time: 2.309401e-01
-
  Volume: 3.99847
  Momentum: (4.00099, 1.28053e-05)
  Range: [0.843613, 1.20038]
Time: 2.316959e-01
-
  Volume: 4.00078
  Momentum: (3.99977, 9.62158e-06)
  Range: [0.835817, 1.19908]
Time: 2.309642e-01
-
  Volume: 4.00042
  Momentum: (3.99903, 7.34022e-06)
  Range: [0.828534, 1.19575]
Time: 2.310061e-01
-
  Volume: 3.99998
  Momentum: (4.00024, 5.48409e-06)
  Range: [0.821883, 1.1906]
Time: 2.308779e-01
-
  Volume: 3.99998
  Momentum: (3.99963, 4.68949e-06)
  Range: [0.816064, 1.18402]
Time: 2.314720e-01
-
  Volume: 3.99957
  Momentum: (4.00049, 6.51177e-06)
  Range: [0.811045, 1.17608]
Time: 2.311931e-01
-
  Volume: 3.99976
  Momentum: (3.99978, 8.30586e-06)
  Range: [0.806857, 1.16721]
Time: 2.311101e-01
-
  Volume: 4.00112
  Momentum: (3.99931, 1.09957e-05)
  Range: [0.80356, 1.15764]
Time: 2.310290e-01
-
  Volume: 4.00076
  Momentum: (4.00074, 1.44631e-05)
  Range: [0.801266, 1.14754]
Time: 2.338440e-01
-
  Volume: 3.99951
  Momentum: (3.99993, 1.86179e-05)
  Range: [0.800053, 1.13706]
Time: 2.315271e-01
-
  Volume: 4.00153
  Momentum: (4.00025, 2.3315e-05)
  Range: [0.799981, 1.12634]
Time: 2.310522e-01
-
  Volume: 4.00082
  Momentum: (4.00002, 2.83991e-05)
  Range: [0.801195, 1.11556]
Time: 2.465570e-01
-
  Volume: 3.99969
  Momentum: (4.00031, 3.41007e-05)
  Range: [0.804107, 1.10412]
Time: 2.467501e-01
-
  Volume: 4.00189
  Momentum: (3.99933, 3.99163e-05)
  Range: [0.809066, 1.09289]
Time: 2.459619e-01
-
  Volume: 3.99983
  Momentum: (3.99895, 4.56506e-05)
  Range: [0.816506, 1.08207]
Time: 2.460020e-01
-
  Volume: 3.9991
  Momentum: (4.00027, 5.1124e-05)
  Range: [0.827015, 1.07198]
Time: 2.509570e-01
-
  Volume: 4.00148
  Momentum: (3.99906, 5.61257e-05)
  Range: [0.841237, 1.06341]
Time: 2.446070e-01
-
  Volume: 4.00251
  Momentum: (3.99966, 6.04889e-05)
  Range: [0.859496, 1.05782]
Time: 2.441452e-01
-
  Volume: 4.00077
  Momentum: (3.99957, 6.43599e-05)
  Range: [0.880754, 1.06091]
Time: 2.440760e-01
-
  Volume: 3.99953
  Momentum: (4.00036, 6.65954e-05)
  Range: [0.900905, 1.07864]
Time: 2.444091e-01
-
  Volume: 3.99963
  Momentum: (4.00001, 6.6811e-05)
  Range: [0.915247, 1.10727]
Time: 2.445011e-01
-
  Volume: 4.00075
  Momentum: (3.99921, 6.54247e-05)
  Range: [0.922675, 1.13602]
Time: 2.438810e-01
-
  Volume: 4.00086
  Momentum: (3.99961, 6.24785e-05)
  Range: [0.924569, 1.15936]
Time: 2.439320e-01
-
  Volume: 4.00122
  Momentum: (4.00018, 5.85515e-05)
  Range: [0.922961, 1.17663]
