-
  Volume: 4
  Momentum: (4, 0)
  Range: [0.800002, 1.2]
Time: 1.070480e+00
-
  Volume: 3.99996
  Momentum: (4.00009, 8.99869e-07)
  Range: [0.80057, 1.19897]
Time: 1.123700e+00
-
  Volume: 4.00044
  Momentum: (3.99981, 3.60753e-06)
  Range: [0.802396, 1.19578]
Time: 1.123081e+00
-
  Volume: 4.00103
  Momentum: (4.00061, 7.93944e-06)
  Range: [0.805454, 1.19055]
Time: 1.094883e+00
-
  Volume: 4.00108
  Momentum: (3.99913, 1.37152e-05)
  Range: [0.809779, 1.1834]
Time: 1.044313e+00
-
  Volume: 3.99953
  Momentum: (3.99923, 2.06946e-05)
  Range: [0.815391, 1.17454]
Time: 1.045646e+00
-
  Volume: 3.99831
  Momentum: (4.00284, 2.86038e-05)
  Range: [0.822296, 1.16418]
Time: 1.045176e+00
-
  Volume: 3.99911
  Momentum: (3.99888, 3.71434e-05)
  Range: [0.830509, 1.1526]
Time: 1.046021e+00
-
  Volume: 3.9974
  Momentum: (3.99913, 4.60122e-05)
  Range: [0.839992, 1.14006]
Time: 1.098427e+00
-
  Volume: 4.00211
  Momentum: (4.00094, 5.46515e-05)
  Range: [0.850721, 1.12679]
Time: 1.097553e+00
-
  Volume: 4.0033
  Momentum: (3.99931, 6.28157e-05)
  Range: [0.862451, 1.11318]
Time: 1.097915e+00
-
  Volume: 3.99846
  Momentum: (4.00056, 7.02823e-05)
  Range: [0.87492, 1.09952]
Time: 1.097562e+00
-
  Volume: 3.99734
  Momentum: (4.00126, 7.67953e-05)
  Range: [0.887585, 1.08623]
Time: 1.097895e+00
-
  Volume: 3.99792
  Momentum: (3.99812, 8.21247e-05)
  Range: [0.899682, 1.07391]
Time: 1.098769e+00
-
  Volume: 4.00363
  Momentum: (3.99827, 8.60556e-05)
  Range: [0.910283, 1.06364]
Time: 1.099266e+00
-
  Volume: 4.00528
  Momentum: (3.99924, 8.82562e-05)
  Range: [0.918372, 1.05773]
Time: 1.100214e+00
-
  Volume: 4.00588
  Momentum: (3.99914, 8.91177e-05)
  Range: [0.923212, 1.05959]
Time: 1.099220e+00
-
  Volume: 4.00138
  Momentum: (3.99875, 8.84083e-05)
  Range: [0.924752, 1.07006]
Time: 1.099233e+00
-
  Volume: 4.00177
  Momentum: (3.99999, 8.59907e-05)
  Range: [0.922956, 1.08592]
Time: 1.098959e+00
-
  Volume: 4.00101
  Momentum: (4.0003, 8.18061e-05)
  Range: [0.918546, 1.10409]
Time: 1.099962e+00
-
  Volume: 4.00276
  Momentum: (3.99914, 7.62731e-05)
  Range: [0.912207, 1.12272]
Time: 1.100514e+00
-
  Volume: 3.99861
  Momentum: (3.99972, 6.966e-05)
  Range: [0.904511, 1.14048]
Time: 1.098436e+00
-
  Volume: 3.9989
  Momentum: (4.00021, 6.22591e-05)
  Range: [0.895973, 1.15656]
Time: 1.097701e+00
-
  Volume: 3.99728
  Momentum: (3.99965, 5.43937e-05)
  Range: [0.887007, 1.17034]
Time: 1.096742e+00
-
  Volume: 3.99839
  Momentum: (3.9996, 4.63759e-05)
  Range: [0.877916, 1.18158]
Time: 1.095913e+00
-
  Volume: 4.00072
  Momentum: (3.99994, 3.84581e-05)
  Range: [0.868844, 1.1901]
Time: 1.043041e+00
-
  Volume: 4.0029
  Momentum: (3.99911, 3.08864e-05)
  Range: [0.860098, 1.19594]
Time: 1.043766e+00
-
  Volume: 4.00017
  Momentum: (4.00087, 2.41152e-05)
  Range: [0.851735, 1.19919]
Time: 1.044192e+00
-
  Volume: 4.00116
  Momentum: (3.99976, 1.83446e-05)
  Range: [0.843657, 1.20008]
Time: 1.043936e+00
-
  Volume: 3.99899
  Momentum: (4.0004, 1.37556e-05)
  Range: [0.836079, 1.19884]
Time: 1.048321e+00
-
  Volume: 4.00013
  Momentum: (3.99927, 1.04273e-05)
  Range: [0.829059, 1.19572]
Time: 1.065102e+00
-
  Volume: 3.99845
  Momentum: (3.99908, 7.99661e-06)
  Range: [0.822653, 1.19093]
Time: 1.047590e+00
-
  Volume: 3.99965
  Momentum: (4.00158, 6.63301e-06)
  Range: [0.816963, 1.18477]
Time: 1.045060e+00
-
  Volume: 4.00055
  Momentum: (4.00055, 8.87971e-06)
  Range: [0.811989, 1.17735]
Time: 1.046150e+00
-
  Volume: 3.99941
  Momentum: (3.99788, 1.11875e-05)
  Range: [0.807759, 1.16894]
Time: 1.045687e+00
-
  Volume: 4.00047
  Momentum: (4.00037, 1.47723e-05)
  Range: [0.804347, 1.15976]
Time: 1.045051e+00
-
  Volume: 3.99992
  Momentum: (3.99962, 1.94794e-05)
  Range: [0.80185, 1.14999]
Time: 1.046500e+00
-
  Volume: 3.99785
  Momentum: (3.9995, 2.52214e-05)
  Range: [0.800357, 1.13976]
Time: 1.046622e+00
-
  Volume: 4.0022
  Momentum: (3.99982, 3.18552e-05)
  Range: [0.799956, 1.12919]
Time: 1.046599e+00
-
  Volume: 4.00503
  Momentum: (3.99871, 3.92056e-05)
  Range: [0.800798, 1.11845]
Time: 1.100374e+00
-
  Volume: 4
  Momentum: (3.99924, 4.69549e-05)
  Range: [0.803085, 1.10774]
Time: 1.099535e+00
-
  Volume: 3.99973
  Momentum: (3.99876, 5.48218e-05)
  Range: [0.807073, 1.09694]
Time: 1.099917e+00
-
  Volume: 3.99716
  Momentum: (4.00134, 6.2697e-05)
  Range: [0.813177, 1.08645]
Time: 1.098709e+00
-
  Volume: 3.99429
  Momentum: (3.99943, 7.0394e-05)
  Range: [0.821878, 1.07643]
Time: 1.098410e+00
-
  Volume: 4.0008
  Momentum: (3.99862, 7.76265e-05)
  Range: [0.83375, 1.06742]
Time: 1.096765e+00
-
  Volume: 4.00554
  Momentum: (4.00014, 8.4112e-05)
  Range: [0.849273, 1.06016]
Time: 1.096946e+00
-
  Volume: 4.00466
  Momentum: (3.99873, 8.96479e-05)
  Range: [0.86846, 1.05733]
Time: 1.098432e+00
-
  Volume: 4.00134
  Momentum: (3.99847, 9.30801e-05)
  Range: [0.889257, 1.06489]
Time: 1.097526e+00
-
  Volume: 4.0003
  Momentum: (3.99887, 9.56398e-05)
  Range: [0.907106, 1.08658]
Time: 1.095445e+00
-
  Volume: 4.0011
  Momentum: (4.00022, 9.49835e-05)
  Range: [0.918396, 1.11544]
Time: 1.096766e+00
-
  Volume: 4.00135
  Momentum: (4.0003, 9.21752e-05)
  Range: [0.923703, 1.14234]
