-
  Volume: 4.39273
  Momentum: (0, 0)
  Range: [1, 1.5]
Time: 5.762230e+00
-
  Volume: 4.39417
  Momentum: (3.21166e-10, 2.57945e-09)
  Range: [1, 1.5]
Time: 5.730936e+00
-
  Volume: 4.39453
  Momentum: (7.70545e-10, -4.02335e-09)
  Range: [1, 1.5]
Time: 5.735567e+00
-
  Volume: 4.38729
  Momentum: (1.42317e-09, -9.98387e-09)
  Range: [1, 1.5]
Time: 5.737947e+00
-
  Volume: 4.38601
  Momentum: (1.71178e-09, -7.43579e-08)
  Range: [1, 1.5]
Time: 5.763998e+00
-
  Volume: 4.38772
  Momentum: (-3.98652e-09, -1.29728e-07)
  Range: [1, 1.5]
Time: 5.802940e+00
-
  Volume: 4.39255
  Momentum: (-8.0576e-09, -4.31848e-09)
  Range: [1, 1.5]
Time: 5.786322e+00
-
  Volume: 4.3951
  Momentum: (-5.62636e-09, -7.03681e-08)
  Range: [1, 1.5]
Time: 5.800062e+00
-
  Volume: 4.39722
  Momentum: (-1.53069e-08, -6.77897e-09)
  Range: [1, 1.5]
Time: 5.818032e+00
-
  Volume: 4.39968
  Momentum: (-1.57104e-08, 8.07932e-08)
  Range: [1, 1.5]
Time: 5.851773e+00
-
  Volume: 4.39978
  Momentum: (-1.79453e-08, -2.48486e-08)
  Range: [1, 1.5]
Time: 5.864002e+00
-
  Volume: 4.39969
  Momentum: (-1.37443e-08, -1.29827e-07)
  Range: [1, 1.5]
Time: 5.896241e+00
-
  Volume: 4.39775
  Momentum: (4.28485e-09, 1.63742e-07)
  Range: [0.993937, 1.49999]
Time: 5.865405e+00
-
  Volume: 4.39485
  Momentum: (-3.97395e-09, -2.0487e-08)
  Range: [0.951723, 1.40008]
Time: 5.865581e+00
-
  Volume: 4.39178
  Momentum: (5.49922e-09, 3.84195e-08)
  Range: [0.90104, 1.32294]
Time: 5.621344e+00
-
  Volume: 4.38797
  Momentum: (6.3588e-09, 4.65318e-08)
  Range: [0.838377, 1.35607]
Time: 5.621855e+00
-
  Volume: 4.38658
  Momentum: (5.23117e-09, 4.24053e-08)
  Range: [0.719179, 1.3578]
Time: 5.623057e+00
-
  Volume: 4.38745
  Momentum: (1.66344e-08, 1.08458e-07)
  Range: [0.616663, 1.36258]
Time: 5.653910e+00
-
  Volume: 4.38534
  Momentum: (1.03515e-09, 3.53637e-07)
  Range: [0.536387, 1.36907]
Time: 5.867207e+00
-
  Volume: 4.38859
  Momentum: (-5.77414e-09, -2.62337e-07)
  Range: [0.47184, 1.36268]
Time: 5.874936e+00
-
  Volume: 4.39092
  Momentum: (1.57489e-09, 2.5139e-07)
  Range: [0.418946, 1.36577]
Time: 5.887661e+00
-
  Volume: 4.38413
  Momentum: (6.9777e-09, 1.90682e-07)
  Range: [0.374993, 1.37063]
Time: 6.132993e+00
-
  Volume: 4.38348
  Momentum: (8.2858e-09, -3.07091e-08)
  Range: [0.337969, 1.36298]
Time: 6.133802e+00
-
  Volume: 4.38961
  Momentum: (3.96302e-09, -1.50088e-07)
  Range: [0.306091, 1.3616]
Time: 6.166047e+00
-
  Volume: 4.39634
  Momentum: (-2.45658e-09, -1.04136e-07)
  Range: [0.636175, 1.36576]
Time: 6.134287e+00
-
  Volume: 4.39519
  Momentum: (6.18296e-12, -4.99148e-08)
  Range: [0.682476, 1.36579]
Time: 6.135626e+00
-
  Volume: 4.39139
  Momentum: (2.29651e-09, -3.92365e-08)
  Range: [0.712234, 1.71972]
Time: 5.893704e+00
-
  Volume: 4.39516
  Momentum: (-9.04113e-10, -3.6912e-08)
  Range: [0.734596, 1.67754]
Time: 5.892180e+00
-
  Volume: 4.3963
  Momentum: (-1.86045e-09, 2.06332e-08)
  Range: [0.752451, 1.6528]
Time: 5.902294e+00
-
  Volume: 4.39446
  Momentum: (6.16927e-10, -4.21841e-08)
  Range: [0.767195, 1.63213]
Time: 6.171665e+00
-
  Volume: 4.39456
  Momentum: (1.25132e-09, 4.17251e-08)
  Range: [0.779617, 1.59053]
Time: 6.147855e+00
-
  Volume: 4.39098
  Momentum: (-8.27381e-10, -6.56704e-08)
  Range: [0.790404, 1.5679]
Time: 6.147558e+00
-
  Volume: 4.39249
  Momentum: (-1.23297e-10, -5.02818e-08)
  Range: [0.799888, 1.55066]
Time: 6.146444e+00
-
  Volume: 4.39476
  Momentum: (-3.27275e-09, 1.13435e-07)
  Range: [0.808211, 1.52946]
Time: 6.148153e+00
-
  Volume: 4.38818
  Momentum: (1.37144e-09, 1.00143e-07)
  Range: [0.815565, 1.5042]
Time: 6.148197e+00
-
  Volume: 4.38465
  Momentum: (-1.68957e-09, 6.79396e-08)
  Range: [0.822604, 1.47964]
Time: 6.178294e+00
-
  Volume: 4.39015
  Momentum: (3.92302e-09, -1.47841e-07)
  Range: [0.828708, 1.45604]
Time: 6.147283e+00
-
  Volume: 4.39018
  Momentum: (4.57813e-09, 7.16333e-08)
  Range: [0.937902, 1.43034]
Time: 6.147501e+00
-
  Volume: 4.38647
  Momentum: (4.4716e-09, 1.14909e-08)
  Range: [0.936174, 1.40152]
Time: 6.147641e+00
-
  Volume: 4.38121
  Momentum: (5.01529e-09, 5.49333e-08)
  Range: [0.933819, 1.37338]
Time: 6.147311e+00
-
  Volume: 4.38173
  Momentum: (3.43288e-09, -6.57315e-08)
  Range: [0.930486, 1.34603]
Time: 6.147228e+00
-
  Volume: 4.39604
  Momentum: (-8.27309e-10, 2.22081e-07)
  Range: [0.92609, 1.31254]
Time: 6.176982e+00
-
  Volume: 4.40089
  Momentum: (-8.10974e-09, 1.16438e-07)
  Range: [0.920999, 1.27981]
Time: 6.146989e+00
-
  Volume: 4.40861
  Momentum: (4.6605e-09, 3.18294e-07)
  Range: [0.914285, 1.24631]
Time: 5.902117e+00
-
  Volume: 4.38917
  Momentum: (7.51862e-09, 1.11686e-07)
  Range: [0.907377, 1.4445]
Time: 5.901017e+00
-
  Volume: 4.38066
  Momentum: (1.38106e-08, 1.5707e-08)
  Range: [0.898573, 1.50499]
Time: 5.898260e+00
-
  Volume: 4.39784
  Momentum: (5.13223e-09, -7.56897e-07)
  Range: [0.887148, 1.47549]
Time: 5.889820e+00
-
  Volume: 4.39026
  Momentum: (-1.00544e-09, -3.03988e-07)
  Range: [0.870856, 1.45107]
Time: 5.674550e+00
-
  Volume: 4.39333
  Momentum: (3.74607e-09, -1.70875e-07)
  Range: [0.855401, 1.43208]
Time: 5.643314e+00
-
  Volume: 4.39911
  Momentum: (1.14445e-08, -1.2358e-07)
  Range: [0.841751, 1.41528]
Time: 5.644160e+00
-
  Volume: 4.39439
  Momentum: (-2.19356e-09, -9.85212e-09)
  Range: [0.829375, 1.39917]
Average frame time:
5.930486e+00