-
  Volume: 4.39278
  Momentum: (0, 0)
  Range: [1, 1.5]
Time: 1.008538e+01
-
  Volume: 4.3952
  Momentum: (3.36765e-10, 1.41197e-08)
  Range: [1, 1.5]
Time: 1.007987e+01
-
  Volume: 4.39786
  Momentum: (8.42713e-10, -1.80959e-08)
  Range: [1, 1.5]
Time: 1.005396e+01
-
  Volume: 4.39575
  Momentum: (-1.9278e-09, -7.06069e-08)
  Range: [1, 1.5]
Time: 1.009918e+01
-
  Volume: 4.40025
  Momentum: (-1.13007e-09, 3.79754e-09)
  Range: [1, 1.5]
Time: 1.006971e+01
-
  Volume: 4.40026
  Momentum: (-4.56971e-09, 1.13214e-07)
  Range: [1, 1.5]
Time: 1.006092e+01
-
  Volume: 4.39941
  Momentum: (-1.31936e-09, 8.95729e-08)
  Range: [1, 1.5]
Time: 1.004684e+01
-
  Volume: 4.39204
  Momentum: (-4.13881e-10, -2.15975e-08)
  Range: [1, 1.5]
Time: 1.004219e+01
-
  Volume: 4.3803
  Momentum: (-4.86016e-09, -1.06125e-07)
  Range: [1, 1.5]
Time: 1.002101e+01
-
  Volume: 4.37247
  Momentum: (-9.30044e-09, 2.18618e-08)
  Range: [1, 1.5]
Time: 1.002526e+01
-
  Volume: 4.37155
  Momentum: (-6.98749e-09, 6.64076e-08)
  Range: [1, 1.5]
Time: 1.001969e+01
-
  Volume: 4.37223
  Momentum: (-1.3153e-08, -1.36496e-07)
  Range: [1, 1.5]
Time: 1.008712e+01
-
  Volume: 4.37243
  Momentum: (1.11372e-09, -1.86194e-08)
  Range: [0.993798, 1.5]
Time: 1.003296e+01
-
  Volume: 4.37335
  Momentum: (-1.3688e-09, -1.868e-07)
  Range: [0.951383, 1.40831]
Time: 1.002561e+01
-
  Volume: 4.37502
  Momentum: (-2.17219e-09, 6.73816e-08)
  Range: [0.900487, 1.335]
Time: 9.702012e+00
-
  Volume: 4.37578
  Momentum: (-4.51262e-09, 1.82753e-07)
  Range: [0.837642, 1.35307]
Time: 9.378812e+00
-
  Volume: 4.37782
  Momentum: (-9.09322e-10, -7.36876e-08)
  Range: [0.718441, 1.36082]
Time: 9.714435e+00
-
  Volume: 4.38631
  Momentum: (2.00008e-10, -6.85891e-08)
  Range: [0.615919, 1.35962]
Time: 9.714603e+00
-
  Volume: 4.38886
  Momentum: (8.62803e-09, -6.14965e-08)
  Range: [0.535634, 1.36404]
Time: 9.714652e+00
-
  Volume: 4.39077
  Momentum: (-4.51598e-09, -3.55613e-09)
  Range: [0.47107, 1.37199]
Time: 1.007340e+01
-
  Volume: 4.39194
  Momentum: (3.39082e-09, 1.18993e-07)
  Range: [0.41815, 1.36547]
Time: 1.006426e+01
-
  Volume: 4.38082
  Momentum: (-8.29765e-10, -1.37514e-07)
  Range: [0.37416, 1.36607]
Time: 1.006385e+01
-
  Volume: 4.38527
  Momentum: (9.58137e-09, 4.61939e-08)
  Range: [0.337125, 1.37217]
Time: 1.041169e+01
-
  Volume: 4.39294
  Momentum: (4.32546e-09, 1.09698e-07)
  Range: [0.305425, 1.36112]
Time: 1.042167e+01
-
  Volume: 4.40079
  Momentum: (-4.79168e-09, -5.89534e-08)
  Range: [0.636256, 1.36567]
Time: 1.041251e+01
-
  Volume: 4.40404
  Momentum: (4.5516e-09, -2.2762e-08)
  Range: [0.682331, 1.36671]
Time: 1.041296e+01
-
  Volume: 4.39975
  Momentum: (8.30781e-10, -8.03019e-09)
  Range: [0.711912, 1.74885]
Time: 1.006368e+01
-
  Volume: 4.40521
  Momentum: (2.71681e-09, 1.86933e-09)
  Range: [0.734435, 1.6735]
Time: 1.007468e+01
-
  Volume: 4.40401
  Momentum: (1.78928e-09, 8.44723e-08)
  Range: [0.752208, 1.64895]
Time: 1.006433e+01
-
  Volume: 4.39663
  Momentum: (-5.90914e-09, -1.09908e-08)
  Range: [0.766925, 1.62259]
Time: 1.006499e+01
-
  Volume: 4.39353
  Momentum: (4.34252e-09, -4.23122e-09)
  Range: [0.779392, 1.60865]
Time: 1.041184e+01
-
  Volume: 4.38656
  Momentum: (7.30682e-10, 1.79032e-08)
  Range: [0.790227, 1.57312]
Time: 1.042163e+01
-
  Volume: 4.38663
  Momentum: (-4.11882e-11, 2.80289e-07)
  Range: [0.799583, 1.55228]
Time: 1.041177e+01
-
  Volume: 4.39588
  Momentum: (6.229e-09, 2.37663e-08)
  Range: [0.807908, 1.52964]
Time: 1.041209e+01
-
  Volume: 4.39119
  Momentum: (-4.47589e-11, 1.5334e-07)
  Range: [0.815329, 1.50866]
Time: 1.042005e+01
-
  Volume: 4.39387
  Momentum: (9.51771e-10, 8.93615e-08)
  Range: [0.822436, 1.48368]
Time: 1.041118e+01
-
  Volume: 4.39986
  Momentum: (3.16815e-09, -1.69255e-07)
  Range: [0.828687, 1.45753]
Time: 1.041167e+01
-
  Volume: 4.40252
  Momentum: (4.48332e-09, 7.45718e-08)
  Range: [0.937591, 1.43338]
Time: 1.041206e+01
-
  Volume: 4.39956
  Momentum: (4.55828e-09, -3.27867e-07)
  Range: [0.936074, 1.40886]
Time: 1.042207e+01
-
  Volume: 4.3666
  Momentum: (-4.61011e-09, 4.43565e-08)
  Range: [0.933519, 1.37775]
Time: 1.041311e+01
-
  Volume: 4.38003
  Momentum: (4.07606e-09, -5.34485e-08)
  Range: [0.930241, 1.34905]
Time: 1.041195e+01
-
  Volume: 4.39605
  Momentum: (-9.87648e-10, -3.31492e-08)
  Range: [0.926158, 1.31657]
Time: 1.041181e+01
-
  Volume: 4.39835
  Momentum: (5.58304e-09, 2.80887e-07)
  Range: [0.920825, 1.28562]
Time: 1.007609e+01
-
  Volume: 4.38153
  Momentum: (-1.79532e-09, -9.72957e-08)
  Range: [0.914148, 1.25637]
Time: 1.006488e+01
-
  Volume: 4.36536
  Momentum: (-4.03028e-09, -1.8551e-07)
  Range: [0.907069, 1.47078]
Time: 1.006451e+01
-
  Volume: 4.367
  Momentum: (1.893e-09, 2.10891e-08)
  Range: [0.898418, 1.50527]
Time: 1.006495e+01
-
  Volume: 4.39724
  Momentum: (-4.94497e-09, -3.22928e-08)
  Range: [0.88716, 1.47629]
Time: 9.729862e+00
-
  Volume: 4.42303
  Momentum: (9.02256e-09, -2.13168e-07)
  Range: [0.87092, 1.45154]
Time: 9.717343e+00
-
  Volume: 4.41476
  Momentum: (5.47374e-09, 1.41425e-07)
  Range: [0.854979, 1.43196]
Time: 9.371800e+00
-
  Volume: 4.3749
  Momentum: (-4.84223e-09, -1.56154e-08)
  Range: [0.841639, 1.4162]
Time: 9.371276e+00
-
  Volume: 4.36371
  Momentum: (-4.88067e-09, 7.39551e-08)
  Range: [0.82969, 1.39988]
Average frame time:
1.009068e+01