-
  Volume: 4.393
  Momentum: (0, 0)
  Range: [1, 1.5]
Time: 4.370689e-02
-
  Volume: 4.39299
  Momentum: (-6.34417e-10, 5.59681e-09)
  Range: [1, 1.5]
Time: 4.383492e-02
-
  Volume: 4.39299
  Momentum: (-3.85853e-11, -3.63685e-08)
  Range: [1, 1.5]
Time: 4.373503e-02
-
  Volume: 4.39298
  Momentum: (1.67129e-09, 4.11308e-08)
  Range: [1, 1.5]
Time: 4.377913e-02
-
  Volume: 4.393
  Momentum: (4.90265e-09, -1.56479e-08)
  Range: [1, 1.5]
Time: 4.428196e-02
-
  Volume: 4.39299
  Momentum: (3.33095e-09, 5.66327e-08)
  Range: [1, 1.5]
Time: 4.471517e-02
-
  Volume: 4.393
  Momentum: (8.54325e-09, -5.41124e-08)
  Range: [1, 1.5]
Time: 4.477882e-02
-
  Volume: 4.393
  Momentum: (-2.82931e-09, -6.82333e-08)
  Range: [1, 1.5]
Time: 4.473019e-02
-
  Volume: 4.39298
  Momentum: (2.53063e-09, -1.29041e-07)
  Range: [1, 1.5]
Time: 4.476690e-02
-
  Volume: 4.39299
  Momentum: (-1.86604e-09, -1.5781e-07)
  Range: [1, 1.5]
Time: 4.471684e-02
-
  Volume: 4.39298
  Momentum: (2.82528e-09, 5.66351e-09)
  Range: [1, 1.5]
Time: 4.479098e-02
-
  Volume: 4.393
  Momentum: (8.24968e-09, -2.3412e-08)
  Range: [1, 1.49994]
Time: 4.480004e-02
-
  Volume: 4.39302
  Momentum: (1.7274e-08, 5.77679e-09)
  Range: [1, 1.48666]
Time: 4.475689e-02
-
  Volume: 4.39296
  Momentum: (-1.45077e-08, 9.6479e-08)
  Range: [0.965192, 1.31195]
Time: 4.473805e-02
-
  Volume: 4.39295
  Momentum: (2.56471e-09, -5.95259e-08)
  Range: [0.917708, 1.21778]
Time: 4.478598e-02
-
  Volume: 4.39304
  Momentum: (-1.50333e-08, 2.38091e-07)
  Range: [0.857398, 1.3439]
Time: 4.476404e-02
-
  Volume: 4.39296
  Momentum: (-2.1491e-09, 7.32665e-08)
  Range: [0.739905, 1.34791]
Time: 4.477000e-02
-
  Volume: 4.39298
  Momentum: (-8.95187e-09, -1.41075e-08)
  Range: [0.637223, 1.35278]
Time: 4.482198e-02
-
  Volume: 4.39295
  Momentum: (-1.21271e-08, 2.47606e-07)
  Range: [0.556743, 1.35561]
Time: 4.478097e-02
-
  Volume: 4.39309
  Momentum: (-7.46683e-09, 1.74135e-08)
  Range: [0.492252, 1.35668]
Time: 4.478002e-02
-
  Volume: 4.39296
  Momentum: (-2.81525e-08, 6.20195e-08)
  Range: [0.43833, 1.35942]
Time: 4.477191e-02
-
  Volume: 4.39301
  Momentum: (-9.42793e-09, -3.97638e-08)
  Range: [0.392837, 1.35895]
Time: 4.468489e-02
-
  Volume: 4.39295
  Momentum: (-9.2883e-09, 1.70887e-07)
  Range: [0.356245, 1.35895]
Time: 4.478693e-02
-
  Volume: 4.39298
  Momentum: (-5.57344e-09, 6.52272e-08)
  Range: [0.359695, 1.35635]
Time: 4.470801e-02
-
  Volume: 4.39301
  Momentum: (-1.37714e-08, 9.84825e-10)
  Range: [0.6303, 1.35842]
Time: 4.474092e-02
-
  Volume: 4.39301
  Momentum: (-1.15084e-08, -3.77381e-08)
  Range: [0.680493, 1.35425]
Time: 4.474592e-02
-
  Volume: 4.393
  Momentum: (-2.99811e-09, 4.24504e-08)
  Range: [0.712327, 1.41902]
Time: 4.474711e-02
-
  Volume: 4.39302
  Momentum: (-1.53624e-08, -6.36145e-08)
  Range: [0.735989, 1.66556]
Time: 4.478002e-02
-
  Volume: 4.39298
  Momentum: (-4.29098e-09, -3.89186e-09)
  Range: [0.754447, 1.63905]
Time: 4.475093e-02
-
  Volume: 4.393
  Momentum: (-2.33389e-09, -4.89003e-08)
  Range: [0.769496, 1.60816]
Time: 4.473686e-02
-
  Volume: 4.39303
  Momentum: (-5.41578e-09, 2.05202e-08)
  Range: [0.78211, 1.58547]
Time: 4.481196e-02
-
  Volume: 4.393
  Momentum: (-4.78225e-09, -1.6575e-08)
  Range: [0.792803, 1.55696]
Time: 4.486108e-02
-
  Volume: 4.39302
  Momentum: (-5.99781e-09, 5.46969e-08)
  Range: [0.802111, 1.53781]
Time: 4.480505e-02
-
  Volume: 4.39303
  Momentum: (-1.12029e-08, -3.89917e-09)
  Range: [0.808822, 1.51384]
Time: 4.478788e-02
-
  Volume: 4.39303
  Momentum: (2.66358e-10, 1.50072e-07)
  Range: [0.816506, 1.48387]
Time: 4.482198e-02
-
  Volume: 4.39304
  Momentum: (-8.60263e-10, -5.74989e-09)
  Range: [0.824047, 1.45971]
Time: 4.484081e-02
-
  Volume: 4.39299
  Momentum: (-2.16018e-08, 6.35528e-08)
  Range: [0.832046, 1.44008]
Time: 4.474592e-02
-
  Volume: 4.39293
  Momentum: (-1.10148e-08, -1.37454e-09)
  Range: [0.939341, 1.41181]
Time: 4.483795e-02
-
  Volume: 4.393
  Momentum: (-1.62235e-08, -1.37188e-08)
  Range: [0.938613, 1.3843]
Time: 4.481721e-02
-
  Volume: 4.393
  Momentum: (-1.10569e-08, 8.42977e-08)
  Range: [0.934914, 1.35487]
Time: 4.481387e-02
-
  Volume: 4.39304
  Momentum: (-1.75288e-08, -9.93956e-08)
  Range: [0.93212, 1.3254]
Time: 4.476404e-02
-
  Volume: 4.39294
  Momentum: (-1.20155e-09, 3.02662e-07)
  Range: [0.927782, 1.28967]
Time: 4.486895e-02
-
  Volume: 4.393
  Momentum: (-2.08677e-08, -2.64737e-08)
  Range: [0.922801, 1.25481]
Time: 4.483795e-02
-
  Volume: 4.39299
  Momentum: (-2.14092e-09, 8.10592e-08)
  Range: [0.91619, 1.22653]
Time: 4.484105e-02
-
  Volume: 4.39298
  Momentum: (-1.70948e-08, 2.23219e-07)
  Range: [0.907963, 1.29219]
Time: 4.480696e-02
-
  Volume: 4.393
  Momentum: (-2.04239e-08, -4.22285e-08)
  Range: [0.900148, 1.50245]
Time: 4.483294e-02
-
  Volume: 4.39301
  Momentum: (-1.73293e-08, 2.56046e-07)
  Range: [0.887197, 1.47461]
Time: 4.483390e-02
-
  Volume: 4.39302
  Momentum: (-2.1451e-08, -2.21925e-07)
  Range: [0.870729, 1.44978]
Time: 4.489517e-02
-
  Volume: 4.39303
  Momentum: (-1.85976e-08, 4.74921e-08)
  Range: [0.856312, 1.42924]
Time: 4.490495e-02
-
  Volume: 4.39299
  Momentum: (-8.45254e-09, -6.55871e-08)
  Range: [0.843429, 1.4099]
Time: 4.489899e-02
-
  Volume: 4.39294
  Momentum: (-4.36897e-09, 4.69101e-08)
  Range: [0.832963, 1.39222]
Average frame time:
4.469834e-02