-
  Volume: 4.39271
  Momentum: (0, 0)
  Range: [1, 1.5]
Time: 1.325197e+00
-
  Volume: 4.39246
  Momentum: (5.61676e-10, -7.57809e-09)
  Range: [1, 1.5]
Time: 1.329705e+00
-
  Volume: 4.39252
  Momentum: (6.39076e-10, 2.27445e-08)
  Range: [1, 1.5]
Time: 1.329888e+00
-
  Volume: 4.39396
  Momentum: (-2.44823e-09, -9.80958e-09)
  Range: [1, 1.5]
Time: 1.330219e+00
-
  Volume: 4.39307
  Momentum: (-1.84407e-09, -4.05104e-08)
  Range: [1, 1.5]
Time: 1.330218e+00
-
  Volume: 4.39133
  Momentum: (3.35934e-09, -7.21153e-08)
  Range: [1, 1.5]
Time: 1.330424e+00
-
  Volume: 4.39163
  Momentum: (-1.20511e-09, 7.1783e-08)
  Range: [1, 1.5]
Time: 1.330449e+00
-
  Volume: 4.39253
  Momentum: (-1.2071e-09, 2.93322e-07)
  Range: [1, 1.5]
Time: 1.330345e+00
-
  Volume: 4.39383
  Momentum: (-6.14727e-09, -5.12792e-08)
  Range: [1, 1.5]
Time: 1.330846e+00
-
  Volume: 4.39407
  Momentum: (-2.10811e-09, -1.36288e-07)
  Range: [1, 1.5]
Time: 1.330745e+00
-
  Volume: 4.39389
  Momentum: (-8.93655e-09, 2.00796e-08)
  Range: [1, 1.5]
Time: 1.330727e+00
-
  Volume: 4.39275
  Momentum: (-7.02777e-09, -2.35214e-09)
  Range: [1, 1.5]
Time: 1.331504e+00
-
  Volume: 4.39159
  Momentum: (2.52317e-09, 1.45319e-07)
  Range: [0.99457, 1.49996]
Time: 1.331074e+00
-
  Volume: 4.39048
  Momentum: (-1.00034e-08, 2.75462e-08)
  Range: [0.953088, 1.3754]
Time: 1.331108e+00
-
  Volume: 4.39124
  Momentum: (-8.00407e-09, -2.64452e-07)
  Range: [0.903326, 1.2737]
Time: 1.243038e+00
-
  Volume: 4.39243
  Momentum: (5.92852e-10, -3.46128e-08)
  Range: [0.841539, 1.35274]
Time: 1.242542e+00
-
  Volume: 4.39375
  Momentum: (2.42567e-09, -1.25452e-07)
  Range: [0.722571, 1.35766]
Time: 1.242510e+00
-
  Volume: 4.39279
  Momentum: (8.77456e-09, 1.34004e-07)
  Range: [0.619994, 1.36096]
Time: 1.242650e+00
-
  Volume: 4.39437
  Momentum: (-8.98801e-09, 2.1314e-07)
  Range: [0.539684, 1.36553]
Time: 1.243064e+00
-
  Volume: 4.39359
  Momentum: (3.54361e-09, -3.59159e-08)
  Range: [0.475141, 1.37006]
Time: 1.331677e+00
-
  Volume: 4.39205
  Momentum: (-8.89139e-09, 2.12709e-08)
  Range: [0.422304, 1.3621]
Time: 1.331508e+00
-
  Volume: 4.39361
  Momentum: (-4.88763e-09, 7.00447e-08)
  Range: [0.378456, 1.35947]
Time: 1.331933e+00
-
  Volume: 4.3929
  Momentum: (3.93083e-09, 6.03694e-08)
  Range: [0.341146, 1.36011]
Time: 1.331924e+00
-
  Volume: 4.39228
  Momentum: (-6.18223e-09, 2.60995e-07)
  Range: [0.308782, 1.36244]
Time: 1.376347e+00
-
  Volume: 4.39293
  Momentum: (-3.8544e-09, -9.47837e-08)
  Range: [0.634738, 1.36498]
Time: 1.331855e+00
-
  Volume: 4.39246
  Momentum: (-1.68078e-09, 2.20472e-07)
  Range: [0.681521, 1.36167]
Time: 1.331382e+00
-
  Volume: 4.39316
  Momentum: (-1.66785e-09, -8.25091e-08)
  Range: [0.711935, 1.82254]
Time: 1.331798e+00
-
  Volume: 4.39226
  Momentum: (-1.87876e-09, -4.16449e-08)
  Range: [0.734664, 1.67396]
Time: 1.331643e+00
-
  Volume: 4.39218
  Momentum: (-1.38839e-09, -1.43695e-09)
  Range: [0.752433, 1.63882]
Time: 1.331747e+00
-
  Volume: 4.39276
  Momentum: (-6.57761e-09, 4.77529e-09)
  Range: [0.767131, 1.6095]
Time: 1.331362e+00
-
  Volume: 4.39167
  Momentum: (-6.63635e-09, -1.8113e-08)
  Range: [0.779905, 1.59016]
Time: 1.332108e+00
-
  Volume: 4.39374
  Momentum: (2.73611e-09, 7.81386e-08)
  Range: [0.790556, 1.56787]
Time: 1.331671e+00
-
  Volume: 4.39279
  Momentum: (4.97902e-09, -4.24258e-08)
  Range: [0.799987, 1.54586]
Time: 1.331136e+00
-
  Volume: 4.39249
  Momentum: (-4.86894e-09, 5.97204e-08)
  Range: [0.808205, 1.52407]
Time: 1.329223e+00
-
  Volume: 4.39032
  Momentum: (2.0369e-09, 3.45899e-08)
  Range: [0.815327, 1.50245]
Time: 1.326651e+00
-
  Volume: 4.39475
  Momentum: (7.92864e-09, -5.4799e-08)
  Range: [0.822712, 1.47382]
Time: 1.326489e+00
-
  Volume: 4.3931
  Momentum: (-1.78753e-09, 3.61315e-08)
  Range: [0.830051, 1.44887]
Time: 1.326755e+00
-
  Volume: 4.39168
  Momentum: (-2.66069e-09, 8.38401e-08)
  Range: [0.938198, 1.42254]
Time: 1.326487e+00
-
  Volume: 4.38995
  Momentum: (6.2463e-09, -3.62049e-08)
  Range: [0.936029, 1.39424]
Time: 1.326545e+00
-
  Volume: 4.39267
  Momentum: (7.90085e-09, 1.35753e-07)
  Range: [0.934212, 1.36486]
Time: 1.328904e+00
-
  Volume: 4.39382
  Momentum: (-3.68385e-09, -2.32977e-08)
  Range: [0.930367, 1.3359]
Time: 1.325647e+00
-
  Volume: 4.39396
  Momentum: (-9.38567e-09, 3.32023e-07)
  Range: [0.926515, 1.30327]
Time: 1.325435e+00
-
  Volume: 4.394
  Momentum: (6.68597e-09, 3.66682e-08)
  Range: [0.921403, 1.27551]
Time: 1.325846e+00
-
  Volume: 4.39115
  Momentum: (1.03765e-08, 9.23551e-08)
  Range: [0.914993, 1.23903]
Time: 1.325448e+00
-
  Volume: 4.39228
  Momentum: (4.82265e-10, 7.06386e-10)
  Range: [0.907515, 1.36491]
Time: 1.325804e+00
-
  Volume: 4.3942
  Momentum: (-1.02937e-08, 6.26365e-08)
  Range: [0.898645, 1.50527]
Time: 1.237370e+00
-
  Volume: 4.39096
  Momentum: (9.11967e-09, -3.2742e-07)
  Range: [0.88684, 1.47598]
Time: 1.236975e+00
-
  Volume: 4.39428
  Momentum: (-7.59406e-09, 5.7794e-09)
  Range: [0.871183, 1.45057]
Time: 1.238039e+00
-
  Volume: 4.39215
  Momentum: (-3.05636e-09, 9.83568e-08)
  Range: [0.85447, 1.43104]
Time: 1.237792e+00
-
  Volume: 4.39437
  Momentum: (-8.58362e-10, -1.62019e-07)
  Range: [0.841941, 1.41485]
Time: 1.282535e+00
-
  Volume: 4.39223
  Momentum: (5.50463e-09, 1.99569e-08)
  Range: [0.83022, 1.39716]
Average frame time:
1.313526e+00