-
  Volume: 4.393
  Momentum: (0, 0)
  Range: [1, 1.5]
Time: 1.264286e-02
-
  Volume: 4.3935
  Momentum: (0.000265704, 0.000249297)
  Range: [1, 1.5]
Time: 6.704092e-03
-
  Volume: 4.39373
  Momentum: (0.000687555, 0.000374367)
  Range: [1, 1.5]
Time: 7.054090e-03
-
  Volume: 4.39389
  Momentum: (0.000876465, 0.00122971)
  Range: [1, 1.5]
Time: 6.783962e-03
-
  Volume: 4.39399
  Momentum: (0.00104533, 0.00152357)
  Range: [1, 1.5]
Time: 6.269932e-03
-
  Volume: 4.394
  Momentum: (0.00108125, 0.00169498)
  Range: [1, 1.5]
Time: 6.431103e-03
-
  Volume: 4.39386
  Momentum: (0.00107417, 0.00155096)
  Range: [1, 1.5]
Time: 6.913900e-03
-
  Volume: 4.39382
  Momentum: (0.00125597, 0.00139364)
  Range: [1, 1.5]
Time: 6.613970e-03
-
  Volume: 4.39413
  Momentum: (0.00238669, 0.000827497)
  Range: [1, 1.5]
Time: 7.215023e-03
-
  Volume: 4.39398
  Momentum: (0.00231828, 0.00125983)
  Range: [1, 1.5]
Time: 7.138968e-03
-
  Volume: 4.39389
  Momentum: (0.00240673, 0.0014173)
  Range: [1, 1.5]
Time: 6.438017e-03
-
  Volume: 4.39382
  Momentum: (0.00266533, 0.00132721)
  Range: [1, 1.49981]
Time: 6.588936e-03
-
  Volume: 4.39364
  Momentum: (0.0030201, 0.00141135)
  Range: [0.993791, 1.47801]
Time: 6.798983e-03
-
  Volume: 4.39333
  Momentum: (0.00306667, 0.00172636)
  Range: [0.954413, 1.30522]
Time: 6.710052e-03
-
  Volume: 4.39293
  Momentum: (0.0036431, 0.00213593)
  Range: [0.904733, 1.28874]
Time: 6.754875e-03
-
  Volume: 4.39247
  Momentum: (0.00399001, 0.00270855)
  Range: [0.843487, 1.37586]
Time: 6.913900e-03
-
  Volume: 4.39222
  Momentum: (0.00427019, 0.00248074)
  Range: [0.725445, 1.36783]
Time: 6.392002e-03
-
  Volume: 4.39196
  Momentum: (0.00438643, 0.00230269)
  Range: [0.624129, 1.36676]
Time: 6.610155e-03
-
  Volume: 4.3917
  Momentum: (0.0041532, 0.00210973)
  Range: [0.547766, 1.36918]
Time: 6.589890e-03
-
  Volume: 4.39151
  Momentum: (0.00374747, 0.00174846)
  Range: [0.48581, 1.36328]
Time: 6.851912e-03
-
  Volume: 4.39115
  Momentum: (0.00342103, 0.00159324)
  Range: [0.43438, 1.35691]
Time: 6.505966e-03
-
  Volume: 4.39081
  Momentum: (0.0035009, 0.00167197)
  Range: [0.395056, 1.3594]
Time: 7.065058e-03
-
  Volume: 4.39123
  Momentum: (0.00446588, 0.00213506)
  Range: [0.365381, 1.35311]
Time: 6.694078e-03
-
  Volume: 4.3914
  Momentum: (0.00491527, 0.00185793)
  Range: [0.399525, 1.35185]
Time: 6.263018e-03
-
  Volume: 4.39172
  Momentum: (0.00483619, 0.00156362)
  Range: [0.63919, 1.36284]
Time: 6.705046e-03
-
  Volume: 4.39181
  Momentum: (0.00495944, 0.000998732)
  Range: [0.682741, 1.35885]
Time: 6.483793e-03
-
  Volume: 4.3918
  Momentum: (0.00496323, 0.000776021)
  Range: [0.713228, 1.5022]
Time: 6.696939e-03
-
  Volume: 4.39179
  Momentum: (0.00484493, 0.000521106)
  Range: [0.735938, 1.66758]
Time: 6.747961e-03
-
  Volume: 4.39148
  Momentum: (0.00476318, 0.000376107)
  Range: [0.753007, 1.63191]
Time: 6.842136e-03
-
  Volume: 4.39141
  Momentum: (0.00560527, 0.000414658)
  Range: [0.767115, 1.60864]
Time: 7.290125e-03
-
  Volume: 4.39154
  Momentum: (0.00649551, 0.000802552)
  Range: [0.779028, 1.57053]
Time: 6.845951e-03
-
  Volume: 4.39133
  Momentum: (0.00691042, 0.000985423)
  Range: [0.790421, 1.56019]
Time: 6.690979e-03
-
  Volume: 4.39127
  Momentum: (0.00699887, 0.00139314)
  Range: [0.800936, 1.52324]
Time: 6.666183e-03
-
  Volume: 4.39141
  Momentum: (0.00736301, 0.00158769)
  Range: [0.808672, 1.49667]
Time: 6.563187e-03
-
  Volume: 4.3913
  Momentum: (0.00732676, 0.00154464)
  Range: [0.817173, 1.49188]
Time: 7.215977e-03
-
  Volume: 4.39124
  Momentum: (0.00752621, 0.00160718)
  Range: [0.824462, 1.47924]
Time: 6.667137e-03
-
  Volume: 4.39147
  Momentum: (0.00820993, 0.00221435)
  Range: [0.842475, 1.45936]
Time: 6.736040e-03
-
  Volume: 4.39157
  Momentum: (0.00869068, 0.0028106)
  Range: [0.933943, 1.43696]
Time: 7.032156e-03
-
  Volume: 4.39147
  Momentum: (0.00882632, 0.00273399)
  Range: [0.929838, 1.4019]
Time: 6.929159e-03
-
  Volume: 4.39138
  Momentum: (0.0089749, 0.00238387)
  Range: [0.930398, 1.39167]
Time: 7.225990e-03
-
  Volume: 4.39126
  Momentum: (0.00915538, 0.00296595)
  Range: [0.928116, 1.37474]
Time: 7.105112e-03
-
  Volume: 4.39112
  Momentum: (0.00898067, 0.00310405)
  Range: [0.923894, 1.34621]
Time: 7.302046e-03
-
  Volume: 4.39117
  Momentum: (0.00929416, 0.00310964)
  Range: [0.91964, 1.31754]
Time: 6.612062e-03
-
  Volume: 4.39118
  Momentum: (0.00971294, 0.00369898)
  Range: [0.912634, 1.29348]
Time: 7.128954e-03
-
  Volume: 4.39134
  Momentum: (0.0100485, 0.00452494)
  Range: [0.903469, 1.46402]
Time: 7.267952e-03
-
  Volume: 4.39139
  Momentum: (0.0096115, 0.00481174)
  Range: [0.893773, 1.53539]
Time: 7.435083e-03
-
  Volume: 4.39135
  Momentum: (0.00946534, 0.00494746)
  Range: [0.876543, 1.49338]
Time: 6.909132e-03
-
  Volume: 4.39142
  Momentum: (0.0087678, 0.00481579)
  Range: [0.861402, 1.46024]
Time: 6.520987e-03
-
  Volume: 4.3912
  Momentum: (0.00831393, 0.00486994)
  Range: [0.849166, 1.44213]
Time: 6.947994e-03
-
  Volume: 4.39101
  Momentum: (0.00800606, 0.00478833)
  Range: [0.837118, 1.42185]
Time: 6.529808e-03
-
  Volume: 4.39118
  Momentum: (0.00842754, 0.00473529)
  Range: [0.832155, 1.40612]
