This is pdfTeX, Version 3.1415926-2.5-1.40.14 (TeX Live 2013) (format=pdflatex 2013.5.30)  29 OCT 2015 23:29
entering extended mode
 restricted \write18 enabled.
 file:line:error style messages enabled.
 %&-line parsing enabled.
**Report_prelim.tex
(./Report_prelim.tex
LaTeX2e <2011/06/27>
Babel <3.9f> and hyphenation patterns for 78 languages loaded.
(/usr/local/texlive/2013/texmf-dist/tex/latex/base/article.cls
Document Class: article 2007/10/19 v1.4h Standard LaTeX document class
(/usr/local/texlive/2013/texmf-dist/tex/latex/base/size12.clo
File: size12.clo 2007/10/19 v1.4h Standard LaTeX file (size option)
)
\c@part=\count79
\c@section=\count80
\c@subsection=\count81
\c@subsubsection=\count82
\c@paragraph=\count83
\c@subparagraph=\count84
\c@figure=\count85
\c@table=\count86
\abovecaptionskip=\skip41
\belowcaptionskip=\skip42
\bibindent=\dimen102
)
(/usr/local/texlive/2013/texmf-dist/tex/latex/cite/cite.sty
LaTeX Info: Redefining \cite on input line 302.
LaTeX Info: Redefining \nocite on input line 373.
Package: cite 2010/09/10  v 5.3
)
(/usr/local/texlive/2013/texmf-dist/tex/latex/geometry/geometry.sty
Package: geometry 2010/09/12 v5.6 Page Geometry

(/usr/local/texlive/2013/texmf-dist/tex/latex/graphics/keyval.sty
Package: keyval 1999/03/16 v1.13 key=value parser (DPC)
\KV@toks@=\toks14
)
(/usr/local/texlive/2013/texmf-dist/tex/generic/oberdiek/ifpdf.sty
Package: ifpdf 2011/01/30 v2.3 Provides the ifpdf switch (HO)
Package ifpdf Info: pdfTeX in PDF mode is detected.
)
(/usr/local/texlive/2013/texmf-dist/tex/generic/oberdiek/ifvtex.sty
Package: ifvtex 2010/03/01 v1.5 Detect VTeX and its facilities (HO)
Package ifvtex Info: VTeX not detected.
)
(/usr/local/texlive/2013/texmf-dist/tex/generic/ifxetex/ifxetex.sty
Package: ifxetex 2010/09/12 v0.6 Provides ifxetex conditional
)
\Gm@cnth=\count87
\Gm@cntv=\count88
\c@Gm@tempcnt=\count89
\Gm@bindingoffset=\dimen103
\Gm@wd@mp=\dimen104
\Gm@odd@mp=\dimen105
\Gm@even@mp=\dimen106
\Gm@layoutwidth=\dimen107
\Gm@layoutheight=\dimen108
\Gm@layouthoffset=\dimen109
\Gm@layoutvoffset=\dimen110
\Gm@dimlist=\toks15
)
(/usr/local/texlive/2013/texmf-dist/tex/latex/setspace/setspace.sty
Package: setspace 2011/12/19 v6.7a set line spacing
)
(/usr/local/texlive/2013/texmf-dist/tex/latex/psnfss/courier.sty
Package: courier 2005/04/12 PSNFSS-v9.2a (WaS) 
)
(/usr/local/texlive/2013/texmf-dist/tex/latex/enumitem/enumitem.sty
Package: enumitem 2011/09/28 v3.5.2 Customized lists
\labelindent=\skip43
\enit@outerparindent=\dimen111
\enit@toks=\toks16
\enit@inbox=\box26
\enitdp@description=\count90
)
(/usr/local/texlive/2013/texmf-dist/tex/latex/amsmath/amsmath.sty
Package: amsmath 2013/01/14 v2.14 AMS math features
\@mathmargin=\skip44

For additional information on amsmath, use the `?' option.
(/usr/local/texlive/2013/texmf-dist/tex/latex/amsmath/amstext.sty
Package: amstext 2000/06/29 v2.01

(/usr/local/texlive/2013/texmf-dist/tex/latex/amsmath/amsgen.sty
File: amsgen.sty 1999/11/30 v2.0
\@emptytoks=\toks17
\ex@=\dimen112
))
(/usr/local/texlive/2013/texmf-dist/tex/latex/amsmath/amsbsy.sty
Package: amsbsy 1999/11/29 v1.2d
\pmbraise@=\dimen113
)
(/usr/local/texlive/2013/texmf-dist/tex/latex/amsmath/amsopn.sty
Package: amsopn 1999/12/14 v2.01 operator names
)
\inf@bad=\count91
LaTeX Info: Redefining \frac on input line 210.
\uproot@=\count92
\leftroot@=\count93
LaTeX Info: Redefining \overline on input line 306.
\classnum@=\count94
\DOTSCASE@=\count95
LaTeX Info: Redefining \ldots on input line 378.
LaTeX Info: Redefining \dots on input line 381.
LaTeX Info: Redefining \cdots on input line 466.
\Mathstrutbox@=\box27
\strutbox@=\box28
\big@size=\dimen114
LaTeX Font Info:    Redeclaring font encoding OML on input line 566.
LaTeX Font Info:    Redeclaring font encoding OMS on input line 567.
\macc@depth=\count96
\c@MaxMatrixCols=\count97
\dotsspace@=\muskip10
\c@parentequation=\count98
\dspbrk@lvl=\count99
\tag@help=\toks18
\row@=\count100
\column@=\count101
\maxfields@=\count102
\andhelp@=\toks19
\eqnshift@=\dimen115
\alignsep@=\dimen116
\tagshift@=\dimen117
\tagwidth@=\dimen118
\totwidth@=\dimen119
\lineht@=\dimen120
\@envbody=\toks20
\multlinegap=\skip45
\multlinetaggap=\skip46
\mathdisplay@stack=\toks21
LaTeX Info: Redefining \[ on input line 2665.
LaTeX Info: Redefining \] on input line 2666.
)
(/usr/local/texlive/2013/texmf-dist/tex/latex/graphics/graphicx.sty
Package: graphicx 1999/02/16 v1.0f Enhanced LaTeX Graphics (DPC,SPQR)

(/usr/local/texlive/2013/texmf-dist/tex/latex/graphics/graphics.sty
Package: graphics 2009/02/05 v1.0o Standard LaTeX Graphics (DPC,SPQR)

(/usr/local/texlive/2013/texmf-dist/tex/latex/graphics/trig.sty
Package: trig 1999/03/16 v1.09 sin cos tan (DPC)
)
(/usr/local/texlive/2013/texmf-dist/tex/latex/latexconfig/graphics.cfg
File: graphics.cfg 2010/04/23 v1.9 graphics configuration of TeX Live
)
Package graphics Info: Driver file: pdftex.def on input line 91.

(/usr/local/texlive/2013/texmf-dist/tex/latex/pdftex-def/pdftex.def
File: pdftex.def 2011/05/27 v0.06d Graphics/color for pdfTeX

(/usr/local/texlive/2013/texmf-dist/tex/generic/oberdiek/infwarerr.sty
Package: infwarerr 2010/04/08 v1.3 Providing info/warning/error messages (HO)
)
(/usr/local/texlive/2013/texmf-dist/tex/generic/oberdiek/ltxcmds.sty
Package: ltxcmds 2011/11/09 v1.22 LaTeX kernel commands for general use (HO)
)
\Gread@gobject=\count103
))
\Gin@req@height=\dimen121
\Gin@req@width=\dimen122
)
(/usr/local/texlive/2013/texmf-dist/tex/latex/placeins/placeins.sty
Package: placeins 2005/04/18  v 2.2
)
(/usr/local/texlive/2013/texmf-dist/tex/latex/graphics/color.sty
Package: color 2005/11/14 v1.0j Standard LaTeX Color (DPC)

(/usr/local/texlive/2013/texmf-dist/tex/latex/latexconfig/color.cfg
File: color.cfg 2007/01/18 v1.5 color configuration of teTeX/TeXLive
)
Package color Info: Driver file: pdftex.def on input line 130.
)
(/usr/local/texlive/2013/texmf-dist/tex/latex/listings/listings.sty
\lst@mode=\count104
\lst@gtempboxa=\box29
\lst@token=\toks22
\lst@length=\count105
\lst@currlwidth=\dimen123
\lst@column=\count106
\lst@pos=\count107
\lst@lostspace=\dimen124
\lst@width=\dimen125
\lst@newlines=\count108
\lst@lineno=\count109
\lst@maxwidth=\dimen126

(/usr/local/texlive/2013/texmf-dist/tex/latex/listings/lstmisc.sty
File: lstmisc.sty 2007/02/22 1.4 (Carsten Heinz)
\c@lstnumber=\count110
\lst@skipnumbers=\count111
\lst@framebox=\box30
)
(/usr/local/texlive/2013/texmf-dist/tex/latex/listings/listings.cfg
File: listings.cfg 2007/02/22 1.4 listings configuration
))
Package: listings 2007/02/22 1.4 (Carsten Heinz)

(/usr/local/texlive/2013/texmf-dist/tex/latex/listings/lstlang1.sty
File: lstlang1.sty 2004/09/05 1.3 listings language file
)
(./Report_prelim.aux)
\openout1 = `Report_prelim.aux'.

LaTeX Font Info:    Checking defaults for OML/cmm/m/it on input line 51.
LaTeX Font Info:    ... okay on input line 51.
LaTeX Font Info:    Checking defaults for T1/cmr/m/n on input line 51.
LaTeX Font Info:    ... okay on input line 51.
LaTeX Font Info:    Checking defaults for OT1/cmr/m/n on input line 51.
LaTeX Font Info:    ... okay on input line 51.
LaTeX Font Info:    Checking defaults for OMS/cmsy/m/n on input line 51.
LaTeX Font Info:    ... okay on input line 51.
LaTeX Font Info:    Checking defaults for OMX/cmex/m/n on input line 51.
LaTeX Font Info:    ... okay on input line 51.
LaTeX Font Info:    Checking defaults for U/cmr/m/n on input line 51.
LaTeX Font Info:    ... okay on input line 51.

*geometry* driver: auto-detecting
*geometry* detected driver: pdftex
*geometry* verbose mode - [ preamble ] result:
* driver: pdftex
* paper: letterpaper
* layout: <same size as paper>
* layoutoffset:(h,v)=(0.0pt,0.0pt)
* modes: 
* h-part:(L,W,R)=(72.26999pt, 469.75502pt, 72.26999pt)
* v-part:(T,H,B)=(72.26999pt, 650.43001pt, 72.26999pt)
* \paperwidth=614.295pt
* \paperheight=794.96999pt
* \textwidth=469.75502pt
* \textheight=650.43001pt
* \oddsidemargin=0.0pt
* \evensidemargin=0.0pt
* \topmargin=-37.0pt
* \headheight=12.0pt
* \headsep=25.0pt
* \topskip=12.0pt
* \footskip=30.0pt
* \marginparwidth=44.0pt
* \marginparsep=10.0pt
* \columnsep=10.0pt
* \skip\footins=10.8pt plus 4.0pt minus 2.0pt
* \hoffset=0.0pt
* \voffset=0.0pt
* \mag=1000
* \@twocolumnfalse
* \@twosidefalse
* \@mparswitchfalse
* \@reversemarginfalse
* (1in=72.27pt=25.4mm, 1cm=28.453pt)

(/usr/local/texlive/2013/texmf-dist/tex/context/base/supp-pdf.mkii
[Loading MPS to PDF converter (version 2006.09.02).]
\scratchcounter=\count112
\scratchdimen=\dimen127
\scratchbox=\box31
\nofMPsegments=\count113
\nofMParguments=\count114
\everyMPshowfont=\toks23
\MPscratchCnt=\count115
\MPscratchDim=\dimen128
\MPnumerator=\count116
\makeMPintoPDFobject=\count117
\everyMPtoPDFconversion=\toks24
) (/usr/local/texlive/2013/texmf-dist/tex/generic/oberdiek/pdftexcmds.sty
Package: pdftexcmds 2011/11/29 v0.20 Utility functions of pdfTeX for LuaTeX (HO
)

(/usr/local/texlive/2013/texmf-dist/tex/generic/oberdiek/ifluatex.sty
Package: ifluatex 2010/03/01 v1.3 Provides the ifluatex switch (HO)
Package ifluatex Info: LuaTeX not detected.
)
Package pdftexcmds Info: LuaTeX not detected.
Package pdftexcmds Info: \pdf@primitive is available.
Package pdftexcmds Info: \pdf@ifprimitive is available.
Package pdftexcmds Info: \pdfdraftmode found.
)
(/usr/local/texlive/2013/texmf-dist/tex/latex/oberdiek/epstopdf-base.sty
Package: epstopdf-base 2010/02/09 v2.5 Base part for package epstopdf

(/usr/local/texlive/2013/texmf-dist/tex/latex/oberdiek/grfext.sty
Package: grfext 2010/08/19 v1.1 Manage graphics extensions (HO)

(/usr/local/texlive/2013/texmf-dist/tex/generic/oberdiek/kvdefinekeys.sty
Package: kvdefinekeys 2011/04/07 v1.3 Define keys (HO)
))
(/usr/local/texlive/2013/texmf-dist/tex/latex/oberdiek/kvoptions.sty
Package: kvoptions 2011/06/30 v3.11 Key value format for package options (HO)

(/usr/local/texlive/2013/texmf-dist/tex/generic/oberdiek/kvsetkeys.sty
Package: kvsetkeys 2012/04/25 v1.16 Key value parser (HO)

(/usr/local/texlive/2013/texmf-dist/tex/generic/oberdiek/etexcmds.sty
Package: etexcmds 2011/02/16 v1.5 Avoid name clashes with e-TeX commands (HO)
Package etexcmds Info: Could not find \expanded.
(etexcmds)             That can mean that you are not using pdfTeX 1.50 or
(etexcmds)             that some package has redefined \expanded.
(etexcmds)             In the latter case, load this package earlier.
)))
Package grfext Info: Graphics extension search list:
(grfext)             [.png,.pdf,.jpg,.mps,.jpeg,.jbig2,.jb2,.PNG,.PDF,.JPG,.JPE
G,.JBIG2,.JB2,.eps]
(grfext)             \AppendGraphicsExtensions on input line 452.

(/usr/local/texlive/2013/texmf-dist/tex/latex/latexconfig/epstopdf-sys.cfg
File: epstopdf-sys.cfg 2010/07/13 v1.3 Configuration of (r)epstopdf for TeX Liv
e
))
\c@lstlisting=\count118

Overfull \hbox (34.02873pt too wide) in paragraph at lines 56--56
 [][] 
 []

LaTeX Font Info:    Try loading font information for OT1+pcr on input line 59.
(/usr/local/texlive/2013/texmf-dist/tex/latex/psnfss/ot1pcr.fd
File: ot1pcr.fd 2001/06/04 font definitions for OT1/pcr.
)
<top10.png, id=1, 1022.82124pt x 184.69pt>
File: top10.png Graphic file (type png)
 <use top10.png>
Package pdftex.def Info: top10.png used on input line 64.
(pdftex.def)             Requested size: 328.82707pt x 59.37535pt.
LaTeX Font Info:    Font shape `OT1/pcr/bx/n' in size <14.4> not available
(Font)              Font shape `OT1/pcr/b/n' tried instead on input line 69.

<init_lim_deriv.png, id=2, 717.68124pt x 230.8625pt>
File: init_lim_deriv.png Graphic file (type png)
 <use init_lim_deriv.png>
Package pdftex.def Info: init_lim_deriv.png used on input line 74.
(pdftex.def)             Requested size: 328.82707pt x 105.77882pt.

[1

{/usr/local/texlive/2013/texmf-var/fonts/map/pdftex/updmap/pdftex.map} <./top10
.png>] <init_compute_step.png, id=16, 724.7075pt x 604.2575pt>
File: init_compute_step.png Graphic file (type png)

<use init_compute_step.png>
Package pdftex.def Info: init_compute_step.png used on input line 84.
(pdftex.def)             Requested size: 328.82707pt x 274.17232pt.


LaTeX Warning: `!h' float specifier changed to `!ht'.

<init_compute_fg_speeds.png, id=17, 722.7pt x 221.82875pt>
File: init_compute_fg_speeds.png Graphic file (type png)

<use init_compute_fg_speeds.png>
Package pdftex.def Info: init_compute_fg_speeds.png used on input line 94.
(pdftex.def)             Requested size: 328.82707pt x 100.93222pt.


LaTeX Warning: `h' float specifier changed to `ht'.

[2 <./init_lim_deriv.png>] [3 <./init_compute_step.png> <./init_compute_fg_spee
ds.png>] <naive_omp.jpg, id=24, 921.4425pt x 131.49126pt>
File: naive_omp.jpg Graphic file (type jpg)
 <use naive_omp.jpg>
Package pdftex.def Info: naive_omp.jpg used on input line 110.
(pdftex.def)             Requested size: 328.82707pt x 46.9235pt.

<collapse_omp.jpg, id=25, 922.44624pt x 97.36375pt>
File: collapse_omp.jpg Graphic file (type jpg)
 <use collapse_omp.jpg>
Package pdftex.def Info: collapse_omp.jpg used on input line 123.
(pdftex.def)             Requested size: 328.82707pt x 34.70772pt.


LaTeX Warning: `h' float specifier changed to `ht'.

[4

 <./naive_omp.jpg>] <ThreadMovement.png, id=29, 1385.175pt x 165.61874pt>
File: ThreadMovement.png Graphic file (type png)

<use ThreadMovement.png>
Package pdftex.def Info: ThreadMovement.png used on input line 162.
(pdftex.def)             Requested size: 375.80544pt x 44.93245pt.


LaTeX Warning: `!h' float specifier changed to `!ht'.

[5 <./collapse_omp.jpg>] <bindoff.png, id=34, 1394.20876pt x 123.46124pt>
File: bindoff.png Graphic file (type png)

<use bindoff.png>
Package pdftex.def Info: bindoff.png used on input line 175.
(pdftex.def)             Requested size: 375.80544pt x 33.27846pt.
 <nowait.png, id=35, 1423.3175pt x 129.48375pt>
File: nowait.png Graphic file (type png)

<use nowait.png>
Package pdftex.def Info: nowait.png used on input line 188.
(pdftex.def)             Requested size: 375.80544pt x 34.18657pt.


LaTeX Warning: `h' float specifier changed to `ht'.

<nowait2.png, id=36, 2284.535pt x 205.76875pt>
File: nowait2.png Graphic file (type png)
 <use nowait2.png>
Package pdftex.def Info: nowait2.png used on input line 196.
(pdftex.def)             Requested size: 375.80544pt x 33.84676pt.


LaTeX Warning: `h' float specifier changed to `ht'.

<bindspread.png, id=37, 1336.995pt x 119.44624pt>
File: bindspread.png Graphic file (type png)
 <use bindspread.png>
Package pdftex.def Info: bindspread.png used on input line 204.
(pdftex.def)             Requested size: 375.80544pt x 33.57411pt.


LaTeX Warning: `h' float specifier changed to `ht'.

[6 <./ThreadMovement.png> <./bindoff.png>] [7 <./nowait.png> <./nowait2.png>]
<ssplot.png, id=49, 481.8pt x 361.35pt>
File: ssplot.png Graphic file (type png)
 <use ssplot.png>
Package pdftex.def Info: ssplot.png used on input line 247.
(pdftex.def)             Requested size: 234.8775pt x 176.1588pt.
 [8 <./bindspread.png> <./ssplot.png>] <wsplot.png, id=56, 481.8pt x 361.35pt>
File: wsplot.png Graphic file (type png)
 <use wsplot.png>
Package pdftex.def Info: wsplot.png used on input line 276.
(pdftex.def)             Requested size: 234.8775pt x 176.1588pt.

[9 <./wsplot.png>]
Underfull \hbox (badness 10000) in paragraph at lines 308--309
\OT1/pcr/m/n/12 -march=core-avx2 -unroll-aggressive -m64 -ipo -no-prec-div
 []


Underfull \hbox (badness 10000) in paragraph at lines 308--309

 []

[10]
Overfull \hbox (27.04477pt too wide) in paragraph at lines 360--360
[]\OT1/pcr/m/n/12 omp_set_num_threads(p); \\where p is the number of threads be
ing used[] 
 []

[11] [12] <sscale_plot.jpg, id=74, 760.8425pt x 600.2425pt>
File: sscale_plot.jpg Graphic file (type jpg)

<use sscale_plot.jpg>
Package pdftex.def Info: sscale_plot.jpg used on input line 386.
(pdftex.def)             Requested size: 234.8775pt x 185.29474pt.


LaTeX Warning: `h' float specifier changed to `ht'.

<wscale_plot.jpg, id=75, 758.835pt x 598.235pt>
File: wscale_plot.jpg Graphic file (type jpg)
 <use wscale_plot.jpg>
Package pdftex.def Info: wscale_plot.jpg used on input line 411.
(pdftex.def)             Requested size: 234.8775pt x 185.16795pt.


LaTeX Warning: `h' float specifier changed to `ht'.

[13 <./sscale_plot.jpg>] [14 <./wscale_plot.jpg>]
<ssplot_c_dist.png, id=83, 481.8pt x 361.35pt>
File: ssplot_c_dist.png Graphic file (type png)
 <use ssplot_c_dist.png>
Package pdftex.def Info: ssplot_c_dist.png used on input line 443.
(pdftex.def)             Requested size: 234.8775pt x 176.1588pt.
 [15 <./ssplot_c_dist.png>] <wsplot_c_dist.png, id=88, 481.8pt x 361.35pt>
File: wsplot_c_dist.png Graphic file (type png)

<use wsplot_c_dist.png>
Package pdftex.def Info: wsplot_c_dist.png used on input line 471.
(pdftex.def)             Requested size: 234.8775pt x 176.1588pt.
 [16 <./wsplot_c_dist.png>] [17] (./Report_prelim.aux) ) 
Here is how much of TeX's memory you used:
 4421 strings out of 493315
 63821 string characters out of 6137904
 166653 words of memory out of 5000000
 7789 multiletter control sequences out of 15000+600000
 11468 words of font info for 43 fonts, out of 8000000 for 9000
 957 hyphenation exceptions out of 8191
 38i,8n,36p,1872b,280s stack positions out of 5000i,500n,10000p,200000b,80000s
{/usr/local/texlive/201
3/texmf-dist/fonts/enc/dvips/base/8r.enc}</usr/local/texlive/2013/texmf-dist/fo
nts/type1/public/amsfonts/cm/cmbx12.pfb></usr/local/texlive/2013/texmf-dist/fon
ts/type1/public/amsfonts/cm/cmex10.pfb></usr/local/texlive/2013/texmf-dist/font
s/type1/public/amsfonts/cm/cmmi12.pfb></usr/local/texlive/2013/texmf-dist/fonts
/type1/public/amsfonts/cm/cmmi8.pfb></usr/local/texlive/2013/texmf-dist/fonts/t
ype1/public/amsfonts/cm/cmr12.pfb></usr/local/texlive/2013/texmf-dist/fonts/typ
e1/public/amsfonts/cm/cmr17.pfb></usr/local/texlive/2013/texmf-dist/fonts/type1
/public/amsfonts/cm/cmr6.pfb></usr/local/texlive/2013/texmf-dist/fonts/type1/pu
blic/amsfonts/cm/cmr8.pfb></usr/local/texlive/2013/texmf-dist/fonts/type1/publi
c/amsfonts/cm/cmsy10.pfb></usr/local/texlive/2013/texmf-dist/fonts/type1/public
/amsfonts/cm/cmsy8.pfb></usr/local/texlive/2013/texmf-dist/fonts/type1/public/a
msfonts/cm/cmtt12.pfb></usr/local/texlive/2013/texmf-dist/fonts/type1/urw/couri
er/ucrb8a.pfb></usr/local/texlive/2013/texmf-dist/fonts/type1/urw/courier/ucrr8
a.pfb>
Output written on Report_prelim.pdf (17 pages, 547801 bytes).
PDF statistics:
 139 PDF objects out of 1000 (max. 8388607)
 80 compressed objects within 1 object stream
 0 named destinations out of 1000 (max. 500000)
 86 words of extra memory for PDF output out of 10000 (max. 10000000)

